[0.114s] Invoking command in '/home/booster/Workspace/robocup_demo/build/vision': AMENT_PREFIX_PATH=/home/booster/Workspace/robocup_demo/install/vision_interface:${AMENT_PREFIX_PATH} CMAKE_PREFIX_PATH=/home/booster/Workspace/robocup_demo/install/vision_interface:/opt/ros/humble LD_LIBRARY_PATH=/home/booster/Workspace/robocup_demo/install/vision_interface/lib:/opt/ros/humble/opt/rviz_ogre_vendor/lib:/opt/ros/humble/lib/aarch64-linux-gnu:/opt/ros/humble/lib:/usr/local/cuda/lib64 PYTHONPATH=/home/booster/Workspace/robocup_demo/install/vision_interface/local/lib/python3.10/dist-packages:${PYTHONPATH} /usr/bin/cmake --build /home/booster/Workspace/robocup_demo/build/vision -- -j5 -l5
[0.391s] [ 27%] Built target yolov8_trt
[0.614s] [ 42%] Built target booster_vision_base
[0.731s] [ 48%] Built target yolov8_seg
[0.828s] [ 57%] Built target booster_vision_calibration
[0.983s] [ 63%] Built target yolov8_det
[1.138s] [ 72%] Built target yolov8_model
[1.290s] [ 78%] Built target booster_vision_pose_estimator
[1.357s] [ 90%] Built target vision_node
[1.440s] [100%] Built target calibration_node
[1.490s] Invoked command in '/home/booster/Workspace/robocup_demo/build/vision' returned '0': AMENT_PREFIX_PATH=/home/booster/Workspace/robocup_demo/install/vision_interface:${AMENT_PREFIX_PATH} CMAKE_PREFIX_PATH=/home/booster/Workspace/robocup_demo/install/vision_interface:/opt/ros/humble LD_LIBRARY_PATH=/home/booster/Workspace/robocup_demo/install/vision_interface/lib:/opt/ros/humble/opt/rviz_ogre_vendor/lib:/opt/ros/humble/lib/aarch64-linux-gnu:/opt/ros/humble/lib:/usr/local/cuda/lib64 PYTHONPATH=/home/booster/Workspace/robocup_demo/install/vision_interface/local/lib/python3.10/dist-packages:${PYTHONPATH} /usr/bin/cmake --build /home/booster/Workspace/robocup_demo/build/vision -- -j5 -l5
[1.499s] Invoking command in '/home/booster/Workspace/robocup_demo/build/vision': AMENT_PREFIX_PATH=/home/booster/Workspace/robocup_demo/install/vision_interface:${AMENT_PREFIX_PATH} CMAKE_PREFIX_PATH=/home/booster/Workspace/robocup_demo/install/vision_interface:/opt/ros/humble LD_LIBRARY_PATH=/home/booster/Workspace/robocup_demo/install/vision_interface/lib:/opt/ros/humble/opt/rviz_ogre_vendor/lib:/opt/ros/humble/lib/aarch64-linux-gnu:/opt/ros/humble/lib:/usr/local/cuda/lib64 PYTHONPATH=/home/booster/Workspace/robocup_demo/install/vision_interface/local/lib/python3.10/dist-packages:${PYTHONPATH} /usr/bin/cmake --install /home/booster/Workspace/robocup_demo/build/vision
[1.547s] -- Install configuration: ""
[1.550s] -- Execute custom install script
[1.550s] -- Up-to-date symlink: /home/booster/Workspace/robocup_demo/install/vision/lib/libbooster_vision_base.so
[1.552s] -- Up-to-date symlink: /home/booster/Workspace/robocup_demo/install/vision/lib/libyolov8_trt.so
[1.552s] -- Up-to-date symlink: /home/booster/Workspace/robocup_demo/install/vision/lib/vision/yolov8_det
[1.552s] -- Up-to-date symlink: /home/booster/Workspace/robocup_demo/install/vision/lib/vision/yolov8_seg
[1.553s] -- Up-to-date symlink: /home/booster/Workspace/robocup_demo/install/vision/lib/libyolov8_model.so
[1.554s] -- Up-to-date symlink: /home/booster/Workspace/robocup_demo/install/vision/lib/libbooster_vision_pose_estimator.so
[1.563s] -- Up-to-date symlink: /home/booster/Workspace/robocup_demo/install/vision/lib/vision/calibration_node
[1.564s] -- Up-to-date symlink: /home/booster/Workspace/robocup_demo/install/vision/lib/libbooster_vision_calibration.so
[1.565s] -- Up-to-date symlink: /home/booster/Workspace/robocup_demo/install/vision/lib/vision/vision_node
[1.565s] -- Up-to-date symlink: /home/booster/Workspace/robocup_demo/install/vision/share/vision/launch/launch.py
[1.566s] -- Up-to-date symlink: /home/booster/Workspace/robocup_demo/install/vision/share/vision/config/field.yaml
[1.567s] -- Up-to-date symlink: /home/booster/Workspace/robocup_demo/install/vision/share/vision/config/vision.yaml
[1.571s] -- Up-to-date symlink: /home/booster/Workspace/robocup_demo/install/vision/share/vision/model/backup_bad_engines/best_orin.engine
[1.571s] -- Up-to-date symlink: /home/booster/Workspace/robocup_demo/install/vision/share/vision/model/backup_bad_local_models/best_digua_10.3.engine
[1.571s] -- Up-to-date symlink: /home/booster/Workspace/robocup_demo/install/vision/share/vision/model/backup_bad_local_models/best_digua_1223_10.3.engine
[1.572s] -- Up-to-date symlink: /home/booster/Workspace/robocup_demo/install/vision/share/vision/model/backup_bad_local_models/best_digua_second_10.3.engine
[1.572s] -- Up-to-date symlink: /home/booster/Workspace/robocup_demo/install/vision/share/vision/model/backup_bad_local_models/sim_data_det_0126.onnx
[1.572s] -- Up-to-date symlink: /home/booster/Workspace/robocup_demo/install/vision/share/vision/model/backup_bad_local_models/sim_data_seg_0126.onnx
[1.572s] -- Up-to-date symlink: /home/booster/Workspace/robocup_demo/install/vision/share/vision/model/best_orin.engine
[1.572s] -- Up-to-date symlink: /home/booster/Workspace/robocup_demo/install/vision/share/vision/model/best_orin_10.3.engine
[1.572s] -- Up-to-date symlink: /home/booster/Workspace/robocup_demo/install/vision/share/vision/model/best_seg_orin.engine
[1.572s] -- Up-to-date symlink: /home/booster/Workspace/robocup_demo/install/vision/share/vision/model/best_seg_orin_10.3.engine
[1.572s] -- Up-to-date symlink: /home/booster/Workspace/robocup_demo/install/vision/share/vision/model/k1_realsense_10.3.engine
[1.572s] -- Up-to-date symlink: /home/booster/Workspace/robocup_demo/install/vision/share/ament_index/resource_index/package_run_dependencies/vision
[1.578s] -- Up-to-date symlink: /home/booster/Workspace/robocup_demo/install/vision/share/ament_index/resource_index/parent_prefix_path/vision
[1.578s] -- Up-to-date symlink: /home/booster/Workspace/robocup_demo/install/vision/share/vision/environment/ament_prefix_path.sh
[1.578s] -- Up-to-date symlink: /home/booster/Workspace/robocup_demo/install/vision/share/vision/environment/ament_prefix_path.dsv
[1.578s] -- Up-to-date symlink: /home/booster/Workspace/robocup_demo/install/vision/share/vision/environment/path.sh
[1.578s] -- Up-to-date symlink: /home/booster/Workspace/robocup_demo/install/vision/share/vision/environment/path.dsv
[1.578s] -- Up-to-date symlink: /home/booster/Workspace/robocup_demo/install/vision/share/vision/local_setup.bash
[1.578s] -- Up-to-date symlink: /home/booster/Workspace/robocup_demo/install/vision/share/vision/local_setup.sh
[1.579s] -- Up-to-date symlink: /home/booster/Workspace/robocup_demo/install/vision/share/vision/local_setup.zsh
[1.579s] -- Up-to-date symlink: /home/booster/Workspace/robocup_demo/install/vision/share/vision/local_setup.dsv
[1.579s] -- Symlinking: /home/booster/Workspace/robocup_demo/install/vision/share/vision/package.dsv
[1.607s] -- Up-to-date symlink: /home/booster/Workspace/robocup_demo/install/vision/share/ament_index/resource_index/packages/vision
[1.608s] -- Up-to-date symlink: /home/booster/Workspace/robocup_demo/install/vision/share/vision/cmake/ament_cmake_export_include_directories-extras.cmake
[1.608s] -- Up-to-date symlink: /home/booster/Workspace/robocup_demo/install/vision/share/vision/cmake/visionConfig.cmake
[1.608s] -- Up-to-date symlink: /home/booster/Workspace/robocup_demo/install/vision/share/vision/cmake/visionConfig-version.cmake
[1.608s] -- Up-to-date symlink: /home/booster/Workspace/robocup_demo/install/vision/share/vision/package.xml
[1.609s] -- Up-to-date: /home/booster/Workspace/robocup_demo/install/vision/lib
[1.609s] -- Up-to-date: /home/booster/Workspace/robocup_demo/install/vision/lib/install
[1.609s] -- Up-to-date: /home/booster/Workspace/robocup_demo/install/vision/lib/libceres.so.2.2.0
[1.609s] -- Up-to-date: /home/booster/Workspace/robocup_demo/install/vision/lib/log
[1.610s] -- Up-to-date: /home/booster/Workspace/robocup_demo/install/vision/lib/log/build_2026-04-02_11-00-54
[1.612s] -- Up-to-date: /home/booster/Workspace/robocup_demo/install/vision/lib/log/latest_build
[1.612s] -- Up-to-date: /home/booster/Workspace/robocup_demo/install/vision/lib/log/latest
[1.613s] -- Up-to-date: /home/booster/Workspace/robocup_demo/install/vision/lib/cmake
[1.614s] -- Up-to-date: /home/booster/Workspace/robocup_demo/install/vision/lib/cmake/Ceres
[1.615s] -- Up-to-date: /home/booster/Workspace/robocup_demo/install/vision/lib/libceres.so.4
[1.615s] -- Up-to-date: /home/booster/Workspace/robocup_demo/install/vision/lib/build
[1.615s] -- Up-to-date: /home/booster/Workspace/robocup_demo/install/vision/lib/libceres.so
[1.655s] Invoked command in '/home/booster/Workspace/robocup_demo/build/vision' returned '0': AMENT_PREFIX_PATH=/home/booster/Workspace/robocup_demo/install/vision_interface:${AMENT_PREFIX_PATH} CMAKE_PREFIX_PATH=/home/booster/Workspace/robocup_demo/install/vision_interface:/opt/ros/humble LD_LIBRARY_PATH=/home/booster/Workspace/robocup_demo/install/vision_interface/lib:/opt/ros/humble/opt/rviz_ogre_vendor/lib:/opt/ros/humble/lib/aarch64-linux-gnu:/opt/ros/humble/lib:/usr/local/cuda/lib64 PYTHONPATH=/home/booster/Workspace/robocup_demo/install/vision_interface/local/lib/python3.10/dist-packages:${PYTHONPATH} /usr/bin/cmake --install /home/booster/Workspace/robocup_demo/build/vision
