[0.067s] Invoking command in '/home/booster/Workspace/robocup_demo/build/vision_interface': CMAKE_PREFIX_PATH=/opt/ros/humble /usr/bin/cmake --build /home/booster/Workspace/robocup_demo/build/vision_interface -- -j5 -l5
[0.227s] [  0%] Built target vision_interface__cpp
[0.299s] [  0%] Built target ament_cmake_python_symlink_vision_interface
[0.357s] [ 12%] Built target vision_interface__rosidl_typesupport_introspection_cpp
[0.998s] running egg_info
[1.000s] writing vision_interface.egg-info/PKG-INFO
[1.002s] writing dependency_links to vision_interface.egg-info/dependency_links.txt
[1.003s] writing top-level names to vision_interface.egg-info/top_level.txt
[1.010s] reading manifest file 'vision_interface.egg-info/SOURCES.txt'
[1.014s] writing manifest file 'vision_interface.egg-info/SOURCES.txt'
[1.161s] [ 12%] Built target ament_cmake_python_build_vision_interface_egg
[1.247s] [ 23%] Built target vision_interface__rosidl_typesupport_fastrtps_cpp
[1.325s] [ 35%] Built target vision_interface__rosidl_typesupport_cpp
[1.407s] [ 47%] Built target vision_interface__rosidl_generator_c
[1.485s] [ 59%] Built target vision_interface__rosidl_typesupport_fastrtps_c
[1.553s] [ 70%] Built target vision_interface__rosidl_typesupport_c
[1.626s] [ 82%] Built target vision_interface__rosidl_typesupport_introspection_c
[1.669s] [ 82%] Built target vision_interface
[1.735s] [ 83%] Built target vision_interface__py
[1.835s] [ 94%] Built target vision_interface__rosidl_generator_py
[1.894s] [ 96%] Built target vision_interface__rosidl_typesupport_fastrtps_c__pyext
[1.970s] [ 98%] Built target vision_interface__rosidl_typesupport_c__pyext
[2.053s] [100%] Built target vision_interface__rosidl_typesupport_introspection_c__pyext
[2.098s] Invoked command in '/home/booster/Workspace/robocup_demo/build/vision_interface' returned '0': CMAKE_PREFIX_PATH=/opt/ros/humble /usr/bin/cmake --build /home/booster/Workspace/robocup_demo/build/vision_interface -- -j5 -l5
[2.099s] Invoking command in '/home/booster/Workspace/robocup_demo/build/vision_interface': CMAKE_PREFIX_PATH=/opt/ros/humble /usr/bin/cmake --install /home/booster/Workspace/robocup_demo/build/vision_interface
[2.135s] -- Install configuration: ""
[2.135s] -- Execute custom install script
[2.136s] -- Up-to-date symlink: /home/booster/Workspace/robocup_demo/install/vision_interface/share/ament_index/resource_index/rosidl_interfaces/vision_interface
[2.137s] -- Up-to-date symlink: /home/booster/Workspace/robocup_demo/install/vision_interface/include/vision_interface/vision_interface/msg/ball.h
[2.137s] -- Up-to-date symlink: /home/booster/Workspace/robocup_demo/install/vision_interface/include/vision_interface/vision_interface/msg/cal_param.h
[2.137s] -- Up-to-date symlink: /home/booster/Workspace/robocup_demo/install/vision_interface/include/vision_interface/vision_interface/msg/detail/ball__functions.h
[2.138s] -- Up-to-date symlink: /home/booster/Workspace/robocup_demo/install/vision_interface/include/vision_interface/vision_interface/msg/detail/ball__struct.h
[2.138s] -- Up-to-date symlink: /home/booster/Workspace/robocup_demo/install/vision_interface/include/vision_interface/vision_interface/msg/detail/ball__type_support.h
[2.138s] -- Up-to-date symlink: /home/booster/Workspace/robocup_demo/install/vision_interface/include/vision_interface/vision_interface/msg/detail/cal_param__functions.h
[2.138s] -- Up-to-date symlink: /home/booster/Workspace/robocup_demo/install/vision_interface/include/vision_interface/vision_interface/msg/detail/cal_param__struct.h
[2.138s] -- Up-to-date symlink: /home/booster/Workspace/robocup_demo/install/vision_interface/include/vision_interface/vision_interface/msg/detail/cal_param__type_support.h
[2.139s] -- Up-to-date symlink: /home/booster/Workspace/robocup_demo/install/vision_interface/include/vision_interface/vision_interface/msg/detail/detected_object__functions.h
[2.139s] -- Up-to-date symlink: /home/booster/Workspace/robocup_demo/install/vision_interface/include/vision_interface/vision_interface/msg/detail/detected_object__struct.h
[2.139s] -- Up-to-date symlink: /home/booster/Workspace/robocup_demo/install/vision_interface/include/vision_interface/vision_interface/msg/detail/detected_object__type_support.h
[2.139s] -- Up-to-date symlink: /home/booster/Workspace/robocup_demo/install/vision_interface/include/vision_interface/vision_interface/msg/detail/detections__functions.h
[2.139s] -- Up-to-date symlink: /home/booster/Workspace/robocup_demo/install/vision_interface/include/vision_interface/vision_interface/msg/detail/detections__struct.h
[2.140s] -- Up-to-date symlink: /home/booster/Workspace/robocup_demo/install/vision_interface/include/vision_interface/vision_interface/msg/detail/detections__type_support.h
[2.140s] -- Up-to-date symlink: /home/booster/Workspace/robocup_demo/install/vision_interface/include/vision_interface/vision_interface/msg/detail/detections_track__functions.h
[2.140s] -- Up-to-date symlink: /home/booster/Workspace/robocup_demo/install/vision_interface/include/vision_interface/vision_interface/msg/detail/detections_track__struct.h
[2.140s] -- Up-to-date symlink: /home/booster/Workspace/robocup_demo/install/vision_interface/include/vision_interface/vision_interface/msg/detail/detections_track__type_support.h
[2.140s] -- Up-to-date symlink: /home/booster/Workspace/robocup_demo/install/vision_interface/include/vision_interface/vision_interface/msg/detail/image_head_position__functions.h
[2.141s] -- Up-to-date symlink: /home/booster/Workspace/robocup_demo/install/vision_interface/include/vision_interface/vision_interface/msg/detail/image_head_position__struct.h
[2.141s] -- Up-to-date symlink: /home/booster/Workspace/robocup_demo/install/vision_interface/include/vision_interface/vision_interface/msg/detail/image_head_position__type_support.h
[2.141s] -- Up-to-date symlink: /home/booster/Workspace/robocup_demo/install/vision_interface/include/vision_interface/vision_interface/msg/detail/line_segments__functions.h
[2.142s] -- Up-to-date symlink: /home/booster/Workspace/robocup_demo/install/vision_interface/include/vision_interface/vision_interface/msg/detail/line_segments__struct.h
[2.142s] -- Up-to-date symlink: /home/booster/Workspace/robocup_demo/install/vision_interface/include/vision_interface/vision_interface/msg/detail/line_segments__type_support.h
[2.144s] -- Up-to-date symlink: /home/booster/Workspace/robocup_demo/install/vision_interface/include/vision_interface/vision_interface/msg/detail/segmentation_line__functions.h
[2.153s] -- Up-to-date symlink: /home/booster/Workspace/robocup_demo/install/vision_interface/include/vision_interface/vision_interface/msg/detail/segmentation_line__struct.h
[2.153s] -- Up-to-date symlink: /home/booster/Workspace/robocup_demo/install/vision_interface/include/vision_interface/vision_interface/msg/detail/segmentation_line__type_support.h
[2.153s] -- Up-to-date symlink: /home/booster/Workspace/robocup_demo/install/vision_interface/include/vision_interface/vision_interface/msg/detail/segmentation_point__functions.h
[2.162s] -- Up-to-date symlink: /home/booster/Workspace/robocup_demo/install/vision_interface/include/vision_interface/vision_interface/msg/detail/segmentation_point__struct.h
[2.162s] -- Up-to-date symlink: /home/booster/Workspace/robocup_demo/install/vision_interface/include/vision_interface/vision_interface/msg/detail/segmentation_point__type_support.h
[2.162s] -- Up-to-date symlink: /home/booster/Workspace/robocup_demo/install/vision_interface/include/vision_interface/vision_interface/msg/detail/segmentation_result__functions.h
[2.163s] -- Up-to-date symlink: /home/booster/Workspace/robocup_demo/install/vision_interface/include/vision_interface/vision_interface/msg/detail/segmentation_result__struct.h
[2.163s] -- Up-to-date symlink: /home/booster/Workspace/robocup_demo/install/vision_interface/include/vision_interface/vision_interface/msg/detail/segmentation_result__type_support.h
[2.163s] -- Up-to-date symlink: /home/booster/Workspace/robocup_demo/install/vision_interface/include/vision_interface/vision_interface/msg/detected_object.h
[2.166s] -- Up-to-date symlink: /home/booster/Workspace/robocup_demo/install/vision_interface/include/vision_interface/vision_interface/msg/detections.h
[2.166s] -- Up-to-date symlink: /home/booster/Workspace/robocup_demo/install/vision_interface/include/vision_interface/vision_interface/msg/detections_track.h
[2.166s] -- Up-to-date symlink: /home/booster/Workspace/robocup_demo/install/vision_interface/include/vision_interface/vision_interface/msg/image_head_position.h
[2.166s] -- Up-to-date symlink: /home/booster/Workspace/robocup_demo/install/vision_interface/include/vision_interface/vision_interface/msg/line_segments.h
[2.166s] -- Up-to-date symlink: /home/booster/Workspace/robocup_demo/install/vision_interface/include/vision_interface/vision_interface/msg/rosidl_generator_c__visibility_control.h
[2.166s] -- Up-to-date symlink: /home/booster/Workspace/robocup_demo/install/vision_interface/include/vision_interface/vision_interface/msg/segmentation_line.h
[2.166s] -- Up-to-date symlink: /home/booster/Workspace/robocup_demo/install/vision_interface/include/vision_interface/vision_interface/msg/segmentation_point.h
[2.167s] -- Up-to-date symlink: /home/booster/Workspace/robocup_demo/install/vision_interface/include/vision_interface/vision_interface/msg/segmentation_result.h
[2.167s] -- Up-to-date symlink: /home/booster/Workspace/robocup_demo/install/vision_interface/share/vision_interface/environment/library_path.sh
[2.167s] -- Up-to-date symlink: /home/booster/Workspace/robocup_demo/install/vision_interface/share/vision_interface/environment/library_path.dsv
[2.167s] -- Up-to-date symlink: /home/booster/Workspace/robocup_demo/install/vision_interface/include/vision_interface/vision_interface/msg/detail/ball__rosidl_typesupport_fastrtps_c.h
[2.167s] -- Up-to-date symlink: /home/booster/Workspace/robocup_demo/install/vision_interface/include/vision_interface/vision_interface/msg/detail/cal_param__rosidl_typesupport_fastrtps_c.h
[2.167s] -- Up-to-date symlink: /home/booster/Workspace/robocup_demo/install/vision_interface/include/vision_interface/vision_interface/msg/detail/detected_object__rosidl_typesupport_fastrtps_c.h
[2.167s] -- Up-to-date symlink: /home/booster/Workspace/robocup_demo/install/vision_interface/include/vision_interface/vision_interface/msg/detail/detections__rosidl_typesupport_fastrtps_c.h
[2.167s] -- Up-to-date symlink: /home/booster/Workspace/robocup_demo/install/vision_interface/include/vision_interface/vision_interface/msg/detail/detections_track__rosidl_typesupport_fastrtps_c.h
[2.167s] -- Up-to-date symlink: /home/booster/Workspace/robocup_demo/install/vision_interface/include/vision_interface/vision_interface/msg/detail/image_head_position__rosidl_typesupport_fastrtps_c.h
[2.167s] -- Up-to-date symlink: /home/booster/Workspace/robocup_demo/install/vision_interface/include/vision_interface/vision_interface/msg/detail/line_segments__rosidl_typesupport_fastrtps_c.h
[2.167s] -- Up-to-date symlink: /home/booster/Workspace/robocup_demo/install/vision_interface/include/vision_interface/vision_interface/msg/detail/segmentation_line__rosidl_typesupport_fastrtps_c.h
[2.168s] -- Up-to-date symlink: /home/booster/Workspace/robocup_demo/install/vision_interface/include/vision_interface/vision_interface/msg/detail/segmentation_point__rosidl_typesupport_fastrtps_c.h
[2.168s] -- Up-to-date symlink: /home/booster/Workspace/robocup_demo/install/vision_interface/include/vision_interface/vision_interface/msg/detail/segmentation_result__rosidl_typesupport_fastrtps_c.h
[2.168s] -- Up-to-date symlink: /home/booster/Workspace/robocup_demo/install/vision_interface/include/vision_interface/vision_interface/msg/rosidl_typesupport_fastrtps_c__visibility_control.h
[2.172s] -- Up-to-date symlink: /home/booster/Workspace/robocup_demo/install/vision_interface/include/vision_interface/vision_interface/msg/ball.hpp
[2.173s] -- Up-to-date symlink: /home/booster/Workspace/robocup_demo/install/vision_interface/include/vision_interface/vision_interface/msg/cal_param.hpp
[2.173s] -- Up-to-date symlink: /home/booster/Workspace/robocup_demo/install/vision_interface/include/vision_interface/vision_interface/msg/detail/ball__builder.hpp
[2.175s] -- Up-to-date symlink: /home/booster/Workspace/robocup_demo/install/vision_interface/include/vision_interface/vision_interface/msg/detail/ball__struct.hpp
[2.175s] -- Up-to-date symlink: /home/booster/Workspace/robocup_demo/install/vision_interface/include/vision_interface/vision_interface/msg/detail/ball__traits.hpp
[2.175s] -- Up-to-date symlink: /home/booster/Workspace/robocup_demo/install/vision_interface/include/vision_interface/vision_interface/msg/detail/ball__type_support.hpp
[2.175s] -- Up-to-date symlink: /home/booster/Workspace/robocup_demo/install/vision_interface/include/vision_interface/vision_interface/msg/detail/cal_param__builder.hpp
[2.175s] -- Up-to-date symlink: /home/booster/Workspace/robocup_demo/install/vision_interface/include/vision_interface/vision_interface/msg/detail/cal_param__struct.hpp
[2.175s] -- Up-to-date symlink: /home/booster/Workspace/robocup_demo/install/vision_interface/include/vision_interface/vision_interface/msg/detail/cal_param__traits.hpp
[2.175s] -- Up-to-date symlink: /home/booster/Workspace/robocup_demo/install/vision_interface/include/vision_interface/vision_interface/msg/detail/cal_param__type_support.hpp
[2.177s] -- Up-to-date symlink: /home/booster/Workspace/robocup_demo/install/vision_interface/include/vision_interface/vision_interface/msg/detail/detected_object__builder.hpp
[2.177s] -- Up-to-date symlink: /home/booster/Workspace/robocup_demo/install/vision_interface/include/vision_interface/vision_interface/msg/detail/detected_object__struct.hpp
[2.178s] -- Up-to-date symlink: /home/booster/Workspace/robocup_demo/install/vision_interface/include/vision_interface/vision_interface/msg/detail/detected_object__traits.hpp
[2.178s] -- Up-to-date symlink: /home/booster/Workspace/robocup_demo/install/vision_interface/include/vision_interface/vision_interface/msg/detail/detected_object__type_support.hpp
[2.179s] -- Up-to-date symlink: /home/booster/Workspace/robocup_demo/install/vision_interface/include/vision_interface/vision_interface/msg/detail/detections__builder.hpp
[2.179s] -- Up-to-date symlink: /home/booster/Workspace/robocup_demo/install/vision_interface/include/vision_interface/vision_interface/msg/detail/detections__struct.hpp
[2.179s] -- Up-to-date symlink: /home/booster/Workspace/robocup_demo/install/vision_interface/include/vision_interface/vision_interface/msg/detail/detections__traits.hpp
[2.179s] -- Up-to-date symlink: /home/booster/Workspace/robocup_demo/install/vision_interface/include/vision_interface/vision_interface/msg/detail/detections__type_support.hpp
[2.179s] -- Up-to-date symlink: /home/booster/Workspace/robocup_demo/install/vision_interface/include/vision_interface/vision_interface/msg/detail/detections_track__builder.hpp
[2.179s] -- Up-to-date symlink: /home/booster/Workspace/robocup_demo/install/vision_interface/include/vision_interface/vision_interface/msg/detail/detections_track__struct.hpp
[2.179s] -- Up-to-date symlink: /home/booster/Workspace/robocup_demo/install/vision_interface/include/vision_interface/vision_interface/msg/detail/detections_track__traits.hpp
[2.179s] -- Up-to-date symlink: /home/booster/Workspace/robocup_demo/install/vision_interface/include/vision_interface/vision_interface/msg/detail/detections_track__type_support.hpp
[2.179s] -- Up-to-date symlink: /home/booster/Workspace/robocup_demo/install/vision_interface/include/vision_interface/vision_interface/msg/detail/image_head_position__builder.hpp
[2.179s] -- Up-to-date symlink: /home/booster/Workspace/robocup_demo/install/vision_interface/include/vision_interface/vision_interface/msg/detail/image_head_position__struct.hpp
[2.181s] -- Up-to-date symlink: /home/booster/Workspace/robocup_demo/install/vision_interface/include/vision_interface/vision_interface/msg/detail/image_head_position__traits.hpp
[2.182s] -- Up-to-date symlink: /home/booster/Workspace/robocup_demo/install/vision_interface/include/vision_interface/vision_interface/msg/detail/image_head_position__type_support.hpp
[2.183s] -- Up-to-date symlink: /home/booster/Workspace/robocup_demo/install/vision_interface/include/vision_interface/vision_interface/msg/detail/line_segments__builder.hpp
[2.183s] -- Up-to-date symlink: /home/booster/Workspace/robocup_demo/install/vision_interface/include/vision_interface/vision_interface/msg/detail/line_segments__struct.hpp
[2.183s] -- Up-to-date symlink: /home/booster/Workspace/robocup_demo/install/vision_interface/include/vision_interface/vision_interface/msg/detail/line_segments__traits.hpp
[2.186s] -- Up-to-date symlink: /home/booster/Workspace/robocup_demo/install/vision_interface/include/vision_interface/vision_interface/msg/detail/line_segments__type_support.hpp
[2.187s] -- Up-to-date symlink: /home/booster/Workspace/robocup_demo/install/vision_interface/include/vision_interface/vision_interface/msg/detail/segmentation_line__builder.hpp
[2.187s] -- Up-to-date symlink: /home/booster/Workspace/robocup_demo/install/vision_interface/include/vision_interface/vision_interface/msg/detail/segmentation_line__struct.hpp
[2.187s] -- Up-to-date symlink: /home/booster/Workspace/robocup_demo/install/vision_interface/include/vision_interface/vision_interface/msg/detail/segmentation_line__traits.hpp
[2.187s] -- Up-to-date symlink: /home/booster/Workspace/robocup_demo/install/vision_interface/include/vision_interface/vision_interface/msg/detail/segmentation_line__type_support.hpp
[2.187s] -- Up-to-date symlink: /home/booster/Workspace/robocup_demo/install/vision_interface/include/vision_interface/vision_interface/msg/detail/segmentation_point__builder.hpp
[2.187s] -- Up-to-date symlink: /home/booster/Workspace/robocup_demo/install/vision_interface/include/vision_interface/vision_interface/msg/detail/segmentation_point__struct.hpp
[2.187s] -- Up-to-date symlink: /home/booster/Workspace/robocup_demo/install/vision_interface/include/vision_interface/vision_interface/msg/detail/segmentation_point__traits.hpp
[2.187s] -- Up-to-date symlink: /home/booster/Workspace/robocup_demo/install/vision_interface/include/vision_interface/vision_interface/msg/detail/segmentation_point__type_support.hpp
[2.187s] -- Up-to-date symlink: /home/booster/Workspace/robocup_demo/install/vision_interface/include/vision_interface/vision_interface/msg/detail/segmentation_result__builder.hpp
[2.188s] -- Up-to-date symlink: /home/booster/Workspace/robocup_demo/install/vision_interface/include/vision_interface/vision_interface/msg/detail/segmentation_result__struct.hpp
[2.188s] -- Up-to-date symlink: /home/booster/Workspace/robocup_demo/install/vision_interface/include/vision_interface/vision_interface/msg/detail/segmentation_result__traits.hpp
[2.189s] -- Up-to-date symlink: /home/booster/Workspace/robocup_demo/install/vision_interface/include/vision_interface/vision_interface/msg/detail/segmentation_result__type_support.hpp
[2.189s] -- Up-to-date symlink: /home/booster/Workspace/robocup_demo/install/vision_interface/include/vision_interface/vision_interface/msg/detected_object.hpp
[2.190s] -- Up-to-date symlink: /home/booster/Workspace/robocup_demo/install/vision_interface/include/vision_interface/vision_interface/msg/detections.hpp
[2.190s] -- Up-to-date symlink: /home/booster/Workspace/robocup_demo/install/vision_interface/include/vision_interface/vision_interface/msg/detections_track.hpp
[2.190s] -- Up-to-date symlink: /home/booster/Workspace/robocup_demo/install/vision_interface/include/vision_interface/vision_interface/msg/image_head_position.hpp
[2.192s] -- Up-to-date symlink: /home/booster/Workspace/robocup_demo/install/vision_interface/include/vision_interface/vision_interface/msg/line_segments.hpp
[2.192s] -- Up-to-date symlink: /home/booster/Workspace/robocup_demo/install/vision_interface/include/vision_interface/vision_interface/msg/rosidl_generator_cpp__visibility_control.hpp
[2.196s] -- Up-to-date symlink: /home/booster/Workspace/robocup_demo/install/vision_interface/include/vision_interface/vision_interface/msg/segmentation_line.hpp
[2.196s] -- Up-to-date symlink: /home/booster/Workspace/robocup_demo/install/vision_interface/include/vision_interface/vision_interface/msg/segmentation_point.hpp
[2.197s] -- Up-to-date symlink: /home/booster/Workspace/robocup_demo/install/vision_interface/include/vision_interface/vision_interface/msg/segmentation_result.hpp
[2.198s] -- Up-to-date symlink: /home/booster/Workspace/robocup_demo/install/vision_interface/include/vision_interface/vision_interface/msg/detail/ball__rosidl_typesupport_fastrtps_cpp.hpp
[2.199s] -- Up-to-date symlink: /home/booster/Workspace/robocup_demo/install/vision_interface/include/vision_interface/vision_interface/msg/detail/cal_param__rosidl_typesupport_fastrtps_cpp.hpp
[2.199s] -- Up-to-date symlink: /home/booster/Workspace/robocup_demo/install/vision_interface/include/vision_interface/vision_interface/msg/detail/detected_object__rosidl_typesupport_fastrtps_cpp.hpp
[2.199s] -- Up-to-date symlink: /home/booster/Workspace/robocup_demo/install/vision_interface/include/vision_interface/vision_interface/msg/detail/detections__rosidl_typesupport_fastrtps_cpp.hpp
[2.199s] -- Up-to-date symlink: /home/booster/Workspace/robocup_demo/install/vision_interface/include/vision_interface/vision_interface/msg/detail/detections_track__rosidl_typesupport_fastrtps_cpp.hpp
[2.199s] -- Up-to-date symlink: /home/booster/Workspace/robocup_demo/install/vision_interface/include/vision_interface/vision_interface/msg/detail/image_head_position__rosidl_typesupport_fastrtps_cpp.hpp
[2.199s] -- Up-to-date symlink: /home/booster/Workspace/robocup_demo/install/vision_interface/include/vision_interface/vision_interface/msg/detail/line_segments__rosidl_typesupport_fastrtps_cpp.hpp
[2.199s] -- Up-to-date symlink: /home/booster/Workspace/robocup_demo/install/vision_interface/include/vision_interface/vision_interface/msg/detail/segmentation_line__rosidl_typesupport_fastrtps_cpp.hpp
[2.201s] -- Up-to-date symlink: /home/booster/Workspace/robocup_demo/install/vision_interface/include/vision_interface/vision_interface/msg/detail/segmentation_point__rosidl_typesupport_fastrtps_cpp.hpp
[2.201s] -- Up-to-date symlink: /home/booster/Workspace/robocup_demo/install/vision_interface/include/vision_interface/vision_interface/msg/detail/segmentation_result__rosidl_typesupport_fastrtps_cpp.hpp
[2.202s] -- Up-to-date symlink: /home/booster/Workspace/robocup_demo/install/vision_interface/include/vision_interface/vision_interface/msg/rosidl_typesupport_fastrtps_cpp__visibility_control.h
[2.202s] -- Up-to-date symlink: /home/booster/Workspace/robocup_demo/install/vision_interface/include/vision_interface/vision_interface/msg/detail/ball__rosidl_typesupport_introspection_c.h
[2.208s] -- Up-to-date symlink: /home/booster/Workspace/robocup_demo/install/vision_interface/include/vision_interface/vision_interface/msg/detail/cal_param__rosidl_typesupport_introspection_c.h
[2.209s] -- Up-to-date symlink: /home/booster/Workspace/robocup_demo/install/vision_interface/include/vision_interface/vision_interface/msg/detail/detected_object__rosidl_typesupport_introspection_c.h
[2.209s] -- Up-to-date symlink: /home/booster/Workspace/robocup_demo/install/vision_interface/include/vision_interface/vision_interface/msg/detail/detections__rosidl_typesupport_introspection_c.h
[2.209s] -- Up-to-date symlink: /home/booster/Workspace/robocup_demo/install/vision_interface/include/vision_interface/vision_interface/msg/detail/detections_track__rosidl_typesupport_introspection_c.h
[2.209s] -- Up-to-date symlink: /home/booster/Workspace/robocup_demo/install/vision_interface/include/vision_interface/vision_interface/msg/detail/image_head_position__rosidl_typesupport_introspection_c.h
[2.209s] -- Up-to-date symlink: /home/booster/Workspace/robocup_demo/install/vision_interface/include/vision_interface/vision_interface/msg/detail/line_segments__rosidl_typesupport_introspection_c.h
[2.209s] -- Up-to-date symlink: /home/booster/Workspace/robocup_demo/install/vision_interface/include/vision_interface/vision_interface/msg/detail/segmentation_line__rosidl_typesupport_introspection_c.h
[2.209s] -- Up-to-date symlink: /home/booster/Workspace/robocup_demo/install/vision_interface/include/vision_interface/vision_interface/msg/detail/segmentation_point__rosidl_typesupport_introspection_c.h
[2.210s] -- Up-to-date symlink: /home/booster/Workspace/robocup_demo/install/vision_interface/include/vision_interface/vision_interface/msg/detail/segmentation_result__rosidl_typesupport_introspection_c.h
[2.212s] -- Up-to-date symlink: /home/booster/Workspace/robocup_demo/install/vision_interface/include/vision_interface/vision_interface/msg/rosidl_typesupport_introspection_c__visibility_control.h
[2.212s] -- Up-to-date symlink: /home/booster/Workspace/robocup_demo/install/vision_interface/include/vision_interface/vision_interface/msg/detail/ball__rosidl_typesupport_introspection_cpp.hpp
[2.212s] -- Up-to-date symlink: /home/booster/Workspace/robocup_demo/install/vision_interface/include/vision_interface/vision_interface/msg/detail/cal_param__rosidl_typesupport_introspection_cpp.hpp
[2.216s] -- Up-to-date symlink: /home/booster/Workspace/robocup_demo/install/vision_interface/include/vision_interface/vision_interface/msg/detail/detected_object__rosidl_typesupport_introspection_cpp.hpp
[2.218s] -- Up-to-date symlink: /home/booster/Workspace/robocup_demo/install/vision_interface/include/vision_interface/vision_interface/msg/detail/detections__rosidl_typesupport_introspection_cpp.hpp
[2.218s] -- Up-to-date symlink: /home/booster/Workspace/robocup_demo/install/vision_interface/include/vision_interface/vision_interface/msg/detail/detections_track__rosidl_typesupport_introspection_cpp.hpp
[2.219s] -- Up-to-date symlink: /home/booster/Workspace/robocup_demo/install/vision_interface/include/vision_interface/vision_interface/msg/detail/image_head_position__rosidl_typesupport_introspection_cpp.hpp
[2.223s] -- Up-to-date symlink: /home/booster/Workspace/robocup_demo/install/vision_interface/include/vision_interface/vision_interface/msg/detail/line_segments__rosidl_typesupport_introspection_cpp.hpp
[2.223s] -- Up-to-date symlink: /home/booster/Workspace/robocup_demo/install/vision_interface/include/vision_interface/vision_interface/msg/detail/segmentation_line__rosidl_typesupport_introspection_cpp.hpp
[2.223s] -- Up-to-date symlink: /home/booster/Workspace/robocup_demo/install/vision_interface/include/vision_interface/vision_interface/msg/detail/segmentation_point__rosidl_typesupport_introspection_cpp.hpp
[2.224s] -- Up-to-date symlink: /home/booster/Workspace/robocup_demo/install/vision_interface/include/vision_interface/vision_interface/msg/detail/segmentation_result__rosidl_typesupport_introspection_cpp.hpp
[2.224s] -- Up-to-date symlink: /home/booster/Workspace/robocup_demo/install/vision_interface/share/vision_interface/environment/pythonpath.sh
[2.224s] -- Up-to-date symlink: /home/booster/Workspace/robocup_demo/install/vision_interface/share/vision_interface/environment/pythonpath.dsv
[2.224s] -- Up-to-date symlink: /home/booster/Workspace/robocup_demo/install/vision_interface/local/lib/python3.10/dist-packages/vision_interface-1.0.0-py3.10.egg-info/PKG-INFO
[2.227s] -- Up-to-date symlink: /home/booster/Workspace/robocup_demo/install/vision_interface/local/lib/python3.10/dist-packages/vision_interface-1.0.0-py3.10.egg-info/SOURCES.txt
[2.227s] -- Up-to-date symlink: /home/booster/Workspace/robocup_demo/install/vision_interface/local/lib/python3.10/dist-packages/vision_interface-1.0.0-py3.10.egg-info/dependency_links.txt
[2.227s] -- Up-to-date symlink: /home/booster/Workspace/robocup_demo/install/vision_interface/local/lib/python3.10/dist-packages/vision_interface-1.0.0-py3.10.egg-info/top_level.txt
[2.228s] -- Up-to-date symlink: /home/booster/Workspace/robocup_demo/install/vision_interface/local/lib/python3.10/dist-packages/vision_interface/__init__.py
[2.228s] -- Up-to-date symlink: /home/booster/Workspace/robocup_demo/install/vision_interface/local/lib/python3.10/dist-packages/vision_interface/_vision_interface_s.ep.rosidl_typesupport_c.c
[2.229s] -- Up-to-date symlink: /home/booster/Workspace/robocup_demo/install/vision_interface/local/lib/python3.10/dist-packages/vision_interface/_vision_interface_s.ep.rosidl_typesupport_fastrtps_c.c
[2.229s] -- Up-to-date symlink: /home/booster/Workspace/robocup_demo/install/vision_interface/local/lib/python3.10/dist-packages/vision_interface/_vision_interface_s.ep.rosidl_typesupport_introspection_c.c
[2.229s] -- Up-to-date symlink: /home/booster/Workspace/robocup_demo/install/vision_interface/local/lib/python3.10/dist-packages/vision_interface/libvision_interface__rosidl_generator_py.so
[2.230s] -- Up-to-date symlink: /home/booster/Workspace/robocup_demo/install/vision_interface/local/lib/python3.10/dist-packages/vision_interface/msg/__init__.py
[2.230s] -- Up-to-date symlink: /home/booster/Workspace/robocup_demo/install/vision_interface/local/lib/python3.10/dist-packages/vision_interface/msg/_ball.py
[2.230s] -- Up-to-date symlink: /home/booster/Workspace/robocup_demo/install/vision_interface/local/lib/python3.10/dist-packages/vision_interface/msg/_ball_s.c
[2.230s] -- Up-to-date symlink: /home/booster/Workspace/robocup_demo/install/vision_interface/local/lib/python3.10/dist-packages/vision_interface/msg/_cal_param.py
[2.230s] -- Up-to-date symlink: /home/booster/Workspace/robocup_demo/install/vision_interface/local/lib/python3.10/dist-packages/vision_interface/msg/_cal_param_s.c
[2.230s] -- Up-to-date symlink: /home/booster/Workspace/robocup_demo/install/vision_interface/local/lib/python3.10/dist-packages/vision_interface/msg/_detected_object.py
[2.231s] -- Up-to-date symlink: /home/booster/Workspace/robocup_demo/install/vision_interface/local/lib/python3.10/dist-packages/vision_interface/msg/_detected_object_s.c
[2.232s] -- Up-to-date symlink: /home/booster/Workspace/robocup_demo/install/vision_interface/local/lib/python3.10/dist-packages/vision_interface/msg/_detections.py
[2.233s] -- Up-to-date symlink: /home/booster/Workspace/robocup_demo/install/vision_interface/local/lib/python3.10/dist-packages/vision_interface/msg/_detections_s.c
[2.233s] -- Up-to-date symlink: /home/booster/Workspace/robocup_demo/install/vision_interface/local/lib/python3.10/dist-packages/vision_interface/msg/_detections_track.py
[2.233s] -- Up-to-date symlink: /home/booster/Workspace/robocup_demo/install/vision_interface/local/lib/python3.10/dist-packages/vision_interface/msg/_detections_track_s.c
[2.234s] -- Up-to-date symlink: /home/booster/Workspace/robocup_demo/install/vision_interface/local/lib/python3.10/dist-packages/vision_interface/msg/_image_head_position.py
[2.234s] -- Up-to-date symlink: /home/booster/Workspace/robocup_demo/install/vision_interface/local/lib/python3.10/dist-packages/vision_interface/msg/_image_head_position_s.c
[2.234s] -- Up-to-date symlink: /home/booster/Workspace/robocup_demo/install/vision_interface/local/lib/python3.10/dist-packages/vision_interface/msg/_line_segments.py
[2.234s] -- Up-to-date symlink: /home/booster/Workspace/robocup_demo/install/vision_interface/local/lib/python3.10/dist-packages/vision_interface/msg/_line_segments_s.c
[2.235s] -- Up-to-date symlink: /home/booster/Workspace/robocup_demo/install/vision_interface/local/lib/python3.10/dist-packages/vision_interface/msg/_segmentation_line.py
[2.237s] -- Up-to-date symlink: /home/booster/Workspace/robocup_demo/install/vision_interface/local/lib/python3.10/dist-packages/vision_interface/msg/_segmentation_line_s.c
[2.237s] -- Up-to-date symlink: /home/booster/Workspace/robocup_demo/install/vision_interface/local/lib/python3.10/dist-packages/vision_interface/msg/_segmentation_point.py
[2.239s] -- Up-to-date symlink: /home/booster/Workspace/robocup_demo/install/vision_interface/local/lib/python3.10/dist-packages/vision_interface/msg/_segmentation_point_s.c
[2.239s] -- Up-to-date symlink: /home/booster/Workspace/robocup_demo/install/vision_interface/local/lib/python3.10/dist-packages/vision_interface/msg/_segmentation_result.py
[2.243s] -- Up-to-date symlink: /home/booster/Workspace/robocup_demo/install/vision_interface/local/lib/python3.10/dist-packages/vision_interface/msg/_segmentation_result_s.c
[2.243s] -- Up-to-date symlink: /home/booster/Workspace/robocup_demo/install/vision_interface/local/lib/python3.10/dist-packages/vision_interface/vision_interface_s__rosidl_typesupport_c.cpython-310-aarch64-linux-gnu.so
[2.243s] -- Up-to-date symlink: /home/booster/Workspace/robocup_demo/install/vision_interface/local/lib/python3.10/dist-packages/vision_interface/vision_interface_s__rosidl_typesupport_fastrtps_c.cpython-310-aarch64-linux-gnu.so
[2.244s] -- Up-to-date symlink: /home/booster/Workspace/robocup_demo/install/vision_interface/local/lib/python3.10/dist-packages/vision_interface/vision_interface_s__rosidl_typesupport_introspection_c.cpython-310-aarch64-linux-gnu.so
[2.244s] -- Up-to-date symlink: /home/booster/Workspace/robocup_demo/install/vision_interface/local/lib/python3.10/dist-packages/vision_interface/vision_interface_s__rosidl_typesupport_fastrtps_c.cpython-310-aarch64-linux-gnu.so
[2.244s] -- Up-to-date symlink: /home/booster/Workspace/robocup_demo/install/vision_interface/local/lib/python3.10/dist-packages/vision_interface/vision_interface_s__rosidl_typesupport_introspection_c.cpython-310-aarch64-linux-gnu.so
[2.244s] -- Up-to-date symlink: /home/booster/Workspace/robocup_demo/install/vision_interface/local/lib/python3.10/dist-packages/vision_interface/vision_interface_s__rosidl_typesupport_c.cpython-310-aarch64-linux-gnu.so
[2.244s] -- Up-to-date symlink: /home/booster/Workspace/robocup_demo/install/vision_interface/share/vision_interface/msg/DetectedObject.idl
[2.244s] -- Up-to-date symlink: /home/booster/Workspace/robocup_demo/install/vision_interface/share/vision_interface/msg/Detections.idl
[2.244s] -- Up-to-date symlink: /home/booster/Workspace/robocup_demo/install/vision_interface/share/vision_interface/msg/LineSegments.idl
[2.244s] -- Up-to-date symlink: /home/booster/Workspace/robocup_demo/install/vision_interface/share/vision_interface/msg/CalParam.idl
[2.245s] -- Up-to-date symlink: /home/booster/Workspace/robocup_demo/install/vision_interface/share/vision_interface/msg/DetectionsTrack.idl
[2.245s] -- Up-to-date symlink: /home/booster/Workspace/robocup_demo/install/vision_interface/share/vision_interface/msg/SegmentationPoint.idl
[2.245s] -- Up-to-date symlink: /home/booster/Workspace/robocup_demo/install/vision_interface/share/vision_interface/msg/SegmentationLine.idl
[2.245s] -- Up-to-date symlink: /home/booster/Workspace/robocup_demo/install/vision_interface/share/vision_interface/msg/SegmentationResult.idl
[2.245s] -- Up-to-date symlink: /home/booster/Workspace/robocup_demo/install/vision_interface/share/vision_interface/msg/ImageHeadPosition.idl
[2.246s] -- Up-to-date symlink: /home/booster/Workspace/robocup_demo/install/vision_interface/share/vision_interface/msg/Ball.idl
[2.246s] -- Up-to-date symlink: /home/booster/Workspace/robocup_demo/install/vision_interface/share/vision_interface/msg/DetectedObject.msg
[2.246s] -- Up-to-date symlink: /home/booster/Workspace/robocup_demo/install/vision_interface/share/vision_interface/msg/Detections.msg
[2.246s] -- Up-to-date symlink: /home/booster/Workspace/robocup_demo/install/vision_interface/share/vision_interface/msg/LineSegments.msg
[2.246s] -- Up-to-date symlink: /home/booster/Workspace/robocup_demo/install/vision_interface/share/vision_interface/msg/CalParam.msg
[2.246s] -- Up-to-date symlink: /home/booster/Workspace/robocup_demo/install/vision_interface/share/vision_interface/msg/DetectionsTrack.msg
[2.246s] -- Up-to-date symlink: /home/booster/Workspace/robocup_demo/install/vision_interface/share/vision_interface/msg/SegmentationPoint.msg
[2.246s] -- Up-to-date symlink: /home/booster/Workspace/robocup_demo/install/vision_interface/share/vision_interface/msg/SegmentationLine.msg
[2.246s] -- Up-to-date symlink: /home/booster/Workspace/robocup_demo/install/vision_interface/share/vision_interface/msg/SegmentationResult.msg
[2.246s] -- Up-to-date symlink: /home/booster/Workspace/robocup_demo/install/vision_interface/share/vision_interface/msg/ImageHeadPosition.msg
[2.247s] -- Up-to-date symlink: /home/booster/Workspace/robocup_demo/install/vision_interface/share/vision_interface/msg/Ball.msg
[2.247s] -- Up-to-date symlink: /home/booster/Workspace/robocup_demo/install/vision_interface/share/ament_index/resource_index/package_run_dependencies/vision_interface
[2.247s] -- Up-to-date symlink: /home/booster/Workspace/robocup_demo/install/vision_interface/share/ament_index/resource_index/parent_prefix_path/vision_interface
[2.247s] -- Up-to-date symlink: /home/booster/Workspace/robocup_demo/install/vision_interface/share/vision_interface/environment/ament_prefix_path.sh
[2.247s] -- Up-to-date symlink: /home/booster/Workspace/robocup_demo/install/vision_interface/share/vision_interface/environment/ament_prefix_path.dsv
[2.247s] -- Up-to-date symlink: /home/booster/Workspace/robocup_demo/install/vision_interface/share/vision_interface/environment/path.sh
[2.248s] -- Up-to-date symlink: /home/booster/Workspace/robocup_demo/install/vision_interface/share/vision_interface/environment/path.dsv
[2.248s] -- Up-to-date symlink: /home/booster/Workspace/robocup_demo/install/vision_interface/share/vision_interface/local_setup.bash
[2.248s] -- Up-to-date symlink: /home/booster/Workspace/robocup_demo/install/vision_interface/share/vision_interface/local_setup.sh
[2.248s] -- Up-to-date symlink: /home/booster/Workspace/robocup_demo/install/vision_interface/share/vision_interface/local_setup.zsh
[2.248s] -- Up-to-date symlink: /home/booster/Workspace/robocup_demo/install/vision_interface/share/vision_interface/local_setup.dsv
[2.248s] -- Symlinking: /home/booster/Workspace/robocup_demo/install/vision_interface/share/vision_interface/package.dsv
[2.252s] -- Up-to-date symlink: /home/booster/Workspace/robocup_demo/install/vision_interface/share/ament_index/resource_index/packages/vision_interface
[2.253s] -- Up-to-date symlink: /home/booster/Workspace/robocup_demo/install/vision_interface/share/vision_interface/cmake/rosidl_cmake-extras.cmake
[2.253s] -- Up-to-date symlink: /home/booster/Workspace/robocup_demo/install/vision_interface/share/vision_interface/cmake/ament_cmake_export_dependencies-extras.cmake
[2.253s] -- Up-to-date symlink: /home/booster/Workspace/robocup_demo/install/vision_interface/share/vision_interface/cmake/ament_cmake_export_include_directories-extras.cmake
[2.254s] -- Up-to-date symlink: /home/booster/Workspace/robocup_demo/install/vision_interface/share/vision_interface/cmake/ament_cmake_export_libraries-extras.cmake
[2.254s] -- Up-to-date symlink: /home/booster/Workspace/robocup_demo/install/vision_interface/share/vision_interface/cmake/ament_cmake_export_targets-extras.cmake
[2.254s] -- Up-to-date symlink: /home/booster/Workspace/robocup_demo/install/vision_interface/share/vision_interface/cmake/rosidl_cmake_export_typesupport_targets-extras.cmake
[2.254s] -- Up-to-date symlink: /home/booster/Workspace/robocup_demo/install/vision_interface/share/vision_interface/cmake/rosidl_cmake_export_typesupport_libraries-extras.cmake
[2.254s] -- Up-to-date symlink: /home/booster/Workspace/robocup_demo/install/vision_interface/share/vision_interface/cmake/vision_interfaceConfig.cmake
[2.254s] -- Up-to-date symlink: /home/booster/Workspace/robocup_demo/install/vision_interface/share/vision_interface/cmake/vision_interfaceConfig-version.cmake
[2.254s] -- Up-to-date symlink: /home/booster/Workspace/robocup_demo/install/vision_interface/share/vision_interface/package.xml
[2.254s] -- Up-to-date: /home/booster/Workspace/robocup_demo/install/vision_interface/lib/libvision_interface__rosidl_generator_c.so
[2.254s] -- Up-to-date: /home/booster/Workspace/robocup_demo/install/vision_interface/lib/libvision_interface__rosidl_typesupport_fastrtps_c.so
[2.255s] -- Up-to-date: /home/booster/Workspace/robocup_demo/install/vision_interface/lib/libvision_interface__rosidl_typesupport_fastrtps_cpp.so
[2.255s] -- Up-to-date: /home/booster/Workspace/robocup_demo/install/vision_interface/lib/libvision_interface__rosidl_typesupport_introspection_c.so
[2.255s] -- Up-to-date: /home/booster/Workspace/robocup_demo/install/vision_interface/lib/libvision_interface__rosidl_typesupport_c.so
[2.255s] -- Up-to-date: /home/booster/Workspace/robocup_demo/install/vision_interface/lib/libvision_interface__rosidl_typesupport_introspection_cpp.so
[2.255s] -- Up-to-date: /home/booster/Workspace/robocup_demo/install/vision_interface/lib/libvision_interface__rosidl_typesupport_cpp.so
[2.389s] Listing '/home/booster/Workspace/robocup_demo/install/vision_interface/local/lib/python3.10/dist-packages/vision_interface'...
[2.389s] Listing '/home/booster/Workspace/robocup_demo/install/vision_interface/local/lib/python3.10/dist-packages/vision_interface/msg'...
[2.398s] -- Up-to-date: /home/booster/Workspace/robocup_demo/install/vision_interface/lib/libvision_interface__rosidl_generator_py.so
[2.398s] -- Up-to-date: /home/booster/Workspace/robocup_demo/install/vision_interface/share/vision_interface/cmake/export_vision_interface__rosidl_generator_cExport.cmake
[2.398s] -- Up-to-date: /home/booster/Workspace/robocup_demo/install/vision_interface/share/vision_interface/cmake/export_vision_interface__rosidl_generator_cExport-noconfig.cmake
[2.398s] -- Up-to-date: /home/booster/Workspace/robocup_demo/install/vision_interface/share/vision_interface/cmake/export_vision_interface__rosidl_typesupport_fastrtps_cExport.cmake
[2.399s] -- Up-to-date: /home/booster/Workspace/robocup_demo/install/vision_interface/share/vision_interface/cmake/export_vision_interface__rosidl_typesupport_fastrtps_cExport-noconfig.cmake
[2.399s] -- Up-to-date: /home/booster/Workspace/robocup_demo/install/vision_interface/share/vision_interface/cmake/export_vision_interface__rosidl_generator_cppExport.cmake
[2.399s] -- Up-to-date: /home/booster/Workspace/robocup_demo/install/vision_interface/share/vision_interface/cmake/export_vision_interface__rosidl_typesupport_fastrtps_cppExport.cmake
[2.399s] -- Up-to-date: /home/booster/Workspace/robocup_demo/install/vision_interface/share/vision_interface/cmake/export_vision_interface__rosidl_typesupport_fastrtps_cppExport-noconfig.cmake
[2.400s] -- Up-to-date: /home/booster/Workspace/robocup_demo/install/vision_interface/share/vision_interface/cmake/vision_interface__rosidl_typesupport_introspection_cExport.cmake
[2.400s] -- Up-to-date: /home/booster/Workspace/robocup_demo/install/vision_interface/share/vision_interface/cmake/vision_interface__rosidl_typesupport_introspection_cExport-noconfig.cmake
[2.400s] -- Up-to-date: /home/booster/Workspace/robocup_demo/install/vision_interface/share/vision_interface/cmake/vision_interface__rosidl_typesupport_cExport.cmake
[2.400s] -- Up-to-date: /home/booster/Workspace/robocup_demo/install/vision_interface/share/vision_interface/cmake/vision_interface__rosidl_typesupport_cExport-noconfig.cmake
[2.400s] -- Up-to-date: /home/booster/Workspace/robocup_demo/install/vision_interface/share/vision_interface/cmake/vision_interface__rosidl_typesupport_introspection_cppExport.cmake
[2.400s] -- Up-to-date: /home/booster/Workspace/robocup_demo/install/vision_interface/share/vision_interface/cmake/vision_interface__rosidl_typesupport_introspection_cppExport-noconfig.cmake
[2.400s] -- Up-to-date: /home/booster/Workspace/robocup_demo/install/vision_interface/share/vision_interface/cmake/vision_interface__rosidl_typesupport_cppExport.cmake
[2.400s] -- Up-to-date: /home/booster/Workspace/robocup_demo/install/vision_interface/share/vision_interface/cmake/vision_interface__rosidl_typesupport_cppExport-noconfig.cmake
[2.400s] -- Up-to-date: /home/booster/Workspace/robocup_demo/install/vision_interface/share/vision_interface/cmake/export_vision_interface__rosidl_generator_pyExport.cmake
[2.401s] -- Up-to-date: /home/booster/Workspace/robocup_demo/install/vision_interface/share/vision_interface/cmake/export_vision_interface__rosidl_generator_pyExport-noconfig.cmake
[2.434s] Invoked command in '/home/booster/Workspace/robocup_demo/build/vision_interface' returned '0': CMAKE_PREFIX_PATH=/opt/ros/humble /usr/bin/cmake --install /home/booster/Workspace/robocup_demo/build/vision_interface
