[0.068s] Invoking command in '/home/booster/Workspace/robocup_demo/build/booster_interface': CMAKE_PREFIX_PATH=/opt/ros/humble /usr/bin/cmake --build /home/booster/Workspace/robocup_demo/build/booster_interface -- -j5 -l5
[0.377s] [  0%] Built target booster_interface__cpp
[0.624s] [  0%] Built target ament_cmake_python_symlink_booster_interface
[0.797s] [ 12%] Built target booster_interface__rosidl_typesupport_introspection_cpp
[3.044s] running egg_info
[3.060s] writing booster_interface.egg-info/PKG-INFO
[3.064s] writing dependency_links to booster_interface.egg-info/dependency_links.txt
[3.064s] writing top-level names to booster_interface.egg-info/top_level.txt
[3.066s] reading manifest file 'booster_interface.egg-info/SOURCES.txt'
[3.085s] writing manifest file 'booster_interface.egg-info/SOURCES.txt'
[3.368s] [ 12%] Built target ament_cmake_python_build_booster_interface_egg
[3.591s] [ 24%] Built target booster_interface__rosidl_typesupport_fastrtps_cpp
[3.768s] [ 36%] Built target booster_interface__rosidl_typesupport_cpp
[3.914s] [ 48%] Built target booster_interface__rosidl_generator_c
[4.070s] [ 60%] Built target booster_interface__rosidl_typesupport_fastrtps_c
[4.258s] [ 72%] Built target booster_interface__rosidl_typesupport_c
[4.440s] [ 84%] Built target booster_interface__rosidl_typesupport_introspection_c
[4.568s] [ 84%] Built target booster_interface
[4.771s] [ 85%] Built target booster_interface__py
[5.054s] [ 96%] Built target booster_interface__rosidl_generator_py
[5.255s] [ 97%] Built target booster_interface__rosidl_typesupport_fastrtps_c__pyext
[5.324s] [ 98%] Built target booster_interface__rosidl_typesupport_c__pyext
[5.416s] [100%] Built target booster_interface__rosidl_typesupport_introspection_c__pyext
[5.565s] Invoked command in '/home/booster/Workspace/robocup_demo/build/booster_interface' returned '0': CMAKE_PREFIX_PATH=/opt/ros/humble /usr/bin/cmake --build /home/booster/Workspace/robocup_demo/build/booster_interface -- -j5 -l5
[5.574s] Invoking command in '/home/booster/Workspace/robocup_demo/build/booster_interface': CMAKE_PREFIX_PATH=/opt/ros/humble /usr/bin/cmake --install /home/booster/Workspace/robocup_demo/build/booster_interface
[5.607s] -- Install configuration: ""
[5.615s] -- Execute custom install script
[5.620s] -- Up-to-date symlink: /home/booster/Workspace/robocup_demo/install/booster_interface/share/ament_index/resource_index/rosidl_interfaces/booster_interface
[5.621s] -- Up-to-date symlink: /home/booster/Workspace/robocup_demo/install/booster_interface/include/booster_interface/booster_interface/msg/booster_api_req_msg.h
[5.630s] -- Up-to-date symlink: /home/booster/Workspace/robocup_demo/install/booster_interface/include/booster_interface/booster_interface/msg/booster_api_resp_msg.h
[5.630s] -- Up-to-date symlink: /home/booster/Workspace/robocup_demo/install/booster_interface/include/booster_interface/booster_interface/msg/button_event_msg.h
[5.630s] -- Up-to-date symlink: /home/booster/Workspace/robocup_demo/install/booster_interface/include/booster_interface/booster_interface/msg/detail/booster_api_req_msg__functions.h
[5.630s] -- Up-to-date symlink: /home/booster/Workspace/robocup_demo/install/booster_interface/include/booster_interface/booster_interface/msg/detail/booster_api_req_msg__struct.h
[5.633s] -- Up-to-date symlink: /home/booster/Workspace/robocup_demo/install/booster_interface/include/booster_interface/booster_interface/msg/detail/booster_api_req_msg__type_support.h
[5.633s] -- Up-to-date symlink: /home/booster/Workspace/robocup_demo/install/booster_interface/include/booster_interface/booster_interface/msg/detail/booster_api_resp_msg__functions.h
[5.633s] -- Up-to-date symlink: /home/booster/Workspace/robocup_demo/install/booster_interface/include/booster_interface/booster_interface/msg/detail/booster_api_resp_msg__struct.h
[5.634s] -- Up-to-date symlink: /home/booster/Workspace/robocup_demo/install/booster_interface/include/booster_interface/booster_interface/msg/detail/booster_api_resp_msg__type_support.h
[5.634s] -- Up-to-date symlink: /home/booster/Workspace/robocup_demo/install/booster_interface/include/booster_interface/booster_interface/msg/detail/button_event_msg__functions.h
[5.635s] -- Up-to-date symlink: /home/booster/Workspace/robocup_demo/install/booster_interface/include/booster_interface/booster_interface/msg/detail/button_event_msg__struct.h
[5.635s] -- Up-to-date symlink: /home/booster/Workspace/robocup_demo/install/booster_interface/include/booster_interface/booster_interface/msg/detail/button_event_msg__type_support.h
[5.635s] -- Up-to-date symlink: /home/booster/Workspace/robocup_demo/install/booster_interface/include/booster_interface/booster_interface/msg/detail/fall_down_state__functions.h
[5.636s] -- Up-to-date symlink: /home/booster/Workspace/robocup_demo/install/booster_interface/include/booster_interface/booster_interface/msg/detail/fall_down_state__struct.h
[5.637s] -- Up-to-date symlink: /home/booster/Workspace/robocup_demo/install/booster_interface/include/booster_interface/booster_interface/msg/detail/fall_down_state__type_support.h
[5.637s] -- Up-to-date symlink: /home/booster/Workspace/robocup_demo/install/booster_interface/include/booster_interface/booster_interface/msg/detail/hand_command__functions.h
[5.637s] -- Up-to-date symlink: /home/booster/Workspace/robocup_demo/install/booster_interface/include/booster_interface/booster_interface/msg/detail/hand_command__struct.h
[5.638s] -- Up-to-date symlink: /home/booster/Workspace/robocup_demo/install/booster_interface/include/booster_interface/booster_interface/msg/detail/hand_command__type_support.h
[5.639s] -- Up-to-date symlink: /home/booster/Workspace/robocup_demo/install/booster_interface/include/booster_interface/booster_interface/msg/detail/hand_dds_msg__functions.h
[5.640s] -- Up-to-date symlink: /home/booster/Workspace/robocup_demo/install/booster_interface/include/booster_interface/booster_interface/msg/detail/hand_dds_msg__struct.h
[5.640s] -- Up-to-date symlink: /home/booster/Workspace/robocup_demo/install/booster_interface/include/booster_interface/booster_interface/msg/detail/hand_dds_msg__type_support.h
[5.640s] -- Up-to-date symlink: /home/booster/Workspace/robocup_demo/install/booster_interface/include/booster_interface/booster_interface/msg/detail/hand_param__functions.h
[5.641s] -- Up-to-date symlink: /home/booster/Workspace/robocup_demo/install/booster_interface/include/booster_interface/booster_interface/msg/detail/hand_param__struct.h
[5.641s] -- Up-to-date symlink: /home/booster/Workspace/robocup_demo/install/booster_interface/include/booster_interface/booster_interface/msg/detail/hand_param__type_support.h
[5.641s] -- Up-to-date symlink: /home/booster/Workspace/robocup_demo/install/booster_interface/include/booster_interface/booster_interface/msg/detail/imu_state__functions.h
[5.641s] -- Up-to-date symlink: /home/booster/Workspace/robocup_demo/install/booster_interface/include/booster_interface/booster_interface/msg/detail/imu_state__struct.h
[5.642s] -- Up-to-date symlink: /home/booster/Workspace/robocup_demo/install/booster_interface/include/booster_interface/booster_interface/msg/detail/imu_state__type_support.h
[5.642s] -- Up-to-date symlink: /home/booster/Workspace/robocup_demo/install/booster_interface/include/booster_interface/booster_interface/msg/detail/low_cmd__functions.h
[5.642s] -- Up-to-date symlink: /home/booster/Workspace/robocup_demo/install/booster_interface/include/booster_interface/booster_interface/msg/detail/low_cmd__struct.h
[5.643s] -- Up-to-date symlink: /home/booster/Workspace/robocup_demo/install/booster_interface/include/booster_interface/booster_interface/msg/detail/low_cmd__type_support.h
[5.643s] -- Up-to-date symlink: /home/booster/Workspace/robocup_demo/install/booster_interface/include/booster_interface/booster_interface/msg/detail/low_state__functions.h
[5.644s] -- Up-to-date symlink: /home/booster/Workspace/robocup_demo/install/booster_interface/include/booster_interface/booster_interface/msg/detail/low_state__struct.h
[5.644s] -- Up-to-date symlink: /home/booster/Workspace/robocup_demo/install/booster_interface/include/booster_interface/booster_interface/msg/detail/low_state__type_support.h
[5.644s] -- Up-to-date symlink: /home/booster/Workspace/robocup_demo/install/booster_interface/include/booster_interface/booster_interface/msg/detail/motor_cmd__functions.h
[5.644s] -- Up-to-date symlink: /home/booster/Workspace/robocup_demo/install/booster_interface/include/booster_interface/booster_interface/msg/detail/motor_cmd__struct.h
[5.646s] -- Up-to-date symlink: /home/booster/Workspace/robocup_demo/install/booster_interface/include/booster_interface/booster_interface/msg/detail/motor_cmd__type_support.h
[5.648s] -- Up-to-date symlink: /home/booster/Workspace/robocup_demo/install/booster_interface/include/booster_interface/booster_interface/msg/detail/motor_state__functions.h
[5.650s] -- Up-to-date symlink: /home/booster/Workspace/robocup_demo/install/booster_interface/include/booster_interface/booster_interface/msg/detail/motor_state__struct.h
[5.651s] -- Up-to-date symlink: /home/booster/Workspace/robocup_demo/install/booster_interface/include/booster_interface/booster_interface/msg/detail/motor_state__type_support.h
[5.652s] -- Up-to-date symlink: /home/booster/Workspace/robocup_demo/install/booster_interface/include/booster_interface/booster_interface/msg/detail/odometer__functions.h
[5.652s] -- Up-to-date symlink: /home/booster/Workspace/robocup_demo/install/booster_interface/include/booster_interface/booster_interface/msg/detail/odometer__struct.h
[5.652s] -- Up-to-date symlink: /home/booster/Workspace/robocup_demo/install/booster_interface/include/booster_interface/booster_interface/msg/detail/odometer__type_support.h
[5.652s] -- Up-to-date symlink: /home/booster/Workspace/robocup_demo/install/booster_interface/include/booster_interface/booster_interface/msg/detail/raw_bytes_msg__functions.h
[5.652s] -- Up-to-date symlink: /home/booster/Workspace/robocup_demo/install/booster_interface/include/booster_interface/booster_interface/msg/detail/raw_bytes_msg__struct.h
[5.652s] -- Up-to-date symlink: /home/booster/Workspace/robocup_demo/install/booster_interface/include/booster_interface/booster_interface/msg/detail/raw_bytes_msg__type_support.h
[5.652s] -- Up-to-date symlink: /home/booster/Workspace/robocup_demo/install/booster_interface/include/booster_interface/booster_interface/msg/detail/raw_bytes_stamped__functions.h
[5.654s] -- Up-to-date symlink: /home/booster/Workspace/robocup_demo/install/booster_interface/include/booster_interface/booster_interface/msg/detail/raw_bytes_stamped__struct.h
[5.656s] -- Up-to-date symlink: /home/booster/Workspace/robocup_demo/install/booster_interface/include/booster_interface/booster_interface/msg/detail/raw_bytes_stamped__type_support.h
[5.656s] -- Up-to-date symlink: /home/booster/Workspace/robocup_demo/install/booster_interface/include/booster_interface/booster_interface/msg/detail/remote_controller_state__functions.h
[5.657s] -- Up-to-date symlink: /home/booster/Workspace/robocup_demo/install/booster_interface/include/booster_interface/booster_interface/msg/detail/remote_controller_state__struct.h
[5.657s] -- Up-to-date symlink: /home/booster/Workspace/robocup_demo/install/booster_interface/include/booster_interface/booster_interface/msg/detail/remote_controller_state__type_support.h
[5.657s] -- Up-to-date symlink: /home/booster/Workspace/robocup_demo/install/booster_interface/include/booster_interface/booster_interface/msg/fall_down_state.h
[5.658s] -- Up-to-date symlink: /home/booster/Workspace/robocup_demo/install/booster_interface/include/booster_interface/booster_interface/msg/hand_command.h
[5.658s] -- Up-to-date symlink: /home/booster/Workspace/robocup_demo/install/booster_interface/include/booster_interface/booster_interface/msg/hand_dds_msg.h
[5.658s] -- Up-to-date symlink: /home/booster/Workspace/robocup_demo/install/booster_interface/include/booster_interface/booster_interface/msg/hand_param.h
[5.659s] -- Up-to-date symlink: /home/booster/Workspace/robocup_demo/install/booster_interface/include/booster_interface/booster_interface/msg/imu_state.h
[5.659s] -- Up-to-date symlink: /home/booster/Workspace/robocup_demo/install/booster_interface/include/booster_interface/booster_interface/msg/low_cmd.h
[5.659s] -- Up-to-date symlink: /home/booster/Workspace/robocup_demo/install/booster_interface/include/booster_interface/booster_interface/msg/low_state.h
[5.659s] -- Up-to-date symlink: /home/booster/Workspace/robocup_demo/install/booster_interface/include/booster_interface/booster_interface/msg/motor_cmd.h
[5.659s] -- Up-to-date symlink: /home/booster/Workspace/robocup_demo/install/booster_interface/include/booster_interface/booster_interface/msg/motor_state.h
[5.659s] -- Up-to-date symlink: /home/booster/Workspace/robocup_demo/install/booster_interface/include/booster_interface/booster_interface/msg/odometer.h
[5.659s] -- Up-to-date symlink: /home/booster/Workspace/robocup_demo/install/booster_interface/include/booster_interface/booster_interface/msg/raw_bytes_msg.h
[5.660s] -- Up-to-date symlink: /home/booster/Workspace/robocup_demo/install/booster_interface/include/booster_interface/booster_interface/msg/raw_bytes_stamped.h
[5.660s] -- Up-to-date symlink: /home/booster/Workspace/robocup_demo/install/booster_interface/include/booster_interface/booster_interface/msg/remote_controller_state.h
[5.660s] -- Up-to-date symlink: /home/booster/Workspace/robocup_demo/install/booster_interface/include/booster_interface/booster_interface/msg/rosidl_generator_c__visibility_control.h
[5.661s] -- Up-to-date symlink: /home/booster/Workspace/robocup_demo/install/booster_interface/include/booster_interface/booster_interface/srv/agent_service.h
[5.661s] -- Up-to-date symlink: /home/booster/Workspace/robocup_demo/install/booster_interface/include/booster_interface/booster_interface/srv/detail/agent_service__functions.h
[5.661s] -- Up-to-date symlink: /home/booster/Workspace/robocup_demo/install/booster_interface/include/booster_interface/booster_interface/srv/detail/agent_service__struct.h
[5.661s] -- Up-to-date symlink: /home/booster/Workspace/robocup_demo/install/booster_interface/include/booster_interface/booster_interface/srv/detail/agent_service__type_support.h
[5.661s] -- Up-to-date symlink: /home/booster/Workspace/robocup_demo/install/booster_interface/include/booster_interface/booster_interface/srv/detail/rpc_service__functions.h
[5.662s] -- Up-to-date symlink: /home/booster/Workspace/robocup_demo/install/booster_interface/include/booster_interface/booster_interface/srv/detail/rpc_service__struct.h
[5.662s] -- Up-to-date symlink: /home/booster/Workspace/robocup_demo/install/booster_interface/include/booster_interface/booster_interface/srv/detail/rpc_service__type_support.h
[5.662s] -- Up-to-date symlink: /home/booster/Workspace/robocup_demo/install/booster_interface/include/booster_interface/booster_interface/srv/rpc_service.h
[5.662s] -- Up-to-date symlink: /home/booster/Workspace/robocup_demo/install/booster_interface/share/booster_interface/environment/library_path.sh
[5.662s] -- Up-to-date symlink: /home/booster/Workspace/robocup_demo/install/booster_interface/share/booster_interface/environment/library_path.dsv
[5.662s] -- Up-to-date symlink: /home/booster/Workspace/robocup_demo/install/booster_interface/include/booster_interface/booster_interface/msg/detail/booster_api_req_msg__rosidl_typesupport_fastrtps_c.h
[5.662s] -- Up-to-date symlink: /home/booster/Workspace/robocup_demo/install/booster_interface/include/booster_interface/booster_interface/msg/detail/booster_api_resp_msg__rosidl_typesupport_fastrtps_c.h
[5.662s] -- Up-to-date symlink: /home/booster/Workspace/robocup_demo/install/booster_interface/include/booster_interface/booster_interface/msg/detail/button_event_msg__rosidl_typesupport_fastrtps_c.h
[5.664s] -- Up-to-date symlink: /home/booster/Workspace/robocup_demo/install/booster_interface/include/booster_interface/booster_interface/msg/detail/fall_down_state__rosidl_typesupport_fastrtps_c.h
[5.666s] -- Up-to-date symlink: /home/booster/Workspace/robocup_demo/install/booster_interface/include/booster_interface/booster_interface/msg/detail/hand_command__rosidl_typesupport_fastrtps_c.h
[5.667s] -- Up-to-date symlink: /home/booster/Workspace/robocup_demo/install/booster_interface/include/booster_interface/booster_interface/msg/detail/hand_dds_msg__rosidl_typesupport_fastrtps_c.h
[5.667s] -- Up-to-date symlink: /home/booster/Workspace/robocup_demo/install/booster_interface/include/booster_interface/booster_interface/msg/detail/hand_param__rosidl_typesupport_fastrtps_c.h
[5.667s] -- Up-to-date symlink: /home/booster/Workspace/robocup_demo/install/booster_interface/include/booster_interface/booster_interface/msg/detail/imu_state__rosidl_typesupport_fastrtps_c.h
[5.667s] -- Up-to-date symlink: /home/booster/Workspace/robocup_demo/install/booster_interface/include/booster_interface/booster_interface/msg/detail/low_cmd__rosidl_typesupport_fastrtps_c.h
[5.667s] -- Up-to-date symlink: /home/booster/Workspace/robocup_demo/install/booster_interface/include/booster_interface/booster_interface/msg/detail/low_state__rosidl_typesupport_fastrtps_c.h
[5.667s] -- Up-to-date symlink: /home/booster/Workspace/robocup_demo/install/booster_interface/include/booster_interface/booster_interface/msg/detail/motor_cmd__rosidl_typesupport_fastrtps_c.h
[5.668s] -- Up-to-date symlink: /home/booster/Workspace/robocup_demo/install/booster_interface/include/booster_interface/booster_interface/msg/detail/motor_state__rosidl_typesupport_fastrtps_c.h
[5.668s] -- Up-to-date symlink: /home/booster/Workspace/robocup_demo/install/booster_interface/include/booster_interface/booster_interface/msg/detail/odometer__rosidl_typesupport_fastrtps_c.h
[5.672s] -- Up-to-date symlink: /home/booster/Workspace/robocup_demo/install/booster_interface/include/booster_interface/booster_interface/msg/detail/raw_bytes_msg__rosidl_typesupport_fastrtps_c.h
[5.672s] -- Up-to-date symlink: /home/booster/Workspace/robocup_demo/install/booster_interface/include/booster_interface/booster_interface/msg/detail/raw_bytes_stamped__rosidl_typesupport_fastrtps_c.h
[5.672s] -- Up-to-date symlink: /home/booster/Workspace/robocup_demo/install/booster_interface/include/booster_interface/booster_interface/msg/detail/remote_controller_state__rosidl_typesupport_fastrtps_c.h
[5.673s] -- Up-to-date symlink: /home/booster/Workspace/robocup_demo/install/booster_interface/include/booster_interface/booster_interface/msg/rosidl_typesupport_fastrtps_c__visibility_control.h
[5.673s] -- Up-to-date symlink: /home/booster/Workspace/robocup_demo/install/booster_interface/include/booster_interface/booster_interface/srv/detail/agent_service__rosidl_typesupport_fastrtps_c.h
[5.673s] -- Up-to-date symlink: /home/booster/Workspace/robocup_demo/install/booster_interface/include/booster_interface/booster_interface/srv/detail/rpc_service__rosidl_typesupport_fastrtps_c.h
[5.673s] -- Up-to-date symlink: /home/booster/Workspace/robocup_demo/install/booster_interface/include/booster_interface/booster_interface/msg/booster_api_req_msg.hpp
[5.673s] -- Up-to-date symlink: /home/booster/Workspace/robocup_demo/install/booster_interface/include/booster_interface/booster_interface/msg/booster_api_resp_msg.hpp
[5.673s] -- Up-to-date symlink: /home/booster/Workspace/robocup_demo/install/booster_interface/include/booster_interface/booster_interface/msg/button_event_msg.hpp
[5.673s] -- Up-to-date symlink: /home/booster/Workspace/robocup_demo/install/booster_interface/include/booster_interface/booster_interface/msg/detail/booster_api_req_msg__builder.hpp
[5.673s] -- Up-to-date symlink: /home/booster/Workspace/robocup_demo/install/booster_interface/include/booster_interface/booster_interface/msg/detail/booster_api_req_msg__struct.hpp
[5.673s] -- Up-to-date symlink: /home/booster/Workspace/robocup_demo/install/booster_interface/include/booster_interface/booster_interface/msg/detail/booster_api_req_msg__traits.hpp
[5.677s] -- Up-to-date symlink: /home/booster/Workspace/robocup_demo/install/booster_interface/include/booster_interface/booster_interface/msg/detail/booster_api_req_msg__type_support.hpp
[5.677s] -- Up-to-date symlink: /home/booster/Workspace/robocup_demo/install/booster_interface/include/booster_interface/booster_interface/msg/detail/booster_api_resp_msg__builder.hpp
[5.678s] -- Up-to-date symlink: /home/booster/Workspace/robocup_demo/install/booster_interface/include/booster_interface/booster_interface/msg/detail/booster_api_resp_msg__struct.hpp
[5.680s] -- Up-to-date symlink: /home/booster/Workspace/robocup_demo/install/booster_interface/include/booster_interface/booster_interface/msg/detail/booster_api_resp_msg__traits.hpp
[5.680s] -- Up-to-date symlink: /home/booster/Workspace/robocup_demo/install/booster_interface/include/booster_interface/booster_interface/msg/detail/booster_api_resp_msg__type_support.hpp
[5.680s] -- Up-to-date symlink: /home/booster/Workspace/robocup_demo/install/booster_interface/include/booster_interface/booster_interface/msg/detail/button_event_msg__builder.hpp
[5.681s] -- Up-to-date symlink: /home/booster/Workspace/robocup_demo/install/booster_interface/include/booster_interface/booster_interface/msg/detail/button_event_msg__struct.hpp
[5.683s] -- Up-to-date symlink: /home/booster/Workspace/robocup_demo/install/booster_interface/include/booster_interface/booster_interface/msg/detail/button_event_msg__traits.hpp
[5.684s] -- Up-to-date symlink: /home/booster/Workspace/robocup_demo/install/booster_interface/include/booster_interface/booster_interface/msg/detail/button_event_msg__type_support.hpp
[5.685s] -- Up-to-date symlink: /home/booster/Workspace/robocup_demo/install/booster_interface/include/booster_interface/booster_interface/msg/detail/fall_down_state__builder.hpp
[5.687s] -- Up-to-date symlink: /home/booster/Workspace/robocup_demo/install/booster_interface/include/booster_interface/booster_interface/msg/detail/fall_down_state__struct.hpp
[5.688s] -- Up-to-date symlink: /home/booster/Workspace/robocup_demo/install/booster_interface/include/booster_interface/booster_interface/msg/detail/fall_down_state__traits.hpp
[5.688s] -- Up-to-date symlink: /home/booster/Workspace/robocup_demo/install/booster_interface/include/booster_interface/booster_interface/msg/detail/fall_down_state__type_support.hpp
[5.689s] -- Up-to-date symlink: /home/booster/Workspace/robocup_demo/install/booster_interface/include/booster_interface/booster_interface/msg/detail/hand_command__builder.hpp
[5.689s] -- Up-to-date symlink: /home/booster/Workspace/robocup_demo/install/booster_interface/include/booster_interface/booster_interface/msg/detail/hand_command__struct.hpp
[5.691s] -- Up-to-date symlink: /home/booster/Workspace/robocup_demo/install/booster_interface/include/booster_interface/booster_interface/msg/detail/hand_command__traits.hpp
[5.692s] -- Up-to-date symlink: /home/booster/Workspace/robocup_demo/install/booster_interface/include/booster_interface/booster_interface/msg/detail/hand_command__type_support.hpp
[5.692s] -- Up-to-date symlink: /home/booster/Workspace/robocup_demo/install/booster_interface/include/booster_interface/booster_interface/msg/detail/hand_dds_msg__builder.hpp
[5.693s] -- Up-to-date symlink: /home/booster/Workspace/robocup_demo/install/booster_interface/include/booster_interface/booster_interface/msg/detail/hand_dds_msg__struct.hpp
[5.693s] -- Up-to-date symlink: /home/booster/Workspace/robocup_demo/install/booster_interface/include/booster_interface/booster_interface/msg/detail/hand_dds_msg__traits.hpp
[5.693s] -- Up-to-date symlink: /home/booster/Workspace/robocup_demo/install/booster_interface/include/booster_interface/booster_interface/msg/detail/hand_dds_msg__type_support.hpp
[5.693s] -- Up-to-date symlink: /home/booster/Workspace/robocup_demo/install/booster_interface/include/booster_interface/booster_interface/msg/detail/hand_param__builder.hpp
[5.693s] -- Up-to-date symlink: /home/booster/Workspace/robocup_demo/install/booster_interface/include/booster_interface/booster_interface/msg/detail/hand_param__struct.hpp
[5.693s] -- Up-to-date symlink: /home/booster/Workspace/robocup_demo/install/booster_interface/include/booster_interface/booster_interface/msg/detail/hand_param__traits.hpp
[5.693s] -- Up-to-date symlink: /home/booster/Workspace/robocup_demo/install/booster_interface/include/booster_interface/booster_interface/msg/detail/hand_param__type_support.hpp
[5.694s] -- Up-to-date symlink: /home/booster/Workspace/robocup_demo/install/booster_interface/include/booster_interface/booster_interface/msg/detail/imu_state__builder.hpp
[5.694s] -- Up-to-date symlink: /home/booster/Workspace/robocup_demo/install/booster_interface/include/booster_interface/booster_interface/msg/detail/imu_state__struct.hpp
[5.695s] -- Up-to-date symlink: /home/booster/Workspace/robocup_demo/install/booster_interface/include/booster_interface/booster_interface/msg/detail/imu_state__traits.hpp
[5.696s] -- Up-to-date symlink: /home/booster/Workspace/robocup_demo/install/booster_interface/include/booster_interface/booster_interface/msg/detail/imu_state__type_support.hpp
[5.697s] -- Up-to-date symlink: /home/booster/Workspace/robocup_demo/install/booster_interface/include/booster_interface/booster_interface/msg/detail/low_cmd__builder.hpp
[5.698s] -- Up-to-date symlink: /home/booster/Workspace/robocup_demo/install/booster_interface/include/booster_interface/booster_interface/msg/detail/low_cmd__struct.hpp
[5.698s] -- Up-to-date symlink: /home/booster/Workspace/robocup_demo/install/booster_interface/include/booster_interface/booster_interface/msg/detail/low_cmd__traits.hpp
[5.698s] -- Up-to-date symlink: /home/booster/Workspace/robocup_demo/install/booster_interface/include/booster_interface/booster_interface/msg/detail/low_cmd__type_support.hpp
[5.698s] -- Up-to-date symlink: /home/booster/Workspace/robocup_demo/install/booster_interface/include/booster_interface/booster_interface/msg/detail/low_state__builder.hpp
[5.698s] -- Up-to-date symlink: /home/booster/Workspace/robocup_demo/install/booster_interface/include/booster_interface/booster_interface/msg/detail/low_state__struct.hpp
[5.698s] -- Up-to-date symlink: /home/booster/Workspace/robocup_demo/install/booster_interface/include/booster_interface/booster_interface/msg/detail/low_state__traits.hpp
[5.698s] -- Up-to-date symlink: /home/booster/Workspace/robocup_demo/install/booster_interface/include/booster_interface/booster_interface/msg/detail/low_state__type_support.hpp
[5.698s] -- Up-to-date symlink: /home/booster/Workspace/robocup_demo/install/booster_interface/include/booster_interface/booster_interface/msg/detail/motor_cmd__builder.hpp
[5.698s] -- Up-to-date symlink: /home/booster/Workspace/robocup_demo/install/booster_interface/include/booster_interface/booster_interface/msg/detail/motor_cmd__struct.hpp
[5.699s] -- Up-to-date symlink: /home/booster/Workspace/robocup_demo/install/booster_interface/include/booster_interface/booster_interface/msg/detail/motor_cmd__traits.hpp
[5.699s] -- Up-to-date symlink: /home/booster/Workspace/robocup_demo/install/booster_interface/include/booster_interface/booster_interface/msg/detail/motor_cmd__type_support.hpp
[5.699s] -- Up-to-date symlink: /home/booster/Workspace/robocup_demo/install/booster_interface/include/booster_interface/booster_interface/msg/detail/motor_state__builder.hpp
[5.699s] -- Up-to-date symlink: /home/booster/Workspace/robocup_demo/install/booster_interface/include/booster_interface/booster_interface/msg/detail/motor_state__struct.hpp
[5.699s] -- Up-to-date symlink: /home/booster/Workspace/robocup_demo/install/booster_interface/include/booster_interface/booster_interface/msg/detail/motor_state__traits.hpp
[5.699s] -- Up-to-date symlink: /home/booster/Workspace/robocup_demo/install/booster_interface/include/booster_interface/booster_interface/msg/detail/motor_state__type_support.hpp
[5.699s] -- Up-to-date symlink: /home/booster/Workspace/robocup_demo/install/booster_interface/include/booster_interface/booster_interface/msg/detail/odometer__builder.hpp
[5.702s] -- Up-to-date symlink: /home/booster/Workspace/robocup_demo/install/booster_interface/include/booster_interface/booster_interface/msg/detail/odometer__struct.hpp
[5.702s] -- Up-to-date symlink: /home/booster/Workspace/robocup_demo/install/booster_interface/include/booster_interface/booster_interface/msg/detail/odometer__traits.hpp
[5.702s] -- Up-to-date symlink: /home/booster/Workspace/robocup_demo/install/booster_interface/include/booster_interface/booster_interface/msg/detail/odometer__type_support.hpp
[5.702s] -- Up-to-date symlink: /home/booster/Workspace/robocup_demo/install/booster_interface/include/booster_interface/booster_interface/msg/detail/raw_bytes_msg__builder.hpp
[5.702s] -- Up-to-date symlink: /home/booster/Workspace/robocup_demo/install/booster_interface/include/booster_interface/booster_interface/msg/detail/raw_bytes_msg__struct.hpp
[5.703s] -- Up-to-date symlink: /home/booster/Workspace/robocup_demo/install/booster_interface/include/booster_interface/booster_interface/msg/detail/raw_bytes_msg__traits.hpp
[5.703s] -- Up-to-date symlink: /home/booster/Workspace/robocup_demo/install/booster_interface/include/booster_interface/booster_interface/msg/detail/raw_bytes_msg__type_support.hpp
[5.703s] -- Up-to-date symlink: /home/booster/Workspace/robocup_demo/install/booster_interface/include/booster_interface/booster_interface/msg/detail/raw_bytes_stamped__builder.hpp
[5.703s] -- Up-to-date symlink: /home/booster/Workspace/robocup_demo/install/booster_interface/include/booster_interface/booster_interface/msg/detail/raw_bytes_stamped__struct.hpp
[5.703s] -- Up-to-date symlink: /home/booster/Workspace/robocup_demo/install/booster_interface/include/booster_interface/booster_interface/msg/detail/raw_bytes_stamped__traits.hpp
[5.703s] -- Up-to-date symlink: /home/booster/Workspace/robocup_demo/install/booster_interface/include/booster_interface/booster_interface/msg/detail/raw_bytes_stamped__type_support.hpp
[5.703s] -- Up-to-date symlink: /home/booster/Workspace/robocup_demo/install/booster_interface/include/booster_interface/booster_interface/msg/detail/remote_controller_state__builder.hpp
[5.703s] -- Up-to-date symlink: /home/booster/Workspace/robocup_demo/install/booster_interface/include/booster_interface/booster_interface/msg/detail/remote_controller_state__struct.hpp
[5.706s] -- Up-to-date symlink: /home/booster/Workspace/robocup_demo/install/booster_interface/include/booster_interface/booster_interface/msg/detail/remote_controller_state__traits.hpp
[5.709s] -- Up-to-date symlink: /home/booster/Workspace/robocup_demo/install/booster_interface/include/booster_interface/booster_interface/msg/detail/remote_controller_state__type_support.hpp
[5.709s] -- Up-to-date symlink: /home/booster/Workspace/robocup_demo/install/booster_interface/include/booster_interface/booster_interface/msg/fall_down_state.hpp
[5.709s] -- Up-to-date symlink: /home/booster/Workspace/robocup_demo/install/booster_interface/include/booster_interface/booster_interface/msg/hand_command.hpp
[5.709s] -- Up-to-date symlink: /home/booster/Workspace/robocup_demo/install/booster_interface/include/booster_interface/booster_interface/msg/hand_dds_msg.hpp
[5.710s] -- Up-to-date symlink: /home/booster/Workspace/robocup_demo/install/booster_interface/include/booster_interface/booster_interface/msg/hand_param.hpp
[5.710s] -- Up-to-date symlink: /home/booster/Workspace/robocup_demo/install/booster_interface/include/booster_interface/booster_interface/msg/imu_state.hpp
[5.710s] -- Up-to-date symlink: /home/booster/Workspace/robocup_demo/install/booster_interface/include/booster_interface/booster_interface/msg/low_cmd.hpp
[5.713s] -- Up-to-date symlink: /home/booster/Workspace/robocup_demo/install/booster_interface/include/booster_interface/booster_interface/msg/low_state.hpp
[5.714s] -- Up-to-date symlink: /home/booster/Workspace/robocup_demo/install/booster_interface/include/booster_interface/booster_interface/msg/motor_cmd.hpp
[5.715s] -- Up-to-date symlink: /home/booster/Workspace/robocup_demo/install/booster_interface/include/booster_interface/booster_interface/msg/motor_state.hpp
[5.715s] -- Up-to-date symlink: /home/booster/Workspace/robocup_demo/install/booster_interface/include/booster_interface/booster_interface/msg/odometer.hpp
[5.716s] -- Up-to-date symlink: /home/booster/Workspace/robocup_demo/install/booster_interface/include/booster_interface/booster_interface/msg/raw_bytes_msg.hpp
[5.716s] -- Up-to-date symlink: /home/booster/Workspace/robocup_demo/install/booster_interface/include/booster_interface/booster_interface/msg/raw_bytes_stamped.hpp
[5.718s] -- Up-to-date symlink: /home/booster/Workspace/robocup_demo/install/booster_interface/include/booster_interface/booster_interface/msg/remote_controller_state.hpp
[5.718s] -- Up-to-date symlink: /home/booster/Workspace/robocup_demo/install/booster_interface/include/booster_interface/booster_interface/msg/rosidl_generator_cpp__visibility_control.hpp
[5.719s] -- Up-to-date symlink: /home/booster/Workspace/robocup_demo/install/booster_interface/include/booster_interface/booster_interface/srv/agent_service.hpp
[5.719s] -- Up-to-date symlink: /home/booster/Workspace/robocup_demo/install/booster_interface/include/booster_interface/booster_interface/srv/detail/agent_service__builder.hpp
[5.719s] -- Up-to-date symlink: /home/booster/Workspace/robocup_demo/install/booster_interface/include/booster_interface/booster_interface/srv/detail/agent_service__struct.hpp
[5.719s] -- Up-to-date symlink: /home/booster/Workspace/robocup_demo/install/booster_interface/include/booster_interface/booster_interface/srv/detail/agent_service__traits.hpp
[5.720s] -- Up-to-date symlink: /home/booster/Workspace/robocup_demo/install/booster_interface/include/booster_interface/booster_interface/srv/detail/agent_service__type_support.hpp
[5.720s] -- Up-to-date symlink: /home/booster/Workspace/robocup_demo/install/booster_interface/include/booster_interface/booster_interface/srv/detail/rpc_service__builder.hpp
[5.720s] -- Up-to-date symlink: /home/booster/Workspace/robocup_demo/install/booster_interface/include/booster_interface/booster_interface/srv/detail/rpc_service__struct.hpp
[5.720s] -- Up-to-date symlink: /home/booster/Workspace/robocup_demo/install/booster_interface/include/booster_interface/booster_interface/srv/detail/rpc_service__traits.hpp
[5.720s] -- Up-to-date symlink: /home/booster/Workspace/robocup_demo/install/booster_interface/include/booster_interface/booster_interface/srv/detail/rpc_service__type_support.hpp
[5.720s] -- Up-to-date symlink: /home/booster/Workspace/robocup_demo/install/booster_interface/include/booster_interface/booster_interface/srv/rpc_service.hpp
[5.720s] -- Up-to-date symlink: /home/booster/Workspace/robocup_demo/install/booster_interface/include/booster_interface/booster_interface/msg/detail/booster_api_req_msg__rosidl_typesupport_fastrtps_cpp.hpp
[5.720s] -- Up-to-date symlink: /home/booster/Workspace/robocup_demo/install/booster_interface/include/booster_interface/booster_interface/msg/detail/booster_api_resp_msg__rosidl_typesupport_fastrtps_cpp.hpp
[5.724s] -- Up-to-date symlink: /home/booster/Workspace/robocup_demo/install/booster_interface/include/booster_interface/booster_interface/msg/detail/button_event_msg__rosidl_typesupport_fastrtps_cpp.hpp
[5.725s] -- Up-to-date symlink: /home/booster/Workspace/robocup_demo/install/booster_interface/include/booster_interface/booster_interface/msg/detail/fall_down_state__rosidl_typesupport_fastrtps_cpp.hpp
[5.727s] -- Up-to-date symlink: /home/booster/Workspace/robocup_demo/install/booster_interface/include/booster_interface/booster_interface/msg/detail/hand_command__rosidl_typesupport_fastrtps_cpp.hpp
[5.729s] -- Up-to-date symlink: /home/booster/Workspace/robocup_demo/install/booster_interface/include/booster_interface/booster_interface/msg/detail/hand_dds_msg__rosidl_typesupport_fastrtps_cpp.hpp
[5.732s] -- Up-to-date symlink: /home/booster/Workspace/robocup_demo/install/booster_interface/include/booster_interface/booster_interface/msg/detail/hand_param__rosidl_typesupport_fastrtps_cpp.hpp
[5.735s] -- Up-to-date symlink: /home/booster/Workspace/robocup_demo/install/booster_interface/include/booster_interface/booster_interface/msg/detail/imu_state__rosidl_typesupport_fastrtps_cpp.hpp
[5.738s] -- Up-to-date symlink: /home/booster/Workspace/robocup_demo/install/booster_interface/include/booster_interface/booster_interface/msg/detail/low_cmd__rosidl_typesupport_fastrtps_cpp.hpp
[5.738s] -- Up-to-date symlink: /home/booster/Workspace/robocup_demo/install/booster_interface/include/booster_interface/booster_interface/msg/detail/low_state__rosidl_typesupport_fastrtps_cpp.hpp
[5.741s] -- Up-to-date symlink: /home/booster/Workspace/robocup_demo/install/booster_interface/include/booster_interface/booster_interface/msg/detail/motor_cmd__rosidl_typesupport_fastrtps_cpp.hpp
[5.741s] -- Up-to-date symlink: /home/booster/Workspace/robocup_demo/install/booster_interface/include/booster_interface/booster_interface/msg/detail/motor_state__rosidl_typesupport_fastrtps_cpp.hpp
[5.741s] -- Up-to-date symlink: /home/booster/Workspace/robocup_demo/install/booster_interface/include/booster_interface/booster_interface/msg/detail/odometer__rosidl_typesupport_fastrtps_cpp.hpp
[5.742s] -- Up-to-date symlink: /home/booster/Workspace/robocup_demo/install/booster_interface/include/booster_interface/booster_interface/msg/detail/raw_bytes_msg__rosidl_typesupport_fastrtps_cpp.hpp
[5.742s] -- Up-to-date symlink: /home/booster/Workspace/robocup_demo/install/booster_interface/include/booster_interface/booster_interface/msg/detail/raw_bytes_stamped__rosidl_typesupport_fastrtps_cpp.hpp
[5.742s] -- Up-to-date symlink: /home/booster/Workspace/robocup_demo/install/booster_interface/include/booster_interface/booster_interface/msg/detail/remote_controller_state__rosidl_typesupport_fastrtps_cpp.hpp
[5.742s] -- Up-to-date symlink: /home/booster/Workspace/robocup_demo/install/booster_interface/include/booster_interface/booster_interface/msg/rosidl_typesupport_fastrtps_cpp__visibility_control.h
[5.743s] -- Up-to-date symlink: /home/booster/Workspace/robocup_demo/install/booster_interface/include/booster_interface/booster_interface/srv/detail/agent_service__rosidl_typesupport_fastrtps_cpp.hpp
[5.744s] -- Up-to-date symlink: /home/booster/Workspace/robocup_demo/install/booster_interface/include/booster_interface/booster_interface/srv/detail/rpc_service__rosidl_typesupport_fastrtps_cpp.hpp
[5.745s] -- Up-to-date symlink: /home/booster/Workspace/robocup_demo/install/booster_interface/include/booster_interface/booster_interface/msg/detail/booster_api_req_msg__rosidl_typesupport_introspection_c.h
[5.746s] -- Up-to-date symlink: /home/booster/Workspace/robocup_demo/install/booster_interface/include/booster_interface/booster_interface/msg/detail/booster_api_resp_msg__rosidl_typesupport_introspection_c.h
[5.746s] -- Up-to-date symlink: /home/booster/Workspace/robocup_demo/install/booster_interface/include/booster_interface/booster_interface/msg/detail/button_event_msg__rosidl_typesupport_introspection_c.h
[5.747s] -- Up-to-date symlink: /home/booster/Workspace/robocup_demo/install/booster_interface/include/booster_interface/booster_interface/msg/detail/fall_down_state__rosidl_typesupport_introspection_c.h
[5.747s] -- Up-to-date symlink: /home/booster/Workspace/robocup_demo/install/booster_interface/include/booster_interface/booster_interface/msg/detail/hand_command__rosidl_typesupport_introspection_c.h
[5.747s] -- Up-to-date symlink: /home/booster/Workspace/robocup_demo/install/booster_interface/include/booster_interface/booster_interface/msg/detail/hand_dds_msg__rosidl_typesupport_introspection_c.h
[5.748s] -- Up-to-date symlink: /home/booster/Workspace/robocup_demo/install/booster_interface/include/booster_interface/booster_interface/msg/detail/hand_param__rosidl_typesupport_introspection_c.h
[5.749s] -- Up-to-date symlink: /home/booster/Workspace/robocup_demo/install/booster_interface/include/booster_interface/booster_interface/msg/detail/imu_state__rosidl_typesupport_introspection_c.h
[5.749s] -- Up-to-date symlink: /home/booster/Workspace/robocup_demo/install/booster_interface/include/booster_interface/booster_interface/msg/detail/low_cmd__rosidl_typesupport_introspection_c.h
[5.750s] -- Up-to-date symlink: /home/booster/Workspace/robocup_demo/install/booster_interface/include/booster_interface/booster_interface/msg/detail/low_state__rosidl_typesupport_introspection_c.h
[5.750s] -- Up-to-date symlink: /home/booster/Workspace/robocup_demo/install/booster_interface/include/booster_interface/booster_interface/msg/detail/motor_cmd__rosidl_typesupport_introspection_c.h
[5.750s] -- Up-to-date symlink: /home/booster/Workspace/robocup_demo/install/booster_interface/include/booster_interface/booster_interface/msg/detail/motor_state__rosidl_typesupport_introspection_c.h
[5.750s] -- Up-to-date symlink: /home/booster/Workspace/robocup_demo/install/booster_interface/include/booster_interface/booster_interface/msg/detail/odometer__rosidl_typesupport_introspection_c.h
[5.750s] -- Up-to-date symlink: /home/booster/Workspace/robocup_demo/install/booster_interface/include/booster_interface/booster_interface/msg/detail/raw_bytes_msg__rosidl_typesupport_introspection_c.h
[5.750s] -- Up-to-date symlink: /home/booster/Workspace/robocup_demo/install/booster_interface/include/booster_interface/booster_interface/msg/detail/raw_bytes_stamped__rosidl_typesupport_introspection_c.h
[5.751s] -- Up-to-date symlink: /home/booster/Workspace/robocup_demo/install/booster_interface/include/booster_interface/booster_interface/msg/detail/remote_controller_state__rosidl_typesupport_introspection_c.h
[5.751s] -- Up-to-date symlink: /home/booster/Workspace/robocup_demo/install/booster_interface/include/booster_interface/booster_interface/msg/rosidl_typesupport_introspection_c__visibility_control.h
[5.751s] -- Up-to-date symlink: /home/booster/Workspace/robocup_demo/install/booster_interface/include/booster_interface/booster_interface/srv/detail/agent_service__rosidl_typesupport_introspection_c.h
[5.751s] -- Up-to-date symlink: /home/booster/Workspace/robocup_demo/install/booster_interface/include/booster_interface/booster_interface/srv/detail/rpc_service__rosidl_typesupport_introspection_c.h
[5.751s] -- Up-to-date symlink: /home/booster/Workspace/robocup_demo/install/booster_interface/include/booster_interface/booster_interface/msg/detail/booster_api_req_msg__rosidl_typesupport_introspection_cpp.hpp
[5.751s] -- Up-to-date symlink: /home/booster/Workspace/robocup_demo/install/booster_interface/include/booster_interface/booster_interface/msg/detail/booster_api_resp_msg__rosidl_typesupport_introspection_cpp.hpp
[5.751s] -- Up-to-date symlink: /home/booster/Workspace/robocup_demo/install/booster_interface/include/booster_interface/booster_interface/msg/detail/button_event_msg__rosidl_typesupport_introspection_cpp.hpp
[5.751s] -- Up-to-date symlink: /home/booster/Workspace/robocup_demo/install/booster_interface/include/booster_interface/booster_interface/msg/detail/fall_down_state__rosidl_typesupport_introspection_cpp.hpp
[5.751s] -- Up-to-date symlink: /home/booster/Workspace/robocup_demo/install/booster_interface/include/booster_interface/booster_interface/msg/detail/hand_command__rosidl_typesupport_introspection_cpp.hpp
[5.751s] -- Up-to-date symlink: /home/booster/Workspace/robocup_demo/install/booster_interface/include/booster_interface/booster_interface/msg/detail/hand_dds_msg__rosidl_typesupport_introspection_cpp.hpp
[5.752s] -- Up-to-date symlink: /home/booster/Workspace/robocup_demo/install/booster_interface/include/booster_interface/booster_interface/msg/detail/hand_param__rosidl_typesupport_introspection_cpp.hpp
[5.752s] -- Up-to-date symlink: /home/booster/Workspace/robocup_demo/install/booster_interface/include/booster_interface/booster_interface/msg/detail/imu_state__rosidl_typesupport_introspection_cpp.hpp
[5.752s] -- Up-to-date symlink: /home/booster/Workspace/robocup_demo/install/booster_interface/include/booster_interface/booster_interface/msg/detail/low_cmd__rosidl_typesupport_introspection_cpp.hpp
[5.752s] -- Up-to-date symlink: /home/booster/Workspace/robocup_demo/install/booster_interface/include/booster_interface/booster_interface/msg/detail/low_state__rosidl_typesupport_introspection_cpp.hpp
[5.752s] -- Up-to-date symlink: /home/booster/Workspace/robocup_demo/install/booster_interface/include/booster_interface/booster_interface/msg/detail/motor_cmd__rosidl_typesupport_introspection_cpp.hpp
[5.752s] -- Up-to-date symlink: /home/booster/Workspace/robocup_demo/install/booster_interface/include/booster_interface/booster_interface/msg/detail/motor_state__rosidl_typesupport_introspection_cpp.hpp
[5.752s] -- Up-to-date symlink: /home/booster/Workspace/robocup_demo/install/booster_interface/include/booster_interface/booster_interface/msg/detail/odometer__rosidl_typesupport_introspection_cpp.hpp
[5.752s] -- Up-to-date symlink: /home/booster/Workspace/robocup_demo/install/booster_interface/include/booster_interface/booster_interface/msg/detail/raw_bytes_msg__rosidl_typesupport_introspection_cpp.hpp
[5.753s] -- Up-to-date symlink: /home/booster/Workspace/robocup_demo/install/booster_interface/include/booster_interface/booster_interface/msg/detail/raw_bytes_stamped__rosidl_typesupport_introspection_cpp.hpp
[5.753s] -- Up-to-date symlink: /home/booster/Workspace/robocup_demo/install/booster_interface/include/booster_interface/booster_interface/msg/detail/remote_controller_state__rosidl_typesupport_introspection_cpp.hpp
[5.753s] -- Up-to-date symlink: /home/booster/Workspace/robocup_demo/install/booster_interface/include/booster_interface/booster_interface/srv/detail/agent_service__rosidl_typesupport_introspection_cpp.hpp
[5.753s] -- Up-to-date symlink: /home/booster/Workspace/robocup_demo/install/booster_interface/include/booster_interface/booster_interface/srv/detail/rpc_service__rosidl_typesupport_introspection_cpp.hpp
[5.753s] -- Up-to-date symlink: /home/booster/Workspace/robocup_demo/install/booster_interface/share/booster_interface/environment/pythonpath.sh
[5.753s] -- Up-to-date symlink: /home/booster/Workspace/robocup_demo/install/booster_interface/share/booster_interface/environment/pythonpath.dsv
[5.753s] -- Up-to-date symlink: /home/booster/Workspace/robocup_demo/install/booster_interface/local/lib/python3.10/dist-packages/booster_interface-0.0.0-py3.10.egg-info/PKG-INFO
[5.753s] -- Up-to-date symlink: /home/booster/Workspace/robocup_demo/install/booster_interface/local/lib/python3.10/dist-packages/booster_interface-0.0.0-py3.10.egg-info/SOURCES.txt
[5.754s] -- Up-to-date symlink: /home/booster/Workspace/robocup_demo/install/booster_interface/local/lib/python3.10/dist-packages/booster_interface-0.0.0-py3.10.egg-info/dependency_links.txt
[5.754s] -- Up-to-date symlink: /home/booster/Workspace/robocup_demo/install/booster_interface/local/lib/python3.10/dist-packages/booster_interface-0.0.0-py3.10.egg-info/top_level.txt
[5.754s] -- Up-to-date symlink: /home/booster/Workspace/robocup_demo/install/booster_interface/local/lib/python3.10/dist-packages/booster_interface/__init__.py
[5.755s] -- Up-to-date symlink: /home/booster/Workspace/robocup_demo/install/booster_interface/local/lib/python3.10/dist-packages/booster_interface/_booster_interface_s.ep.rosidl_typesupport_c.c
[5.755s] -- Up-to-date symlink: /home/booster/Workspace/robocup_demo/install/booster_interface/local/lib/python3.10/dist-packages/booster_interface/_booster_interface_s.ep.rosidl_typesupport_fastrtps_c.c
[5.755s] -- Up-to-date symlink: /home/booster/Workspace/robocup_demo/install/booster_interface/local/lib/python3.10/dist-packages/booster_interface/_booster_interface_s.ep.rosidl_typesupport_introspection_c.c
[5.755s] -- Up-to-date symlink: /home/booster/Workspace/robocup_demo/install/booster_interface/local/lib/python3.10/dist-packages/booster_interface/booster_interface_s__rosidl_typesupport_c.cpython-310-aarch64-linux-gnu.so
[5.755s] -- Up-to-date symlink: /home/booster/Workspace/robocup_demo/install/booster_interface/local/lib/python3.10/dist-packages/booster_interface/booster_interface_s__rosidl_typesupport_fastrtps_c.cpython-310-aarch64-linux-gnu.so
[5.755s] -- Up-to-date symlink: /home/booster/Workspace/robocup_demo/install/booster_interface/local/lib/python3.10/dist-packages/booster_interface/booster_interface_s__rosidl_typesupport_introspection_c.cpython-310-aarch64-linux-gnu.so
[5.755s] -- Up-to-date symlink: /home/booster/Workspace/robocup_demo/install/booster_interface/local/lib/python3.10/dist-packages/booster_interface/libbooster_interface__rosidl_generator_py.so
[5.755s] -- Up-to-date symlink: /home/booster/Workspace/robocup_demo/install/booster_interface/local/lib/python3.10/dist-packages/booster_interface/msg/__init__.py
[5.755s] -- Up-to-date symlink: /home/booster/Workspace/robocup_demo/install/booster_interface/local/lib/python3.10/dist-packages/booster_interface/msg/_booster_api_req_msg.py
[5.755s] -- Up-to-date symlink: /home/booster/Workspace/robocup_demo/install/booster_interface/local/lib/python3.10/dist-packages/booster_interface/msg/_booster_api_req_msg_s.c
[5.757s] -- Up-to-date symlink: /home/booster/Workspace/robocup_demo/install/booster_interface/local/lib/python3.10/dist-packages/booster_interface/msg/_booster_api_resp_msg.py
[5.757s] -- Up-to-date symlink: /home/booster/Workspace/robocup_demo/install/booster_interface/local/lib/python3.10/dist-packages/booster_interface/msg/_booster_api_resp_msg_s.c
[5.759s] -- Up-to-date symlink: /home/booster/Workspace/robocup_demo/install/booster_interface/local/lib/python3.10/dist-packages/booster_interface/msg/_button_event_msg.py
[5.760s] -- Up-to-date symlink: /home/booster/Workspace/robocup_demo/install/booster_interface/local/lib/python3.10/dist-packages/booster_interface/msg/_button_event_msg_s.c
[5.760s] -- Up-to-date symlink: /home/booster/Workspace/robocup_demo/install/booster_interface/local/lib/python3.10/dist-packages/booster_interface/msg/_fall_down_state.py
[5.760s] -- Up-to-date symlink: /home/booster/Workspace/robocup_demo/install/booster_interface/local/lib/python3.10/dist-packages/booster_interface/msg/_fall_down_state_s.c
[5.760s] -- Up-to-date symlink: /home/booster/Workspace/robocup_demo/install/booster_interface/local/lib/python3.10/dist-packages/booster_interface/msg/_hand_command.py
[5.760s] -- Up-to-date symlink: /home/booster/Workspace/robocup_demo/install/booster_interface/local/lib/python3.10/dist-packages/booster_interface/msg/_hand_command_s.c
[5.760s] -- Up-to-date symlink: /home/booster/Workspace/robocup_demo/install/booster_interface/local/lib/python3.10/dist-packages/booster_interface/msg/_hand_dds_msg.py
[5.760s] -- Up-to-date symlink: /home/booster/Workspace/robocup_demo/install/booster_interface/local/lib/python3.10/dist-packages/booster_interface/msg/_hand_dds_msg_s.c
[5.760s] -- Up-to-date symlink: /home/booster/Workspace/robocup_demo/install/booster_interface/local/lib/python3.10/dist-packages/booster_interface/msg/_hand_param.py
[5.761s] -- Up-to-date symlink: /home/booster/Workspace/robocup_demo/install/booster_interface/local/lib/python3.10/dist-packages/booster_interface/msg/_hand_param_s.c
[5.761s] -- Up-to-date symlink: /home/booster/Workspace/robocup_demo/install/booster_interface/local/lib/python3.10/dist-packages/booster_interface/msg/_imu_state.py
[5.761s] -- Up-to-date symlink: /home/booster/Workspace/robocup_demo/install/booster_interface/local/lib/python3.10/dist-packages/booster_interface/msg/_imu_state_s.c
[5.761s] -- Up-to-date symlink: /home/booster/Workspace/robocup_demo/install/booster_interface/local/lib/python3.10/dist-packages/booster_interface/msg/_low_cmd.py
[5.761s] -- Up-to-date symlink: /home/booster/Workspace/robocup_demo/install/booster_interface/local/lib/python3.10/dist-packages/booster_interface/msg/_low_cmd_s.c
[5.761s] -- Up-to-date symlink: /home/booster/Workspace/robocup_demo/install/booster_interface/local/lib/python3.10/dist-packages/booster_interface/msg/_low_state.py
[5.761s] -- Up-to-date symlink: /home/booster/Workspace/robocup_demo/install/booster_interface/local/lib/python3.10/dist-packages/booster_interface/msg/_low_state_s.c
[5.761s] -- Up-to-date symlink: /home/booster/Workspace/robocup_demo/install/booster_interface/local/lib/python3.10/dist-packages/booster_interface/msg/_motor_cmd.py
[5.761s] -- Up-to-date symlink: /home/booster/Workspace/robocup_demo/install/booster_interface/local/lib/python3.10/dist-packages/booster_interface/msg/_motor_cmd_s.c
[5.761s] -- Up-to-date symlink: /home/booster/Workspace/robocup_demo/install/booster_interface/local/lib/python3.10/dist-packages/booster_interface/msg/_motor_state.py
[5.761s] -- Up-to-date symlink: /home/booster/Workspace/robocup_demo/install/booster_interface/local/lib/python3.10/dist-packages/booster_interface/msg/_motor_state_s.c
[5.765s] -- Up-to-date symlink: /home/booster/Workspace/robocup_demo/install/booster_interface/local/lib/python3.10/dist-packages/booster_interface/msg/_odometer.py
[5.767s] -- Up-to-date symlink: /home/booster/Workspace/robocup_demo/install/booster_interface/local/lib/python3.10/dist-packages/booster_interface/msg/_odometer_s.c
[5.767s] -- Up-to-date symlink: /home/booster/Workspace/robocup_demo/install/booster_interface/local/lib/python3.10/dist-packages/booster_interface/msg/_raw_bytes_msg.py
[5.768s] -- Up-to-date symlink: /home/booster/Workspace/robocup_demo/install/booster_interface/local/lib/python3.10/dist-packages/booster_interface/msg/_raw_bytes_msg_s.c
[5.768s] -- Up-to-date symlink: /home/booster/Workspace/robocup_demo/install/booster_interface/local/lib/python3.10/dist-packages/booster_interface/msg/_raw_bytes_stamped.py
[5.768s] -- Up-to-date symlink: /home/booster/Workspace/robocup_demo/install/booster_interface/local/lib/python3.10/dist-packages/booster_interface/msg/_raw_bytes_stamped_s.c
[5.768s] -- Up-to-date symlink: /home/booster/Workspace/robocup_demo/install/booster_interface/local/lib/python3.10/dist-packages/booster_interface/msg/_remote_controller_state.py
[5.770s] -- Up-to-date symlink: /home/booster/Workspace/robocup_demo/install/booster_interface/local/lib/python3.10/dist-packages/booster_interface/msg/_remote_controller_state_s.c
[5.770s] -- Up-to-date symlink: /home/booster/Workspace/robocup_demo/install/booster_interface/local/lib/python3.10/dist-packages/booster_interface/srv/__init__.py
[5.771s] -- Up-to-date symlink: /home/booster/Workspace/robocup_demo/install/booster_interface/local/lib/python3.10/dist-packages/booster_interface/srv/_agent_service.py
[5.771s] -- Up-to-date symlink: /home/booster/Workspace/robocup_demo/install/booster_interface/local/lib/python3.10/dist-packages/booster_interface/srv/_agent_service_s.c
[5.771s] -- Up-to-date symlink: /home/booster/Workspace/robocup_demo/install/booster_interface/local/lib/python3.10/dist-packages/booster_interface/srv/_rpc_service.py
[5.771s] -- Up-to-date symlink: /home/booster/Workspace/robocup_demo/install/booster_interface/local/lib/python3.10/dist-packages/booster_interface/srv/_rpc_service_s.c
[5.771s] -- Up-to-date symlink: /home/booster/Workspace/robocup_demo/install/booster_interface/local/lib/python3.10/dist-packages/booster_interface/booster_interface_s__rosidl_typesupport_fastrtps_c.cpython-310-aarch64-linux-gnu.so
[5.771s] -- Up-to-date symlink: /home/booster/Workspace/robocup_demo/install/booster_interface/local/lib/python3.10/dist-packages/booster_interface/booster_interface_s__rosidl_typesupport_introspection_c.cpython-310-aarch64-linux-gnu.so
[5.771s] -- Up-to-date symlink: /home/booster/Workspace/robocup_demo/install/booster_interface/local/lib/python3.10/dist-packages/booster_interface/booster_interface_s__rosidl_typesupport_c.cpython-310-aarch64-linux-gnu.so
[5.771s] -- Up-to-date symlink: /home/booster/Workspace/robocup_demo/install/booster_interface/share/booster_interface/msg/BoosterApiReqMsg.idl
[5.771s] -- Up-to-date symlink: /home/booster/Workspace/robocup_demo/install/booster_interface/share/booster_interface/msg/BoosterApiRespMsg.idl
[5.771s] -- Up-to-date symlink: /home/booster/Workspace/robocup_demo/install/booster_interface/share/booster_interface/msg/ButtonEventMsg.idl
[5.771s] -- Up-to-date symlink: /home/booster/Workspace/robocup_demo/install/booster_interface/share/booster_interface/msg/MotorState.idl
[5.774s] -- Up-to-date symlink: /home/booster/Workspace/robocup_demo/install/booster_interface/share/booster_interface/msg/MotorCmd.idl
[5.774s] -- Up-to-date symlink: /home/booster/Workspace/robocup_demo/install/booster_interface/share/booster_interface/msg/LowCmd.idl
[5.775s] -- Up-to-date symlink: /home/booster/Workspace/robocup_demo/install/booster_interface/share/booster_interface/msg/ImuState.idl
[5.775s] -- Up-to-date symlink: /home/booster/Workspace/robocup_demo/install/booster_interface/share/booster_interface/msg/LowState.idl
[5.775s] -- Up-to-date symlink: /home/booster/Workspace/robocup_demo/install/booster_interface/share/booster_interface/msg/RawBytesMsg.idl
[5.775s] -- Up-to-date symlink: /home/booster/Workspace/robocup_demo/install/booster_interface/share/booster_interface/msg/RawBytesStamped.idl
[5.775s] -- Up-to-date symlink: /home/booster/Workspace/robocup_demo/install/booster_interface/share/booster_interface/msg/Odometer.idl
[5.775s] -- Up-to-date symlink: /home/booster/Workspace/robocup_demo/install/booster_interface/share/booster_interface/msg/FallDownState.idl
[5.775s] -- Up-to-date symlink: /home/booster/Workspace/robocup_demo/install/booster_interface/share/booster_interface/msg/RemoteControllerState.idl
[5.775s] -- Up-to-date symlink: /home/booster/Workspace/robocup_demo/install/booster_interface/share/booster_interface/msg/HandCommand.idl
[5.775s] -- Up-to-date symlink: /home/booster/Workspace/robocup_demo/install/booster_interface/share/booster_interface/msg/HandDdsMsg.idl
[5.775s] -- Up-to-date symlink: /home/booster/Workspace/robocup_demo/install/booster_interface/share/booster_interface/msg/HandParam.idl
[5.775s] -- Up-to-date symlink: /home/booster/Workspace/robocup_demo/install/booster_interface/share/booster_interface/srv/RpcService.idl
[5.777s] -- Up-to-date symlink: /home/booster/Workspace/robocup_demo/install/booster_interface/share/booster_interface/srv/AgentService.idl
[5.780s] -- Up-to-date symlink: /home/booster/Workspace/robocup_demo/install/booster_interface/share/booster_interface/msg/BoosterApiReqMsg.msg
[5.781s] -- Up-to-date symlink: /home/booster/Workspace/robocup_demo/install/booster_interface/share/booster_interface/msg/BoosterApiRespMsg.msg
[5.781s] -- Up-to-date symlink: /home/booster/Workspace/robocup_demo/install/booster_interface/share/booster_interface/msg/ButtonEventMsg.msg
[5.781s] -- Up-to-date symlink: /home/booster/Workspace/robocup_demo/install/booster_interface/share/booster_interface/msg/MotorState.msg
[5.781s] -- Up-to-date symlink: /home/booster/Workspace/robocup_demo/install/booster_interface/share/booster_interface/msg/MotorCmd.msg
[5.781s] -- Up-to-date symlink: /home/booster/Workspace/robocup_demo/install/booster_interface/share/booster_interface/msg/LowCmd.msg
[5.781s] -- Up-to-date symlink: /home/booster/Workspace/robocup_demo/install/booster_interface/share/booster_interface/msg/ImuState.msg
[5.782s] -- Up-to-date symlink: /home/booster/Workspace/robocup_demo/install/booster_interface/share/booster_interface/msg/LowState.msg
[5.782s] -- Up-to-date symlink: /home/booster/Workspace/robocup_demo/install/booster_interface/share/booster_interface/msg/RawBytesMsg.msg
[5.782s] -- Up-to-date symlink: /home/booster/Workspace/robocup_demo/install/booster_interface/share/booster_interface/msg/RawBytesStamped.msg
[5.782s] -- Up-to-date symlink: /home/booster/Workspace/robocup_demo/install/booster_interface/share/booster_interface/msg/Odometer.msg
[5.782s] -- Up-to-date symlink: /home/booster/Workspace/robocup_demo/install/booster_interface/share/booster_interface/msg/FallDownState.msg
[5.783s] -- Up-to-date symlink: /home/booster/Workspace/robocup_demo/install/booster_interface/share/booster_interface/msg/RemoteControllerState.msg
[5.783s] -- Up-to-date symlink: /home/booster/Workspace/robocup_demo/install/booster_interface/share/booster_interface/msg/HandCommand.msg
[5.783s] -- Up-to-date symlink: /home/booster/Workspace/robocup_demo/install/booster_interface/share/booster_interface/msg/HandDdsMsg.msg
[5.783s] -- Up-to-date symlink: /home/booster/Workspace/robocup_demo/install/booster_interface/share/booster_interface/msg/HandParam.msg
[5.783s] -- Up-to-date symlink: /home/booster/Workspace/robocup_demo/install/booster_interface/share/booster_interface/srv/RpcService.srv
[5.783s] -- Up-to-date symlink: /home/booster/Workspace/robocup_demo/install/booster_interface/share/booster_interface/srv/RpcService_Request.msg
[5.783s] -- Up-to-date symlink: /home/booster/Workspace/robocup_demo/install/booster_interface/share/booster_interface/srv/RpcService_Response.msg
[5.783s] -- Up-to-date symlink: /home/booster/Workspace/robocup_demo/install/booster_interface/share/booster_interface/srv/AgentService.srv
[5.786s] -- Up-to-date symlink: /home/booster/Workspace/robocup_demo/install/booster_interface/share/booster_interface/srv/AgentService_Request.msg
[5.787s] -- Up-to-date symlink: /home/booster/Workspace/robocup_demo/install/booster_interface/share/booster_interface/srv/AgentService_Response.msg
[5.787s] -- Up-to-date symlink: /home/booster/Workspace/robocup_demo/install/booster_interface/include//booster_interface/booster_interface/message_utils.hpp
[5.787s] -- Up-to-date symlink: /home/booster/Workspace/robocup_demo/install/booster_interface/include//booster_interface/booster_interface/third_party/nlohmann_json/json.hpp
[5.787s] -- Up-to-date symlink: /home/booster/Workspace/robocup_demo/install/booster_interface/share/ament_index/resource_index/package_run_dependencies/booster_interface
[5.787s] -- Up-to-date symlink: /home/booster/Workspace/robocup_demo/install/booster_interface/share/ament_index/resource_index/parent_prefix_path/booster_interface
[5.788s] -- Up-to-date symlink: /home/booster/Workspace/robocup_demo/install/booster_interface/share/booster_interface/environment/ament_prefix_path.sh
[5.790s] -- Up-to-date symlink: /home/booster/Workspace/robocup_demo/install/booster_interface/share/booster_interface/environment/ament_prefix_path.dsv
[5.791s] -- Up-to-date symlink: /home/booster/Workspace/robocup_demo/install/booster_interface/share/booster_interface/environment/path.sh
[5.791s] -- Up-to-date symlink: /home/booster/Workspace/robocup_demo/install/booster_interface/share/booster_interface/environment/path.dsv
[5.791s] -- Up-to-date symlink: /home/booster/Workspace/robocup_demo/install/booster_interface/share/booster_interface/local_setup.bash
[5.791s] -- Up-to-date symlink: /home/booster/Workspace/robocup_demo/install/booster_interface/share/booster_interface/local_setup.sh
[5.792s] -- Up-to-date symlink: /home/booster/Workspace/robocup_demo/install/booster_interface/share/booster_interface/local_setup.zsh
[5.792s] -- Up-to-date symlink: /home/booster/Workspace/robocup_demo/install/booster_interface/share/booster_interface/local_setup.dsv
[5.793s] -- Symlinking: /home/booster/Workspace/robocup_demo/install/booster_interface/share/booster_interface/package.dsv
[5.795s] -- Up-to-date symlink: /home/booster/Workspace/robocup_demo/install/booster_interface/share/ament_index/resource_index/packages/booster_interface
[5.795s] -- Up-to-date symlink: /home/booster/Workspace/robocup_demo/install/booster_interface/share/booster_interface/cmake/rosidl_cmake-extras.cmake
[5.797s] -- Up-to-date symlink: /home/booster/Workspace/robocup_demo/install/booster_interface/share/booster_interface/cmake/ament_cmake_export_dependencies-extras.cmake
[5.797s] -- Up-to-date symlink: /home/booster/Workspace/robocup_demo/install/booster_interface/share/booster_interface/cmake/ament_cmake_export_include_directories-extras.cmake
[5.797s] -- Up-to-date symlink: /home/booster/Workspace/robocup_demo/install/booster_interface/share/booster_interface/cmake/ament_cmake_export_libraries-extras.cmake
[5.797s] -- Up-to-date symlink: /home/booster/Workspace/robocup_demo/install/booster_interface/share/booster_interface/cmake/ament_cmake_export_targets-extras.cmake
[5.798s] -- Up-to-date symlink: /home/booster/Workspace/robocup_demo/install/booster_interface/share/booster_interface/cmake/rosidl_cmake_export_typesupport_targets-extras.cmake
[5.801s] -- Up-to-date symlink: /home/booster/Workspace/robocup_demo/install/booster_interface/share/booster_interface/cmake/rosidl_cmake_export_typesupport_libraries-extras.cmake
[5.801s] -- Up-to-date symlink: /home/booster/Workspace/robocup_demo/install/booster_interface/share/booster_interface/cmake/booster_interfaceConfig.cmake
[5.801s] -- Up-to-date symlink: /home/booster/Workspace/robocup_demo/install/booster_interface/share/booster_interface/cmake/booster_interfaceConfig-version.cmake
[5.801s] -- Up-to-date symlink: /home/booster/Workspace/robocup_demo/install/booster_interface/share/booster_interface/package.xml
[5.801s] -- Up-to-date: /home/booster/Workspace/robocup_demo/install/booster_interface/lib/libbooster_interface__rosidl_generator_c.so
[5.801s] -- Up-to-date: /home/booster/Workspace/robocup_demo/install/booster_interface/lib/libbooster_interface__rosidl_typesupport_fastrtps_c.so
[5.802s] -- Up-to-date: /home/booster/Workspace/robocup_demo/install/booster_interface/lib/libbooster_interface__rosidl_typesupport_fastrtps_cpp.so
[5.802s] -- Up-to-date: /home/booster/Workspace/robocup_demo/install/booster_interface/lib/libbooster_interface__rosidl_typesupport_introspection_c.so
[5.802s] -- Up-to-date: /home/booster/Workspace/robocup_demo/install/booster_interface/lib/libbooster_interface__rosidl_typesupport_c.so
[5.802s] -- Up-to-date: /home/booster/Workspace/robocup_demo/install/booster_interface/lib/libbooster_interface__rosidl_typesupport_introspection_cpp.so
[5.802s] -- Up-to-date: /home/booster/Workspace/robocup_demo/install/booster_interface/lib/libbooster_interface__rosidl_typesupport_cpp.so
[5.886s] Listing '/home/booster/Workspace/robocup_demo/install/booster_interface/local/lib/python3.10/dist-packages/booster_interface'...
[5.887s] Listing '/home/booster/Workspace/robocup_demo/install/booster_interface/local/lib/python3.10/dist-packages/booster_interface/msg'...
[5.887s] Listing '/home/booster/Workspace/robocup_demo/install/booster_interface/local/lib/python3.10/dist-packages/booster_interface/srv'...
[5.909s] -- Up-to-date: /home/booster/Workspace/robocup_demo/install/booster_interface/lib/libbooster_interface__rosidl_generator_py.so
[5.910s] -- Up-to-date: /home/booster/Workspace/robocup_demo/install/booster_interface/share/booster_interface/cmake/export_booster_interface__rosidl_generator_cExport.cmake
[5.910s] -- Up-to-date: /home/booster/Workspace/robocup_demo/install/booster_interface/share/booster_interface/cmake/export_booster_interface__rosidl_generator_cExport-noconfig.cmake
[5.910s] -- Up-to-date: /home/booster/Workspace/robocup_demo/install/booster_interface/share/booster_interface/cmake/export_booster_interface__rosidl_typesupport_fastrtps_cExport.cmake
[5.910s] -- Up-to-date: /home/booster/Workspace/robocup_demo/install/booster_interface/share/booster_interface/cmake/export_booster_interface__rosidl_typesupport_fastrtps_cExport-noconfig.cmake
[5.910s] -- Up-to-date: /home/booster/Workspace/robocup_demo/install/booster_interface/share/booster_interface/cmake/export_booster_interface__rosidl_generator_cppExport.cmake
[5.910s] -- Up-to-date: /home/booster/Workspace/robocup_demo/install/booster_interface/share/booster_interface/cmake/export_booster_interface__rosidl_typesupport_fastrtps_cppExport.cmake
[5.911s] -- Up-to-date: /home/booster/Workspace/robocup_demo/install/booster_interface/share/booster_interface/cmake/export_booster_interface__rosidl_typesupport_fastrtps_cppExport-noconfig.cmake
[5.911s] -- Up-to-date: /home/booster/Workspace/robocup_demo/install/booster_interface/share/booster_interface/cmake/booster_interface__rosidl_typesupport_introspection_cExport.cmake
[5.911s] -- Up-to-date: /home/booster/Workspace/robocup_demo/install/booster_interface/share/booster_interface/cmake/booster_interface__rosidl_typesupport_introspection_cExport-noconfig.cmake
[5.911s] -- Up-to-date: /home/booster/Workspace/robocup_demo/install/booster_interface/share/booster_interface/cmake/booster_interface__rosidl_typesupport_cExport.cmake
[5.943s] -- Up-to-date: /home/booster/Workspace/robocup_demo/install/booster_interface/share/booster_interface/cmake/booster_interface__rosidl_typesupport_cExport-noconfig.cmake
[5.943s] -- Up-to-date: /home/booster/Workspace/robocup_demo/install/booster_interface/share/booster_interface/cmake/booster_interface__rosidl_typesupport_introspection_cppExport.cmake
[5.944s] -- Up-to-date: /home/booster/Workspace/robocup_demo/install/booster_interface/share/booster_interface/cmake/booster_interface__rosidl_typesupport_introspection_cppExport-noconfig.cmake
[5.944s] -- Up-to-date: /home/booster/Workspace/robocup_demo/install/booster_interface/share/booster_interface/cmake/booster_interface__rosidl_typesupport_cppExport.cmake
[5.944s] -- Up-to-date: /home/booster/Workspace/robocup_demo/install/booster_interface/share/booster_interface/cmake/booster_interface__rosidl_typesupport_cppExport-noconfig.cmake
[5.945s] -- Up-to-date: /home/booster/Workspace/robocup_demo/install/booster_interface/share/booster_interface/cmake/export_booster_interface__rosidl_generator_pyExport.cmake
[5.945s] -- Up-to-date: /home/booster/Workspace/robocup_demo/install/booster_interface/share/booster_interface/cmake/export_booster_interface__rosidl_generator_pyExport-noconfig.cmake
[5.946s] Invoked command in '/home/booster/Workspace/robocup_demo/build/booster_interface' returned '0': CMAKE_PREFIX_PATH=/opt/ros/humble /usr/bin/cmake --install /home/booster/Workspace/robocup_demo/build/booster_interface
