[0.041s] Invoking command in '/home/booster/Workspace/robocup_demo/build/booster_interface': CMAKE_PREFIX_PATH=/opt/ros/humble /usr/bin/cmake --build /home/booster/Workspace/robocup_demo/build/booster_interface -- -j5 -l5
[0.223s] [  0%] Built target booster_interface__cpp
[0.288s] [  0%] Built target ament_cmake_python_symlink_booster_interface
[0.374s] [ 12%] Built target booster_interface__rosidl_typesupport_introspection_cpp
[1.199s] running egg_info
[1.200s] writing booster_interface.egg-info/PKG-INFO
[1.201s] writing dependency_links to booster_interface.egg-info/dependency_links.txt
[1.202s] writing top-level names to booster_interface.egg-info/top_level.txt
[1.208s] reading manifest file 'booster_interface.egg-info/SOURCES.txt'
[1.210s] writing manifest file 'booster_interface.egg-info/SOURCES.txt'
[1.290s] [ 12%] Built target ament_cmake_python_build_booster_interface_egg
[1.394s] [ 24%] Built target booster_interface__rosidl_typesupport_fastrtps_cpp
[1.467s] [ 36%] Built target booster_interface__rosidl_typesupport_cpp
[1.556s] [ 48%] Built target booster_interface__rosidl_generator_c
[1.623s] [ 60%] Built target booster_interface__rosidl_typesupport_fastrtps_c
[1.681s] [ 72%] Built target booster_interface__rosidl_typesupport_c
[1.752s] [ 84%] Built target booster_interface__rosidl_typesupport_introspection_c
[1.810s] [ 84%] Built target booster_interface
[1.917s] [ 85%] Built target booster_interface__py
[2.003s] [ 96%] Built target booster_interface__rosidl_generator_py
[2.068s] [ 97%] Built target booster_interface__rosidl_typesupport_fastrtps_c__pyext
[2.132s] [ 98%] Built target booster_interface__rosidl_typesupport_c__pyext
[2.235s] [100%] Built target booster_interface__rosidl_typesupport_introspection_c__pyext
[2.274s] Invoked command in '/home/booster/Workspace/robocup_demo/build/booster_interface' returned '0': CMAKE_PREFIX_PATH=/opt/ros/humble /usr/bin/cmake --build /home/booster/Workspace/robocup_demo/build/booster_interface -- -j5 -l5
[2.277s] Invoking command in '/home/booster/Workspace/robocup_demo/build/booster_interface': CMAKE_PREFIX_PATH=/opt/ros/humble /usr/bin/cmake --install /home/booster/Workspace/robocup_demo/build/booster_interface
[2.291s] -- Install configuration: ""
[2.291s] -- Execute custom install script
[2.291s] -- Up-to-date symlink: /home/booster/Workspace/robocup_demo/install/booster_interface/share/ament_index/resource_index/rosidl_interfaces/booster_interface
[2.293s] -- Up-to-date symlink: /home/booster/Workspace/robocup_demo/install/booster_interface/include/booster_interface/booster_interface/msg/booster_api_req_msg.h
[2.294s] -- Up-to-date symlink: /home/booster/Workspace/robocup_demo/install/booster_interface/include/booster_interface/booster_interface/msg/booster_api_resp_msg.h
[2.294s] -- Up-to-date symlink: /home/booster/Workspace/robocup_demo/install/booster_interface/include/booster_interface/booster_interface/msg/button_event_msg.h
[2.294s] -- Up-to-date symlink: /home/booster/Workspace/robocup_demo/install/booster_interface/include/booster_interface/booster_interface/msg/detail/booster_api_req_msg__functions.h
[2.294s] -- Up-to-date symlink: /home/booster/Workspace/robocup_demo/install/booster_interface/include/booster_interface/booster_interface/msg/detail/booster_api_req_msg__struct.h
[2.294s] -- Up-to-date symlink: /home/booster/Workspace/robocup_demo/install/booster_interface/include/booster_interface/booster_interface/msg/detail/booster_api_req_msg__type_support.h
[2.294s] -- Up-to-date symlink: /home/booster/Workspace/robocup_demo/install/booster_interface/include/booster_interface/booster_interface/msg/detail/booster_api_resp_msg__functions.h
[2.295s] -- Up-to-date symlink: /home/booster/Workspace/robocup_demo/install/booster_interface/include/booster_interface/booster_interface/msg/detail/booster_api_resp_msg__struct.h
[2.295s] -- Up-to-date symlink: /home/booster/Workspace/robocup_demo/install/booster_interface/include/booster_interface/booster_interface/msg/detail/booster_api_resp_msg__type_support.h
[2.295s] -- Up-to-date symlink: /home/booster/Workspace/robocup_demo/install/booster_interface/include/booster_interface/booster_interface/msg/detail/button_event_msg__functions.h
[2.295s] -- Up-to-date symlink: /home/booster/Workspace/robocup_demo/install/booster_interface/include/booster_interface/booster_interface/msg/detail/button_event_msg__struct.h
[2.295s] -- Up-to-date symlink: /home/booster/Workspace/robocup_demo/install/booster_interface/include/booster_interface/booster_interface/msg/detail/button_event_msg__type_support.h
[2.295s] -- Up-to-date symlink: /home/booster/Workspace/robocup_demo/install/booster_interface/include/booster_interface/booster_interface/msg/detail/fall_down_state__functions.h
[2.296s] -- Up-to-date symlink: /home/booster/Workspace/robocup_demo/install/booster_interface/include/booster_interface/booster_interface/msg/detail/fall_down_state__struct.h
[2.296s] -- Up-to-date symlink: /home/booster/Workspace/robocup_demo/install/booster_interface/include/booster_interface/booster_interface/msg/detail/fall_down_state__type_support.h
[2.296s] -- Up-to-date symlink: /home/booster/Workspace/robocup_demo/install/booster_interface/include/booster_interface/booster_interface/msg/detail/hand_command__functions.h
[2.296s] -- Up-to-date symlink: /home/booster/Workspace/robocup_demo/install/booster_interface/include/booster_interface/booster_interface/msg/detail/hand_command__struct.h
[2.297s] -- Up-to-date symlink: /home/booster/Workspace/robocup_demo/install/booster_interface/include/booster_interface/booster_interface/msg/detail/hand_command__type_support.h
[2.297s] -- Up-to-date symlink: /home/booster/Workspace/robocup_demo/install/booster_interface/include/booster_interface/booster_interface/msg/detail/hand_dds_msg__functions.h
[2.297s] -- Up-to-date symlink: /home/booster/Workspace/robocup_demo/install/booster_interface/include/booster_interface/booster_interface/msg/detail/hand_dds_msg__struct.h
[2.297s] -- Up-to-date symlink: /home/booster/Workspace/robocup_demo/install/booster_interface/include/booster_interface/booster_interface/msg/detail/hand_dds_msg__type_support.h
[2.298s] -- Up-to-date symlink: /home/booster/Workspace/robocup_demo/install/booster_interface/include/booster_interface/booster_interface/msg/detail/hand_param__functions.h
[2.298s] -- Up-to-date symlink: /home/booster/Workspace/robocup_demo/install/booster_interface/include/booster_interface/booster_interface/msg/detail/hand_param__struct.h
[2.299s] -- Up-to-date symlink: /home/booster/Workspace/robocup_demo/install/booster_interface/include/booster_interface/booster_interface/msg/detail/hand_param__type_support.h
[2.301s] -- Up-to-date symlink: /home/booster/Workspace/robocup_demo/install/booster_interface/include/booster_interface/booster_interface/msg/detail/imu_state__functions.h
[2.301s] -- Up-to-date symlink: /home/booster/Workspace/robocup_demo/install/booster_interface/include/booster_interface/booster_interface/msg/detail/imu_state__struct.h
[2.301s] -- Up-to-date symlink: /home/booster/Workspace/robocup_demo/install/booster_interface/include/booster_interface/booster_interface/msg/detail/imu_state__type_support.h
[2.302s] -- Up-to-date symlink: /home/booster/Workspace/robocup_demo/install/booster_interface/include/booster_interface/booster_interface/msg/detail/low_cmd__functions.h
[2.302s] -- Up-to-date symlink: /home/booster/Workspace/robocup_demo/install/booster_interface/include/booster_interface/booster_interface/msg/detail/low_cmd__struct.h
[2.302s] -- Up-to-date symlink: /home/booster/Workspace/robocup_demo/install/booster_interface/include/booster_interface/booster_interface/msg/detail/low_cmd__type_support.h
[2.303s] -- Up-to-date symlink: /home/booster/Workspace/robocup_demo/install/booster_interface/include/booster_interface/booster_interface/msg/detail/low_state__functions.h
[2.303s] -- Up-to-date symlink: /home/booster/Workspace/robocup_demo/install/booster_interface/include/booster_interface/booster_interface/msg/detail/low_state__struct.h
[2.303s] -- Up-to-date symlink: /home/booster/Workspace/robocup_demo/install/booster_interface/include/booster_interface/booster_interface/msg/detail/low_state__type_support.h
[2.304s] -- Up-to-date symlink: /home/booster/Workspace/robocup_demo/install/booster_interface/include/booster_interface/booster_interface/msg/detail/motor_cmd__functions.h
[2.305s] -- Up-to-date symlink: /home/booster/Workspace/robocup_demo/install/booster_interface/include/booster_interface/booster_interface/msg/detail/motor_cmd__struct.h
[2.306s] -- Up-to-date symlink: /home/booster/Workspace/robocup_demo/install/booster_interface/include/booster_interface/booster_interface/msg/detail/motor_cmd__type_support.h
[2.306s] -- Up-to-date symlink: /home/booster/Workspace/robocup_demo/install/booster_interface/include/booster_interface/booster_interface/msg/detail/motor_state__functions.h
[2.306s] -- Up-to-date symlink: /home/booster/Workspace/robocup_demo/install/booster_interface/include/booster_interface/booster_interface/msg/detail/motor_state__struct.h
[2.307s] -- Up-to-date symlink: /home/booster/Workspace/robocup_demo/install/booster_interface/include/booster_interface/booster_interface/msg/detail/motor_state__type_support.h
[2.307s] -- Up-to-date symlink: /home/booster/Workspace/robocup_demo/install/booster_interface/include/booster_interface/booster_interface/msg/detail/odometer__functions.h
[2.307s] -- Up-to-date symlink: /home/booster/Workspace/robocup_demo/install/booster_interface/include/booster_interface/booster_interface/msg/detail/odometer__struct.h
[2.307s] -- Up-to-date symlink: /home/booster/Workspace/robocup_demo/install/booster_interface/include/booster_interface/booster_interface/msg/detail/odometer__type_support.h
[2.308s] -- Up-to-date symlink: /home/booster/Workspace/robocup_demo/install/booster_interface/include/booster_interface/booster_interface/msg/detail/raw_bytes_msg__functions.h
[2.308s] -- Up-to-date symlink: /home/booster/Workspace/robocup_demo/install/booster_interface/include/booster_interface/booster_interface/msg/detail/raw_bytes_msg__struct.h
[2.309s] -- Up-to-date symlink: /home/booster/Workspace/robocup_demo/install/booster_interface/include/booster_interface/booster_interface/msg/detail/raw_bytes_msg__type_support.h
[2.309s] -- Up-to-date symlink: /home/booster/Workspace/robocup_demo/install/booster_interface/include/booster_interface/booster_interface/msg/detail/raw_bytes_stamped__functions.h
[2.309s] -- Up-to-date symlink: /home/booster/Workspace/robocup_demo/install/booster_interface/include/booster_interface/booster_interface/msg/detail/raw_bytes_stamped__struct.h
[2.309s] -- Up-to-date symlink: /home/booster/Workspace/robocup_demo/install/booster_interface/include/booster_interface/booster_interface/msg/detail/raw_bytes_stamped__type_support.h
[2.309s] -- Up-to-date symlink: /home/booster/Workspace/robocup_demo/install/booster_interface/include/booster_interface/booster_interface/msg/detail/remote_controller_state__functions.h
[2.309s] -- Up-to-date symlink: /home/booster/Workspace/robocup_demo/install/booster_interface/include/booster_interface/booster_interface/msg/detail/remote_controller_state__struct.h
[2.315s] -- Up-to-date symlink: /home/booster/Workspace/robocup_demo/install/booster_interface/include/booster_interface/booster_interface/msg/detail/remote_controller_state__type_support.h
[2.316s] -- Up-to-date symlink: /home/booster/Workspace/robocup_demo/install/booster_interface/include/booster_interface/booster_interface/msg/fall_down_state.h
[2.317s] -- Up-to-date symlink: /home/booster/Workspace/robocup_demo/install/booster_interface/include/booster_interface/booster_interface/msg/hand_command.h
[2.317s] -- Up-to-date symlink: /home/booster/Workspace/robocup_demo/install/booster_interface/include/booster_interface/booster_interface/msg/hand_dds_msg.h
[2.317s] -- Up-to-date symlink: /home/booster/Workspace/robocup_demo/install/booster_interface/include/booster_interface/booster_interface/msg/hand_param.h
[2.317s] -- Up-to-date symlink: /home/booster/Workspace/robocup_demo/install/booster_interface/include/booster_interface/booster_interface/msg/imu_state.h
[2.318s] -- Up-to-date symlink: /home/booster/Workspace/robocup_demo/install/booster_interface/include/booster_interface/booster_interface/msg/low_cmd.h
[2.318s] -- Up-to-date symlink: /home/booster/Workspace/robocup_demo/install/booster_interface/include/booster_interface/booster_interface/msg/low_state.h
[2.318s] -- Up-to-date symlink: /home/booster/Workspace/robocup_demo/install/booster_interface/include/booster_interface/booster_interface/msg/motor_cmd.h
[2.318s] -- Up-to-date symlink: /home/booster/Workspace/robocup_demo/install/booster_interface/include/booster_interface/booster_interface/msg/motor_state.h
[2.318s] -- Up-to-date symlink: /home/booster/Workspace/robocup_demo/install/booster_interface/include/booster_interface/booster_interface/msg/odometer.h
[2.318s] -- Up-to-date symlink: /home/booster/Workspace/robocup_demo/install/booster_interface/include/booster_interface/booster_interface/msg/raw_bytes_msg.h
[2.318s] -- Up-to-date symlink: /home/booster/Workspace/robocup_demo/install/booster_interface/include/booster_interface/booster_interface/msg/raw_bytes_stamped.h
[2.318s] -- Up-to-date symlink: /home/booster/Workspace/robocup_demo/install/booster_interface/include/booster_interface/booster_interface/msg/remote_controller_state.h
[2.319s] -- Up-to-date symlink: /home/booster/Workspace/robocup_demo/install/booster_interface/include/booster_interface/booster_interface/msg/rosidl_generator_c__visibility_control.h
[2.319s] -- Up-to-date symlink: /home/booster/Workspace/robocup_demo/install/booster_interface/include/booster_interface/booster_interface/srv/agent_service.h
[2.319s] -- Up-to-date symlink: /home/booster/Workspace/robocup_demo/install/booster_interface/include/booster_interface/booster_interface/srv/detail/agent_service__functions.h
[2.320s] -- Up-to-date symlink: /home/booster/Workspace/robocup_demo/install/booster_interface/include/booster_interface/booster_interface/srv/detail/agent_service__struct.h
[2.321s] -- Up-to-date symlink: /home/booster/Workspace/robocup_demo/install/booster_interface/include/booster_interface/booster_interface/srv/detail/agent_service__type_support.h
[2.321s] -- Up-to-date symlink: /home/booster/Workspace/robocup_demo/install/booster_interface/include/booster_interface/booster_interface/srv/detail/rpc_service__functions.h
[2.321s] -- Up-to-date symlink: /home/booster/Workspace/robocup_demo/install/booster_interface/include/booster_interface/booster_interface/srv/detail/rpc_service__struct.h
[2.321s] -- Up-to-date symlink: /home/booster/Workspace/robocup_demo/install/booster_interface/include/booster_interface/booster_interface/srv/detail/rpc_service__type_support.h
[2.322s] -- Up-to-date symlink: /home/booster/Workspace/robocup_demo/install/booster_interface/include/booster_interface/booster_interface/srv/rpc_service.h
[2.322s] -- Up-to-date symlink: /home/booster/Workspace/robocup_demo/install/booster_interface/share/booster_interface/environment/library_path.sh
[2.322s] -- Up-to-date symlink: /home/booster/Workspace/robocup_demo/install/booster_interface/share/booster_interface/environment/library_path.dsv
[2.323s] -- Up-to-date symlink: /home/booster/Workspace/robocup_demo/install/booster_interface/include/booster_interface/booster_interface/msg/detail/booster_api_req_msg__rosidl_typesupport_fastrtps_c.h
[2.323s] -- Up-to-date symlink: /home/booster/Workspace/robocup_demo/install/booster_interface/include/booster_interface/booster_interface/msg/detail/booster_api_resp_msg__rosidl_typesupport_fastrtps_c.h
[2.323s] -- Up-to-date symlink: /home/booster/Workspace/robocup_demo/install/booster_interface/include/booster_interface/booster_interface/msg/detail/button_event_msg__rosidl_typesupport_fastrtps_c.h
[2.324s] -- Up-to-date symlink: /home/booster/Workspace/robocup_demo/install/booster_interface/include/booster_interface/booster_interface/msg/detail/fall_down_state__rosidl_typesupport_fastrtps_c.h
[2.324s] -- Up-to-date symlink: /home/booster/Workspace/robocup_demo/install/booster_interface/include/booster_interface/booster_interface/msg/detail/hand_command__rosidl_typesupport_fastrtps_c.h
[2.324s] -- Up-to-date symlink: /home/booster/Workspace/robocup_demo/install/booster_interface/include/booster_interface/booster_interface/msg/detail/hand_dds_msg__rosidl_typesupport_fastrtps_c.h
[2.324s] -- Up-to-date symlink: /home/booster/Workspace/robocup_demo/install/booster_interface/include/booster_interface/booster_interface/msg/detail/hand_param__rosidl_typesupport_fastrtps_c.h
[2.324s] -- Up-to-date symlink: /home/booster/Workspace/robocup_demo/install/booster_interface/include/booster_interface/booster_interface/msg/detail/imu_state__rosidl_typesupport_fastrtps_c.h
[2.324s] -- Up-to-date symlink: /home/booster/Workspace/robocup_demo/install/booster_interface/include/booster_interface/booster_interface/msg/detail/low_cmd__rosidl_typesupport_fastrtps_c.h
[2.325s] -- Up-to-date symlink: /home/booster/Workspace/robocup_demo/install/booster_interface/include/booster_interface/booster_interface/msg/detail/low_state__rosidl_typesupport_fastrtps_c.h
[2.325s] -- Up-to-date symlink: /home/booster/Workspace/robocup_demo/install/booster_interface/include/booster_interface/booster_interface/msg/detail/motor_cmd__rosidl_typesupport_fastrtps_c.h
[2.325s] -- Up-to-date symlink: /home/booster/Workspace/robocup_demo/install/booster_interface/include/booster_interface/booster_interface/msg/detail/motor_state__rosidl_typesupport_fastrtps_c.h
[2.325s] -- Up-to-date symlink: /home/booster/Workspace/robocup_demo/install/booster_interface/include/booster_interface/booster_interface/msg/detail/odometer__rosidl_typesupport_fastrtps_c.h
[2.325s] -- Up-to-date symlink: /home/booster/Workspace/robocup_demo/install/booster_interface/include/booster_interface/booster_interface/msg/detail/raw_bytes_msg__rosidl_typesupport_fastrtps_c.h
[2.326s] -- Up-to-date symlink: /home/booster/Workspace/robocup_demo/install/booster_interface/include/booster_interface/booster_interface/msg/detail/raw_bytes_stamped__rosidl_typesupport_fastrtps_c.h
[2.326s] -- Up-to-date symlink: /home/booster/Workspace/robocup_demo/install/booster_interface/include/booster_interface/booster_interface/msg/detail/remote_controller_state__rosidl_typesupport_fastrtps_c.h
[2.327s] -- Up-to-date symlink: /home/booster/Workspace/robocup_demo/install/booster_interface/include/booster_interface/booster_interface/msg/rosidl_typesupport_fastrtps_c__visibility_control.h
[2.327s] -- Up-to-date symlink: /home/booster/Workspace/robocup_demo/install/booster_interface/include/booster_interface/booster_interface/srv/detail/agent_service__rosidl_typesupport_fastrtps_c.h
[2.327s] -- Up-to-date symlink: /home/booster/Workspace/robocup_demo/install/booster_interface/include/booster_interface/booster_interface/srv/detail/rpc_service__rosidl_typesupport_fastrtps_c.h
[2.331s] -- Up-to-date symlink: /home/booster/Workspace/robocup_demo/install/booster_interface/include/booster_interface/booster_interface/msg/booster_api_req_msg.hpp
[2.332s] -- Up-to-date symlink: /home/booster/Workspace/robocup_demo/install/booster_interface/include/booster_interface/booster_interface/msg/booster_api_resp_msg.hpp
[2.332s] -- Up-to-date symlink: /home/booster/Workspace/robocup_demo/install/booster_interface/include/booster_interface/booster_interface/msg/button_event_msg.hpp
[2.332s] -- Up-to-date symlink: /home/booster/Workspace/robocup_demo/install/booster_interface/include/booster_interface/booster_interface/msg/detail/booster_api_req_msg__builder.hpp
[2.332s] -- Up-to-date symlink: /home/booster/Workspace/robocup_demo/install/booster_interface/include/booster_interface/booster_interface/msg/detail/booster_api_req_msg__struct.hpp
[2.332s] -- Up-to-date symlink: /home/booster/Workspace/robocup_demo/install/booster_interface/include/booster_interface/booster_interface/msg/detail/booster_api_req_msg__traits.hpp
[2.332s] -- Up-to-date symlink: /home/booster/Workspace/robocup_demo/install/booster_interface/include/booster_interface/booster_interface/msg/detail/booster_api_req_msg__type_support.hpp
[2.333s] -- Up-to-date symlink: /home/booster/Workspace/robocup_demo/install/booster_interface/include/booster_interface/booster_interface/msg/detail/booster_api_resp_msg__builder.hpp
[2.333s] -- Up-to-date symlink: /home/booster/Workspace/robocup_demo/install/booster_interface/include/booster_interface/booster_interface/msg/detail/booster_api_resp_msg__struct.hpp
[2.333s] -- Up-to-date symlink: /home/booster/Workspace/robocup_demo/install/booster_interface/include/booster_interface/booster_interface/msg/detail/booster_api_resp_msg__traits.hpp
[2.333s] -- Up-to-date symlink: /home/booster/Workspace/robocup_demo/install/booster_interface/include/booster_interface/booster_interface/msg/detail/booster_api_resp_msg__type_support.hpp
[2.333s] -- Up-to-date symlink: /home/booster/Workspace/robocup_demo/install/booster_interface/include/booster_interface/booster_interface/msg/detail/button_event_msg__builder.hpp
[2.333s] -- Up-to-date symlink: /home/booster/Workspace/robocup_demo/install/booster_interface/include/booster_interface/booster_interface/msg/detail/button_event_msg__struct.hpp
[2.334s] -- Up-to-date symlink: /home/booster/Workspace/robocup_demo/install/booster_interface/include/booster_interface/booster_interface/msg/detail/button_event_msg__traits.hpp
[2.334s] -- Up-to-date symlink: /home/booster/Workspace/robocup_demo/install/booster_interface/include/booster_interface/booster_interface/msg/detail/button_event_msg__type_support.hpp
[2.334s] -- Up-to-date symlink: /home/booster/Workspace/robocup_demo/install/booster_interface/include/booster_interface/booster_interface/msg/detail/fall_down_state__builder.hpp
[2.334s] -- Up-to-date symlink: /home/booster/Workspace/robocup_demo/install/booster_interface/include/booster_interface/booster_interface/msg/detail/fall_down_state__struct.hpp
[2.334s] -- Up-to-date symlink: /home/booster/Workspace/robocup_demo/install/booster_interface/include/booster_interface/booster_interface/msg/detail/fall_down_state__traits.hpp
[2.335s] -- Up-to-date symlink: /home/booster/Workspace/robocup_demo/install/booster_interface/include/booster_interface/booster_interface/msg/detail/fall_down_state__type_support.hpp
[2.335s] -- Up-to-date symlink: /home/booster/Workspace/robocup_demo/install/booster_interface/include/booster_interface/booster_interface/msg/detail/hand_command__builder.hpp
[2.335s] -- Up-to-date symlink: /home/booster/Workspace/robocup_demo/install/booster_interface/include/booster_interface/booster_interface/msg/detail/hand_command__struct.hpp
[2.335s] -- Up-to-date symlink: /home/booster/Workspace/robocup_demo/install/booster_interface/include/booster_interface/booster_interface/msg/detail/hand_command__traits.hpp
[2.335s] -- Up-to-date symlink: /home/booster/Workspace/robocup_demo/install/booster_interface/include/booster_interface/booster_interface/msg/detail/hand_command__type_support.hpp
[2.335s] -- Up-to-date symlink: /home/booster/Workspace/robocup_demo/install/booster_interface/include/booster_interface/booster_interface/msg/detail/hand_dds_msg__builder.hpp
[2.336s] -- Up-to-date symlink: /home/booster/Workspace/robocup_demo/install/booster_interface/include/booster_interface/booster_interface/msg/detail/hand_dds_msg__struct.hpp
[2.336s] -- Up-to-date symlink: /home/booster/Workspace/robocup_demo/install/booster_interface/include/booster_interface/booster_interface/msg/detail/hand_dds_msg__traits.hpp
[2.336s] -- Up-to-date symlink: /home/booster/Workspace/robocup_demo/install/booster_interface/include/booster_interface/booster_interface/msg/detail/hand_dds_msg__type_support.hpp
[2.336s] -- Up-to-date symlink: /home/booster/Workspace/robocup_demo/install/booster_interface/include/booster_interface/booster_interface/msg/detail/hand_param__builder.hpp
[2.337s] -- Up-to-date symlink: /home/booster/Workspace/robocup_demo/install/booster_interface/include/booster_interface/booster_interface/msg/detail/hand_param__struct.hpp
[2.337s] -- Up-to-date symlink: /home/booster/Workspace/robocup_demo/install/booster_interface/include/booster_interface/booster_interface/msg/detail/hand_param__traits.hpp
[2.337s] -- Up-to-date symlink: /home/booster/Workspace/robocup_demo/install/booster_interface/include/booster_interface/booster_interface/msg/detail/hand_param__type_support.hpp
[2.337s] -- Up-to-date symlink: /home/booster/Workspace/robocup_demo/install/booster_interface/include/booster_interface/booster_interface/msg/detail/imu_state__builder.hpp
[2.337s] -- Up-to-date symlink: /home/booster/Workspace/robocup_demo/install/booster_interface/include/booster_interface/booster_interface/msg/detail/imu_state__struct.hpp
[2.337s] -- Up-to-date symlink: /home/booster/Workspace/robocup_demo/install/booster_interface/include/booster_interface/booster_interface/msg/detail/imu_state__traits.hpp
[2.338s] -- Up-to-date symlink: /home/booster/Workspace/robocup_demo/install/booster_interface/include/booster_interface/booster_interface/msg/detail/imu_state__type_support.hpp
[2.338s] -- Up-to-date symlink: /home/booster/Workspace/robocup_demo/install/booster_interface/include/booster_interface/booster_interface/msg/detail/low_cmd__builder.hpp
[2.339s] -- Up-to-date symlink: /home/booster/Workspace/robocup_demo/install/booster_interface/include/booster_interface/booster_interface/msg/detail/low_cmd__struct.hpp
[2.339s] -- Up-to-date symlink: /home/booster/Workspace/robocup_demo/install/booster_interface/include/booster_interface/booster_interface/msg/detail/low_cmd__traits.hpp
[2.339s] -- Up-to-date symlink: /home/booster/Workspace/robocup_demo/install/booster_interface/include/booster_interface/booster_interface/msg/detail/low_cmd__type_support.hpp
[2.339s] -- Up-to-date symlink: /home/booster/Workspace/robocup_demo/install/booster_interface/include/booster_interface/booster_interface/msg/detail/low_state__builder.hpp
[2.341s] -- Up-to-date symlink: /home/booster/Workspace/robocup_demo/install/booster_interface/include/booster_interface/booster_interface/msg/detail/low_state__struct.hpp
[2.341s] -- Up-to-date symlink: /home/booster/Workspace/robocup_demo/install/booster_interface/include/booster_interface/booster_interface/msg/detail/low_state__traits.hpp
[2.342s] -- Up-to-date symlink: /home/booster/Workspace/robocup_demo/install/booster_interface/include/booster_interface/booster_interface/msg/detail/low_state__type_support.hpp
[2.342s] -- Up-to-date symlink: /home/booster/Workspace/robocup_demo/install/booster_interface/include/booster_interface/booster_interface/msg/detail/motor_cmd__builder.hpp
[2.342s] -- Up-to-date symlink: /home/booster/Workspace/robocup_demo/install/booster_interface/include/booster_interface/booster_interface/msg/detail/motor_cmd__struct.hpp
[2.342s] -- Up-to-date symlink: /home/booster/Workspace/robocup_demo/install/booster_interface/include/booster_interface/booster_interface/msg/detail/motor_cmd__traits.hpp
[2.342s] -- Up-to-date symlink: /home/booster/Workspace/robocup_demo/install/booster_interface/include/booster_interface/booster_interface/msg/detail/motor_cmd__type_support.hpp
[2.342s] -- Up-to-date symlink: /home/booster/Workspace/robocup_demo/install/booster_interface/include/booster_interface/booster_interface/msg/detail/motor_state__builder.hpp
[2.342s] -- Up-to-date symlink: /home/booster/Workspace/robocup_demo/install/booster_interface/include/booster_interface/booster_interface/msg/detail/motor_state__struct.hpp
[2.343s] -- Up-to-date symlink: /home/booster/Workspace/robocup_demo/install/booster_interface/include/booster_interface/booster_interface/msg/detail/motor_state__traits.hpp
[2.344s] -- Up-to-date symlink: /home/booster/Workspace/robocup_demo/install/booster_interface/include/booster_interface/booster_interface/msg/detail/motor_state__type_support.hpp
[2.344s] -- Up-to-date symlink: /home/booster/Workspace/robocup_demo/install/booster_interface/include/booster_interface/booster_interface/msg/detail/odometer__builder.hpp
[2.344s] -- Up-to-date symlink: /home/booster/Workspace/robocup_demo/install/booster_interface/include/booster_interface/booster_interface/msg/detail/odometer__struct.hpp
[2.345s] -- Up-to-date symlink: /home/booster/Workspace/robocup_demo/install/booster_interface/include/booster_interface/booster_interface/msg/detail/odometer__traits.hpp
[2.346s] -- Up-to-date symlink: /home/booster/Workspace/robocup_demo/install/booster_interface/include/booster_interface/booster_interface/msg/detail/odometer__type_support.hpp
[2.346s] -- Up-to-date symlink: /home/booster/Workspace/robocup_demo/install/booster_interface/include/booster_interface/booster_interface/msg/detail/raw_bytes_msg__builder.hpp
[2.346s] -- Up-to-date symlink: /home/booster/Workspace/robocup_demo/install/booster_interface/include/booster_interface/booster_interface/msg/detail/raw_bytes_msg__struct.hpp
[2.347s] -- Up-to-date symlink: /home/booster/Workspace/robocup_demo/install/booster_interface/include/booster_interface/booster_interface/msg/detail/raw_bytes_msg__traits.hpp
[2.348s] -- Up-to-date symlink: /home/booster/Workspace/robocup_demo/install/booster_interface/include/booster_interface/booster_interface/msg/detail/raw_bytes_msg__type_support.hpp
[2.348s] -- Up-to-date symlink: /home/booster/Workspace/robocup_demo/install/booster_interface/include/booster_interface/booster_interface/msg/detail/raw_bytes_stamped__builder.hpp
[2.348s] -- Up-to-date symlink: /home/booster/Workspace/robocup_demo/install/booster_interface/include/booster_interface/booster_interface/msg/detail/raw_bytes_stamped__struct.hpp
[2.348s] -- Up-to-date symlink: /home/booster/Workspace/robocup_demo/install/booster_interface/include/booster_interface/booster_interface/msg/detail/raw_bytes_stamped__traits.hpp
[2.349s] -- Up-to-date symlink: /home/booster/Workspace/robocup_demo/install/booster_interface/include/booster_interface/booster_interface/msg/detail/raw_bytes_stamped__type_support.hpp
[2.349s] -- Up-to-date symlink: /home/booster/Workspace/robocup_demo/install/booster_interface/include/booster_interface/booster_interface/msg/detail/remote_controller_state__builder.hpp
[2.349s] -- Up-to-date symlink: /home/booster/Workspace/robocup_demo/install/booster_interface/include/booster_interface/booster_interface/msg/detail/remote_controller_state__struct.hpp
[2.349s] -- Up-to-date symlink: /home/booster/Workspace/robocup_demo/install/booster_interface/include/booster_interface/booster_interface/msg/detail/remote_controller_state__traits.hpp
[2.349s] -- Up-to-date symlink: /home/booster/Workspace/robocup_demo/install/booster_interface/include/booster_interface/booster_interface/msg/detail/remote_controller_state__type_support.hpp
[2.350s] -- Up-to-date symlink: /home/booster/Workspace/robocup_demo/install/booster_interface/include/booster_interface/booster_interface/msg/fall_down_state.hpp
[2.350s] -- Up-to-date symlink: /home/booster/Workspace/robocup_demo/install/booster_interface/include/booster_interface/booster_interface/msg/hand_command.hpp
[2.351s] -- Up-to-date symlink: /home/booster/Workspace/robocup_demo/install/booster_interface/include/booster_interface/booster_interface/msg/hand_dds_msg.hpp
[2.351s] -- Up-to-date symlink: /home/booster/Workspace/robocup_demo/install/booster_interface/include/booster_interface/booster_interface/msg/hand_param.hpp
[2.352s] -- Up-to-date symlink: /home/booster/Workspace/robocup_demo/install/booster_interface/include/booster_interface/booster_interface/msg/imu_state.hpp
[2.353s] -- Up-to-date symlink: /home/booster/Workspace/robocup_demo/install/booster_interface/include/booster_interface/booster_interface/msg/low_cmd.hpp
[2.354s] -- Up-to-date symlink: /home/booster/Workspace/robocup_demo/install/booster_interface/include/booster_interface/booster_interface/msg/low_state.hpp
[2.354s] -- Up-to-date symlink: /home/booster/Workspace/robocup_demo/install/booster_interface/include/booster_interface/booster_interface/msg/motor_cmd.hpp
[2.355s] -- Up-to-date symlink: /home/booster/Workspace/robocup_demo/install/booster_interface/include/booster_interface/booster_interface/msg/motor_state.hpp
[2.356s] -- Up-to-date symlink: /home/booster/Workspace/robocup_demo/install/booster_interface/include/booster_interface/booster_interface/msg/odometer.hpp
[2.357s] -- Up-to-date symlink: /home/booster/Workspace/robocup_demo/install/booster_interface/include/booster_interface/booster_interface/msg/raw_bytes_msg.hpp
[2.357s] -- Up-to-date symlink: /home/booster/Workspace/robocup_demo/install/booster_interface/include/booster_interface/booster_interface/msg/raw_bytes_stamped.hpp
[2.357s] -- Up-to-date symlink: /home/booster/Workspace/robocup_demo/install/booster_interface/include/booster_interface/booster_interface/msg/remote_controller_state.hpp
[2.358s] -- Up-to-date symlink: /home/booster/Workspace/robocup_demo/install/booster_interface/include/booster_interface/booster_interface/msg/rosidl_generator_cpp__visibility_control.hpp
[2.358s] -- Up-to-date symlink: /home/booster/Workspace/robocup_demo/install/booster_interface/include/booster_interface/booster_interface/srv/agent_service.hpp
[2.358s] -- Up-to-date symlink: /home/booster/Workspace/robocup_demo/install/booster_interface/include/booster_interface/booster_interface/srv/detail/agent_service__builder.hpp
[2.358s] -- Up-to-date symlink: /home/booster/Workspace/robocup_demo/install/booster_interface/include/booster_interface/booster_interface/srv/detail/agent_service__struct.hpp
[2.358s] -- Up-to-date symlink: /home/booster/Workspace/robocup_demo/install/booster_interface/include/booster_interface/booster_interface/srv/detail/agent_service__traits.hpp
[2.359s] -- Up-to-date symlink: /home/booster/Workspace/robocup_demo/install/booster_interface/include/booster_interface/booster_interface/srv/detail/agent_service__type_support.hpp
[2.359s] -- Up-to-date symlink: /home/booster/Workspace/robocup_demo/install/booster_interface/include/booster_interface/booster_interface/srv/detail/rpc_service__builder.hpp
[2.359s] -- Up-to-date symlink: /home/booster/Workspace/robocup_demo/install/booster_interface/include/booster_interface/booster_interface/srv/detail/rpc_service__struct.hpp
[2.359s] -- Up-to-date symlink: /home/booster/Workspace/robocup_demo/install/booster_interface/include/booster_interface/booster_interface/srv/detail/rpc_service__traits.hpp
[2.359s] -- Up-to-date symlink: /home/booster/Workspace/robocup_demo/install/booster_interface/include/booster_interface/booster_interface/srv/detail/rpc_service__type_support.hpp
[2.359s] -- Up-to-date symlink: /home/booster/Workspace/robocup_demo/install/booster_interface/include/booster_interface/booster_interface/srv/rpc_service.hpp
[2.363s] -- Up-to-date symlink: /home/booster/Workspace/robocup_demo/install/booster_interface/include/booster_interface/booster_interface/msg/detail/booster_api_req_msg__rosidl_typesupport_fastrtps_cpp.hpp
[2.363s] -- Up-to-date symlink: /home/booster/Workspace/robocup_demo/install/booster_interface/include/booster_interface/booster_interface/msg/detail/booster_api_resp_msg__rosidl_typesupport_fastrtps_cpp.hpp
[2.365s] -- Up-to-date symlink: /home/booster/Workspace/robocup_demo/install/booster_interface/include/booster_interface/booster_interface/msg/detail/button_event_msg__rosidl_typesupport_fastrtps_cpp.hpp
[2.366s] -- Up-to-date symlink: /home/booster/Workspace/robocup_demo/install/booster_interface/include/booster_interface/booster_interface/msg/detail/fall_down_state__rosidl_typesupport_fastrtps_cpp.hpp
[2.366s] -- Up-to-date symlink: /home/booster/Workspace/robocup_demo/install/booster_interface/include/booster_interface/booster_interface/msg/detail/hand_command__rosidl_typesupport_fastrtps_cpp.hpp
[2.366s] -- Up-to-date symlink: /home/booster/Workspace/robocup_demo/install/booster_interface/include/booster_interface/booster_interface/msg/detail/hand_dds_msg__rosidl_typesupport_fastrtps_cpp.hpp
[2.366s] -- Up-to-date symlink: /home/booster/Workspace/robocup_demo/install/booster_interface/include/booster_interface/booster_interface/msg/detail/hand_param__rosidl_typesupport_fastrtps_cpp.hpp
[2.366s] -- Up-to-date symlink: /home/booster/Workspace/robocup_demo/install/booster_interface/include/booster_interface/booster_interface/msg/detail/imu_state__rosidl_typesupport_fastrtps_cpp.hpp
[2.367s] -- Up-to-date symlink: /home/booster/Workspace/robocup_demo/install/booster_interface/include/booster_interface/booster_interface/msg/detail/low_cmd__rosidl_typesupport_fastrtps_cpp.hpp
[2.367s] -- Up-to-date symlink: /home/booster/Workspace/robocup_demo/install/booster_interface/include/booster_interface/booster_interface/msg/detail/low_state__rosidl_typesupport_fastrtps_cpp.hpp
[2.368s] -- Up-to-date symlink: /home/booster/Workspace/robocup_demo/install/booster_interface/include/booster_interface/booster_interface/msg/detail/motor_cmd__rosidl_typesupport_fastrtps_cpp.hpp
[2.369s] -- Up-to-date symlink: /home/booster/Workspace/robocup_demo/install/booster_interface/include/booster_interface/booster_interface/msg/detail/motor_state__rosidl_typesupport_fastrtps_cpp.hpp
[2.369s] -- Up-to-date symlink: /home/booster/Workspace/robocup_demo/install/booster_interface/include/booster_interface/booster_interface/msg/detail/odometer__rosidl_typesupport_fastrtps_cpp.hpp
[2.369s] -- Up-to-date symlink: /home/booster/Workspace/robocup_demo/install/booster_interface/include/booster_interface/booster_interface/msg/detail/raw_bytes_msg__rosidl_typesupport_fastrtps_cpp.hpp
[2.370s] -- Up-to-date symlink: /home/booster/Workspace/robocup_demo/install/booster_interface/include/booster_interface/booster_interface/msg/detail/raw_bytes_stamped__rosidl_typesupport_fastrtps_cpp.hpp
[2.370s] -- Up-to-date symlink: /home/booster/Workspace/robocup_demo/install/booster_interface/include/booster_interface/booster_interface/msg/detail/remote_controller_state__rosidl_typesupport_fastrtps_cpp.hpp
[2.370s] -- Up-to-date symlink: /home/booster/Workspace/robocup_demo/install/booster_interface/include/booster_interface/booster_interface/msg/rosidl_typesupport_fastrtps_cpp__visibility_control.h
[2.370s] -- Up-to-date symlink: /home/booster/Workspace/robocup_demo/install/booster_interface/include/booster_interface/booster_interface/srv/detail/agent_service__rosidl_typesupport_fastrtps_cpp.hpp
[2.370s] -- Up-to-date symlink: /home/booster/Workspace/robocup_demo/install/booster_interface/include/booster_interface/booster_interface/srv/detail/rpc_service__rosidl_typesupport_fastrtps_cpp.hpp
[2.371s] -- Up-to-date symlink: /home/booster/Workspace/robocup_demo/install/booster_interface/include/booster_interface/booster_interface/msg/detail/booster_api_req_msg__rosidl_typesupport_introspection_c.h
[2.371s] -- Up-to-date symlink: /home/booster/Workspace/robocup_demo/install/booster_interface/include/booster_interface/booster_interface/msg/detail/booster_api_resp_msg__rosidl_typesupport_introspection_c.h
[2.371s] -- Up-to-date symlink: /home/booster/Workspace/robocup_demo/install/booster_interface/include/booster_interface/booster_interface/msg/detail/button_event_msg__rosidl_typesupport_introspection_c.h
[2.371s] -- Up-to-date symlink: /home/booster/Workspace/robocup_demo/install/booster_interface/include/booster_interface/booster_interface/msg/detail/fall_down_state__rosidl_typesupport_introspection_c.h
[2.371s] -- Up-to-date symlink: /home/booster/Workspace/robocup_demo/install/booster_interface/include/booster_interface/booster_interface/msg/detail/hand_command__rosidl_typesupport_introspection_c.h
[2.371s] -- Up-to-date symlink: /home/booster/Workspace/robocup_demo/install/booster_interface/include/booster_interface/booster_interface/msg/detail/hand_dds_msg__rosidl_typesupport_introspection_c.h
[2.372s] -- Up-to-date symlink: /home/booster/Workspace/robocup_demo/install/booster_interface/include/booster_interface/booster_interface/msg/detail/hand_param__rosidl_typesupport_introspection_c.h
[2.372s] -- Up-to-date symlink: /home/booster/Workspace/robocup_demo/install/booster_interface/include/booster_interface/booster_interface/msg/detail/imu_state__rosidl_typesupport_introspection_c.h
[2.372s] -- Up-to-date symlink: /home/booster/Workspace/robocup_demo/install/booster_interface/include/booster_interface/booster_interface/msg/detail/low_cmd__rosidl_typesupport_introspection_c.h
[2.372s] -- Up-to-date symlink: /home/booster/Workspace/robocup_demo/install/booster_interface/include/booster_interface/booster_interface/msg/detail/low_state__rosidl_typesupport_introspection_c.h
[2.372s] -- Up-to-date symlink: /home/booster/Workspace/robocup_demo/install/booster_interface/include/booster_interface/booster_interface/msg/detail/motor_cmd__rosidl_typesupport_introspection_c.h
[2.373s] -- Up-to-date symlink: /home/booster/Workspace/robocup_demo/install/booster_interface/include/booster_interface/booster_interface/msg/detail/motor_state__rosidl_typesupport_introspection_c.h
[2.373s] -- Up-to-date symlink: /home/booster/Workspace/robocup_demo/install/booster_interface/include/booster_interface/booster_interface/msg/detail/odometer__rosidl_typesupport_introspection_c.h
[2.373s] -- Up-to-date symlink: /home/booster/Workspace/robocup_demo/install/booster_interface/include/booster_interface/booster_interface/msg/detail/raw_bytes_msg__rosidl_typesupport_introspection_c.h
[2.373s] -- Up-to-date symlink: /home/booster/Workspace/robocup_demo/install/booster_interface/include/booster_interface/booster_interface/msg/detail/raw_bytes_stamped__rosidl_typesupport_introspection_c.h
[2.374s] -- Up-to-date symlink: /home/booster/Workspace/robocup_demo/install/booster_interface/include/booster_interface/booster_interface/msg/detail/remote_controller_state__rosidl_typesupport_introspection_c.h
[2.374s] -- Up-to-date symlink: /home/booster/Workspace/robocup_demo/install/booster_interface/include/booster_interface/booster_interface/msg/rosidl_typesupport_introspection_c__visibility_control.h
[2.374s] -- Up-to-date symlink: /home/booster/Workspace/robocup_demo/install/booster_interface/include/booster_interface/booster_interface/srv/detail/agent_service__rosidl_typesupport_introspection_c.h
[2.374s] -- Up-to-date symlink: /home/booster/Workspace/robocup_demo/install/booster_interface/include/booster_interface/booster_interface/srv/detail/rpc_service__rosidl_typesupport_introspection_c.h
[2.374s] -- Up-to-date symlink: /home/booster/Workspace/robocup_demo/install/booster_interface/include/booster_interface/booster_interface/msg/detail/booster_api_req_msg__rosidl_typesupport_introspection_cpp.hpp
[2.375s] -- Up-to-date symlink: /home/booster/Workspace/robocup_demo/install/booster_interface/include/booster_interface/booster_interface/msg/detail/booster_api_resp_msg__rosidl_typesupport_introspection_cpp.hpp
[2.376s] -- Up-to-date symlink: /home/booster/Workspace/robocup_demo/install/booster_interface/include/booster_interface/booster_interface/msg/detail/button_event_msg__rosidl_typesupport_introspection_cpp.hpp
[2.376s] -- Up-to-date symlink: /home/booster/Workspace/robocup_demo/install/booster_interface/include/booster_interface/booster_interface/msg/detail/fall_down_state__rosidl_typesupport_introspection_cpp.hpp
[2.377s] -- Up-to-date symlink: /home/booster/Workspace/robocup_demo/install/booster_interface/include/booster_interface/booster_interface/msg/detail/hand_command__rosidl_typesupport_introspection_cpp.hpp
[2.377s] -- Up-to-date symlink: /home/booster/Workspace/robocup_demo/install/booster_interface/include/booster_interface/booster_interface/msg/detail/hand_dds_msg__rosidl_typesupport_introspection_cpp.hpp
[2.377s] -- Up-to-date symlink: /home/booster/Workspace/robocup_demo/install/booster_interface/include/booster_interface/booster_interface/msg/detail/hand_param__rosidl_typesupport_introspection_cpp.hpp
[2.377s] -- Up-to-date symlink: /home/booster/Workspace/robocup_demo/install/booster_interface/include/booster_interface/booster_interface/msg/detail/imu_state__rosidl_typesupport_introspection_cpp.hpp
[2.378s] -- Up-to-date symlink: /home/booster/Workspace/robocup_demo/install/booster_interface/include/booster_interface/booster_interface/msg/detail/low_cmd__rosidl_typesupport_introspection_cpp.hpp
[2.378s] -- Up-to-date symlink: /home/booster/Workspace/robocup_demo/install/booster_interface/include/booster_interface/booster_interface/msg/detail/low_state__rosidl_typesupport_introspection_cpp.hpp
[2.378s] -- Up-to-date symlink: /home/booster/Workspace/robocup_demo/install/booster_interface/include/booster_interface/booster_interface/msg/detail/motor_cmd__rosidl_typesupport_introspection_cpp.hpp
[2.379s] -- Up-to-date symlink: /home/booster/Workspace/robocup_demo/install/booster_interface/include/booster_interface/booster_interface/msg/detail/motor_state__rosidl_typesupport_introspection_cpp.hpp
[2.379s] -- Up-to-date symlink: /home/booster/Workspace/robocup_demo/install/booster_interface/include/booster_interface/booster_interface/msg/detail/odometer__rosidl_typesupport_introspection_cpp.hpp
[2.379s] -- Up-to-date symlink: /home/booster/Workspace/robocup_demo/install/booster_interface/include/booster_interface/booster_interface/msg/detail/raw_bytes_msg__rosidl_typesupport_introspection_cpp.hpp
[2.379s] -- Up-to-date symlink: /home/booster/Workspace/robocup_demo/install/booster_interface/include/booster_interface/booster_interface/msg/detail/raw_bytes_stamped__rosidl_typesupport_introspection_cpp.hpp
[2.379s] -- Up-to-date symlink: /home/booster/Workspace/robocup_demo/install/booster_interface/include/booster_interface/booster_interface/msg/detail/remote_controller_state__rosidl_typesupport_introspection_cpp.hpp
[2.380s] -- Up-to-date symlink: /home/booster/Workspace/robocup_demo/install/booster_interface/include/booster_interface/booster_interface/srv/detail/agent_service__rosidl_typesupport_introspection_cpp.hpp
[2.380s] -- Up-to-date symlink: /home/booster/Workspace/robocup_demo/install/booster_interface/include/booster_interface/booster_interface/srv/detail/rpc_service__rosidl_typesupport_introspection_cpp.hpp
[2.380s] -- Up-to-date symlink: /home/booster/Workspace/robocup_demo/install/booster_interface/share/booster_interface/environment/pythonpath.sh
[2.380s] -- Up-to-date symlink: /home/booster/Workspace/robocup_demo/install/booster_interface/share/booster_interface/environment/pythonpath.dsv
[2.381s] -- Up-to-date symlink: /home/booster/Workspace/robocup_demo/install/booster_interface/local/lib/python3.10/dist-packages/booster_interface-0.0.0-py3.10.egg-info/PKG-INFO
[2.381s] -- Up-to-date symlink: /home/booster/Workspace/robocup_demo/install/booster_interface/local/lib/python3.10/dist-packages/booster_interface-0.0.0-py3.10.egg-info/SOURCES.txt
[2.381s] -- Up-to-date symlink: /home/booster/Workspace/robocup_demo/install/booster_interface/local/lib/python3.10/dist-packages/booster_interface-0.0.0-py3.10.egg-info/dependency_links.txt
[2.381s] -- Up-to-date symlink: /home/booster/Workspace/robocup_demo/install/booster_interface/local/lib/python3.10/dist-packages/booster_interface-0.0.0-py3.10.egg-info/top_level.txt
[2.381s] -- Up-to-date symlink: /home/booster/Workspace/robocup_demo/install/booster_interface/local/lib/python3.10/dist-packages/booster_interface/__init__.py
[2.381s] -- Up-to-date symlink: /home/booster/Workspace/robocup_demo/install/booster_interface/local/lib/python3.10/dist-packages/booster_interface/_booster_interface_s.ep.rosidl_typesupport_c.c
[2.381s] -- Up-to-date symlink: /home/booster/Workspace/robocup_demo/install/booster_interface/local/lib/python3.10/dist-packages/booster_interface/_booster_interface_s.ep.rosidl_typesupport_fastrtps_c.c
[2.382s] -- Up-to-date symlink: /home/booster/Workspace/robocup_demo/install/booster_interface/local/lib/python3.10/dist-packages/booster_interface/_booster_interface_s.ep.rosidl_typesupport_introspection_c.c
[2.382s] -- Up-to-date symlink: /home/booster/Workspace/robocup_demo/install/booster_interface/local/lib/python3.10/dist-packages/booster_interface/booster_interface_s__rosidl_typesupport_c.cpython-310-aarch64-linux-gnu.so
[2.382s] -- Up-to-date symlink: /home/booster/Workspace/robocup_demo/install/booster_interface/local/lib/python3.10/dist-packages/booster_interface/booster_interface_s__rosidl_typesupport_fastrtps_c.cpython-310-aarch64-linux-gnu.so
[2.382s] -- Up-to-date symlink: /home/booster/Workspace/robocup_demo/install/booster_interface/local/lib/python3.10/dist-packages/booster_interface/booster_interface_s__rosidl_typesupport_introspection_c.cpython-310-aarch64-linux-gnu.so
[2.382s] -- Up-to-date symlink: /home/booster/Workspace/robocup_demo/install/booster_interface/local/lib/python3.10/dist-packages/booster_interface/libbooster_interface__rosidl_generator_py.so
[2.383s] -- Up-to-date symlink: /home/booster/Workspace/robocup_demo/install/booster_interface/local/lib/python3.10/dist-packages/booster_interface/msg/__init__.py
[2.383s] -- Up-to-date symlink: /home/booster/Workspace/robocup_demo/install/booster_interface/local/lib/python3.10/dist-packages/booster_interface/msg/_booster_api_req_msg.py
[2.383s] -- Up-to-date symlink: /home/booster/Workspace/robocup_demo/install/booster_interface/local/lib/python3.10/dist-packages/booster_interface/msg/_booster_api_req_msg_s.c
[2.383s] -- Up-to-date symlink: /home/booster/Workspace/robocup_demo/install/booster_interface/local/lib/python3.10/dist-packages/booster_interface/msg/_booster_api_resp_msg.py
[2.383s] -- Up-to-date symlink: /home/booster/Workspace/robocup_demo/install/booster_interface/local/lib/python3.10/dist-packages/booster_interface/msg/_booster_api_resp_msg_s.c
[2.383s] -- Up-to-date symlink: /home/booster/Workspace/robocup_demo/install/booster_interface/local/lib/python3.10/dist-packages/booster_interface/msg/_button_event_msg.py
[2.384s] -- Up-to-date symlink: /home/booster/Workspace/robocup_demo/install/booster_interface/local/lib/python3.10/dist-packages/booster_interface/msg/_button_event_msg_s.c
[2.384s] -- Up-to-date symlink: /home/booster/Workspace/robocup_demo/install/booster_interface/local/lib/python3.10/dist-packages/booster_interface/msg/_fall_down_state.py
[2.384s] -- Up-to-date symlink: /home/booster/Workspace/robocup_demo/install/booster_interface/local/lib/python3.10/dist-packages/booster_interface/msg/_fall_down_state_s.c
[2.384s] -- Up-to-date symlink: /home/booster/Workspace/robocup_demo/install/booster_interface/local/lib/python3.10/dist-packages/booster_interface/msg/_hand_command.py
[2.384s] -- Up-to-date symlink: /home/booster/Workspace/robocup_demo/install/booster_interface/local/lib/python3.10/dist-packages/booster_interface/msg/_hand_command_s.c
[2.384s] -- Up-to-date symlink: /home/booster/Workspace/robocup_demo/install/booster_interface/local/lib/python3.10/dist-packages/booster_interface/msg/_hand_dds_msg.py
[2.384s] -- Up-to-date symlink: /home/booster/Workspace/robocup_demo/install/booster_interface/local/lib/python3.10/dist-packages/booster_interface/msg/_hand_dds_msg_s.c
[2.385s] -- Up-to-date symlink: /home/booster/Workspace/robocup_demo/install/booster_interface/local/lib/python3.10/dist-packages/booster_interface/msg/_hand_param.py
[2.385s] -- Up-to-date symlink: /home/booster/Workspace/robocup_demo/install/booster_interface/local/lib/python3.10/dist-packages/booster_interface/msg/_hand_param_s.c
[2.385s] -- Up-to-date symlink: /home/booster/Workspace/robocup_demo/install/booster_interface/local/lib/python3.10/dist-packages/booster_interface/msg/_imu_state.py
[2.385s] -- Up-to-date symlink: /home/booster/Workspace/robocup_demo/install/booster_interface/local/lib/python3.10/dist-packages/booster_interface/msg/_imu_state_s.c
[2.385s] -- Up-to-date symlink: /home/booster/Workspace/robocup_demo/install/booster_interface/local/lib/python3.10/dist-packages/booster_interface/msg/_low_cmd.py
[2.386s] -- Up-to-date symlink: /home/booster/Workspace/robocup_demo/install/booster_interface/local/lib/python3.10/dist-packages/booster_interface/msg/_low_cmd_s.c
[2.386s] -- Up-to-date symlink: /home/booster/Workspace/robocup_demo/install/booster_interface/local/lib/python3.10/dist-packages/booster_interface/msg/_low_state.py
[2.386s] -- Up-to-date symlink: /home/booster/Workspace/robocup_demo/install/booster_interface/local/lib/python3.10/dist-packages/booster_interface/msg/_low_state_s.c
[2.387s] -- Up-to-date symlink: /home/booster/Workspace/robocup_demo/install/booster_interface/local/lib/python3.10/dist-packages/booster_interface/msg/_motor_cmd.py
[2.387s] -- Up-to-date symlink: /home/booster/Workspace/robocup_demo/install/booster_interface/local/lib/python3.10/dist-packages/booster_interface/msg/_motor_cmd_s.c
[2.387s] -- Up-to-date symlink: /home/booster/Workspace/robocup_demo/install/booster_interface/local/lib/python3.10/dist-packages/booster_interface/msg/_motor_state.py
[2.387s] -- Up-to-date symlink: /home/booster/Workspace/robocup_demo/install/booster_interface/local/lib/python3.10/dist-packages/booster_interface/msg/_motor_state_s.c
[2.387s] -- Up-to-date symlink: /home/booster/Workspace/robocup_demo/install/booster_interface/local/lib/python3.10/dist-packages/booster_interface/msg/_odometer.py
[2.387s] -- Up-to-date symlink: /home/booster/Workspace/robocup_demo/install/booster_interface/local/lib/python3.10/dist-packages/booster_interface/msg/_odometer_s.c
[2.387s] -- Up-to-date symlink: /home/booster/Workspace/robocup_demo/install/booster_interface/local/lib/python3.10/dist-packages/booster_interface/msg/_raw_bytes_msg.py
[2.387s] -- Up-to-date symlink: /home/booster/Workspace/robocup_demo/install/booster_interface/local/lib/python3.10/dist-packages/booster_interface/msg/_raw_bytes_msg_s.c
[2.388s] -- Up-to-date symlink: /home/booster/Workspace/robocup_demo/install/booster_interface/local/lib/python3.10/dist-packages/booster_interface/msg/_raw_bytes_stamped.py
[2.388s] -- Up-to-date symlink: /home/booster/Workspace/robocup_demo/install/booster_interface/local/lib/python3.10/dist-packages/booster_interface/msg/_raw_bytes_stamped_s.c
[2.388s] -- Up-to-date symlink: /home/booster/Workspace/robocup_demo/install/booster_interface/local/lib/python3.10/dist-packages/booster_interface/msg/_remote_controller_state.py
[2.388s] -- Up-to-date symlink: /home/booster/Workspace/robocup_demo/install/booster_interface/local/lib/python3.10/dist-packages/booster_interface/msg/_remote_controller_state_s.c
[2.388s] -- Up-to-date symlink: /home/booster/Workspace/robocup_demo/install/booster_interface/local/lib/python3.10/dist-packages/booster_interface/srv/__init__.py
[2.389s] -- Up-to-date symlink: /home/booster/Workspace/robocup_demo/install/booster_interface/local/lib/python3.10/dist-packages/booster_interface/srv/_agent_service.py
[2.389s] -- Up-to-date symlink: /home/booster/Workspace/robocup_demo/install/booster_interface/local/lib/python3.10/dist-packages/booster_interface/srv/_agent_service_s.c
[2.389s] -- Up-to-date symlink: /home/booster/Workspace/robocup_demo/install/booster_interface/local/lib/python3.10/dist-packages/booster_interface/srv/_rpc_service.py
[2.389s] -- Up-to-date symlink: /home/booster/Workspace/robocup_demo/install/booster_interface/local/lib/python3.10/dist-packages/booster_interface/srv/_rpc_service_s.c
[2.389s] -- Up-to-date symlink: /home/booster/Workspace/robocup_demo/install/booster_interface/local/lib/python3.10/dist-packages/booster_interface/booster_interface_s__rosidl_typesupport_fastrtps_c.cpython-310-aarch64-linux-gnu.so
[2.389s] -- Up-to-date symlink: /home/booster/Workspace/robocup_demo/install/booster_interface/local/lib/python3.10/dist-packages/booster_interface/booster_interface_s__rosidl_typesupport_introspection_c.cpython-310-aarch64-linux-gnu.so
[2.390s] -- Up-to-date symlink: /home/booster/Workspace/robocup_demo/install/booster_interface/local/lib/python3.10/dist-packages/booster_interface/booster_interface_s__rosidl_typesupport_c.cpython-310-aarch64-linux-gnu.so
[2.390s] -- Up-to-date symlink: /home/booster/Workspace/robocup_demo/install/booster_interface/share/booster_interface/msg/BoosterApiReqMsg.idl
[2.390s] -- Up-to-date symlink: /home/booster/Workspace/robocup_demo/install/booster_interface/share/booster_interface/msg/BoosterApiRespMsg.idl
[2.390s] -- Up-to-date symlink: /home/booster/Workspace/robocup_demo/install/booster_interface/share/booster_interface/msg/ButtonEventMsg.idl
[2.391s] -- Up-to-date symlink: /home/booster/Workspace/robocup_demo/install/booster_interface/share/booster_interface/msg/MotorState.idl
[2.391s] -- Up-to-date symlink: /home/booster/Workspace/robocup_demo/install/booster_interface/share/booster_interface/msg/MotorCmd.idl
[2.391s] -- Up-to-date symlink: /home/booster/Workspace/robocup_demo/install/booster_interface/share/booster_interface/msg/LowCmd.idl
[2.391s] -- Up-to-date symlink: /home/booster/Workspace/robocup_demo/install/booster_interface/share/booster_interface/msg/ImuState.idl
[2.391s] -- Up-to-date symlink: /home/booster/Workspace/robocup_demo/install/booster_interface/share/booster_interface/msg/LowState.idl
[2.391s] -- Up-to-date symlink: /home/booster/Workspace/robocup_demo/install/booster_interface/share/booster_interface/msg/RawBytesMsg.idl
[2.392s] -- Up-to-date symlink: /home/booster/Workspace/robocup_demo/install/booster_interface/share/booster_interface/msg/RawBytesStamped.idl
[2.392s] -- Up-to-date symlink: /home/booster/Workspace/robocup_demo/install/booster_interface/share/booster_interface/msg/Odometer.idl
[2.392s] -- Up-to-date symlink: /home/booster/Workspace/robocup_demo/install/booster_interface/share/booster_interface/msg/FallDownState.idl
[2.392s] -- Up-to-date symlink: /home/booster/Workspace/robocup_demo/install/booster_interface/share/booster_interface/msg/RemoteControllerState.idl
[2.393s] -- Up-to-date symlink: /home/booster/Workspace/robocup_demo/install/booster_interface/share/booster_interface/msg/HandCommand.idl
[2.393s] -- Up-to-date symlink: /home/booster/Workspace/robocup_demo/install/booster_interface/share/booster_interface/msg/HandDdsMsg.idl
[2.393s] -- Up-to-date symlink: /home/booster/Workspace/robocup_demo/install/booster_interface/share/booster_interface/msg/HandParam.idl
[2.393s] -- Up-to-date symlink: /home/booster/Workspace/robocup_demo/install/booster_interface/share/booster_interface/srv/RpcService.idl
[2.394s] -- Up-to-date symlink: /home/booster/Workspace/robocup_demo/install/booster_interface/share/booster_interface/srv/AgentService.idl
[2.394s] -- Up-to-date symlink: /home/booster/Workspace/robocup_demo/install/booster_interface/share/booster_interface/msg/BoosterApiReqMsg.msg
[2.394s] -- Up-to-date symlink: /home/booster/Workspace/robocup_demo/install/booster_interface/share/booster_interface/msg/BoosterApiRespMsg.msg
[2.394s] -- Up-to-date symlink: /home/booster/Workspace/robocup_demo/install/booster_interface/share/booster_interface/msg/ButtonEventMsg.msg
[2.394s] -- Up-to-date symlink: /home/booster/Workspace/robocup_demo/install/booster_interface/share/booster_interface/msg/MotorState.msg
[2.396s] -- Up-to-date symlink: /home/booster/Workspace/robocup_demo/install/booster_interface/share/booster_interface/msg/MotorCmd.msg
[2.396s] -- Up-to-date symlink: /home/booster/Workspace/robocup_demo/install/booster_interface/share/booster_interface/msg/LowCmd.msg
[2.396s] -- Up-to-date symlink: /home/booster/Workspace/robocup_demo/install/booster_interface/share/booster_interface/msg/ImuState.msg
[2.396s] -- Up-to-date symlink: /home/booster/Workspace/robocup_demo/install/booster_interface/share/booster_interface/msg/LowState.msg
[2.399s] -- Up-to-date symlink: /home/booster/Workspace/robocup_demo/install/booster_interface/share/booster_interface/msg/RawBytesMsg.msg
[2.399s] -- Up-to-date symlink: /home/booster/Workspace/robocup_demo/install/booster_interface/share/booster_interface/msg/RawBytesStamped.msg
[2.400s] -- Up-to-date symlink: /home/booster/Workspace/robocup_demo/install/booster_interface/share/booster_interface/msg/Odometer.msg
[2.400s] -- Up-to-date symlink: /home/booster/Workspace/robocup_demo/install/booster_interface/share/booster_interface/msg/FallDownState.msg
[2.400s] -- Up-to-date symlink: /home/booster/Workspace/robocup_demo/install/booster_interface/share/booster_interface/msg/RemoteControllerState.msg
[2.400s] -- Up-to-date symlink: /home/booster/Workspace/robocup_demo/install/booster_interface/share/booster_interface/msg/HandCommand.msg
[2.400s] -- Up-to-date symlink: /home/booster/Workspace/robocup_demo/install/booster_interface/share/booster_interface/msg/HandDdsMsg.msg
[2.401s] -- Up-to-date symlink: /home/booster/Workspace/robocup_demo/install/booster_interface/share/booster_interface/msg/HandParam.msg
[2.401s] -- Up-to-date symlink: /home/booster/Workspace/robocup_demo/install/booster_interface/share/booster_interface/srv/RpcService.srv
[2.402s] -- Up-to-date symlink: /home/booster/Workspace/robocup_demo/install/booster_interface/share/booster_interface/srv/RpcService_Request.msg
[2.402s] -- Up-to-date symlink: /home/booster/Workspace/robocup_demo/install/booster_interface/share/booster_interface/srv/RpcService_Response.msg
[2.402s] -- Up-to-date symlink: /home/booster/Workspace/robocup_demo/install/booster_interface/share/booster_interface/srv/AgentService.srv
[2.405s] -- Up-to-date symlink: /home/booster/Workspace/robocup_demo/install/booster_interface/share/booster_interface/srv/AgentService_Request.msg
[2.406s] -- Up-to-date symlink: /home/booster/Workspace/robocup_demo/install/booster_interface/share/booster_interface/srv/AgentService_Response.msg
[2.406s] -- Up-to-date symlink: /home/booster/Workspace/robocup_demo/install/booster_interface/include//booster_interface/booster_interface/message_utils.hpp
[2.409s] -- Up-to-date symlink: /home/booster/Workspace/robocup_demo/install/booster_interface/include//booster_interface/booster_interface/third_party/nlohmann_json/json.hpp
[2.413s] -- Up-to-date symlink: /home/booster/Workspace/robocup_demo/install/booster_interface/share/ament_index/resource_index/package_run_dependencies/booster_interface
[2.413s] -- Up-to-date symlink: /home/booster/Workspace/robocup_demo/install/booster_interface/share/ament_index/resource_index/parent_prefix_path/booster_interface
[2.413s] -- Up-to-date symlink: /home/booster/Workspace/robocup_demo/install/booster_interface/share/booster_interface/environment/ament_prefix_path.sh
[2.413s] -- Up-to-date symlink: /home/booster/Workspace/robocup_demo/install/booster_interface/share/booster_interface/environment/ament_prefix_path.dsv
[2.414s] -- Up-to-date symlink: /home/booster/Workspace/robocup_demo/install/booster_interface/share/booster_interface/environment/path.sh
[2.414s] -- Up-to-date symlink: /home/booster/Workspace/robocup_demo/install/booster_interface/share/booster_interface/environment/path.dsv
[2.414s] -- Up-to-date symlink: /home/booster/Workspace/robocup_demo/install/booster_interface/share/booster_interface/local_setup.bash
[2.414s] -- Up-to-date symlink: /home/booster/Workspace/robocup_demo/install/booster_interface/share/booster_interface/local_setup.sh
[2.414s] -- Up-to-date symlink: /home/booster/Workspace/robocup_demo/install/booster_interface/share/booster_interface/local_setup.zsh
[2.414s] -- Up-to-date symlink: /home/booster/Workspace/robocup_demo/install/booster_interface/share/booster_interface/local_setup.dsv
[2.415s] -- Symlinking: /home/booster/Workspace/robocup_demo/install/booster_interface/share/booster_interface/package.dsv
[2.418s] -- Up-to-date symlink: /home/booster/Workspace/robocup_demo/install/booster_interface/share/ament_index/resource_index/packages/booster_interface
[2.418s] -- Up-to-date symlink: /home/booster/Workspace/robocup_demo/install/booster_interface/share/booster_interface/cmake/rosidl_cmake-extras.cmake
[2.418s] -- Up-to-date symlink: /home/booster/Workspace/robocup_demo/install/booster_interface/share/booster_interface/cmake/ament_cmake_export_dependencies-extras.cmake
[2.419s] -- Up-to-date symlink: /home/booster/Workspace/robocup_demo/install/booster_interface/share/booster_interface/cmake/ament_cmake_export_include_directories-extras.cmake
[2.419s] -- Up-to-date symlink: /home/booster/Workspace/robocup_demo/install/booster_interface/share/booster_interface/cmake/ament_cmake_export_libraries-extras.cmake
[2.420s] -- Up-to-date symlink: /home/booster/Workspace/robocup_demo/install/booster_interface/share/booster_interface/cmake/ament_cmake_export_targets-extras.cmake
[2.420s] -- Up-to-date symlink: /home/booster/Workspace/robocup_demo/install/booster_interface/share/booster_interface/cmake/rosidl_cmake_export_typesupport_targets-extras.cmake
[2.420s] -- Up-to-date symlink: /home/booster/Workspace/robocup_demo/install/booster_interface/share/booster_interface/cmake/rosidl_cmake_export_typesupport_libraries-extras.cmake
[2.421s] -- Up-to-date symlink: /home/booster/Workspace/robocup_demo/install/booster_interface/share/booster_interface/cmake/booster_interfaceConfig.cmake
[2.421s] -- Up-to-date symlink: /home/booster/Workspace/robocup_demo/install/booster_interface/share/booster_interface/cmake/booster_interfaceConfig-version.cmake
[2.421s] -- Up-to-date symlink: /home/booster/Workspace/robocup_demo/install/booster_interface/share/booster_interface/package.xml
[2.422s] -- Up-to-date: /home/booster/Workspace/robocup_demo/install/booster_interface/lib/libbooster_interface__rosidl_generator_c.so
[2.422s] -- Up-to-date: /home/booster/Workspace/robocup_demo/install/booster_interface/lib/libbooster_interface__rosidl_typesupport_fastrtps_c.so
[2.423s] -- Up-to-date: /home/booster/Workspace/robocup_demo/install/booster_interface/lib/libbooster_interface__rosidl_typesupport_fastrtps_cpp.so
[2.423s] -- Up-to-date: /home/booster/Workspace/robocup_demo/install/booster_interface/lib/libbooster_interface__rosidl_typesupport_introspection_c.so
[2.423s] -- Up-to-date: /home/booster/Workspace/robocup_demo/install/booster_interface/lib/libbooster_interface__rosidl_typesupport_c.so
[2.423s] -- Up-to-date: /home/booster/Workspace/robocup_demo/install/booster_interface/lib/libbooster_interface__rosidl_typesupport_introspection_cpp.so
[2.423s] -- Up-to-date: /home/booster/Workspace/robocup_demo/install/booster_interface/lib/libbooster_interface__rosidl_typesupport_cpp.so
[2.483s] Listing '/home/booster/Workspace/robocup_demo/install/booster_interface/local/lib/python3.10/dist-packages/booster_interface'...
[2.483s] Listing '/home/booster/Workspace/robocup_demo/install/booster_interface/local/lib/python3.10/dist-packages/booster_interface/msg'...
[2.484s] Listing '/home/booster/Workspace/robocup_demo/install/booster_interface/local/lib/python3.10/dist-packages/booster_interface/srv'...
[2.493s] -- Up-to-date: /home/booster/Workspace/robocup_demo/install/booster_interface/lib/libbooster_interface__rosidl_generator_py.so
[2.494s] -- Up-to-date: /home/booster/Workspace/robocup_demo/install/booster_interface/share/booster_interface/cmake/export_booster_interface__rosidl_generator_cExport.cmake
[2.494s] -- Up-to-date: /home/booster/Workspace/robocup_demo/install/booster_interface/share/booster_interface/cmake/export_booster_interface__rosidl_generator_cExport-noconfig.cmake
[2.494s] -- Up-to-date: /home/booster/Workspace/robocup_demo/install/booster_interface/share/booster_interface/cmake/export_booster_interface__rosidl_typesupport_fastrtps_cExport.cmake
[2.495s] -- Up-to-date: /home/booster/Workspace/robocup_demo/install/booster_interface/share/booster_interface/cmake/export_booster_interface__rosidl_typesupport_fastrtps_cExport-noconfig.cmake
[2.495s] -- Up-to-date: /home/booster/Workspace/robocup_demo/install/booster_interface/share/booster_interface/cmake/export_booster_interface__rosidl_generator_cppExport.cmake
[2.496s] -- Up-to-date: /home/booster/Workspace/robocup_demo/install/booster_interface/share/booster_interface/cmake/export_booster_interface__rosidl_typesupport_fastrtps_cppExport.cmake
[2.496s] -- Up-to-date: /home/booster/Workspace/robocup_demo/install/booster_interface/share/booster_interface/cmake/export_booster_interface__rosidl_typesupport_fastrtps_cppExport-noconfig.cmake
[2.496s] -- Up-to-date: /home/booster/Workspace/robocup_demo/install/booster_interface/share/booster_interface/cmake/booster_interface__rosidl_typesupport_introspection_cExport.cmake
[2.496s] -- Up-to-date: /home/booster/Workspace/robocup_demo/install/booster_interface/share/booster_interface/cmake/booster_interface__rosidl_typesupport_introspection_cExport-noconfig.cmake
[2.497s] -- Up-to-date: /home/booster/Workspace/robocup_demo/install/booster_interface/share/booster_interface/cmake/booster_interface__rosidl_typesupport_cExport.cmake
[2.500s] -- Up-to-date: /home/booster/Workspace/robocup_demo/install/booster_interface/share/booster_interface/cmake/booster_interface__rosidl_typesupport_cExport-noconfig.cmake
[2.500s] -- Up-to-date: /home/booster/Workspace/robocup_demo/install/booster_interface/share/booster_interface/cmake/booster_interface__rosidl_typesupport_introspection_cppExport.cmake
[2.501s] -- Up-to-date: /home/booster/Workspace/robocup_demo/install/booster_interface/share/booster_interface/cmake/booster_interface__rosidl_typesupport_introspection_cppExport-noconfig.cmake
[2.501s] -- Up-to-date: /home/booster/Workspace/robocup_demo/install/booster_interface/share/booster_interface/cmake/booster_interface__rosidl_typesupport_cppExport.cmake
[2.502s] -- Up-to-date: /home/booster/Workspace/robocup_demo/install/booster_interface/share/booster_interface/cmake/booster_interface__rosidl_typesupport_cppExport-noconfig.cmake
[2.502s] -- Up-to-date: /home/booster/Workspace/robocup_demo/install/booster_interface/share/booster_interface/cmake/export_booster_interface__rosidl_generator_pyExport.cmake
[2.502s] -- Up-to-date: /home/booster/Workspace/robocup_demo/install/booster_interface/share/booster_interface/cmake/export_booster_interface__rosidl_generator_pyExport-noconfig.cmake
[2.514s] Invoked command in '/home/booster/Workspace/robocup_demo/build/booster_interface' returned '0': CMAKE_PREFIX_PATH=/opt/ros/humble /usr/bin/cmake --install /home/booster/Workspace/robocup_demo/build/booster_interface
