[0.047s] Invoking command in '/home/booster/Workspace/robocup_demo/build/brain': AMENT_PREFIX_PATH=/home/booster/Workspace/robocup_demo/install/vision_interface:/home/booster/Workspace/robocup_demo/install/game_controller_interface:/home/booster/Workspace/robocup_demo/install/booster_msgs:/home/booster/Workspace/robocup_demo/install/booster_interface:${AMENT_PREFIX_PATH} CMAKE_PREFIX_PATH=/home/booster/Workspace/robocup_demo/install/vision_interface:/home/booster/Workspace/robocup_demo/install/game_controller_interface:/home/booster/Workspace/robocup_demo/install/booster_msgs:/home/booster/Workspace/robocup_demo/install/booster_interface:/opt/ros/humble LD_LIBRARY_PATH=/home/booster/Workspace/robocup_demo/install/vision_interface/lib:/home/booster/Workspace/robocup_demo/install/game_controller_interface/lib:/home/booster/Workspace/robocup_demo/install/booster_msgs/lib:/home/booster/Workspace/robocup_demo/install/booster_interface/lib:/opt/ros/humble/opt/rviz_ogre_vendor/lib:/opt/ros/humble/lib/aarch64-linux-gnu:/opt/ros/humble/lib:/usr/local/cuda/lib64 PYTHONPATH=/home/booster/Workspace/robocup_demo/install/vision_interface/local/lib/python3.10/dist-packages:/home/booster/Workspace/robocup_demo/install/game_controller_interface/local/lib/python3.10/dist-packages:/home/booster/Workspace/robocup_demo/install/booster_msgs/local/lib/python3.10/dist-packages:/home/booster/Workspace/robocup_demo/install/booster_interface/local/lib/python3.10/dist-packages:${PYTHONPATH} /usr/bin/cmake --build /home/booster/Workspace/robocup_demo/build/brain -- -j5 -l5
[0.191s] [  2%] Built target brain__cpp
[0.257s] [  2%] Built target ament_cmake_python_symlink_brain
[0.281s] [35m[1mConsolidate compiler generated dependencies of target brain__rosidl_typesupport_introspection_cpp[0m
[0.317s] [  9%] Built target brain__rosidl_typesupport_introspection_cpp
[0.855s] running egg_info
[0.857s] writing brain.egg-info/PKG-INFO
[0.857s] writing dependency_links to brain.egg-info/dependency_links.txt
[0.857s] writing top-level names to brain.egg-info/top_level.txt
[0.868s] reading manifest file 'brain.egg-info/SOURCES.txt'
[0.868s] writing manifest file 'brain.egg-info/SOURCES.txt'
[0.971s] [  9%] Built target ament_cmake_python_build_brain_egg
[0.999s] [35m[1mConsolidate compiler generated dependencies of target brain__rosidl_typesupport_fastrtps_cpp[0m
[1.028s] [ 16%] Built target brain__rosidl_typesupport_fastrtps_cpp
[1.051s] [35m[1mConsolidate compiler generated dependencies of target brain__rosidl_typesupport_cpp[0m
[1.081s] [ 23%] Built target brain__rosidl_typesupport_cpp
[1.110s] [35m[1mConsolidate compiler generated dependencies of target brain__rosidl_generator_c[0m
[1.142s] [ 30%] Built target brain__rosidl_generator_c
[1.190s] [35m[1mConsolidate compiler generated dependencies of target brain_node[0m
[1.294s] [ 33%] [32mBuilding CXX object CMakeFiles/brain_node.dir/src/brain.cpp.o[0m
[116.283s] [ 35%] [32mBuilding CXX object CMakeFiles/brain_node.dir/src/brain_communication.cpp.o[0m
[143.825s] [ 38%] [32mBuilding CXX object CMakeFiles/brain_node.dir/src/brain_log.cpp.o[0m
[177.850s] [ 40%] [32mBuilding CXX object CMakeFiles/brain_node.dir/src/brain_tree.cpp.o[0m
[211.168s] [ 42%] [32mBuilding CXX object CMakeFiles/brain_node.dir/src/locator.cpp.o[0m
[245.504s] [ 45%] [32mBuilding CXX object CMakeFiles/brain_node.dir/src/main.cpp.o[0m
[300.662s] [ 47%] [32mBuilding CXX object CMakeFiles/brain_node.dir/src/robot_client.cpp.o[0m
[337.413s] [ 50%] [32m[1mLinking CXX executable brain_node[0m
[350.008s] [ 57%] Built target brain_node
[350.044s] [35m[1mConsolidate compiler generated dependencies of target brain__rosidl_typesupport_c[0m
[350.080s] [ 64%] Built target brain__rosidl_typesupport_c
[350.112s] [35m[1mConsolidate compiler generated dependencies of target brain__rosidl_typesupport_introspection_c[0m
[350.149s] [ 71%] Built target brain__rosidl_typesupport_introspection_c
[350.197s] [35m[1mConsolidate compiler generated dependencies of target brain__rosidl_typesupport_fastrtps_c[0m
[350.240s] [ 78%] Built target brain__rosidl_typesupport_fastrtps_c
[350.286s] [ 78%] Built target brain
[350.330s] [ 80%] Built target brain__py
[350.349s] [35m[1mConsolidate compiler generated dependencies of target brain__rosidl_generator_py[0m
[350.376s] [ 85%] Built target brain__rosidl_generator_py
[350.396s] [35m[1mConsolidate compiler generated dependencies of target brain__rosidl_typesupport_fastrtps_c__pyext[0m
[350.422s] [ 90%] Built target brain__rosidl_typesupport_fastrtps_c__pyext
[350.441s] [35m[1mConsolidate compiler generated dependencies of target brain__rosidl_typesupport_c__pyext[0m
[350.467s] [ 95%] Built target brain__rosidl_typesupport_c__pyext
[350.488s] [35m[1mConsolidate compiler generated dependencies of target brain__rosidl_typesupport_introspection_c__pyext[0m
[350.512s] [100%] Built target brain__rosidl_typesupport_introspection_c__pyext
[350.539s] Invoked command in '/home/booster/Workspace/robocup_demo/build/brain' returned '0': AMENT_PREFIX_PATH=/home/booster/Workspace/robocup_demo/install/vision_interface:/home/booster/Workspace/robocup_demo/install/game_controller_interface:/home/booster/Workspace/robocup_demo/install/booster_msgs:/home/booster/Workspace/robocup_demo/install/booster_interface:${AMENT_PREFIX_PATH} CMAKE_PREFIX_PATH=/home/booster/Workspace/robocup_demo/install/vision_interface:/home/booster/Workspace/robocup_demo/install/game_controller_interface:/home/booster/Workspace/robocup_demo/install/booster_msgs:/home/booster/Workspace/robocup_demo/install/booster_interface:/opt/ros/humble LD_LIBRARY_PATH=/home/booster/Workspace/robocup_demo/install/vision_interface/lib:/home/booster/Workspace/robocup_demo/install/game_controller_interface/lib:/home/booster/Workspace/robocup_demo/install/booster_msgs/lib:/home/booster/Workspace/robocup_demo/install/booster_interface/lib:/opt/ros/humble/opt/rviz_ogre_vendor/lib:/opt/ros/humble/lib/aarch64-linux-gnu:/opt/ros/humble/lib:/usr/local/cuda/lib64 PYTHONPATH=/home/booster/Workspace/robocup_demo/install/vision_interface/local/lib/python3.10/dist-packages:/home/booster/Workspace/robocup_demo/install/game_controller_interface/local/lib/python3.10/dist-packages:/home/booster/Workspace/robocup_demo/install/booster_msgs/local/lib/python3.10/dist-packages:/home/booster/Workspace/robocup_demo/install/booster_interface/local/lib/python3.10/dist-packages:${PYTHONPATH} /usr/bin/cmake --build /home/booster/Workspace/robocup_demo/build/brain -- -j5 -l5
[350.544s] Invoking command in '/home/booster/Workspace/robocup_demo/build/brain': AMENT_PREFIX_PATH=/home/booster/Workspace/robocup_demo/install/vision_interface:/home/booster/Workspace/robocup_demo/install/game_controller_interface:/home/booster/Workspace/robocup_demo/install/booster_msgs:/home/booster/Workspace/robocup_demo/install/booster_interface:${AMENT_PREFIX_PATH} CMAKE_PREFIX_PATH=/home/booster/Workspace/robocup_demo/install/vision_interface:/home/booster/Workspace/robocup_demo/install/game_controller_interface:/home/booster/Workspace/robocup_demo/install/booster_msgs:/home/booster/Workspace/robocup_demo/install/booster_interface:/opt/ros/humble LD_LIBRARY_PATH=/home/booster/Workspace/robocup_demo/install/vision_interface/lib:/home/booster/Workspace/robocup_demo/install/game_controller_interface/lib:/home/booster/Workspace/robocup_demo/install/booster_msgs/lib:/home/booster/Workspace/robocup_demo/install/booster_interface/lib:/opt/ros/humble/opt/rviz_ogre_vendor/lib:/opt/ros/humble/lib/aarch64-linux-gnu:/opt/ros/humble/lib:/usr/local/cuda/lib64 PYTHONPATH=/home/booster/Workspace/robocup_demo/install/vision_interface/local/lib/python3.10/dist-packages:/home/booster/Workspace/robocup_demo/install/game_controller_interface/local/lib/python3.10/dist-packages:/home/booster/Workspace/robocup_demo/install/booster_msgs/local/lib/python3.10/dist-packages:/home/booster/Workspace/robocup_demo/install/booster_interface/local/lib/python3.10/dist-packages:${PYTHONPATH} /usr/bin/cmake --install /home/booster/Workspace/robocup_demo/build/brain
[350.574s] -- Install configuration: ""
[350.576s] -- Execute custom install script
[350.576s] -- Up-to-date symlink: /home/booster/Workspace/robocup_demo/install/brain/share/ament_index/resource_index/rosidl_interfaces/brain
[350.577s] -- Up-to-date symlink: /home/booster/Workspace/robocup_demo/install/brain/include/brain/brain/msg/detail/kick__functions.h
[350.578s] -- Up-to-date symlink: /home/booster/Workspace/robocup_demo/install/brain/include/brain/brain/msg/detail/kick__struct.h
[350.584s] -- Up-to-date symlink: /home/booster/Workspace/robocup_demo/install/brain/include/brain/brain/msg/detail/kick__type_support.h
[350.593s] -- Up-to-date symlink: /home/booster/Workspace/robocup_demo/install/brain/include/brain/brain/msg/kick.h
[350.594s] -- Up-to-date symlink: /home/booster/Workspace/robocup_demo/install/brain/include/brain/brain/msg/rosidl_generator_c__visibility_control.h
[350.594s] -- Up-to-date symlink: /home/booster/Workspace/robocup_demo/install/brain/share/brain/environment/library_path.sh
[350.594s] -- Up-to-date symlink: /home/booster/Workspace/robocup_demo/install/brain/share/brain/environment/library_path.dsv
[350.595s] -- Up-to-date symlink: /home/booster/Workspace/robocup_demo/install/brain/include/brain/brain/msg/detail/kick__rosidl_typesupport_fastrtps_c.h
[350.595s] -- Up-to-date symlink: /home/booster/Workspace/robocup_demo/install/brain/include/brain/brain/msg/rosidl_typesupport_fastrtps_c__visibility_control.h
[350.595s] -- Up-to-date symlink: /home/booster/Workspace/robocup_demo/install/brain/include/brain/brain/msg/detail/kick__builder.hpp
[350.595s] -- Up-to-date symlink: /home/booster/Workspace/robocup_demo/install/brain/include/brain/brain/msg/detail/kick__struct.hpp
[350.595s] -- Up-to-date symlink: /home/booster/Workspace/robocup_demo/install/brain/include/brain/brain/msg/detail/kick__traits.hpp
[350.595s] -- Up-to-date symlink: /home/booster/Workspace/robocup_demo/install/brain/include/brain/brain/msg/detail/kick__type_support.hpp
[350.595s] -- Up-to-date symlink: /home/booster/Workspace/robocup_demo/install/brain/include/brain/brain/msg/kick.hpp
[350.596s] -- Up-to-date symlink: /home/booster/Workspace/robocup_demo/install/brain/include/brain/brain/msg/rosidl_generator_cpp__visibility_control.hpp
[350.596s] -- Up-to-date symlink: /home/booster/Workspace/robocup_demo/install/brain/include/brain/brain/msg/detail/kick__rosidl_typesupport_fastrtps_cpp.hpp
[350.596s] -- Up-to-date symlink: /home/booster/Workspace/robocup_demo/install/brain/include/brain/brain/msg/rosidl_typesupport_fastrtps_cpp__visibility_control.h
[350.596s] -- Up-to-date symlink: /home/booster/Workspace/robocup_demo/install/brain/include/brain/brain/msg/detail/kick__rosidl_typesupport_introspection_c.h
[350.596s] -- Up-to-date symlink: /home/booster/Workspace/robocup_demo/install/brain/include/brain/brain/msg/rosidl_typesupport_introspection_c__visibility_control.h
[350.596s] -- Up-to-date symlink: /home/booster/Workspace/robocup_demo/install/brain/include/brain/brain/msg/detail/kick__rosidl_typesupport_introspection_cpp.hpp
[350.596s] -- Up-to-date symlink: /home/booster/Workspace/robocup_demo/install/brain/share/brain/environment/pythonpath.sh
[350.596s] -- Up-to-date symlink: /home/booster/Workspace/robocup_demo/install/brain/share/brain/environment/pythonpath.dsv
[350.596s] -- Up-to-date symlink: /home/booster/Workspace/robocup_demo/install/brain/local/lib/python3.10/dist-packages/brain-0.0.0-py3.10.egg-info/PKG-INFO
[350.596s] -- Up-to-date symlink: /home/booster/Workspace/robocup_demo/install/brain/local/lib/python3.10/dist-packages/brain-0.0.0-py3.10.egg-info/SOURCES.txt
[350.600s] -- Up-to-date symlink: /home/booster/Workspace/robocup_demo/install/brain/local/lib/python3.10/dist-packages/brain-0.0.0-py3.10.egg-info/dependency_links.txt
[350.600s] -- Up-to-date symlink: /home/booster/Workspace/robocup_demo/install/brain/local/lib/python3.10/dist-packages/brain-0.0.0-py3.10.egg-info/top_level.txt
[350.600s] -- Up-to-date symlink: /home/booster/Workspace/robocup_demo/install/brain/local/lib/python3.10/dist-packages/brain/__init__.py
[350.600s] -- Up-to-date symlink: /home/booster/Workspace/robocup_demo/install/brain/local/lib/python3.10/dist-packages/brain/_brain_s.ep.rosidl_typesupport_c.c
[350.600s] -- Up-to-date symlink: /home/booster/Workspace/robocup_demo/install/brain/local/lib/python3.10/dist-packages/brain/_brain_s.ep.rosidl_typesupport_fastrtps_c.c
[350.600s] -- Up-to-date symlink: /home/booster/Workspace/robocup_demo/install/brain/local/lib/python3.10/dist-packages/brain/_brain_s.ep.rosidl_typesupport_introspection_c.c
[350.600s] -- Up-to-date symlink: /home/booster/Workspace/robocup_demo/install/brain/local/lib/python3.10/dist-packages/brain/brain_s__rosidl_typesupport_c.cpython-310-aarch64-linux-gnu.so
[350.601s] -- Up-to-date symlink: /home/booster/Workspace/robocup_demo/install/brain/local/lib/python3.10/dist-packages/brain/brain_s__rosidl_typesupport_fastrtps_c.cpython-310-aarch64-linux-gnu.so
[350.601s] -- Up-to-date symlink: /home/booster/Workspace/robocup_demo/install/brain/local/lib/python3.10/dist-packages/brain/brain_s__rosidl_typesupport_introspection_c.cpython-310-aarch64-linux-gnu.so
[350.601s] -- Up-to-date symlink: /home/booster/Workspace/robocup_demo/install/brain/local/lib/python3.10/dist-packages/brain/libbrain__rosidl_generator_py.so
[350.601s] -- Up-to-date symlink: /home/booster/Workspace/robocup_demo/install/brain/local/lib/python3.10/dist-packages/brain/msg/__init__.py
[350.602s] -- Up-to-date symlink: /home/booster/Workspace/robocup_demo/install/brain/local/lib/python3.10/dist-packages/brain/msg/_kick.py
[350.602s] -- Up-to-date symlink: /home/booster/Workspace/robocup_demo/install/brain/local/lib/python3.10/dist-packages/brain/msg/_kick_s.c
[350.602s] -- Up-to-date symlink: /home/booster/Workspace/robocup_demo/install/brain/local/lib/python3.10/dist-packages/brain/brain_s__rosidl_typesupport_fastrtps_c.cpython-310-aarch64-linux-gnu.so
[350.602s] -- Up-to-date symlink: /home/booster/Workspace/robocup_demo/install/brain/local/lib/python3.10/dist-packages/brain/brain_s__rosidl_typesupport_introspection_c.cpython-310-aarch64-linux-gnu.so
[350.602s] -- Up-to-date symlink: /home/booster/Workspace/robocup_demo/install/brain/local/lib/python3.10/dist-packages/brain/brain_s__rosidl_typesupport_c.cpython-310-aarch64-linux-gnu.so
[350.603s] -- Up-to-date symlink: /home/booster/Workspace/robocup_demo/install/brain/share/brain/msg/Kick.idl
[350.603s] -- Up-to-date symlink: /home/booster/Workspace/robocup_demo/install/brain/share/brain/msg/Kick.msg
[350.603s] -- Up-to-date symlink: /home/booster/Workspace/robocup_demo/install/brain/lib/brain/brain_node
[350.603s] -- Up-to-date symlink: /home/booster/Workspace/robocup_demo/install/brain/share/brain/launch/launch.py
[350.604s] -- Up-to-date symlink: /home/booster/Workspace/robocup_demo/install/brain/share/brain/config/config.yaml
[350.604s] -- Up-to-date symlink: /home/booster/Workspace/robocup_demo/install/brain/share/brain/behavior_trees/game.xml
[350.604s] -- Up-to-date symlink: /home/booster/Workspace/robocup_demo/install/brain/share/brain/behavior_trees/subtrees/subtree_auto_standup_and_locate.xml
[350.604s] -- Up-to-date symlink: /home/booster/Workspace/robocup_demo/install/brain/share/brain/behavior_trees/subtrees/subtree_cam_find_and_track_ball.xml
[350.604s] -- Up-to-date symlink: /home/booster/Workspace/robocup_demo/install/brain/share/brain/behavior_trees/subtrees/subtree_find_ball.xml
[350.604s] -- Up-to-date symlink: /home/booster/Workspace/robocup_demo/install/brain/share/brain/behavior_trees/subtrees/subtree_goal_keeper_freekick.xml
[350.605s] -- Up-to-date symlink: /home/booster/Workspace/robocup_demo/install/brain/share/brain/behavior_trees/subtrees/subtree_goal_keeper_play.xml
[350.605s] -- Up-to-date symlink: /home/booster/Workspace/robocup_demo/install/brain/share/brain/behavior_trees/subtrees/subtree_locate.xml
[350.605s] -- Up-to-date symlink: /home/booster/Workspace/robocup_demo/install/brain/share/brain/behavior_trees/subtrees/subtree_striker_freekick.xml
[350.605s] -- Up-to-date symlink: /home/booster/Workspace/robocup_demo/install/brain/share/brain/behavior_trees/subtrees/subtree_striker_play.xml
[350.606s] -- Up-to-date symlink: /home/booster/Workspace/robocup_demo/install/brain/share/ament_index/resource_index/package_run_dependencies/brain
[350.606s] -- Up-to-date symlink: /home/booster/Workspace/robocup_demo/install/brain/share/ament_index/resource_index/parent_prefix_path/brain
[350.606s] -- Up-to-date symlink: /home/booster/Workspace/robocup_demo/install/brain/share/brain/environment/ament_prefix_path.sh
[350.606s] -- Up-to-date symlink: /home/booster/Workspace/robocup_demo/install/brain/share/brain/environment/ament_prefix_path.dsv
[350.606s] -- Up-to-date symlink: /home/booster/Workspace/robocup_demo/install/brain/share/brain/environment/path.sh
[350.606s] -- Up-to-date symlink: /home/booster/Workspace/robocup_demo/install/brain/share/brain/environment/path.dsv
[350.606s] -- Up-to-date symlink: /home/booster/Workspace/robocup_demo/install/brain/share/brain/local_setup.bash
[350.606s] -- Up-to-date symlink: /home/booster/Workspace/robocup_demo/install/brain/share/brain/local_setup.sh
[350.606s] -- Up-to-date symlink: /home/booster/Workspace/robocup_demo/install/brain/share/brain/local_setup.zsh
[350.606s] -- Up-to-date symlink: /home/booster/Workspace/robocup_demo/install/brain/share/brain/local_setup.dsv
[350.607s] -- Symlinking: /home/booster/Workspace/robocup_demo/install/brain/share/brain/package.dsv
[350.628s] -- Up-to-date symlink: /home/booster/Workspace/robocup_demo/install/brain/share/ament_index/resource_index/packages/brain
[350.628s] -- Up-to-date symlink: /home/booster/Workspace/robocup_demo/install/brain/share/brain/cmake/rosidl_cmake-extras.cmake
[350.628s] -- Up-to-date symlink: /home/booster/Workspace/robocup_demo/install/brain/share/brain/cmake/ament_cmake_export_dependencies-extras.cmake
[350.629s] -- Up-to-date symlink: /home/booster/Workspace/robocup_demo/install/brain/share/brain/cmake/ament_cmake_export_include_directories-extras.cmake
[350.629s] -- Up-to-date symlink: /home/booster/Workspace/robocup_demo/install/brain/share/brain/cmake/ament_cmake_export_libraries-extras.cmake
[350.629s] -- Up-to-date symlink: /home/booster/Workspace/robocup_demo/install/brain/share/brain/cmake/ament_cmake_export_targets-extras.cmake
[350.629s] -- Up-to-date symlink: /home/booster/Workspace/robocup_demo/install/brain/share/brain/cmake/rosidl_cmake_export_typesupport_targets-extras.cmake
[350.629s] -- Up-to-date symlink: /home/booster/Workspace/robocup_demo/install/brain/share/brain/cmake/rosidl_cmake_export_typesupport_libraries-extras.cmake
[350.630s] -- Up-to-date symlink: /home/booster/Workspace/robocup_demo/install/brain/share/brain/cmake/brainConfig.cmake
[350.630s] -- Up-to-date symlink: /home/booster/Workspace/robocup_demo/install/brain/share/brain/cmake/brainConfig-version.cmake
[350.630s] -- Up-to-date symlink: /home/booster/Workspace/robocup_demo/install/brain/share/brain/package.xml
[350.630s] -- Up-to-date: /home/booster/Workspace/robocup_demo/install/brain/lib/libbrain__rosidl_generator_c.so
[350.632s] -- Up-to-date: /home/booster/Workspace/robocup_demo/install/brain/lib/libbrain__rosidl_typesupport_fastrtps_c.so
[350.632s] -- Up-to-date: /home/booster/Workspace/robocup_demo/install/brain/lib/libbrain__rosidl_typesupport_fastrtps_cpp.so
[350.633s] -- Up-to-date: /home/booster/Workspace/robocup_demo/install/brain/lib/libbrain__rosidl_typesupport_introspection_c.so
[350.633s] -- Up-to-date: /home/booster/Workspace/robocup_demo/install/brain/lib/libbrain__rosidl_typesupport_c.so
[350.634s] -- Up-to-date: /home/booster/Workspace/robocup_demo/install/brain/lib/libbrain__rosidl_typesupport_introspection_cpp.so
[350.634s] -- Up-to-date: /home/booster/Workspace/robocup_demo/install/brain/lib/libbrain__rosidl_typesupport_cpp.so
[350.735s] Listing '/home/booster/Workspace/robocup_demo/install/brain/local/lib/python3.10/dist-packages/brain'...
[350.735s] Listing '/home/booster/Workspace/robocup_demo/install/brain/local/lib/python3.10/dist-packages/brain/msg'...
[350.754s] -- Up-to-date: /home/booster/Workspace/robocup_demo/install/brain/lib/libbrain__rosidl_generator_py.so
[350.754s] -- Up-to-date: /home/booster/Workspace/robocup_demo/install/brain/share/brain/cmake/export_brain__rosidl_generator_cExport.cmake
[350.756s] -- Up-to-date: /home/booster/Workspace/robocup_demo/install/brain/share/brain/cmake/export_brain__rosidl_generator_cExport-noconfig.cmake
[350.757s] -- Up-to-date: /home/booster/Workspace/robocup_demo/install/brain/share/brain/cmake/export_brain__rosidl_typesupport_fastrtps_cExport.cmake
[350.757s] -- Up-to-date: /home/booster/Workspace/robocup_demo/install/brain/share/brain/cmake/export_brain__rosidl_typesupport_fastrtps_cExport-noconfig.cmake
[350.757s] -- Up-to-date: /home/booster/Workspace/robocup_demo/install/brain/share/brain/cmake/export_brain__rosidl_generator_cppExport.cmake
[350.757s] -- Up-to-date: /home/booster/Workspace/robocup_demo/install/brain/share/brain/cmake/export_brain__rosidl_typesupport_fastrtps_cppExport.cmake
[350.757s] -- Up-to-date: /home/booster/Workspace/robocup_demo/install/brain/share/brain/cmake/export_brain__rosidl_typesupport_fastrtps_cppExport-noconfig.cmake
[350.757s] -- Up-to-date: /home/booster/Workspace/robocup_demo/install/brain/share/brain/cmake/brain__rosidl_typesupport_introspection_cExport.cmake
[350.757s] -- Up-to-date: /home/booster/Workspace/robocup_demo/install/brain/share/brain/cmake/brain__rosidl_typesupport_introspection_cExport-noconfig.cmake
[350.757s] -- Up-to-date: /home/booster/Workspace/robocup_demo/install/brain/share/brain/cmake/brain__rosidl_typesupport_cExport.cmake
[350.757s] -- Up-to-date: /home/booster/Workspace/robocup_demo/install/brain/share/brain/cmake/brain__rosidl_typesupport_cExport-noconfig.cmake
[350.757s] -- Up-to-date: /home/booster/Workspace/robocup_demo/install/brain/share/brain/cmake/brain__rosidl_typesupport_introspection_cppExport.cmake
[350.758s] -- Up-to-date: /home/booster/Workspace/robocup_demo/install/brain/share/brain/cmake/brain__rosidl_typesupport_introspection_cppExport-noconfig.cmake
[350.762s] -- Up-to-date: /home/booster/Workspace/robocup_demo/install/brain/share/brain/cmake/brain__rosidl_typesupport_cppExport.cmake
[350.763s] -- Up-to-date: /home/booster/Workspace/robocup_demo/install/brain/share/brain/cmake/brain__rosidl_typesupport_cppExport-noconfig.cmake
[350.763s] -- Up-to-date: /home/booster/Workspace/robocup_demo/install/brain/share/brain/cmake/export_brain__rosidl_generator_pyExport.cmake
[350.763s] -- Up-to-date: /home/booster/Workspace/robocup_demo/install/brain/share/brain/cmake/export_brain__rosidl_generator_pyExport-noconfig.cmake
[350.775s] Invoked command in '/home/booster/Workspace/robocup_demo/build/brain' returned '0': AMENT_PREFIX_PATH=/home/booster/Workspace/robocup_demo/install/vision_interface:/home/booster/Workspace/robocup_demo/install/game_controller_interface:/home/booster/Workspace/robocup_demo/install/booster_msgs:/home/booster/Workspace/robocup_demo/install/booster_interface:${AMENT_PREFIX_PATH} CMAKE_PREFIX_PATH=/home/booster/Workspace/robocup_demo/install/vision_interface:/home/booster/Workspace/robocup_demo/install/game_controller_interface:/home/booster/Workspace/robocup_demo/install/booster_msgs:/home/booster/Workspace/robocup_demo/install/booster_interface:/opt/ros/humble LD_LIBRARY_PATH=/home/booster/Workspace/robocup_demo/install/vision_interface/lib:/home/booster/Workspace/robocup_demo/install/game_controller_interface/lib:/home/booster/Workspace/robocup_demo/install/booster_msgs/lib:/home/booster/Workspace/robocup_demo/install/booster_interface/lib:/opt/ros/humble/opt/rviz_ogre_vendor/lib:/opt/ros/humble/lib/aarch64-linux-gnu:/opt/ros/humble/lib:/usr/local/cuda/lib64 PYTHONPATH=/home/booster/Workspace/robocup_demo/install/vision_interface/local/lib/python3.10/dist-packages:/home/booster/Workspace/robocup_demo/install/game_controller_interface/local/lib/python3.10/dist-packages:/home/booster/Workspace/robocup_demo/install/booster_msgs/local/lib/python3.10/dist-packages:/home/booster/Workspace/robocup_demo/install/booster_interface/local/lib/python3.10/dist-packages:${PYTHONPATH} /usr/bin/cmake --install /home/booster/Workspace/robocup_demo/build/brain
