[0.109s] Invoking command in '/home/booster/Workspace/robocup_demo/build/booster_interface': CMAKE_PREFIX_PATH=/opt/ros/humble /usr/bin/cmake --build /home/booster/Workspace/robocup_demo/build/booster_interface -- -j5 -l5
[0.340s] [  0%] Built target booster_interface__cpp
[0.552s] [  0%] Built target ament_cmake_python_symlink_booster_interface
[0.722s] [ 12%] Built target booster_interface__rosidl_typesupport_introspection_cpp
[1.643s] running egg_info
[1.646s] writing booster_interface.egg-info/PKG-INFO
[1.647s] writing dependency_links to booster_interface.egg-info/dependency_links.txt
[1.649s] writing top-level names to booster_interface.egg-info/top_level.txt
[1.662s] reading manifest file 'booster_interface.egg-info/SOURCES.txt'
[1.668s] writing manifest file 'booster_interface.egg-info/SOURCES.txt'
[1.885s] [ 12%] Built target ament_cmake_python_build_booster_interface_egg
[1.996s] [ 24%] Built target booster_interface__rosidl_typesupport_fastrtps_cpp
[2.117s] [ 36%] Built target booster_interface__rosidl_typesupport_cpp
[2.297s] [ 48%] Built target booster_interface__rosidl_generator_c
[2.425s] [ 60%] Built target booster_interface__rosidl_typesupport_fastrtps_c
[2.659s] [ 72%] Built target booster_interface__rosidl_typesupport_c
[2.774s] [ 84%] Built target booster_interface__rosidl_typesupport_introspection_c
[2.846s] [ 84%] Built target booster_interface
[2.936s] [ 85%] Built target booster_interface__py
[3.128s] [ 96%] Built target booster_interface__rosidl_generator_py
[3.241s] [ 97%] Built target booster_interface__rosidl_typesupport_fastrtps_c__pyext
[3.289s] [ 98%] Built target booster_interface__rosidl_typesupport_c__pyext
[3.350s] [100%] Built target booster_interface__rosidl_typesupport_introspection_c__pyext
[3.408s] Invoked command in '/home/booster/Workspace/robocup_demo/build/booster_interface' returned '0': CMAKE_PREFIX_PATH=/opt/ros/humble /usr/bin/cmake --build /home/booster/Workspace/robocup_demo/build/booster_interface -- -j5 -l5
[3.425s] Invoking command in '/home/booster/Workspace/robocup_demo/build/booster_interface': CMAKE_PREFIX_PATH=/opt/ros/humble /usr/bin/cmake --install /home/booster/Workspace/robocup_demo/build/booster_interface
[3.450s] -- Install configuration: ""
[3.451s] -- Execute custom install script
[3.454s] -- Up-to-date symlink: /home/booster/Workspace/robocup_demo/install/booster_interface/share/ament_index/resource_index/rosidl_interfaces/booster_interface
[3.459s] -- Up-to-date symlink: /home/booster/Workspace/robocup_demo/install/booster_interface/include/booster_interface/booster_interface/msg/booster_api_req_msg.h
[3.460s] -- Up-to-date symlink: /home/booster/Workspace/robocup_demo/install/booster_interface/include/booster_interface/booster_interface/msg/booster_api_resp_msg.h
[3.460s] -- Up-to-date symlink: /home/booster/Workspace/robocup_demo/install/booster_interface/include/booster_interface/booster_interface/msg/button_event_msg.h
[3.462s] -- Up-to-date symlink: /home/booster/Workspace/robocup_demo/install/booster_interface/include/booster_interface/booster_interface/msg/detail/booster_api_req_msg__functions.h
[3.465s] -- Up-to-date symlink: /home/booster/Workspace/robocup_demo/install/booster_interface/include/booster_interface/booster_interface/msg/detail/booster_api_req_msg__struct.h
[3.465s] -- Up-to-date symlink: /home/booster/Workspace/robocup_demo/install/booster_interface/include/booster_interface/booster_interface/msg/detail/booster_api_req_msg__type_support.h
[3.467s] -- Up-to-date symlink: /home/booster/Workspace/robocup_demo/install/booster_interface/include/booster_interface/booster_interface/msg/detail/booster_api_resp_msg__functions.h
[3.468s] -- Up-to-date symlink: /home/booster/Workspace/robocup_demo/install/booster_interface/include/booster_interface/booster_interface/msg/detail/booster_api_resp_msg__struct.h
[3.468s] -- Up-to-date symlink: /home/booster/Workspace/robocup_demo/install/booster_interface/include/booster_interface/booster_interface/msg/detail/booster_api_resp_msg__type_support.h
[3.468s] -- Up-to-date symlink: /home/booster/Workspace/robocup_demo/install/booster_interface/include/booster_interface/booster_interface/msg/detail/button_event_msg__functions.h
[3.468s] -- Up-to-date symlink: /home/booster/Workspace/robocup_demo/install/booster_interface/include/booster_interface/booster_interface/msg/detail/button_event_msg__struct.h
[3.468s] -- Up-to-date symlink: /home/booster/Workspace/robocup_demo/install/booster_interface/include/booster_interface/booster_interface/msg/detail/button_event_msg__type_support.h
[3.471s] -- Up-to-date symlink: /home/booster/Workspace/robocup_demo/install/booster_interface/include/booster_interface/booster_interface/msg/detail/fall_down_state__functions.h
[3.472s] -- Up-to-date symlink: /home/booster/Workspace/robocup_demo/install/booster_interface/include/booster_interface/booster_interface/msg/detail/fall_down_state__struct.h
[3.472s] -- Up-to-date symlink: /home/booster/Workspace/robocup_demo/install/booster_interface/include/booster_interface/booster_interface/msg/detail/fall_down_state__type_support.h
[3.473s] -- Up-to-date symlink: /home/booster/Workspace/robocup_demo/install/booster_interface/include/booster_interface/booster_interface/msg/detail/hand_command__functions.h
[3.477s] -- Up-to-date symlink: /home/booster/Workspace/robocup_demo/install/booster_interface/include/booster_interface/booster_interface/msg/detail/hand_command__struct.h
[3.478s] -- Up-to-date symlink: /home/booster/Workspace/robocup_demo/install/booster_interface/include/booster_interface/booster_interface/msg/detail/hand_command__type_support.h
[3.478s] -- Up-to-date symlink: /home/booster/Workspace/robocup_demo/install/booster_interface/include/booster_interface/booster_interface/msg/detail/hand_dds_msg__functions.h
[3.479s] -- Up-to-date symlink: /home/booster/Workspace/robocup_demo/install/booster_interface/include/booster_interface/booster_interface/msg/detail/hand_dds_msg__struct.h
[3.479s] -- Up-to-date symlink: /home/booster/Workspace/robocup_demo/install/booster_interface/include/booster_interface/booster_interface/msg/detail/hand_dds_msg__type_support.h
[3.482s] -- Up-to-date symlink: /home/booster/Workspace/robocup_demo/install/booster_interface/include/booster_interface/booster_interface/msg/detail/hand_param__functions.h
[3.482s] -- Up-to-date symlink: /home/booster/Workspace/robocup_demo/install/booster_interface/include/booster_interface/booster_interface/msg/detail/hand_param__struct.h
[3.484s] -- Up-to-date symlink: /home/booster/Workspace/robocup_demo/install/booster_interface/include/booster_interface/booster_interface/msg/detail/hand_param__type_support.h
[3.487s] -- Up-to-date symlink: /home/booster/Workspace/robocup_demo/install/booster_interface/include/booster_interface/booster_interface/msg/detail/imu_state__functions.h
[3.491s] -- Up-to-date symlink: /home/booster/Workspace/robocup_demo/install/booster_interface/include/booster_interface/booster_interface/msg/detail/imu_state__struct.h
[3.491s] -- Up-to-date symlink: /home/booster/Workspace/robocup_demo/install/booster_interface/include/booster_interface/booster_interface/msg/detail/imu_state__type_support.h
[3.496s] -- Up-to-date symlink: /home/booster/Workspace/robocup_demo/install/booster_interface/include/booster_interface/booster_interface/msg/detail/low_cmd__functions.h
[3.497s] -- Up-to-date symlink: /home/booster/Workspace/robocup_demo/install/booster_interface/include/booster_interface/booster_interface/msg/detail/low_cmd__struct.h
[3.503s] -- Up-to-date symlink: /home/booster/Workspace/robocup_demo/install/booster_interface/include/booster_interface/booster_interface/msg/detail/low_cmd__type_support.h
[3.505s] -- Up-to-date symlink: /home/booster/Workspace/robocup_demo/install/booster_interface/include/booster_interface/booster_interface/msg/detail/low_state__functions.h
[3.505s] -- Up-to-date symlink: /home/booster/Workspace/robocup_demo/install/booster_interface/include/booster_interface/booster_interface/msg/detail/low_state__struct.h
[3.505s] -- Up-to-date symlink: /home/booster/Workspace/robocup_demo/install/booster_interface/include/booster_interface/booster_interface/msg/detail/low_state__type_support.h
[3.505s] -- Up-to-date symlink: /home/booster/Workspace/robocup_demo/install/booster_interface/include/booster_interface/booster_interface/msg/detail/motor_cmd__functions.h
[3.505s] -- Up-to-date symlink: /home/booster/Workspace/robocup_demo/install/booster_interface/include/booster_interface/booster_interface/msg/detail/motor_cmd__struct.h
[3.505s] -- Up-to-date symlink: /home/booster/Workspace/robocup_demo/install/booster_interface/include/booster_interface/booster_interface/msg/detail/motor_cmd__type_support.h
[3.507s] -- Up-to-date symlink: /home/booster/Workspace/robocup_demo/install/booster_interface/include/booster_interface/booster_interface/msg/detail/motor_state__functions.h
[3.508s] -- Up-to-date symlink: /home/booster/Workspace/robocup_demo/install/booster_interface/include/booster_interface/booster_interface/msg/detail/motor_state__struct.h
[3.508s] -- Up-to-date symlink: /home/booster/Workspace/robocup_demo/install/booster_interface/include/booster_interface/booster_interface/msg/detail/motor_state__type_support.h
[3.509s] -- Up-to-date symlink: /home/booster/Workspace/robocup_demo/install/booster_interface/include/booster_interface/booster_interface/msg/detail/odometer__functions.h
[3.509s] -- Up-to-date symlink: /home/booster/Workspace/robocup_demo/install/booster_interface/include/booster_interface/booster_interface/msg/detail/odometer__struct.h
[3.509s] -- Up-to-date symlink: /home/booster/Workspace/robocup_demo/install/booster_interface/include/booster_interface/booster_interface/msg/detail/odometer__type_support.h
[3.509s] -- Up-to-date symlink: /home/booster/Workspace/robocup_demo/install/booster_interface/include/booster_interface/booster_interface/msg/detail/raw_bytes_msg__functions.h
[3.512s] -- Up-to-date symlink: /home/booster/Workspace/robocup_demo/install/booster_interface/include/booster_interface/booster_interface/msg/detail/raw_bytes_msg__struct.h
[3.512s] -- Up-to-date symlink: /home/booster/Workspace/robocup_demo/install/booster_interface/include/booster_interface/booster_interface/msg/detail/raw_bytes_msg__type_support.h
[3.513s] -- Up-to-date symlink: /home/booster/Workspace/robocup_demo/install/booster_interface/include/booster_interface/booster_interface/msg/detail/raw_bytes_stamped__functions.h
[3.515s] -- Up-to-date symlink: /home/booster/Workspace/robocup_demo/install/booster_interface/include/booster_interface/booster_interface/msg/detail/raw_bytes_stamped__struct.h
[3.516s] -- Up-to-date symlink: /home/booster/Workspace/robocup_demo/install/booster_interface/include/booster_interface/booster_interface/msg/detail/raw_bytes_stamped__type_support.h
[3.517s] -- Up-to-date symlink: /home/booster/Workspace/robocup_demo/install/booster_interface/include/booster_interface/booster_interface/msg/detail/remote_controller_state__functions.h
[3.517s] -- Up-to-date symlink: /home/booster/Workspace/robocup_demo/install/booster_interface/include/booster_interface/booster_interface/msg/detail/remote_controller_state__struct.h
[3.517s] -- Up-to-date symlink: /home/booster/Workspace/robocup_demo/install/booster_interface/include/booster_interface/booster_interface/msg/detail/remote_controller_state__type_support.h
[3.517s] -- Up-to-date symlink: /home/booster/Workspace/robocup_demo/install/booster_interface/include/booster_interface/booster_interface/msg/fall_down_state.h
[3.518s] -- Up-to-date symlink: /home/booster/Workspace/robocup_demo/install/booster_interface/include/booster_interface/booster_interface/msg/hand_command.h
[3.518s] -- Up-to-date symlink: /home/booster/Workspace/robocup_demo/install/booster_interface/include/booster_interface/booster_interface/msg/hand_dds_msg.h
[3.518s] -- Up-to-date symlink: /home/booster/Workspace/robocup_demo/install/booster_interface/include/booster_interface/booster_interface/msg/hand_param.h
[3.519s] -- Up-to-date symlink: /home/booster/Workspace/robocup_demo/install/booster_interface/include/booster_interface/booster_interface/msg/imu_state.h
[3.519s] -- Up-to-date symlink: /home/booster/Workspace/robocup_demo/install/booster_interface/include/booster_interface/booster_interface/msg/low_cmd.h
[3.520s] -- Up-to-date symlink: /home/booster/Workspace/robocup_demo/install/booster_interface/include/booster_interface/booster_interface/msg/low_state.h
[3.521s] -- Up-to-date symlink: /home/booster/Workspace/robocup_demo/install/booster_interface/include/booster_interface/booster_interface/msg/motor_cmd.h
[3.521s] -- Up-to-date symlink: /home/booster/Workspace/robocup_demo/install/booster_interface/include/booster_interface/booster_interface/msg/motor_state.h
[3.521s] -- Up-to-date symlink: /home/booster/Workspace/robocup_demo/install/booster_interface/include/booster_interface/booster_interface/msg/odometer.h
[3.521s] -- Up-to-date symlink: /home/booster/Workspace/robocup_demo/install/booster_interface/include/booster_interface/booster_interface/msg/raw_bytes_msg.h
[3.521s] -- Up-to-date symlink: /home/booster/Workspace/robocup_demo/install/booster_interface/include/booster_interface/booster_interface/msg/raw_bytes_stamped.h
[3.521s] -- Up-to-date symlink: /home/booster/Workspace/robocup_demo/install/booster_interface/include/booster_interface/booster_interface/msg/remote_controller_state.h
[3.522s] -- Up-to-date symlink: /home/booster/Workspace/robocup_demo/install/booster_interface/include/booster_interface/booster_interface/msg/rosidl_generator_c__visibility_control.h
[3.523s] -- Up-to-date symlink: /home/booster/Workspace/robocup_demo/install/booster_interface/include/booster_interface/booster_interface/srv/agent_service.h
[3.524s] -- Up-to-date symlink: /home/booster/Workspace/robocup_demo/install/booster_interface/include/booster_interface/booster_interface/srv/detail/agent_service__functions.h
[3.525s] -- Up-to-date symlink: /home/booster/Workspace/robocup_demo/install/booster_interface/include/booster_interface/booster_interface/srv/detail/agent_service__struct.h
[3.525s] -- Up-to-date symlink: /home/booster/Workspace/robocup_demo/install/booster_interface/include/booster_interface/booster_interface/srv/detail/agent_service__type_support.h
[3.525s] -- Up-to-date symlink: /home/booster/Workspace/robocup_demo/install/booster_interface/include/booster_interface/booster_interface/srv/detail/rpc_service__functions.h
[3.526s] -- Up-to-date symlink: /home/booster/Workspace/robocup_demo/install/booster_interface/include/booster_interface/booster_interface/srv/detail/rpc_service__struct.h
[3.527s] -- Up-to-date symlink: /home/booster/Workspace/robocup_demo/install/booster_interface/include/booster_interface/booster_interface/srv/detail/rpc_service__type_support.h
[3.527s] -- Up-to-date symlink: /home/booster/Workspace/robocup_demo/install/booster_interface/include/booster_interface/booster_interface/srv/rpc_service.h
[3.527s] -- Up-to-date symlink: /home/booster/Workspace/robocup_demo/install/booster_interface/share/booster_interface/environment/library_path.sh
[3.528s] -- Up-to-date symlink: /home/booster/Workspace/robocup_demo/install/booster_interface/share/booster_interface/environment/library_path.dsv
[3.530s] -- Up-to-date symlink: /home/booster/Workspace/robocup_demo/install/booster_interface/include/booster_interface/booster_interface/msg/detail/booster_api_req_msg__rosidl_typesupport_fastrtps_c.h
[3.531s] -- Up-to-date symlink: /home/booster/Workspace/robocup_demo/install/booster_interface/include/booster_interface/booster_interface/msg/detail/booster_api_resp_msg__rosidl_typesupport_fastrtps_c.h
[3.531s] -- Up-to-date symlink: /home/booster/Workspace/robocup_demo/install/booster_interface/include/booster_interface/booster_interface/msg/detail/button_event_msg__rosidl_typesupport_fastrtps_c.h
[3.532s] -- Up-to-date symlink: /home/booster/Workspace/robocup_demo/install/booster_interface/include/booster_interface/booster_interface/msg/detail/fall_down_state__rosidl_typesupport_fastrtps_c.h
[3.532s] -- Up-to-date symlink: /home/booster/Workspace/robocup_demo/install/booster_interface/include/booster_interface/booster_interface/msg/detail/hand_command__rosidl_typesupport_fastrtps_c.h
[3.533s] -- Up-to-date symlink: /home/booster/Workspace/robocup_demo/install/booster_interface/include/booster_interface/booster_interface/msg/detail/hand_dds_msg__rosidl_typesupport_fastrtps_c.h
[3.533s] -- Up-to-date symlink: /home/booster/Workspace/robocup_demo/install/booster_interface/include/booster_interface/booster_interface/msg/detail/hand_param__rosidl_typesupport_fastrtps_c.h
[3.533s] -- Up-to-date symlink: /home/booster/Workspace/robocup_demo/install/booster_interface/include/booster_interface/booster_interface/msg/detail/imu_state__rosidl_typesupport_fastrtps_c.h
[3.533s] -- Up-to-date symlink: /home/booster/Workspace/robocup_demo/install/booster_interface/include/booster_interface/booster_interface/msg/detail/low_cmd__rosidl_typesupport_fastrtps_c.h
[3.534s] -- Up-to-date symlink: /home/booster/Workspace/robocup_demo/install/booster_interface/include/booster_interface/booster_interface/msg/detail/low_state__rosidl_typesupport_fastrtps_c.h
[3.534s] -- Up-to-date symlink: /home/booster/Workspace/robocup_demo/install/booster_interface/include/booster_interface/booster_interface/msg/detail/motor_cmd__rosidl_typesupport_fastrtps_c.h
[3.534s] -- Up-to-date symlink: /home/booster/Workspace/robocup_demo/install/booster_interface/include/booster_interface/booster_interface/msg/detail/motor_state__rosidl_typesupport_fastrtps_c.h
[3.534s] -- Up-to-date symlink: /home/booster/Workspace/robocup_demo/install/booster_interface/include/booster_interface/booster_interface/msg/detail/odometer__rosidl_typesupport_fastrtps_c.h
[3.534s] -- Up-to-date symlink: /home/booster/Workspace/robocup_demo/install/booster_interface/include/booster_interface/booster_interface/msg/detail/raw_bytes_msg__rosidl_typesupport_fastrtps_c.h
[3.535s] -- Up-to-date symlink: /home/booster/Workspace/robocup_demo/install/booster_interface/include/booster_interface/booster_interface/msg/detail/raw_bytes_stamped__rosidl_typesupport_fastrtps_c.h
[3.547s] -- Up-to-date symlink: /home/booster/Workspace/robocup_demo/install/booster_interface/include/booster_interface/booster_interface/msg/detail/remote_controller_state__rosidl_typesupport_fastrtps_c.h
[3.548s] -- Up-to-date symlink: /home/booster/Workspace/robocup_demo/install/booster_interface/include/booster_interface/booster_interface/msg/rosidl_typesupport_fastrtps_c__visibility_control.h
[3.549s] -- Up-to-date symlink: /home/booster/Workspace/robocup_demo/install/booster_interface/include/booster_interface/booster_interface/srv/detail/agent_service__rosidl_typesupport_fastrtps_c.h
[3.550s] -- Up-to-date symlink: /home/booster/Workspace/robocup_demo/install/booster_interface/include/booster_interface/booster_interface/srv/detail/rpc_service__rosidl_typesupport_fastrtps_c.h
[3.552s] -- Up-to-date symlink: /home/booster/Workspace/robocup_demo/install/booster_interface/include/booster_interface/booster_interface/msg/booster_api_req_msg.hpp
[3.552s] -- Up-to-date symlink: /home/booster/Workspace/robocup_demo/install/booster_interface/include/booster_interface/booster_interface/msg/booster_api_resp_msg.hpp
[3.553s] -- Up-to-date symlink: /home/booster/Workspace/robocup_demo/install/booster_interface/include/booster_interface/booster_interface/msg/button_event_msg.hpp
[3.553s] -- Up-to-date symlink: /home/booster/Workspace/robocup_demo/install/booster_interface/include/booster_interface/booster_interface/msg/detail/booster_api_req_msg__builder.hpp
[3.553s] -- Up-to-date symlink: /home/booster/Workspace/robocup_demo/install/booster_interface/include/booster_interface/booster_interface/msg/detail/booster_api_req_msg__struct.hpp
[3.553s] -- Up-to-date symlink: /home/booster/Workspace/robocup_demo/install/booster_interface/include/booster_interface/booster_interface/msg/detail/booster_api_req_msg__traits.hpp
[3.554s] -- Up-to-date symlink: /home/booster/Workspace/robocup_demo/install/booster_interface/include/booster_interface/booster_interface/msg/detail/booster_api_req_msg__type_support.hpp
[3.554s] -- Up-to-date symlink: /home/booster/Workspace/robocup_demo/install/booster_interface/include/booster_interface/booster_interface/msg/detail/booster_api_resp_msg__builder.hpp
[3.554s] -- Up-to-date symlink: /home/booster/Workspace/robocup_demo/install/booster_interface/include/booster_interface/booster_interface/msg/detail/booster_api_resp_msg__struct.hpp
[3.554s] -- Up-to-date symlink: /home/booster/Workspace/robocup_demo/install/booster_interface/include/booster_interface/booster_interface/msg/detail/booster_api_resp_msg__traits.hpp
[3.559s] -- Up-to-date symlink: /home/booster/Workspace/robocup_demo/install/booster_interface/include/booster_interface/booster_interface/msg/detail/booster_api_resp_msg__type_support.hpp
[3.562s] -- Up-to-date symlink: /home/booster/Workspace/robocup_demo/install/booster_interface/include/booster_interface/booster_interface/msg/detail/button_event_msg__builder.hpp
[3.564s] -- Up-to-date symlink: /home/booster/Workspace/robocup_demo/install/booster_interface/include/booster_interface/booster_interface/msg/detail/button_event_msg__struct.hpp
[3.568s] -- Up-to-date symlink: /home/booster/Workspace/robocup_demo/install/booster_interface/include/booster_interface/booster_interface/msg/detail/button_event_msg__traits.hpp
[3.568s] -- Up-to-date symlink: /home/booster/Workspace/robocup_demo/install/booster_interface/include/booster_interface/booster_interface/msg/detail/button_event_msg__type_support.hpp
[3.569s] -- Up-to-date symlink: /home/booster/Workspace/robocup_demo/install/booster_interface/include/booster_interface/booster_interface/msg/detail/fall_down_state__builder.hpp
[3.570s] -- Up-to-date symlink: /home/booster/Workspace/robocup_demo/install/booster_interface/include/booster_interface/booster_interface/msg/detail/fall_down_state__struct.hpp
[3.570s] -- Up-to-date symlink: /home/booster/Workspace/robocup_demo/install/booster_interface/include/booster_interface/booster_interface/msg/detail/fall_down_state__traits.hpp
[3.571s] -- Up-to-date symlink: /home/booster/Workspace/robocup_demo/install/booster_interface/include/booster_interface/booster_interface/msg/detail/fall_down_state__type_support.hpp
[3.571s] -- Up-to-date symlink: /home/booster/Workspace/robocup_demo/install/booster_interface/include/booster_interface/booster_interface/msg/detail/hand_command__builder.hpp
[3.571s] -- Up-to-date symlink: /home/booster/Workspace/robocup_demo/install/booster_interface/include/booster_interface/booster_interface/msg/detail/hand_command__struct.hpp
[3.571s] -- Up-to-date symlink: /home/booster/Workspace/robocup_demo/install/booster_interface/include/booster_interface/booster_interface/msg/detail/hand_command__traits.hpp
[3.572s] -- Up-to-date symlink: /home/booster/Workspace/robocup_demo/install/booster_interface/include/booster_interface/booster_interface/msg/detail/hand_command__type_support.hpp
[3.574s] -- Up-to-date symlink: /home/booster/Workspace/robocup_demo/install/booster_interface/include/booster_interface/booster_interface/msg/detail/hand_dds_msg__builder.hpp
[3.574s] -- Up-to-date symlink: /home/booster/Workspace/robocup_demo/install/booster_interface/include/booster_interface/booster_interface/msg/detail/hand_dds_msg__struct.hpp
[3.577s] -- Up-to-date symlink: /home/booster/Workspace/robocup_demo/install/booster_interface/include/booster_interface/booster_interface/msg/detail/hand_dds_msg__traits.hpp
[3.579s] -- Up-to-date symlink: /home/booster/Workspace/robocup_demo/install/booster_interface/include/booster_interface/booster_interface/msg/detail/hand_dds_msg__type_support.hpp
[3.579s] -- Up-to-date symlink: /home/booster/Workspace/robocup_demo/install/booster_interface/include/booster_interface/booster_interface/msg/detail/hand_param__builder.hpp
[3.579s] -- Up-to-date symlink: /home/booster/Workspace/robocup_demo/install/booster_interface/include/booster_interface/booster_interface/msg/detail/hand_param__struct.hpp
[3.579s] -- Up-to-date symlink: /home/booster/Workspace/robocup_demo/install/booster_interface/include/booster_interface/booster_interface/msg/detail/hand_param__traits.hpp
[3.581s] -- Up-to-date symlink: /home/booster/Workspace/robocup_demo/install/booster_interface/include/booster_interface/booster_interface/msg/detail/hand_param__type_support.hpp
[3.582s] -- Up-to-date symlink: /home/booster/Workspace/robocup_demo/install/booster_interface/include/booster_interface/booster_interface/msg/detail/imu_state__builder.hpp
[3.582s] -- Up-to-date symlink: /home/booster/Workspace/robocup_demo/install/booster_interface/include/booster_interface/booster_interface/msg/detail/imu_state__struct.hpp
[3.583s] -- Up-to-date symlink: /home/booster/Workspace/robocup_demo/install/booster_interface/include/booster_interface/booster_interface/msg/detail/imu_state__traits.hpp
[3.583s] -- Up-to-date symlink: /home/booster/Workspace/robocup_demo/install/booster_interface/include/booster_interface/booster_interface/msg/detail/imu_state__type_support.hpp
[3.583s] -- Up-to-date symlink: /home/booster/Workspace/robocup_demo/install/booster_interface/include/booster_interface/booster_interface/msg/detail/low_cmd__builder.hpp
[3.583s] -- Up-to-date symlink: /home/booster/Workspace/robocup_demo/install/booster_interface/include/booster_interface/booster_interface/msg/detail/low_cmd__struct.hpp
[3.583s] -- Up-to-date symlink: /home/booster/Workspace/robocup_demo/install/booster_interface/include/booster_interface/booster_interface/msg/detail/low_cmd__traits.hpp
[3.584s] -- Up-to-date symlink: /home/booster/Workspace/robocup_demo/install/booster_interface/include/booster_interface/booster_interface/msg/detail/low_cmd__type_support.hpp
[3.584s] -- Up-to-date symlink: /home/booster/Workspace/robocup_demo/install/booster_interface/include/booster_interface/booster_interface/msg/detail/low_state__builder.hpp
[3.584s] -- Up-to-date symlink: /home/booster/Workspace/robocup_demo/install/booster_interface/include/booster_interface/booster_interface/msg/detail/low_state__struct.hpp
[3.585s] -- Up-to-date symlink: /home/booster/Workspace/robocup_demo/install/booster_interface/include/booster_interface/booster_interface/msg/detail/low_state__traits.hpp
[3.585s] -- Up-to-date symlink: /home/booster/Workspace/robocup_demo/install/booster_interface/include/booster_interface/booster_interface/msg/detail/low_state__type_support.hpp
[3.585s] -- Up-to-date symlink: /home/booster/Workspace/robocup_demo/install/booster_interface/include/booster_interface/booster_interface/msg/detail/motor_cmd__builder.hpp
[3.586s] -- Up-to-date symlink: /home/booster/Workspace/robocup_demo/install/booster_interface/include/booster_interface/booster_interface/msg/detail/motor_cmd__struct.hpp
[3.586s] -- Up-to-date symlink: /home/booster/Workspace/robocup_demo/install/booster_interface/include/booster_interface/booster_interface/msg/detail/motor_cmd__traits.hpp
[3.588s] -- Up-to-date symlink: /home/booster/Workspace/robocup_demo/install/booster_interface/include/booster_interface/booster_interface/msg/detail/motor_cmd__type_support.hpp
[3.588s] -- Up-to-date symlink: /home/booster/Workspace/robocup_demo/install/booster_interface/include/booster_interface/booster_interface/msg/detail/motor_state__builder.hpp
[3.588s] -- Up-to-date symlink: /home/booster/Workspace/robocup_demo/install/booster_interface/include/booster_interface/booster_interface/msg/detail/motor_state__struct.hpp
[3.589s] -- Up-to-date symlink: /home/booster/Workspace/robocup_demo/install/booster_interface/include/booster_interface/booster_interface/msg/detail/motor_state__traits.hpp
[3.590s] -- Up-to-date symlink: /home/booster/Workspace/robocup_demo/install/booster_interface/include/booster_interface/booster_interface/msg/detail/motor_state__type_support.hpp
[3.590s] -- Up-to-date symlink: /home/booster/Workspace/robocup_demo/install/booster_interface/include/booster_interface/booster_interface/msg/detail/odometer__builder.hpp
[3.590s] -- Up-to-date symlink: /home/booster/Workspace/robocup_demo/install/booster_interface/include/booster_interface/booster_interface/msg/detail/odometer__struct.hpp
[3.591s] -- Up-to-date symlink: /home/booster/Workspace/robocup_demo/install/booster_interface/include/booster_interface/booster_interface/msg/detail/odometer__traits.hpp
[3.591s] -- Up-to-date symlink: /home/booster/Workspace/robocup_demo/install/booster_interface/include/booster_interface/booster_interface/msg/detail/odometer__type_support.hpp
[3.591s] -- Up-to-date symlink: /home/booster/Workspace/robocup_demo/install/booster_interface/include/booster_interface/booster_interface/msg/detail/raw_bytes_msg__builder.hpp
[3.591s] -- Up-to-date symlink: /home/booster/Workspace/robocup_demo/install/booster_interface/include/booster_interface/booster_interface/msg/detail/raw_bytes_msg__struct.hpp
[3.592s] -- Up-to-date symlink: /home/booster/Workspace/robocup_demo/install/booster_interface/include/booster_interface/booster_interface/msg/detail/raw_bytes_msg__traits.hpp
[3.593s] -- Up-to-date symlink: /home/booster/Workspace/robocup_demo/install/booster_interface/include/booster_interface/booster_interface/msg/detail/raw_bytes_msg__type_support.hpp
[3.593s] -- Up-to-date symlink: /home/booster/Workspace/robocup_demo/install/booster_interface/include/booster_interface/booster_interface/msg/detail/raw_bytes_stamped__builder.hpp
[3.593s] -- Up-to-date symlink: /home/booster/Workspace/robocup_demo/install/booster_interface/include/booster_interface/booster_interface/msg/detail/raw_bytes_stamped__struct.hpp
[3.593s] -- Up-to-date symlink: /home/booster/Workspace/robocup_demo/install/booster_interface/include/booster_interface/booster_interface/msg/detail/raw_bytes_stamped__traits.hpp
[3.594s] -- Up-to-date symlink: /home/booster/Workspace/robocup_demo/install/booster_interface/include/booster_interface/booster_interface/msg/detail/raw_bytes_stamped__type_support.hpp
[3.595s] -- Up-to-date symlink: /home/booster/Workspace/robocup_demo/install/booster_interface/include/booster_interface/booster_interface/msg/detail/remote_controller_state__builder.hpp
[3.595s] -- Up-to-date symlink: /home/booster/Workspace/robocup_demo/install/booster_interface/include/booster_interface/booster_interface/msg/detail/remote_controller_state__struct.hpp
[3.595s] -- Up-to-date symlink: /home/booster/Workspace/robocup_demo/install/booster_interface/include/booster_interface/booster_interface/msg/detail/remote_controller_state__traits.hpp
[3.596s] -- Up-to-date symlink: /home/booster/Workspace/robocup_demo/install/booster_interface/include/booster_interface/booster_interface/msg/detail/remote_controller_state__type_support.hpp
[3.596s] -- Up-to-date symlink: /home/booster/Workspace/robocup_demo/install/booster_interface/include/booster_interface/booster_interface/msg/fall_down_state.hpp
[3.596s] -- Up-to-date symlink: /home/booster/Workspace/robocup_demo/install/booster_interface/include/booster_interface/booster_interface/msg/hand_command.hpp
[3.597s] -- Up-to-date symlink: /home/booster/Workspace/robocup_demo/install/booster_interface/include/booster_interface/booster_interface/msg/hand_dds_msg.hpp
[3.598s] -- Up-to-date symlink: /home/booster/Workspace/robocup_demo/install/booster_interface/include/booster_interface/booster_interface/msg/hand_param.hpp
[3.598s] -- Up-to-date symlink: /home/booster/Workspace/robocup_demo/install/booster_interface/include/booster_interface/booster_interface/msg/imu_state.hpp
[3.598s] -- Up-to-date symlink: /home/booster/Workspace/robocup_demo/install/booster_interface/include/booster_interface/booster_interface/msg/low_cmd.hpp
[3.598s] -- Up-to-date symlink: /home/booster/Workspace/robocup_demo/install/booster_interface/include/booster_interface/booster_interface/msg/low_state.hpp
[3.599s] -- Up-to-date symlink: /home/booster/Workspace/robocup_demo/install/booster_interface/include/booster_interface/booster_interface/msg/motor_cmd.hpp
[3.600s] -- Up-to-date symlink: /home/booster/Workspace/robocup_demo/install/booster_interface/include/booster_interface/booster_interface/msg/motor_state.hpp
[3.600s] -- Up-to-date symlink: /home/booster/Workspace/robocup_demo/install/booster_interface/include/booster_interface/booster_interface/msg/odometer.hpp
[3.600s] -- Up-to-date symlink: /home/booster/Workspace/robocup_demo/install/booster_interface/include/booster_interface/booster_interface/msg/raw_bytes_msg.hpp
[3.600s] -- Up-to-date symlink: /home/booster/Workspace/robocup_demo/install/booster_interface/include/booster_interface/booster_interface/msg/raw_bytes_stamped.hpp
[3.600s] -- Up-to-date symlink: /home/booster/Workspace/robocup_demo/install/booster_interface/include/booster_interface/booster_interface/msg/remote_controller_state.hpp
[3.601s] -- Up-to-date symlink: /home/booster/Workspace/robocup_demo/install/booster_interface/include/booster_interface/booster_interface/msg/rosidl_generator_cpp__visibility_control.hpp
[3.601s] -- Up-to-date symlink: /home/booster/Workspace/robocup_demo/install/booster_interface/include/booster_interface/booster_interface/srv/agent_service.hpp
[3.602s] -- Up-to-date symlink: /home/booster/Workspace/robocup_demo/install/booster_interface/include/booster_interface/booster_interface/srv/detail/agent_service__builder.hpp
[3.602s] -- Up-to-date symlink: /home/booster/Workspace/robocup_demo/install/booster_interface/include/booster_interface/booster_interface/srv/detail/agent_service__struct.hpp
[3.602s] -- Up-to-date symlink: /home/booster/Workspace/robocup_demo/install/booster_interface/include/booster_interface/booster_interface/srv/detail/agent_service__traits.hpp
[3.602s] -- Up-to-date symlink: /home/booster/Workspace/robocup_demo/install/booster_interface/include/booster_interface/booster_interface/srv/detail/agent_service__type_support.hpp
[3.602s] -- Up-to-date symlink: /home/booster/Workspace/robocup_demo/install/booster_interface/include/booster_interface/booster_interface/srv/detail/rpc_service__builder.hpp
[3.602s] -- Up-to-date symlink: /home/booster/Workspace/robocup_demo/install/booster_interface/include/booster_interface/booster_interface/srv/detail/rpc_service__struct.hpp
[3.602s] -- Up-to-date symlink: /home/booster/Workspace/robocup_demo/install/booster_interface/include/booster_interface/booster_interface/srv/detail/rpc_service__traits.hpp
[3.602s] -- Up-to-date symlink: /home/booster/Workspace/robocup_demo/install/booster_interface/include/booster_interface/booster_interface/srv/detail/rpc_service__type_support.hpp
[3.602s] -- Up-to-date symlink: /home/booster/Workspace/robocup_demo/install/booster_interface/include/booster_interface/booster_interface/srv/rpc_service.hpp
[3.603s] -- Up-to-date symlink: /home/booster/Workspace/robocup_demo/install/booster_interface/include/booster_interface/booster_interface/msg/detail/booster_api_req_msg__rosidl_typesupport_fastrtps_cpp.hpp
[3.604s] -- Up-to-date symlink: /home/booster/Workspace/robocup_demo/install/booster_interface/include/booster_interface/booster_interface/msg/detail/booster_api_resp_msg__rosidl_typesupport_fastrtps_cpp.hpp
[3.604s] -- Up-to-date symlink: /home/booster/Workspace/robocup_demo/install/booster_interface/include/booster_interface/booster_interface/msg/detail/button_event_msg__rosidl_typesupport_fastrtps_cpp.hpp
[3.604s] -- Up-to-date symlink: /home/booster/Workspace/robocup_demo/install/booster_interface/include/booster_interface/booster_interface/msg/detail/fall_down_state__rosidl_typesupport_fastrtps_cpp.hpp
[3.604s] -- Up-to-date symlink: /home/booster/Workspace/robocup_demo/install/booster_interface/include/booster_interface/booster_interface/msg/detail/hand_command__rosidl_typesupport_fastrtps_cpp.hpp
[3.604s] -- Up-to-date symlink: /home/booster/Workspace/robocup_demo/install/booster_interface/include/booster_interface/booster_interface/msg/detail/hand_dds_msg__rosidl_typesupport_fastrtps_cpp.hpp
[3.604s] -- Up-to-date symlink: /home/booster/Workspace/robocup_demo/install/booster_interface/include/booster_interface/booster_interface/msg/detail/hand_param__rosidl_typesupport_fastrtps_cpp.hpp
[3.605s] -- Up-to-date symlink: /home/booster/Workspace/robocup_demo/install/booster_interface/include/booster_interface/booster_interface/msg/detail/imu_state__rosidl_typesupport_fastrtps_cpp.hpp
[3.605s] -- Up-to-date symlink: /home/booster/Workspace/robocup_demo/install/booster_interface/include/booster_interface/booster_interface/msg/detail/low_cmd__rosidl_typesupport_fastrtps_cpp.hpp
[3.605s] -- Up-to-date symlink: /home/booster/Workspace/robocup_demo/install/booster_interface/include/booster_interface/booster_interface/msg/detail/low_state__rosidl_typesupport_fastrtps_cpp.hpp
[3.605s] -- Up-to-date symlink: /home/booster/Workspace/robocup_demo/install/booster_interface/include/booster_interface/booster_interface/msg/detail/motor_cmd__rosidl_typesupport_fastrtps_cpp.hpp
[3.606s] -- Up-to-date symlink: /home/booster/Workspace/robocup_demo/install/booster_interface/include/booster_interface/booster_interface/msg/detail/motor_state__rosidl_typesupport_fastrtps_cpp.hpp
[3.606s] -- Up-to-date symlink: /home/booster/Workspace/robocup_demo/install/booster_interface/include/booster_interface/booster_interface/msg/detail/odometer__rosidl_typesupport_fastrtps_cpp.hpp
[3.606s] -- Up-to-date symlink: /home/booster/Workspace/robocup_demo/install/booster_interface/include/booster_interface/booster_interface/msg/detail/raw_bytes_msg__rosidl_typesupport_fastrtps_cpp.hpp
[3.606s] -- Up-to-date symlink: /home/booster/Workspace/robocup_demo/install/booster_interface/include/booster_interface/booster_interface/msg/detail/raw_bytes_stamped__rosidl_typesupport_fastrtps_cpp.hpp
[3.606s] -- Up-to-date symlink: /home/booster/Workspace/robocup_demo/install/booster_interface/include/booster_interface/booster_interface/msg/detail/remote_controller_state__rosidl_typesupport_fastrtps_cpp.hpp
[3.606s] -- Up-to-date symlink: /home/booster/Workspace/robocup_demo/install/booster_interface/include/booster_interface/booster_interface/msg/rosidl_typesupport_fastrtps_cpp__visibility_control.h
[3.606s] -- Up-to-date symlink: /home/booster/Workspace/robocup_demo/install/booster_interface/include/booster_interface/booster_interface/srv/detail/agent_service__rosidl_typesupport_fastrtps_cpp.hpp
[3.606s] -- Up-to-date symlink: /home/booster/Workspace/robocup_demo/install/booster_interface/include/booster_interface/booster_interface/srv/detail/rpc_service__rosidl_typesupport_fastrtps_cpp.hpp
[3.606s] -- Up-to-date symlink: /home/booster/Workspace/robocup_demo/install/booster_interface/include/booster_interface/booster_interface/msg/detail/booster_api_req_msg__rosidl_typesupport_introspection_c.h
[3.606s] -- Up-to-date symlink: /home/booster/Workspace/robocup_demo/install/booster_interface/include/booster_interface/booster_interface/msg/detail/booster_api_resp_msg__rosidl_typesupport_introspection_c.h
[3.609s] -- Up-to-date symlink: /home/booster/Workspace/robocup_demo/install/booster_interface/include/booster_interface/booster_interface/msg/detail/button_event_msg__rosidl_typesupport_introspection_c.h
[3.609s] -- Up-to-date symlink: /home/booster/Workspace/robocup_demo/install/booster_interface/include/booster_interface/booster_interface/msg/detail/fall_down_state__rosidl_typesupport_introspection_c.h
[3.609s] -- Up-to-date symlink: /home/booster/Workspace/robocup_demo/install/booster_interface/include/booster_interface/booster_interface/msg/detail/hand_command__rosidl_typesupport_introspection_c.h
[3.609s] -- Up-to-date symlink: /home/booster/Workspace/robocup_demo/install/booster_interface/include/booster_interface/booster_interface/msg/detail/hand_dds_msg__rosidl_typesupport_introspection_c.h
[3.613s] -- Up-to-date symlink: /home/booster/Workspace/robocup_demo/install/booster_interface/include/booster_interface/booster_interface/msg/detail/hand_param__rosidl_typesupport_introspection_c.h
[3.614s] -- Up-to-date symlink: /home/booster/Workspace/robocup_demo/install/booster_interface/include/booster_interface/booster_interface/msg/detail/imu_state__rosidl_typesupport_introspection_c.h
[3.614s] -- Up-to-date symlink: /home/booster/Workspace/robocup_demo/install/booster_interface/include/booster_interface/booster_interface/msg/detail/low_cmd__rosidl_typesupport_introspection_c.h
[3.614s] -- Up-to-date symlink: /home/booster/Workspace/robocup_demo/install/booster_interface/include/booster_interface/booster_interface/msg/detail/low_state__rosidl_typesupport_introspection_c.h
[3.614s] -- Up-to-date symlink: /home/booster/Workspace/robocup_demo/install/booster_interface/include/booster_interface/booster_interface/msg/detail/motor_cmd__rosidl_typesupport_introspection_c.h
[3.615s] -- Up-to-date symlink: /home/booster/Workspace/robocup_demo/install/booster_interface/include/booster_interface/booster_interface/msg/detail/motor_state__rosidl_typesupport_introspection_c.h
[3.616s] -- Up-to-date symlink: /home/booster/Workspace/robocup_demo/install/booster_interface/include/booster_interface/booster_interface/msg/detail/odometer__rosidl_typesupport_introspection_c.h
[3.616s] -- Up-to-date symlink: /home/booster/Workspace/robocup_demo/install/booster_interface/include/booster_interface/booster_interface/msg/detail/raw_bytes_msg__rosidl_typesupport_introspection_c.h
[3.616s] -- Up-to-date symlink: /home/booster/Workspace/robocup_demo/install/booster_interface/include/booster_interface/booster_interface/msg/detail/raw_bytes_stamped__rosidl_typesupport_introspection_c.h
[3.616s] -- Up-to-date symlink: /home/booster/Workspace/robocup_demo/install/booster_interface/include/booster_interface/booster_interface/msg/detail/remote_controller_state__rosidl_typesupport_introspection_c.h
[3.616s] -- Up-to-date symlink: /home/booster/Workspace/robocup_demo/install/booster_interface/include/booster_interface/booster_interface/msg/rosidl_typesupport_introspection_c__visibility_control.h
[3.616s] -- Up-to-date symlink: /home/booster/Workspace/robocup_demo/install/booster_interface/include/booster_interface/booster_interface/srv/detail/agent_service__rosidl_typesupport_introspection_c.h
[3.616s] -- Up-to-date symlink: /home/booster/Workspace/robocup_demo/install/booster_interface/include/booster_interface/booster_interface/srv/detail/rpc_service__rosidl_typesupport_introspection_c.h
[3.617s] -- Up-to-date symlink: /home/booster/Workspace/robocup_demo/install/booster_interface/include/booster_interface/booster_interface/msg/detail/booster_api_req_msg__rosidl_typesupport_introspection_cpp.hpp
[3.617s] -- Up-to-date symlink: /home/booster/Workspace/robocup_demo/install/booster_interface/include/booster_interface/booster_interface/msg/detail/booster_api_resp_msg__rosidl_typesupport_introspection_cpp.hpp
[3.617s] -- Up-to-date symlink: /home/booster/Workspace/robocup_demo/install/booster_interface/include/booster_interface/booster_interface/msg/detail/button_event_msg__rosidl_typesupport_introspection_cpp.hpp
[3.617s] -- Up-to-date symlink: /home/booster/Workspace/robocup_demo/install/booster_interface/include/booster_interface/booster_interface/msg/detail/fall_down_state__rosidl_typesupport_introspection_cpp.hpp
[3.617s] -- Up-to-date symlink: /home/booster/Workspace/robocup_demo/install/booster_interface/include/booster_interface/booster_interface/msg/detail/hand_command__rosidl_typesupport_introspection_cpp.hpp
[3.617s] -- Up-to-date symlink: /home/booster/Workspace/robocup_demo/install/booster_interface/include/booster_interface/booster_interface/msg/detail/hand_dds_msg__rosidl_typesupport_introspection_cpp.hpp
[3.618s] -- Up-to-date symlink: /home/booster/Workspace/robocup_demo/install/booster_interface/include/booster_interface/booster_interface/msg/detail/hand_param__rosidl_typesupport_introspection_cpp.hpp
[3.618s] -- Up-to-date symlink: /home/booster/Workspace/robocup_demo/install/booster_interface/include/booster_interface/booster_interface/msg/detail/imu_state__rosidl_typesupport_introspection_cpp.hpp
[3.618s] -- Up-to-date symlink: /home/booster/Workspace/robocup_demo/install/booster_interface/include/booster_interface/booster_interface/msg/detail/low_cmd__rosidl_typesupport_introspection_cpp.hpp
[3.618s] -- Up-to-date symlink: /home/booster/Workspace/robocup_demo/install/booster_interface/include/booster_interface/booster_interface/msg/detail/low_state__rosidl_typesupport_introspection_cpp.hpp
[3.618s] -- Up-to-date symlink: /home/booster/Workspace/robocup_demo/install/booster_interface/include/booster_interface/booster_interface/msg/detail/motor_cmd__rosidl_typesupport_introspection_cpp.hpp
[3.618s] -- Up-to-date symlink: /home/booster/Workspace/robocup_demo/install/booster_interface/include/booster_interface/booster_interface/msg/detail/motor_state__rosidl_typesupport_introspection_cpp.hpp
[3.619s] -- Up-to-date symlink: /home/booster/Workspace/robocup_demo/install/booster_interface/include/booster_interface/booster_interface/msg/detail/odometer__rosidl_typesupport_introspection_cpp.hpp
[3.619s] -- Up-to-date symlink: /home/booster/Workspace/robocup_demo/install/booster_interface/include/booster_interface/booster_interface/msg/detail/raw_bytes_msg__rosidl_typesupport_introspection_cpp.hpp
[3.619s] -- Up-to-date symlink: /home/booster/Workspace/robocup_demo/install/booster_interface/include/booster_interface/booster_interface/msg/detail/raw_bytes_stamped__rosidl_typesupport_introspection_cpp.hpp
[3.619s] -- Up-to-date symlink: /home/booster/Workspace/robocup_demo/install/booster_interface/include/booster_interface/booster_interface/msg/detail/remote_controller_state__rosidl_typesupport_introspection_cpp.hpp
[3.620s] -- Up-to-date symlink: /home/booster/Workspace/robocup_demo/install/booster_interface/include/booster_interface/booster_interface/srv/detail/agent_service__rosidl_typesupport_introspection_cpp.hpp
[3.620s] -- Up-to-date symlink: /home/booster/Workspace/robocup_demo/install/booster_interface/include/booster_interface/booster_interface/srv/detail/rpc_service__rosidl_typesupport_introspection_cpp.hpp
[3.620s] -- Up-to-date symlink: /home/booster/Workspace/robocup_demo/install/booster_interface/share/booster_interface/environment/pythonpath.sh
[3.620s] -- Up-to-date symlink: /home/booster/Workspace/robocup_demo/install/booster_interface/share/booster_interface/environment/pythonpath.dsv
[3.620s] -- Up-to-date symlink: /home/booster/Workspace/robocup_demo/install/booster_interface/local/lib/python3.10/dist-packages/booster_interface-0.0.0-py3.10.egg-info/PKG-INFO
[3.620s] -- Up-to-date symlink: /home/booster/Workspace/robocup_demo/install/booster_interface/local/lib/python3.10/dist-packages/booster_interface-0.0.0-py3.10.egg-info/SOURCES.txt
[3.622s] -- Up-to-date symlink: /home/booster/Workspace/robocup_demo/install/booster_interface/local/lib/python3.10/dist-packages/booster_interface-0.0.0-py3.10.egg-info/dependency_links.txt
[3.623s] -- Up-to-date symlink: /home/booster/Workspace/robocup_demo/install/booster_interface/local/lib/python3.10/dist-packages/booster_interface-0.0.0-py3.10.egg-info/top_level.txt
[3.623s] -- Up-to-date symlink: /home/booster/Workspace/robocup_demo/install/booster_interface/local/lib/python3.10/dist-packages/booster_interface/__init__.py
[3.624s] -- Up-to-date symlink: /home/booster/Workspace/robocup_demo/install/booster_interface/local/lib/python3.10/dist-packages/booster_interface/_booster_interface_s.ep.rosidl_typesupport_c.c
[3.624s] -- Up-to-date symlink: /home/booster/Workspace/robocup_demo/install/booster_interface/local/lib/python3.10/dist-packages/booster_interface/_booster_interface_s.ep.rosidl_typesupport_fastrtps_c.c
[3.625s] -- Up-to-date symlink: /home/booster/Workspace/robocup_demo/install/booster_interface/local/lib/python3.10/dist-packages/booster_interface/_booster_interface_s.ep.rosidl_typesupport_introspection_c.c
[3.625s] -- Up-to-date symlink: /home/booster/Workspace/robocup_demo/install/booster_interface/local/lib/python3.10/dist-packages/booster_interface/booster_interface_s__rosidl_typesupport_c.cpython-310-aarch64-linux-gnu.so
[3.626s] -- Up-to-date symlink: /home/booster/Workspace/robocup_demo/install/booster_interface/local/lib/python3.10/dist-packages/booster_interface/booster_interface_s__rosidl_typesupport_fastrtps_c.cpython-310-aarch64-linux-gnu.so
[3.626s] -- Up-to-date symlink: /home/booster/Workspace/robocup_demo/install/booster_interface/local/lib/python3.10/dist-packages/booster_interface/booster_interface_s__rosidl_typesupport_introspection_c.cpython-310-aarch64-linux-gnu.so
[3.626s] -- Up-to-date symlink: /home/booster/Workspace/robocup_demo/install/booster_interface/local/lib/python3.10/dist-packages/booster_interface/libbooster_interface__rosidl_generator_py.so
[3.627s] -- Up-to-date symlink: /home/booster/Workspace/robocup_demo/install/booster_interface/local/lib/python3.10/dist-packages/booster_interface/msg/__init__.py
[3.627s] -- Up-to-date symlink: /home/booster/Workspace/robocup_demo/install/booster_interface/local/lib/python3.10/dist-packages/booster_interface/msg/_booster_api_req_msg.py
[3.627s] -- Up-to-date symlink: /home/booster/Workspace/robocup_demo/install/booster_interface/local/lib/python3.10/dist-packages/booster_interface/msg/_booster_api_req_msg_s.c
[3.627s] -- Up-to-date symlink: /home/booster/Workspace/robocup_demo/install/booster_interface/local/lib/python3.10/dist-packages/booster_interface/msg/_booster_api_resp_msg.py
[3.628s] -- Up-to-date symlink: /home/booster/Workspace/robocup_demo/install/booster_interface/local/lib/python3.10/dist-packages/booster_interface/msg/_booster_api_resp_msg_s.c
[3.628s] -- Up-to-date symlink: /home/booster/Workspace/robocup_demo/install/booster_interface/local/lib/python3.10/dist-packages/booster_interface/msg/_button_event_msg.py
[3.630s] -- Up-to-date symlink: /home/booster/Workspace/robocup_demo/install/booster_interface/local/lib/python3.10/dist-packages/booster_interface/msg/_button_event_msg_s.c
[3.630s] -- Up-to-date symlink: /home/booster/Workspace/robocup_demo/install/booster_interface/local/lib/python3.10/dist-packages/booster_interface/msg/_fall_down_state.py
[3.630s] -- Up-to-date symlink: /home/booster/Workspace/robocup_demo/install/booster_interface/local/lib/python3.10/dist-packages/booster_interface/msg/_fall_down_state_s.c
[3.633s] -- Up-to-date symlink: /home/booster/Workspace/robocup_demo/install/booster_interface/local/lib/python3.10/dist-packages/booster_interface/msg/_hand_command.py
[3.641s] -- Up-to-date symlink: /home/booster/Workspace/robocup_demo/install/booster_interface/local/lib/python3.10/dist-packages/booster_interface/msg/_hand_command_s.c
[3.641s] -- Up-to-date symlink: /home/booster/Workspace/robocup_demo/install/booster_interface/local/lib/python3.10/dist-packages/booster_interface/msg/_hand_dds_msg.py
[3.641s] -- Up-to-date symlink: /home/booster/Workspace/robocup_demo/install/booster_interface/local/lib/python3.10/dist-packages/booster_interface/msg/_hand_dds_msg_s.c
[3.641s] -- Up-to-date symlink: /home/booster/Workspace/robocup_demo/install/booster_interface/local/lib/python3.10/dist-packages/booster_interface/msg/_hand_param.py
[3.642s] -- Up-to-date symlink: /home/booster/Workspace/robocup_demo/install/booster_interface/local/lib/python3.10/dist-packages/booster_interface/msg/_hand_param_s.c
[3.642s] -- Up-to-date symlink: /home/booster/Workspace/robocup_demo/install/booster_interface/local/lib/python3.10/dist-packages/booster_interface/msg/_imu_state.py
[3.642s] -- Up-to-date symlink: /home/booster/Workspace/robocup_demo/install/booster_interface/local/lib/python3.10/dist-packages/booster_interface/msg/_imu_state_s.c
[3.642s] -- Up-to-date symlink: /home/booster/Workspace/robocup_demo/install/booster_interface/local/lib/python3.10/dist-packages/booster_interface/msg/_low_cmd.py
[3.643s] -- Up-to-date symlink: /home/booster/Workspace/robocup_demo/install/booster_interface/local/lib/python3.10/dist-packages/booster_interface/msg/_low_cmd_s.c
[3.645s] -- Up-to-date symlink: /home/booster/Workspace/robocup_demo/install/booster_interface/local/lib/python3.10/dist-packages/booster_interface/msg/_low_state.py
[3.645s] -- Up-to-date symlink: /home/booster/Workspace/robocup_demo/install/booster_interface/local/lib/python3.10/dist-packages/booster_interface/msg/_low_state_s.c
[3.645s] -- Up-to-date symlink: /home/booster/Workspace/robocup_demo/install/booster_interface/local/lib/python3.10/dist-packages/booster_interface/msg/_motor_cmd.py
[3.645s] -- Up-to-date symlink: /home/booster/Workspace/robocup_demo/install/booster_interface/local/lib/python3.10/dist-packages/booster_interface/msg/_motor_cmd_s.c
[3.646s] -- Up-to-date symlink: /home/booster/Workspace/robocup_demo/install/booster_interface/local/lib/python3.10/dist-packages/booster_interface/msg/_motor_state.py
[3.646s] -- Up-to-date symlink: /home/booster/Workspace/robocup_demo/install/booster_interface/local/lib/python3.10/dist-packages/booster_interface/msg/_motor_state_s.c
[3.646s] -- Up-to-date symlink: /home/booster/Workspace/robocup_demo/install/booster_interface/local/lib/python3.10/dist-packages/booster_interface/msg/_odometer.py
[3.646s] -- Up-to-date symlink: /home/booster/Workspace/robocup_demo/install/booster_interface/local/lib/python3.10/dist-packages/booster_interface/msg/_odometer_s.c
[3.646s] -- Up-to-date symlink: /home/booster/Workspace/robocup_demo/install/booster_interface/local/lib/python3.10/dist-packages/booster_interface/msg/_raw_bytes_msg.py
[3.646s] -- Up-to-date symlink: /home/booster/Workspace/robocup_demo/install/booster_interface/local/lib/python3.10/dist-packages/booster_interface/msg/_raw_bytes_msg_s.c
[3.646s] -- Up-to-date symlink: /home/booster/Workspace/robocup_demo/install/booster_interface/local/lib/python3.10/dist-packages/booster_interface/msg/_raw_bytes_stamped.py
[3.647s] -- Up-to-date symlink: /home/booster/Workspace/robocup_demo/install/booster_interface/local/lib/python3.10/dist-packages/booster_interface/msg/_raw_bytes_stamped_s.c
[3.647s] -- Up-to-date symlink: /home/booster/Workspace/robocup_demo/install/booster_interface/local/lib/python3.10/dist-packages/booster_interface/msg/_remote_controller_state.py
[3.647s] -- Up-to-date symlink: /home/booster/Workspace/robocup_demo/install/booster_interface/local/lib/python3.10/dist-packages/booster_interface/msg/_remote_controller_state_s.c
[3.647s] -- Up-to-date symlink: /home/booster/Workspace/robocup_demo/install/booster_interface/local/lib/python3.10/dist-packages/booster_interface/srv/__init__.py
[3.647s] -- Up-to-date symlink: /home/booster/Workspace/robocup_demo/install/booster_interface/local/lib/python3.10/dist-packages/booster_interface/srv/_agent_service.py
[3.647s] -- Up-to-date symlink: /home/booster/Workspace/robocup_demo/install/booster_interface/local/lib/python3.10/dist-packages/booster_interface/srv/_agent_service_s.c
[3.647s] -- Up-to-date symlink: /home/booster/Workspace/robocup_demo/install/booster_interface/local/lib/python3.10/dist-packages/booster_interface/srv/_rpc_service.py
[3.647s] -- Up-to-date symlink: /home/booster/Workspace/robocup_demo/install/booster_interface/local/lib/python3.10/dist-packages/booster_interface/srv/_rpc_service_s.c
[3.647s] -- Up-to-date symlink: /home/booster/Workspace/robocup_demo/install/booster_interface/local/lib/python3.10/dist-packages/booster_interface/booster_interface_s__rosidl_typesupport_fastrtps_c.cpython-310-aarch64-linux-gnu.so
[3.648s] -- Up-to-date symlink: /home/booster/Workspace/robocup_demo/install/booster_interface/local/lib/python3.10/dist-packages/booster_interface/booster_interface_s__rosidl_typesupport_introspection_c.cpython-310-aarch64-linux-gnu.so
[3.648s] -- Up-to-date symlink: /home/booster/Workspace/robocup_demo/install/booster_interface/local/lib/python3.10/dist-packages/booster_interface/booster_interface_s__rosidl_typesupport_c.cpython-310-aarch64-linux-gnu.so
[3.648s] -- Up-to-date symlink: /home/booster/Workspace/robocup_demo/install/booster_interface/share/booster_interface/msg/BoosterApiReqMsg.idl
[3.648s] -- Up-to-date symlink: /home/booster/Workspace/robocup_demo/install/booster_interface/share/booster_interface/msg/BoosterApiRespMsg.idl
[3.648s] -- Up-to-date symlink: /home/booster/Workspace/robocup_demo/install/booster_interface/share/booster_interface/msg/ButtonEventMsg.idl
[3.648s] -- Up-to-date symlink: /home/booster/Workspace/robocup_demo/install/booster_interface/share/booster_interface/msg/MotorState.idl
[3.649s] -- Up-to-date symlink: /home/booster/Workspace/robocup_demo/install/booster_interface/share/booster_interface/msg/MotorCmd.idl
[3.649s] -- Up-to-date symlink: /home/booster/Workspace/robocup_demo/install/booster_interface/share/booster_interface/msg/LowCmd.idl
[3.649s] -- Up-to-date symlink: /home/booster/Workspace/robocup_demo/install/booster_interface/share/booster_interface/msg/ImuState.idl
[3.649s] -- Up-to-date symlink: /home/booster/Workspace/robocup_demo/install/booster_interface/share/booster_interface/msg/LowState.idl
[3.649s] -- Up-to-date symlink: /home/booster/Workspace/robocup_demo/install/booster_interface/share/booster_interface/msg/RawBytesMsg.idl
[3.649s] -- Up-to-date symlink: /home/booster/Workspace/robocup_demo/install/booster_interface/share/booster_interface/msg/RawBytesStamped.idl
[3.649s] -- Up-to-date symlink: /home/booster/Workspace/robocup_demo/install/booster_interface/share/booster_interface/msg/Odometer.idl
[3.649s] -- Up-to-date symlink: /home/booster/Workspace/robocup_demo/install/booster_interface/share/booster_interface/msg/FallDownState.idl
[3.650s] -- Up-to-date symlink: /home/booster/Workspace/robocup_demo/install/booster_interface/share/booster_interface/msg/RemoteControllerState.idl
[3.650s] -- Up-to-date symlink: /home/booster/Workspace/robocup_demo/install/booster_interface/share/booster_interface/msg/HandCommand.idl
[3.650s] -- Up-to-date symlink: /home/booster/Workspace/robocup_demo/install/booster_interface/share/booster_interface/msg/HandDdsMsg.idl
[3.650s] -- Up-to-date symlink: /home/booster/Workspace/robocup_demo/install/booster_interface/share/booster_interface/msg/HandParam.idl
[3.650s] -- Up-to-date symlink: /home/booster/Workspace/robocup_demo/install/booster_interface/share/booster_interface/srv/RpcService.idl
[3.650s] -- Up-to-date symlink: /home/booster/Workspace/robocup_demo/install/booster_interface/share/booster_interface/srv/AgentService.idl
[3.650s] -- Up-to-date symlink: /home/booster/Workspace/robocup_demo/install/booster_interface/share/booster_interface/msg/BoosterApiReqMsg.msg
[3.650s] -- Up-to-date symlink: /home/booster/Workspace/robocup_demo/install/booster_interface/share/booster_interface/msg/BoosterApiRespMsg.msg
[3.650s] -- Up-to-date symlink: /home/booster/Workspace/robocup_demo/install/booster_interface/share/booster_interface/msg/ButtonEventMsg.msg
[3.650s] -- Up-to-date symlink: /home/booster/Workspace/robocup_demo/install/booster_interface/share/booster_interface/msg/MotorState.msg
[3.650s] -- Up-to-date symlink: /home/booster/Workspace/robocup_demo/install/booster_interface/share/booster_interface/msg/MotorCmd.msg
[3.651s] -- Up-to-date symlink: /home/booster/Workspace/robocup_demo/install/booster_interface/share/booster_interface/msg/LowCmd.msg
[3.651s] -- Up-to-date symlink: /home/booster/Workspace/robocup_demo/install/booster_interface/share/booster_interface/msg/ImuState.msg
[3.651s] -- Up-to-date symlink: /home/booster/Workspace/robocup_demo/install/booster_interface/share/booster_interface/msg/LowState.msg
[3.651s] -- Up-to-date symlink: /home/booster/Workspace/robocup_demo/install/booster_interface/share/booster_interface/msg/RawBytesMsg.msg
[3.651s] -- Up-to-date symlink: /home/booster/Workspace/robocup_demo/install/booster_interface/share/booster_interface/msg/RawBytesStamped.msg
[3.651s] -- Up-to-date symlink: /home/booster/Workspace/robocup_demo/install/booster_interface/share/booster_interface/msg/Odometer.msg
[3.651s] -- Up-to-date symlink: /home/booster/Workspace/robocup_demo/install/booster_interface/share/booster_interface/msg/FallDownState.msg
[3.651s] -- Up-to-date symlink: /home/booster/Workspace/robocup_demo/install/booster_interface/share/booster_interface/msg/RemoteControllerState.msg
[3.651s] -- Up-to-date symlink: /home/booster/Workspace/robocup_demo/install/booster_interface/share/booster_interface/msg/HandCommand.msg
[3.651s] -- Up-to-date symlink: /home/booster/Workspace/robocup_demo/install/booster_interface/share/booster_interface/msg/HandDdsMsg.msg
[3.651s] -- Up-to-date symlink: /home/booster/Workspace/robocup_demo/install/booster_interface/share/booster_interface/msg/HandParam.msg
[3.651s] -- Up-to-date symlink: /home/booster/Workspace/robocup_demo/install/booster_interface/share/booster_interface/srv/RpcService.srv
[3.652s] -- Up-to-date symlink: /home/booster/Workspace/robocup_demo/install/booster_interface/share/booster_interface/srv/RpcService_Request.msg
[3.652s] -- Up-to-date symlink: /home/booster/Workspace/robocup_demo/install/booster_interface/share/booster_interface/srv/RpcService_Response.msg
[3.657s] -- Up-to-date symlink: /home/booster/Workspace/robocup_demo/install/booster_interface/share/booster_interface/srv/AgentService.srv
[3.659s] -- Up-to-date symlink: /home/booster/Workspace/robocup_demo/install/booster_interface/share/booster_interface/srv/AgentService_Request.msg
[3.659s] -- Up-to-date symlink: /home/booster/Workspace/robocup_demo/install/booster_interface/share/booster_interface/srv/AgentService_Response.msg
[3.659s] -- Up-to-date symlink: /home/booster/Workspace/robocup_demo/install/booster_interface/include//booster_interface/booster_interface/message_utils.hpp
[3.659s] -- Up-to-date symlink: /home/booster/Workspace/robocup_demo/install/booster_interface/include//booster_interface/booster_interface/third_party/nlohmann_json/json.hpp
[3.659s] -- Up-to-date symlink: /home/booster/Workspace/robocup_demo/install/booster_interface/share/ament_index/resource_index/package_run_dependencies/booster_interface
[3.660s] -- Up-to-date symlink: /home/booster/Workspace/robocup_demo/install/booster_interface/share/ament_index/resource_index/parent_prefix_path/booster_interface
[3.660s] -- Up-to-date symlink: /home/booster/Workspace/robocup_demo/install/booster_interface/share/booster_interface/environment/ament_prefix_path.sh
[3.660s] -- Up-to-date symlink: /home/booster/Workspace/robocup_demo/install/booster_interface/share/booster_interface/environment/ament_prefix_path.dsv
[3.660s] -- Up-to-date symlink: /home/booster/Workspace/robocup_demo/install/booster_interface/share/booster_interface/environment/path.sh
[3.660s] -- Up-to-date symlink: /home/booster/Workspace/robocup_demo/install/booster_interface/share/booster_interface/environment/path.dsv
[3.660s] -- Up-to-date symlink: /home/booster/Workspace/robocup_demo/install/booster_interface/share/booster_interface/local_setup.bash
[3.660s] -- Up-to-date symlink: /home/booster/Workspace/robocup_demo/install/booster_interface/share/booster_interface/local_setup.sh
[3.660s] -- Up-to-date symlink: /home/booster/Workspace/robocup_demo/install/booster_interface/share/booster_interface/local_setup.zsh
[3.661s] -- Up-to-date symlink: /home/booster/Workspace/robocup_demo/install/booster_interface/share/booster_interface/local_setup.dsv
[3.661s] -- Symlinking: /home/booster/Workspace/robocup_demo/install/booster_interface/share/booster_interface/package.dsv
[3.661s] -- Up-to-date symlink: /home/booster/Workspace/robocup_demo/install/booster_interface/share/ament_index/resource_index/packages/booster_interface
[3.661s] -- Up-to-date symlink: /home/booster/Workspace/robocup_demo/install/booster_interface/share/booster_interface/cmake/rosidl_cmake-extras.cmake
[3.661s] -- Up-to-date symlink: /home/booster/Workspace/robocup_demo/install/booster_interface/share/booster_interface/cmake/ament_cmake_export_dependencies-extras.cmake
[3.661s] -- Up-to-date symlink: /home/booster/Workspace/robocup_demo/install/booster_interface/share/booster_interface/cmake/ament_cmake_export_include_directories-extras.cmake
[3.661s] -- Up-to-date symlink: /home/booster/Workspace/robocup_demo/install/booster_interface/share/booster_interface/cmake/ament_cmake_export_libraries-extras.cmake
[3.661s] -- Up-to-date symlink: /home/booster/Workspace/robocup_demo/install/booster_interface/share/booster_interface/cmake/ament_cmake_export_targets-extras.cmake
[3.662s] -- Up-to-date symlink: /home/booster/Workspace/robocup_demo/install/booster_interface/share/booster_interface/cmake/rosidl_cmake_export_typesupport_targets-extras.cmake
[3.662s] -- Up-to-date symlink: /home/booster/Workspace/robocup_demo/install/booster_interface/share/booster_interface/cmake/rosidl_cmake_export_typesupport_libraries-extras.cmake
[3.662s] -- Up-to-date symlink: /home/booster/Workspace/robocup_demo/install/booster_interface/share/booster_interface/cmake/booster_interfaceConfig.cmake
[3.662s] -- Up-to-date symlink: /home/booster/Workspace/robocup_demo/install/booster_interface/share/booster_interface/cmake/booster_interfaceConfig-version.cmake
[3.662s] -- Up-to-date symlink: /home/booster/Workspace/robocup_demo/install/booster_interface/share/booster_interface/package.xml
[3.662s] -- Up-to-date: /home/booster/Workspace/robocup_demo/install/booster_interface/lib/libbooster_interface__rosidl_generator_c.so
[3.662s] -- Up-to-date: /home/booster/Workspace/robocup_demo/install/booster_interface/lib/libbooster_interface__rosidl_typesupport_fastrtps_c.so
[3.662s] -- Up-to-date: /home/booster/Workspace/robocup_demo/install/booster_interface/lib/libbooster_interface__rosidl_typesupport_fastrtps_cpp.so
[3.663s] -- Up-to-date: /home/booster/Workspace/robocup_demo/install/booster_interface/lib/libbooster_interface__rosidl_typesupport_introspection_c.so
[3.663s] -- Up-to-date: /home/booster/Workspace/robocup_demo/install/booster_interface/lib/libbooster_interface__rosidl_typesupport_c.so
[3.663s] -- Up-to-date: /home/booster/Workspace/robocup_demo/install/booster_interface/lib/libbooster_interface__rosidl_typesupport_introspection_cpp.so
[3.664s] -- Up-to-date: /home/booster/Workspace/robocup_demo/install/booster_interface/lib/libbooster_interface__rosidl_typesupport_cpp.so
[3.786s] Listing '/home/booster/Workspace/robocup_demo/install/booster_interface/local/lib/python3.10/dist-packages/booster_interface'...
[3.787s] Listing '/home/booster/Workspace/robocup_demo/install/booster_interface/local/lib/python3.10/dist-packages/booster_interface/msg'...
[3.787s] Listing '/home/booster/Workspace/robocup_demo/install/booster_interface/local/lib/python3.10/dist-packages/booster_interface/srv'...
[3.817s] -- Up-to-date: /home/booster/Workspace/robocup_demo/install/booster_interface/lib/libbooster_interface__rosidl_generator_py.so
[3.820s] -- Up-to-date: /home/booster/Workspace/robocup_demo/install/booster_interface/share/booster_interface/cmake/export_booster_interface__rosidl_generator_cExport.cmake
[3.830s] -- Up-to-date: /home/booster/Workspace/robocup_demo/install/booster_interface/share/booster_interface/cmake/export_booster_interface__rosidl_generator_cExport-noconfig.cmake
[3.831s] -- Up-to-date: /home/booster/Workspace/robocup_demo/install/booster_interface/share/booster_interface/cmake/export_booster_interface__rosidl_typesupport_fastrtps_cExport.cmake
[3.831s] -- Up-to-date: /home/booster/Workspace/robocup_demo/install/booster_interface/share/booster_interface/cmake/export_booster_interface__rosidl_typesupport_fastrtps_cExport-noconfig.cmake
[3.832s] -- Up-to-date: /home/booster/Workspace/robocup_demo/install/booster_interface/share/booster_interface/cmake/export_booster_interface__rosidl_generator_cppExport.cmake
[3.832s] -- Up-to-date: /home/booster/Workspace/robocup_demo/install/booster_interface/share/booster_interface/cmake/export_booster_interface__rosidl_typesupport_fastrtps_cppExport.cmake
[3.834s] -- Up-to-date: /home/booster/Workspace/robocup_demo/install/booster_interface/share/booster_interface/cmake/export_booster_interface__rosidl_typesupport_fastrtps_cppExport-noconfig.cmake
[3.834s] -- Up-to-date: /home/booster/Workspace/robocup_demo/install/booster_interface/share/booster_interface/cmake/booster_interface__rosidl_typesupport_introspection_cExport.cmake
[3.834s] -- Up-to-date: /home/booster/Workspace/robocup_demo/install/booster_interface/share/booster_interface/cmake/booster_interface__rosidl_typesupport_introspection_cExport-noconfig.cmake
[3.835s] -- Up-to-date: /home/booster/Workspace/robocup_demo/install/booster_interface/share/booster_interface/cmake/booster_interface__rosidl_typesupport_cExport.cmake
[3.835s] -- Up-to-date: /home/booster/Workspace/robocup_demo/install/booster_interface/share/booster_interface/cmake/booster_interface__rosidl_typesupport_cExport-noconfig.cmake
[3.835s] -- Up-to-date: /home/booster/Workspace/robocup_demo/install/booster_interface/share/booster_interface/cmake/booster_interface__rosidl_typesupport_introspection_cppExport.cmake
[3.835s] -- Up-to-date: /home/booster/Workspace/robocup_demo/install/booster_interface/share/booster_interface/cmake/booster_interface__rosidl_typesupport_introspection_cppExport-noconfig.cmake
[3.835s] -- Up-to-date: /home/booster/Workspace/robocup_demo/install/booster_interface/share/booster_interface/cmake/booster_interface__rosidl_typesupport_cppExport.cmake
[3.835s] -- Up-to-date: /home/booster/Workspace/robocup_demo/install/booster_interface/share/booster_interface/cmake/booster_interface__rosidl_typesupport_cppExport-noconfig.cmake
[3.843s] -- Up-to-date: /home/booster/Workspace/robocup_demo/install/booster_interface/share/booster_interface/cmake/export_booster_interface__rosidl_generator_pyExport.cmake
[3.845s] -- Up-to-date: /home/booster/Workspace/robocup_demo/install/booster_interface/share/booster_interface/cmake/export_booster_interface__rosidl_generator_pyExport-noconfig.cmake
[3.859s] Invoked command in '/home/booster/Workspace/robocup_demo/build/booster_interface' returned '0': CMAKE_PREFIX_PATH=/opt/ros/humble /usr/bin/cmake --install /home/booster/Workspace/robocup_demo/build/booster_interface
