[0.041s] Invoking command in '/home/booster/Workspace/robocup_demo/build/game_controller': AMENT_PREFIX_PATH=/home/booster/Workspace/robocup_demo/install/game_controller_interface:${AMENT_PREFIX_PATH} CMAKE_PREFIX_PATH=/home/booster/Workspace/robocup_demo/install/game_controller_interface:/opt/ros/humble LD_LIBRARY_PATH=/home/booster/Workspace/robocup_demo/install/game_controller_interface/lib:/opt/ros/humble/opt/rviz_ogre_vendor/lib:/opt/ros/humble/lib/aarch64-linux-gnu:/opt/ros/humble/lib:/usr/local/cuda/lib64 PYTHONPATH=/home/booster/Workspace/robocup_demo/install/game_controller_interface/local/lib/python3.10/dist-packages:${PYTHONPATH} /usr/bin/cmake --build /home/booster/Workspace/robocup_demo/build/game_controller -- -j5 -l5
[0.241s] [35m[1mConsolidate compiler generated dependencies of target game_controller_node[0m
[0.297s] [ 33%] [32mBuilding CXX object CMakeFiles/game_controller_node.dir/src/main.cpp.o[0m
[8.787s] [ 66%] [32mBuilding CXX object CMakeFiles/game_controller_node.dir/src/game_controller_node.cpp.o[0m
[18.281s] [100%] [32m[1mLinking CXX executable game_controller_node[0m
[18.790s] [100%] Built target game_controller_node
[18.819s] Invoked command in '/home/booster/Workspace/robocup_demo/build/game_controller' returned '0': AMENT_PREFIX_PATH=/home/booster/Workspace/robocup_demo/install/game_controller_interface:${AMENT_PREFIX_PATH} CMAKE_PREFIX_PATH=/home/booster/Workspace/robocup_demo/install/game_controller_interface:/opt/ros/humble LD_LIBRARY_PATH=/home/booster/Workspace/robocup_demo/install/game_controller_interface/lib:/opt/ros/humble/opt/rviz_ogre_vendor/lib:/opt/ros/humble/lib/aarch64-linux-gnu:/opt/ros/humble/lib:/usr/local/cuda/lib64 PYTHONPATH=/home/booster/Workspace/robocup_demo/install/game_controller_interface/local/lib/python3.10/dist-packages:${PYTHONPATH} /usr/bin/cmake --build /home/booster/Workspace/robocup_demo/build/game_controller -- -j5 -l5
[18.825s] Invoking command in '/home/booster/Workspace/robocup_demo/build/game_controller': AMENT_PREFIX_PATH=/home/booster/Workspace/robocup_demo/install/game_controller_interface:${AMENT_PREFIX_PATH} CMAKE_PREFIX_PATH=/home/booster/Workspace/robocup_demo/install/game_controller_interface:/opt/ros/humble LD_LIBRARY_PATH=/home/booster/Workspace/robocup_demo/install/game_controller_interface/lib:/opt/ros/humble/opt/rviz_ogre_vendor/lib:/opt/ros/humble/lib/aarch64-linux-gnu:/opt/ros/humble/lib:/usr/local/cuda/lib64 PYTHONPATH=/home/booster/Workspace/robocup_demo/install/game_controller_interface/local/lib/python3.10/dist-packages:${PYTHONPATH} /usr/bin/cmake --install /home/booster/Workspace/robocup_demo/build/game_controller
[18.842s] -- Install configuration: ""
[18.844s] -- Execute custom install script
[18.845s] -- Up-to-date symlink: /home/booster/Workspace/robocup_demo/install/game_controller/share/game_controller/launch/launch.py
[18.846s] -- Up-to-date symlink: /home/booster/Workspace/robocup_demo/install/game_controller/lib/game_controller/game_controller_node
[18.847s] -- Up-to-date symlink: /home/booster/Workspace/robocup_demo/install/game_controller/share/ament_index/resource_index/package_run_dependencies/game_controller
[18.847s] -- Up-to-date symlink: /home/booster/Workspace/robocup_demo/install/game_controller/share/ament_index/resource_index/parent_prefix_path/game_controller
[18.847s] -- Up-to-date symlink: /home/booster/Workspace/robocup_demo/install/game_controller/share/game_controller/environment/ament_prefix_path.sh
[18.848s] -- Up-to-date symlink: /home/booster/Workspace/robocup_demo/install/game_controller/share/game_controller/environment/ament_prefix_path.dsv
[18.848s] -- Up-to-date symlink: /home/booster/Workspace/robocup_demo/install/game_controller/share/game_controller/environment/path.sh
[18.852s] -- Up-to-date symlink: /home/booster/Workspace/robocup_demo/install/game_controller/share/game_controller/environment/path.dsv
[18.852s] -- Up-to-date symlink: /home/booster/Workspace/robocup_demo/install/game_controller/share/game_controller/local_setup.bash
[18.853s] -- Up-to-date symlink: /home/booster/Workspace/robocup_demo/install/game_controller/share/game_controller/local_setup.sh
[18.853s] -- Up-to-date symlink: /home/booster/Workspace/robocup_demo/install/game_controller/share/game_controller/local_setup.zsh
[18.853s] -- Up-to-date symlink: /home/booster/Workspace/robocup_demo/install/game_controller/share/game_controller/local_setup.dsv
[18.853s] -- Symlinking: /home/booster/Workspace/robocup_demo/install/game_controller/share/game_controller/package.dsv
[18.876s] -- Up-to-date symlink: /home/booster/Workspace/robocup_demo/install/game_controller/share/ament_index/resource_index/packages/game_controller
[18.877s] -- Up-to-date symlink: /home/booster/Workspace/robocup_demo/install/game_controller/share/game_controller/cmake/game_controllerConfig.cmake
[18.877s] -- Up-to-date symlink: /home/booster/Workspace/robocup_demo/install/game_controller/share/game_controller/cmake/game_controllerConfig-version.cmake
[18.877s] -- Up-to-date symlink: /home/booster/Workspace/robocup_demo/install/game_controller/share/game_controller/package.xml
[18.884s] Invoked command in '/home/booster/Workspace/robocup_demo/build/game_controller' returned '0': AMENT_PREFIX_PATH=/home/booster/Workspace/robocup_demo/install/game_controller_interface:${AMENT_PREFIX_PATH} CMAKE_PREFIX_PATH=/home/booster/Workspace/robocup_demo/install/game_controller_interface:/opt/ros/humble LD_LIBRARY_PATH=/home/booster/Workspace/robocup_demo/install/game_controller_interface/lib:/opt/ros/humble/opt/rviz_ogre_vendor/lib:/opt/ros/humble/lib/aarch64-linux-gnu:/opt/ros/humble/lib:/usr/local/cuda/lib64 PYTHONPATH=/home/booster/Workspace/robocup_demo/install/game_controller_interface/local/lib/python3.10/dist-packages:${PYTHONPATH} /usr/bin/cmake --install /home/booster/Workspace/robocup_demo/build/game_controller
