[0.090s] Invoking command in '/home/booster/Workspace/robocup_demo/build/booster_interface': CMAKE_PREFIX_PATH=/opt/ros/humble /usr/bin/cmake --build /home/booster/Workspace/robocup_demo/build/booster_interface -- -j5 -l5
[0.284s] [  0%] Built target booster_interface__cpp
[0.427s] [  0%] Built target ament_cmake_python_symlink_booster_interface
[0.602s] [ 12%] Built target booster_interface__rosidl_typesupport_introspection_cpp
[1.734s] running egg_info
[1.738s] writing booster_interface.egg-info/PKG-INFO
[1.741s] writing dependency_links to booster_interface.egg-info/dependency_links.txt
[1.742s] writing top-level names to booster_interface.egg-info/top_level.txt
[1.751s] reading manifest file 'booster_interface.egg-info/SOURCES.txt'
[1.754s] writing manifest file 'booster_interface.egg-info/SOURCES.txt'
[1.894s] [ 12%] Built target ament_cmake_python_build_booster_interface_egg
[2.004s] [ 24%] Built target booster_interface__rosidl_typesupport_fastrtps_cpp
[2.084s] [ 36%] Built target booster_interface__rosidl_typesupport_cpp
[2.173s] [ 48%] Built target booster_interface__rosidl_generator_c
[2.261s] [ 60%] Built target booster_interface__rosidl_typesupport_fastrtps_c
[2.370s] [ 72%] Built target booster_interface__rosidl_typesupport_c
[2.492s] [ 84%] Built target booster_interface__rosidl_typesupport_introspection_c
[2.619s] [ 84%] Built target booster_interface
[2.730s] [ 85%] Built target booster_interface__py
[2.859s] [ 96%] Built target booster_interface__rosidl_generator_py
[2.995s] [ 97%] Built target booster_interface__rosidl_typesupport_fastrtps_c__pyext
[3.101s] [ 98%] Built target booster_interface__rosidl_typesupport_c__pyext
[3.200s] [100%] Built target booster_interface__rosidl_typesupport_introspection_c__pyext
[3.297s] Invoked command in '/home/booster/Workspace/robocup_demo/build/booster_interface' returned '0': CMAKE_PREFIX_PATH=/opt/ros/humble /usr/bin/cmake --build /home/booster/Workspace/robocup_demo/build/booster_interface -- -j5 -l5
[3.301s] Invoking command in '/home/booster/Workspace/robocup_demo/build/booster_interface': CMAKE_PREFIX_PATH=/opt/ros/humble /usr/bin/cmake --install /home/booster/Workspace/robocup_demo/build/booster_interface
[3.332s] -- Install configuration: ""
[3.334s] -- Execute custom install script
[3.334s] -- Up-to-date symlink: /home/booster/Workspace/robocup_demo/install/booster_interface/share/ament_index/resource_index/rosidl_interfaces/booster_interface
[3.337s] -- Up-to-date symlink: /home/booster/Workspace/robocup_demo/install/booster_interface/include/booster_interface/booster_interface/msg/booster_api_req_msg.h
[3.339s] -- Up-to-date symlink: /home/booster/Workspace/robocup_demo/install/booster_interface/include/booster_interface/booster_interface/msg/booster_api_resp_msg.h
[3.339s] -- Up-to-date symlink: /home/booster/Workspace/robocup_demo/install/booster_interface/include/booster_interface/booster_interface/msg/button_event_msg.h
[3.340s] -- Up-to-date symlink: /home/booster/Workspace/robocup_demo/install/booster_interface/include/booster_interface/booster_interface/msg/detail/booster_api_req_msg__functions.h
[3.340s] -- Up-to-date symlink: /home/booster/Workspace/robocup_demo/install/booster_interface/include/booster_interface/booster_interface/msg/detail/booster_api_req_msg__struct.h
[3.340s] -- Up-to-date symlink: /home/booster/Workspace/robocup_demo/install/booster_interface/include/booster_interface/booster_interface/msg/detail/booster_api_req_msg__type_support.h
[3.340s] -- Up-to-date symlink: /home/booster/Workspace/robocup_demo/install/booster_interface/include/booster_interface/booster_interface/msg/detail/booster_api_resp_msg__functions.h
[3.340s] -- Up-to-date symlink: /home/booster/Workspace/robocup_demo/install/booster_interface/include/booster_interface/booster_interface/msg/detail/booster_api_resp_msg__struct.h
[3.340s] -- Up-to-date symlink: /home/booster/Workspace/robocup_demo/install/booster_interface/include/booster_interface/booster_interface/msg/detail/booster_api_resp_msg__type_support.h
[3.340s] -- Up-to-date symlink: /home/booster/Workspace/robocup_demo/install/booster_interface/include/booster_interface/booster_interface/msg/detail/button_event_msg__functions.h
[3.342s] -- Up-to-date symlink: /home/booster/Workspace/robocup_demo/install/booster_interface/include/booster_interface/booster_interface/msg/detail/button_event_msg__struct.h
[3.342s] -- Up-to-date symlink: /home/booster/Workspace/robocup_demo/install/booster_interface/include/booster_interface/booster_interface/msg/detail/button_event_msg__type_support.h
[3.342s] -- Up-to-date symlink: /home/booster/Workspace/robocup_demo/install/booster_interface/include/booster_interface/booster_interface/msg/detail/fall_down_state__functions.h
[3.343s] -- Up-to-date symlink: /home/booster/Workspace/robocup_demo/install/booster_interface/include/booster_interface/booster_interface/msg/detail/fall_down_state__struct.h
[3.343s] -- Up-to-date symlink: /home/booster/Workspace/robocup_demo/install/booster_interface/include/booster_interface/booster_interface/msg/detail/fall_down_state__type_support.h
[3.343s] -- Up-to-date symlink: /home/booster/Workspace/robocup_demo/install/booster_interface/include/booster_interface/booster_interface/msg/detail/hand_command__functions.h
[3.343s] -- Up-to-date symlink: /home/booster/Workspace/robocup_demo/install/booster_interface/include/booster_interface/booster_interface/msg/detail/hand_command__struct.h
[3.343s] -- Up-to-date symlink: /home/booster/Workspace/robocup_demo/install/booster_interface/include/booster_interface/booster_interface/msg/detail/hand_command__type_support.h
[3.344s] -- Up-to-date symlink: /home/booster/Workspace/robocup_demo/install/booster_interface/include/booster_interface/booster_interface/msg/detail/hand_dds_msg__functions.h
[3.344s] -- Up-to-date symlink: /home/booster/Workspace/robocup_demo/install/booster_interface/include/booster_interface/booster_interface/msg/detail/hand_dds_msg__struct.h
[3.344s] -- Up-to-date symlink: /home/booster/Workspace/robocup_demo/install/booster_interface/include/booster_interface/booster_interface/msg/detail/hand_dds_msg__type_support.h
[3.344s] -- Up-to-date symlink: /home/booster/Workspace/robocup_demo/install/booster_interface/include/booster_interface/booster_interface/msg/detail/hand_param__functions.h
[3.344s] -- Up-to-date symlink: /home/booster/Workspace/robocup_demo/install/booster_interface/include/booster_interface/booster_interface/msg/detail/hand_param__struct.h
[3.345s] -- Up-to-date symlink: /home/booster/Workspace/robocup_demo/install/booster_interface/include/booster_interface/booster_interface/msg/detail/hand_param__type_support.h
[3.345s] -- Up-to-date symlink: /home/booster/Workspace/robocup_demo/install/booster_interface/include/booster_interface/booster_interface/msg/detail/imu_state__functions.h
[3.345s] -- Up-to-date symlink: /home/booster/Workspace/robocup_demo/install/booster_interface/include/booster_interface/booster_interface/msg/detail/imu_state__struct.h
[3.345s] -- Up-to-date symlink: /home/booster/Workspace/robocup_demo/install/booster_interface/include/booster_interface/booster_interface/msg/detail/imu_state__type_support.h
[3.346s] -- Up-to-date symlink: /home/booster/Workspace/robocup_demo/install/booster_interface/include/booster_interface/booster_interface/msg/detail/low_cmd__functions.h
[3.346s] -- Up-to-date symlink: /home/booster/Workspace/robocup_demo/install/booster_interface/include/booster_interface/booster_interface/msg/detail/low_cmd__struct.h
[3.346s] -- Up-to-date symlink: /home/booster/Workspace/robocup_demo/install/booster_interface/include/booster_interface/booster_interface/msg/detail/low_cmd__type_support.h
[3.346s] -- Up-to-date symlink: /home/booster/Workspace/robocup_demo/install/booster_interface/include/booster_interface/booster_interface/msg/detail/low_state__functions.h
[3.346s] -- Up-to-date symlink: /home/booster/Workspace/robocup_demo/install/booster_interface/include/booster_interface/booster_interface/msg/detail/low_state__struct.h
[3.347s] -- Up-to-date symlink: /home/booster/Workspace/robocup_demo/install/booster_interface/include/booster_interface/booster_interface/msg/detail/low_state__type_support.h
[3.347s] -- Up-to-date symlink: /home/booster/Workspace/robocup_demo/install/booster_interface/include/booster_interface/booster_interface/msg/detail/motor_cmd__functions.h
[3.347s] -- Up-to-date symlink: /home/booster/Workspace/robocup_demo/install/booster_interface/include/booster_interface/booster_interface/msg/detail/motor_cmd__struct.h
[3.347s] -- Up-to-date symlink: /home/booster/Workspace/robocup_demo/install/booster_interface/include/booster_interface/booster_interface/msg/detail/motor_cmd__type_support.h
[3.348s] -- Up-to-date symlink: /home/booster/Workspace/robocup_demo/install/booster_interface/include/booster_interface/booster_interface/msg/detail/motor_state__functions.h
[3.348s] -- Up-to-date symlink: /home/booster/Workspace/robocup_demo/install/booster_interface/include/booster_interface/booster_interface/msg/detail/motor_state__struct.h
[3.349s] -- Up-to-date symlink: /home/booster/Workspace/robocup_demo/install/booster_interface/include/booster_interface/booster_interface/msg/detail/motor_state__type_support.h
[3.349s] -- Up-to-date symlink: /home/booster/Workspace/robocup_demo/install/booster_interface/include/booster_interface/booster_interface/msg/detail/odometer__functions.h
[3.349s] -- Up-to-date symlink: /home/booster/Workspace/robocup_demo/install/booster_interface/include/booster_interface/booster_interface/msg/detail/odometer__struct.h
[3.351s] -- Up-to-date symlink: /home/booster/Workspace/robocup_demo/install/booster_interface/include/booster_interface/booster_interface/msg/detail/odometer__type_support.h
[3.351s] -- Up-to-date symlink: /home/booster/Workspace/robocup_demo/install/booster_interface/include/booster_interface/booster_interface/msg/detail/raw_bytes_msg__functions.h
[3.351s] -- Up-to-date symlink: /home/booster/Workspace/robocup_demo/install/booster_interface/include/booster_interface/booster_interface/msg/detail/raw_bytes_msg__struct.h
[3.351s] -- Up-to-date symlink: /home/booster/Workspace/robocup_demo/install/booster_interface/include/booster_interface/booster_interface/msg/detail/raw_bytes_msg__type_support.h
[3.352s] -- Up-to-date symlink: /home/booster/Workspace/robocup_demo/install/booster_interface/include/booster_interface/booster_interface/msg/detail/raw_bytes_stamped__functions.h
[3.352s] -- Up-to-date symlink: /home/booster/Workspace/robocup_demo/install/booster_interface/include/booster_interface/booster_interface/msg/detail/raw_bytes_stamped__struct.h
[3.352s] -- Up-to-date symlink: /home/booster/Workspace/robocup_demo/install/booster_interface/include/booster_interface/booster_interface/msg/detail/raw_bytes_stamped__type_support.h
[3.353s] -- Up-to-date symlink: /home/booster/Workspace/robocup_demo/install/booster_interface/include/booster_interface/booster_interface/msg/detail/remote_controller_state__functions.h
[3.353s] -- Up-to-date symlink: /home/booster/Workspace/robocup_demo/install/booster_interface/include/booster_interface/booster_interface/msg/detail/remote_controller_state__struct.h
[3.353s] -- Up-to-date symlink: /home/booster/Workspace/robocup_demo/install/booster_interface/include/booster_interface/booster_interface/msg/detail/remote_controller_state__type_support.h
[3.353s] -- Up-to-date symlink: /home/booster/Workspace/robocup_demo/install/booster_interface/include/booster_interface/booster_interface/msg/fall_down_state.h
[3.353s] -- Up-to-date symlink: /home/booster/Workspace/robocup_demo/install/booster_interface/include/booster_interface/booster_interface/msg/hand_command.h
[3.354s] -- Up-to-date symlink: /home/booster/Workspace/robocup_demo/install/booster_interface/include/booster_interface/booster_interface/msg/hand_dds_msg.h
[3.354s] -- Up-to-date symlink: /home/booster/Workspace/robocup_demo/install/booster_interface/include/booster_interface/booster_interface/msg/hand_param.h
[3.354s] -- Up-to-date symlink: /home/booster/Workspace/robocup_demo/install/booster_interface/include/booster_interface/booster_interface/msg/imu_state.h
[3.354s] -- Up-to-date symlink: /home/booster/Workspace/robocup_demo/install/booster_interface/include/booster_interface/booster_interface/msg/low_cmd.h
[3.354s] -- Up-to-date symlink: /home/booster/Workspace/robocup_demo/install/booster_interface/include/booster_interface/booster_interface/msg/low_state.h
[3.354s] -- Up-to-date symlink: /home/booster/Workspace/robocup_demo/install/booster_interface/include/booster_interface/booster_interface/msg/motor_cmd.h
[3.354s] -- Up-to-date symlink: /home/booster/Workspace/robocup_demo/install/booster_interface/include/booster_interface/booster_interface/msg/motor_state.h
[3.354s] -- Up-to-date symlink: /home/booster/Workspace/robocup_demo/install/booster_interface/include/booster_interface/booster_interface/msg/odometer.h
[3.355s] -- Up-to-date symlink: /home/booster/Workspace/robocup_demo/install/booster_interface/include/booster_interface/booster_interface/msg/raw_bytes_msg.h
[3.355s] -- Up-to-date symlink: /home/booster/Workspace/robocup_demo/install/booster_interface/include/booster_interface/booster_interface/msg/raw_bytes_stamped.h
[3.355s] -- Up-to-date symlink: /home/booster/Workspace/robocup_demo/install/booster_interface/include/booster_interface/booster_interface/msg/remote_controller_state.h
[3.356s] -- Up-to-date symlink: /home/booster/Workspace/robocup_demo/install/booster_interface/include/booster_interface/booster_interface/msg/rosidl_generator_c__visibility_control.h
[3.360s] -- Up-to-date symlink: /home/booster/Workspace/robocup_demo/install/booster_interface/include/booster_interface/booster_interface/srv/agent_service.h
[3.361s] -- Up-to-date symlink: /home/booster/Workspace/robocup_demo/install/booster_interface/include/booster_interface/booster_interface/srv/detail/agent_service__functions.h
[3.361s] -- Up-to-date symlink: /home/booster/Workspace/robocup_demo/install/booster_interface/include/booster_interface/booster_interface/srv/detail/agent_service__struct.h
[3.361s] -- Up-to-date symlink: /home/booster/Workspace/robocup_demo/install/booster_interface/include/booster_interface/booster_interface/srv/detail/agent_service__type_support.h
[3.362s] -- Up-to-date symlink: /home/booster/Workspace/robocup_demo/install/booster_interface/include/booster_interface/booster_interface/srv/detail/rpc_service__functions.h
[3.362s] -- Up-to-date symlink: /home/booster/Workspace/robocup_demo/install/booster_interface/include/booster_interface/booster_interface/srv/detail/rpc_service__struct.h
[3.363s] -- Up-to-date symlink: /home/booster/Workspace/robocup_demo/install/booster_interface/include/booster_interface/booster_interface/srv/detail/rpc_service__type_support.h
[3.363s] -- Up-to-date symlink: /home/booster/Workspace/robocup_demo/install/booster_interface/include/booster_interface/booster_interface/srv/rpc_service.h
[3.363s] -- Up-to-date symlink: /home/booster/Workspace/robocup_demo/install/booster_interface/share/booster_interface/environment/library_path.sh
[3.363s] -- Up-to-date symlink: /home/booster/Workspace/robocup_demo/install/booster_interface/share/booster_interface/environment/library_path.dsv
[3.364s] -- Up-to-date symlink: /home/booster/Workspace/robocup_demo/install/booster_interface/include/booster_interface/booster_interface/msg/detail/booster_api_req_msg__rosidl_typesupport_fastrtps_c.h
[3.365s] -- Up-to-date symlink: /home/booster/Workspace/robocup_demo/install/booster_interface/include/booster_interface/booster_interface/msg/detail/booster_api_resp_msg__rosidl_typesupport_fastrtps_c.h
[3.365s] -- Up-to-date symlink: /home/booster/Workspace/robocup_demo/install/booster_interface/include/booster_interface/booster_interface/msg/detail/button_event_msg__rosidl_typesupport_fastrtps_c.h
[3.365s] -- Up-to-date symlink: /home/booster/Workspace/robocup_demo/install/booster_interface/include/booster_interface/booster_interface/msg/detail/fall_down_state__rosidl_typesupport_fastrtps_c.h
[3.365s] -- Up-to-date symlink: /home/booster/Workspace/robocup_demo/install/booster_interface/include/booster_interface/booster_interface/msg/detail/hand_command__rosidl_typesupport_fastrtps_c.h
[3.366s] -- Up-to-date symlink: /home/booster/Workspace/robocup_demo/install/booster_interface/include/booster_interface/booster_interface/msg/detail/hand_dds_msg__rosidl_typesupport_fastrtps_c.h
[3.366s] -- Up-to-date symlink: /home/booster/Workspace/robocup_demo/install/booster_interface/include/booster_interface/booster_interface/msg/detail/hand_param__rosidl_typesupport_fastrtps_c.h
[3.366s] -- Up-to-date symlink: /home/booster/Workspace/robocup_demo/install/booster_interface/include/booster_interface/booster_interface/msg/detail/imu_state__rosidl_typesupport_fastrtps_c.h
[3.366s] -- Up-to-date symlink: /home/booster/Workspace/robocup_demo/install/booster_interface/include/booster_interface/booster_interface/msg/detail/low_cmd__rosidl_typesupport_fastrtps_c.h
[3.367s] -- Up-to-date symlink: /home/booster/Workspace/robocup_demo/install/booster_interface/include/booster_interface/booster_interface/msg/detail/low_state__rosidl_typesupport_fastrtps_c.h
[3.367s] -- Up-to-date symlink: /home/booster/Workspace/robocup_demo/install/booster_interface/include/booster_interface/booster_interface/msg/detail/motor_cmd__rosidl_typesupport_fastrtps_c.h
[3.367s] -- Up-to-date symlink: /home/booster/Workspace/robocup_demo/install/booster_interface/include/booster_interface/booster_interface/msg/detail/motor_state__rosidl_typesupport_fastrtps_c.h
[3.367s] -- Up-to-date symlink: /home/booster/Workspace/robocup_demo/install/booster_interface/include/booster_interface/booster_interface/msg/detail/odometer__rosidl_typesupport_fastrtps_c.h
[3.368s] -- Up-to-date symlink: /home/booster/Workspace/robocup_demo/install/booster_interface/include/booster_interface/booster_interface/msg/detail/raw_bytes_msg__rosidl_typesupport_fastrtps_c.h
[3.368s] -- Up-to-date symlink: /home/booster/Workspace/robocup_demo/install/booster_interface/include/booster_interface/booster_interface/msg/detail/raw_bytes_stamped__rosidl_typesupport_fastrtps_c.h
[3.368s] -- Up-to-date symlink: /home/booster/Workspace/robocup_demo/install/booster_interface/include/booster_interface/booster_interface/msg/detail/remote_controller_state__rosidl_typesupport_fastrtps_c.h
[3.368s] -- Up-to-date symlink: /home/booster/Workspace/robocup_demo/install/booster_interface/include/booster_interface/booster_interface/msg/rosidl_typesupport_fastrtps_c__visibility_control.h
[3.368s] -- Up-to-date symlink: /home/booster/Workspace/robocup_demo/install/booster_interface/include/booster_interface/booster_interface/srv/detail/agent_service__rosidl_typesupport_fastrtps_c.h
[3.368s] -- Up-to-date symlink: /home/booster/Workspace/robocup_demo/install/booster_interface/include/booster_interface/booster_interface/srv/detail/rpc_service__rosidl_typesupport_fastrtps_c.h
[3.372s] -- Up-to-date symlink: /home/booster/Workspace/robocup_demo/install/booster_interface/include/booster_interface/booster_interface/msg/booster_api_req_msg.hpp
[3.372s] -- Up-to-date symlink: /home/booster/Workspace/robocup_demo/install/booster_interface/include/booster_interface/booster_interface/msg/booster_api_resp_msg.hpp
[3.373s] -- Up-to-date symlink: /home/booster/Workspace/robocup_demo/install/booster_interface/include/booster_interface/booster_interface/msg/button_event_msg.hpp
[3.373s] -- Up-to-date symlink: /home/booster/Workspace/robocup_demo/install/booster_interface/include/booster_interface/booster_interface/msg/detail/booster_api_req_msg__builder.hpp
[3.373s] -- Up-to-date symlink: /home/booster/Workspace/robocup_demo/install/booster_interface/include/booster_interface/booster_interface/msg/detail/booster_api_req_msg__struct.hpp
[3.375s] -- Up-to-date symlink: /home/booster/Workspace/robocup_demo/install/booster_interface/include/booster_interface/booster_interface/msg/detail/booster_api_req_msg__traits.hpp
[3.375s] -- Up-to-date symlink: /home/booster/Workspace/robocup_demo/install/booster_interface/include/booster_interface/booster_interface/msg/detail/booster_api_req_msg__type_support.hpp
[3.375s] -- Up-to-date symlink: /home/booster/Workspace/robocup_demo/install/booster_interface/include/booster_interface/booster_interface/msg/detail/booster_api_resp_msg__builder.hpp
[3.377s] -- Up-to-date symlink: /home/booster/Workspace/robocup_demo/install/booster_interface/include/booster_interface/booster_interface/msg/detail/booster_api_resp_msg__struct.hpp
[3.377s] -- Up-to-date symlink: /home/booster/Workspace/robocup_demo/install/booster_interface/include/booster_interface/booster_interface/msg/detail/booster_api_resp_msg__traits.hpp
[3.378s] -- Up-to-date symlink: /home/booster/Workspace/robocup_demo/install/booster_interface/include/booster_interface/booster_interface/msg/detail/booster_api_resp_msg__type_support.hpp
[3.378s] -- Up-to-date symlink: /home/booster/Workspace/robocup_demo/install/booster_interface/include/booster_interface/booster_interface/msg/detail/button_event_msg__builder.hpp
[3.378s] -- Up-to-date symlink: /home/booster/Workspace/robocup_demo/install/booster_interface/include/booster_interface/booster_interface/msg/detail/button_event_msg__struct.hpp
[3.378s] -- Up-to-date symlink: /home/booster/Workspace/robocup_demo/install/booster_interface/include/booster_interface/booster_interface/msg/detail/button_event_msg__traits.hpp
[3.378s] -- Up-to-date symlink: /home/booster/Workspace/robocup_demo/install/booster_interface/include/booster_interface/booster_interface/msg/detail/button_event_msg__type_support.hpp
[3.378s] -- Up-to-date symlink: /home/booster/Workspace/robocup_demo/install/booster_interface/include/booster_interface/booster_interface/msg/detail/fall_down_state__builder.hpp
[3.379s] -- Up-to-date symlink: /home/booster/Workspace/robocup_demo/install/booster_interface/include/booster_interface/booster_interface/msg/detail/fall_down_state__struct.hpp
[3.379s] -- Up-to-date symlink: /home/booster/Workspace/robocup_demo/install/booster_interface/include/booster_interface/booster_interface/msg/detail/fall_down_state__traits.hpp
[3.380s] -- Up-to-date symlink: /home/booster/Workspace/robocup_demo/install/booster_interface/include/booster_interface/booster_interface/msg/detail/fall_down_state__type_support.hpp
[3.380s] -- Up-to-date symlink: /home/booster/Workspace/robocup_demo/install/booster_interface/include/booster_interface/booster_interface/msg/detail/hand_command__builder.hpp
[3.380s] -- Up-to-date symlink: /home/booster/Workspace/robocup_demo/install/booster_interface/include/booster_interface/booster_interface/msg/detail/hand_command__struct.hpp
[3.380s] -- Up-to-date symlink: /home/booster/Workspace/robocup_demo/install/booster_interface/include/booster_interface/booster_interface/msg/detail/hand_command__traits.hpp
[3.380s] -- Up-to-date symlink: /home/booster/Workspace/robocup_demo/install/booster_interface/include/booster_interface/booster_interface/msg/detail/hand_command__type_support.hpp
[3.380s] -- Up-to-date symlink: /home/booster/Workspace/robocup_demo/install/booster_interface/include/booster_interface/booster_interface/msg/detail/hand_dds_msg__builder.hpp
[3.380s] -- Up-to-date symlink: /home/booster/Workspace/robocup_demo/install/booster_interface/include/booster_interface/booster_interface/msg/detail/hand_dds_msg__struct.hpp
[3.381s] -- Up-to-date symlink: /home/booster/Workspace/robocup_demo/install/booster_interface/include/booster_interface/booster_interface/msg/detail/hand_dds_msg__traits.hpp
[3.381s] -- Up-to-date symlink: /home/booster/Workspace/robocup_demo/install/booster_interface/include/booster_interface/booster_interface/msg/detail/hand_dds_msg__type_support.hpp
[3.381s] -- Up-to-date symlink: /home/booster/Workspace/robocup_demo/install/booster_interface/include/booster_interface/booster_interface/msg/detail/hand_param__builder.hpp
[3.381s] -- Up-to-date symlink: /home/booster/Workspace/robocup_demo/install/booster_interface/include/booster_interface/booster_interface/msg/detail/hand_param__struct.hpp
[3.381s] -- Up-to-date symlink: /home/booster/Workspace/robocup_demo/install/booster_interface/include/booster_interface/booster_interface/msg/detail/hand_param__traits.hpp
[3.382s] -- Up-to-date symlink: /home/booster/Workspace/robocup_demo/install/booster_interface/include/booster_interface/booster_interface/msg/detail/hand_param__type_support.hpp
[3.382s] -- Up-to-date symlink: /home/booster/Workspace/robocup_demo/install/booster_interface/include/booster_interface/booster_interface/msg/detail/imu_state__builder.hpp
[3.382s] -- Up-to-date symlink: /home/booster/Workspace/robocup_demo/install/booster_interface/include/booster_interface/booster_interface/msg/detail/imu_state__struct.hpp
[3.382s] -- Up-to-date symlink: /home/booster/Workspace/robocup_demo/install/booster_interface/include/booster_interface/booster_interface/msg/detail/imu_state__traits.hpp
[3.383s] -- Up-to-date symlink: /home/booster/Workspace/robocup_demo/install/booster_interface/include/booster_interface/booster_interface/msg/detail/imu_state__type_support.hpp
[3.383s] -- Up-to-date symlink: /home/booster/Workspace/robocup_demo/install/booster_interface/include/booster_interface/booster_interface/msg/detail/low_cmd__builder.hpp
[3.383s] -- Up-to-date symlink: /home/booster/Workspace/robocup_demo/install/booster_interface/include/booster_interface/booster_interface/msg/detail/low_cmd__struct.hpp
[3.383s] -- Up-to-date symlink: /home/booster/Workspace/robocup_demo/install/booster_interface/include/booster_interface/booster_interface/msg/detail/low_cmd__traits.hpp
[3.384s] -- Up-to-date symlink: /home/booster/Workspace/robocup_demo/install/booster_interface/include/booster_interface/booster_interface/msg/detail/low_cmd__type_support.hpp
[3.384s] -- Up-to-date symlink: /home/booster/Workspace/robocup_demo/install/booster_interface/include/booster_interface/booster_interface/msg/detail/low_state__builder.hpp
[3.384s] -- Up-to-date symlink: /home/booster/Workspace/robocup_demo/install/booster_interface/include/booster_interface/booster_interface/msg/detail/low_state__struct.hpp
[3.384s] -- Up-to-date symlink: /home/booster/Workspace/robocup_demo/install/booster_interface/include/booster_interface/booster_interface/msg/detail/low_state__traits.hpp
[3.384s] -- Up-to-date symlink: /home/booster/Workspace/robocup_demo/install/booster_interface/include/booster_interface/booster_interface/msg/detail/low_state__type_support.hpp
[3.384s] -- Up-to-date symlink: /home/booster/Workspace/robocup_demo/install/booster_interface/include/booster_interface/booster_interface/msg/detail/motor_cmd__builder.hpp
[3.385s] -- Up-to-date symlink: /home/booster/Workspace/robocup_demo/install/booster_interface/include/booster_interface/booster_interface/msg/detail/motor_cmd__struct.hpp
[3.385s] -- Up-to-date symlink: /home/booster/Workspace/robocup_demo/install/booster_interface/include/booster_interface/booster_interface/msg/detail/motor_cmd__traits.hpp
[3.387s] -- Up-to-date symlink: /home/booster/Workspace/robocup_demo/install/booster_interface/include/booster_interface/booster_interface/msg/detail/motor_cmd__type_support.hpp
[3.387s] -- Up-to-date symlink: /home/booster/Workspace/robocup_demo/install/booster_interface/include/booster_interface/booster_interface/msg/detail/motor_state__builder.hpp
[3.388s] -- Up-to-date symlink: /home/booster/Workspace/robocup_demo/install/booster_interface/include/booster_interface/booster_interface/msg/detail/motor_state__struct.hpp
[3.388s] -- Up-to-date symlink: /home/booster/Workspace/robocup_demo/install/booster_interface/include/booster_interface/booster_interface/msg/detail/motor_state__traits.hpp
[3.392s] -- Up-to-date symlink: /home/booster/Workspace/robocup_demo/install/booster_interface/include/booster_interface/booster_interface/msg/detail/motor_state__type_support.hpp
[3.392s] -- Up-to-date symlink: /home/booster/Workspace/robocup_demo/install/booster_interface/include/booster_interface/booster_interface/msg/detail/odometer__builder.hpp
[3.393s] -- Up-to-date symlink: /home/booster/Workspace/robocup_demo/install/booster_interface/include/booster_interface/booster_interface/msg/detail/odometer__struct.hpp
[3.393s] -- Up-to-date symlink: /home/booster/Workspace/robocup_demo/install/booster_interface/include/booster_interface/booster_interface/msg/detail/odometer__traits.hpp
[3.393s] -- Up-to-date symlink: /home/booster/Workspace/robocup_demo/install/booster_interface/include/booster_interface/booster_interface/msg/detail/odometer__type_support.hpp
[3.394s] -- Up-to-date symlink: /home/booster/Workspace/robocup_demo/install/booster_interface/include/booster_interface/booster_interface/msg/detail/raw_bytes_msg__builder.hpp
[3.394s] -- Up-to-date symlink: /home/booster/Workspace/robocup_demo/install/booster_interface/include/booster_interface/booster_interface/msg/detail/raw_bytes_msg__struct.hpp
[3.395s] -- Up-to-date symlink: /home/booster/Workspace/robocup_demo/install/booster_interface/include/booster_interface/booster_interface/msg/detail/raw_bytes_msg__traits.hpp
[3.395s] -- Up-to-date symlink: /home/booster/Workspace/robocup_demo/install/booster_interface/include/booster_interface/booster_interface/msg/detail/raw_bytes_msg__type_support.hpp
[3.395s] -- Up-to-date symlink: /home/booster/Workspace/robocup_demo/install/booster_interface/include/booster_interface/booster_interface/msg/detail/raw_bytes_stamped__builder.hpp
[3.396s] -- Up-to-date symlink: /home/booster/Workspace/robocup_demo/install/booster_interface/include/booster_interface/booster_interface/msg/detail/raw_bytes_stamped__struct.hpp
[3.396s] -- Up-to-date symlink: /home/booster/Workspace/robocup_demo/install/booster_interface/include/booster_interface/booster_interface/msg/detail/raw_bytes_stamped__traits.hpp
[3.396s] -- Up-to-date symlink: /home/booster/Workspace/robocup_demo/install/booster_interface/include/booster_interface/booster_interface/msg/detail/raw_bytes_stamped__type_support.hpp
[3.396s] -- Up-to-date symlink: /home/booster/Workspace/robocup_demo/install/booster_interface/include/booster_interface/booster_interface/msg/detail/remote_controller_state__builder.hpp
[3.396s] -- Up-to-date symlink: /home/booster/Workspace/robocup_demo/install/booster_interface/include/booster_interface/booster_interface/msg/detail/remote_controller_state__struct.hpp
[3.397s] -- Up-to-date symlink: /home/booster/Workspace/robocup_demo/install/booster_interface/include/booster_interface/booster_interface/msg/detail/remote_controller_state__traits.hpp
[3.397s] -- Up-to-date symlink: /home/booster/Workspace/robocup_demo/install/booster_interface/include/booster_interface/booster_interface/msg/detail/remote_controller_state__type_support.hpp
[3.398s] -- Up-to-date symlink: /home/booster/Workspace/robocup_demo/install/booster_interface/include/booster_interface/booster_interface/msg/fall_down_state.hpp
[3.398s] -- Up-to-date symlink: /home/booster/Workspace/robocup_demo/install/booster_interface/include/booster_interface/booster_interface/msg/hand_command.hpp
[3.398s] -- Up-to-date symlink: /home/booster/Workspace/robocup_demo/install/booster_interface/include/booster_interface/booster_interface/msg/hand_dds_msg.hpp
[3.398s] -- Up-to-date symlink: /home/booster/Workspace/robocup_demo/install/booster_interface/include/booster_interface/booster_interface/msg/hand_param.hpp
[3.398s] -- Up-to-date symlink: /home/booster/Workspace/robocup_demo/install/booster_interface/include/booster_interface/booster_interface/msg/imu_state.hpp
[3.398s] -- Up-to-date symlink: /home/booster/Workspace/robocup_demo/install/booster_interface/include/booster_interface/booster_interface/msg/low_cmd.hpp
[3.398s] -- Up-to-date symlink: /home/booster/Workspace/robocup_demo/install/booster_interface/include/booster_interface/booster_interface/msg/low_state.hpp
[3.398s] -- Up-to-date symlink: /home/booster/Workspace/robocup_demo/install/booster_interface/include/booster_interface/booster_interface/msg/motor_cmd.hpp
[3.399s] -- Up-to-date symlink: /home/booster/Workspace/robocup_demo/install/booster_interface/include/booster_interface/booster_interface/msg/motor_state.hpp
[3.399s] -- Up-to-date symlink: /home/booster/Workspace/robocup_demo/install/booster_interface/include/booster_interface/booster_interface/msg/odometer.hpp
[3.400s] -- Up-to-date symlink: /home/booster/Workspace/robocup_demo/install/booster_interface/include/booster_interface/booster_interface/msg/raw_bytes_msg.hpp
[3.400s] -- Up-to-date symlink: /home/booster/Workspace/robocup_demo/install/booster_interface/include/booster_interface/booster_interface/msg/raw_bytes_stamped.hpp
[3.400s] -- Up-to-date symlink: /home/booster/Workspace/robocup_demo/install/booster_interface/include/booster_interface/booster_interface/msg/remote_controller_state.hpp
[3.400s] -- Up-to-date symlink: /home/booster/Workspace/robocup_demo/install/booster_interface/include/booster_interface/booster_interface/msg/rosidl_generator_cpp__visibility_control.hpp
[3.400s] -- Up-to-date symlink: /home/booster/Workspace/robocup_demo/install/booster_interface/include/booster_interface/booster_interface/srv/agent_service.hpp
[3.400s] -- Up-to-date symlink: /home/booster/Workspace/robocup_demo/install/booster_interface/include/booster_interface/booster_interface/srv/detail/agent_service__builder.hpp
[3.400s] -- Up-to-date symlink: /home/booster/Workspace/robocup_demo/install/booster_interface/include/booster_interface/booster_interface/srv/detail/agent_service__struct.hpp
[3.400s] -- Up-to-date symlink: /home/booster/Workspace/robocup_demo/install/booster_interface/include/booster_interface/booster_interface/srv/detail/agent_service__traits.hpp
[3.400s] -- Up-to-date symlink: /home/booster/Workspace/robocup_demo/install/booster_interface/include/booster_interface/booster_interface/srv/detail/agent_service__type_support.hpp
[3.400s] -- Up-to-date symlink: /home/booster/Workspace/robocup_demo/install/booster_interface/include/booster_interface/booster_interface/srv/detail/rpc_service__builder.hpp
[3.401s] -- Up-to-date symlink: /home/booster/Workspace/robocup_demo/install/booster_interface/include/booster_interface/booster_interface/srv/detail/rpc_service__struct.hpp
[3.401s] -- Up-to-date symlink: /home/booster/Workspace/robocup_demo/install/booster_interface/include/booster_interface/booster_interface/srv/detail/rpc_service__traits.hpp
[3.401s] -- Up-to-date symlink: /home/booster/Workspace/robocup_demo/install/booster_interface/include/booster_interface/booster_interface/srv/detail/rpc_service__type_support.hpp
[3.401s] -- Up-to-date symlink: /home/booster/Workspace/robocup_demo/install/booster_interface/include/booster_interface/booster_interface/srv/rpc_service.hpp
[3.402s] -- Up-to-date symlink: /home/booster/Workspace/robocup_demo/install/booster_interface/include/booster_interface/booster_interface/msg/detail/booster_api_req_msg__rosidl_typesupport_fastrtps_cpp.hpp
[3.402s] -- Up-to-date symlink: /home/booster/Workspace/robocup_demo/install/booster_interface/include/booster_interface/booster_interface/msg/detail/booster_api_resp_msg__rosidl_typesupport_fastrtps_cpp.hpp
[3.402s] -- Up-to-date symlink: /home/booster/Workspace/robocup_demo/install/booster_interface/include/booster_interface/booster_interface/msg/detail/button_event_msg__rosidl_typesupport_fastrtps_cpp.hpp
[3.402s] -- Up-to-date symlink: /home/booster/Workspace/robocup_demo/install/booster_interface/include/booster_interface/booster_interface/msg/detail/fall_down_state__rosidl_typesupport_fastrtps_cpp.hpp
[3.402s] -- Up-to-date symlink: /home/booster/Workspace/robocup_demo/install/booster_interface/include/booster_interface/booster_interface/msg/detail/hand_command__rosidl_typesupport_fastrtps_cpp.hpp
[3.402s] -- Up-to-date symlink: /home/booster/Workspace/robocup_demo/install/booster_interface/include/booster_interface/booster_interface/msg/detail/hand_dds_msg__rosidl_typesupport_fastrtps_cpp.hpp
[3.402s] -- Up-to-date symlink: /home/booster/Workspace/robocup_demo/install/booster_interface/include/booster_interface/booster_interface/msg/detail/hand_param__rosidl_typesupport_fastrtps_cpp.hpp
[3.403s] -- Up-to-date symlink: /home/booster/Workspace/robocup_demo/install/booster_interface/include/booster_interface/booster_interface/msg/detail/imu_state__rosidl_typesupport_fastrtps_cpp.hpp
[3.403s] -- Up-to-date symlink: /home/booster/Workspace/robocup_demo/install/booster_interface/include/booster_interface/booster_interface/msg/detail/low_cmd__rosidl_typesupport_fastrtps_cpp.hpp
[3.403s] -- Up-to-date symlink: /home/booster/Workspace/robocup_demo/install/booster_interface/include/booster_interface/booster_interface/msg/detail/low_state__rosidl_typesupport_fastrtps_cpp.hpp
[3.403s] -- Up-to-date symlink: /home/booster/Workspace/robocup_demo/install/booster_interface/include/booster_interface/booster_interface/msg/detail/motor_cmd__rosidl_typesupport_fastrtps_cpp.hpp
[3.404s] -- Up-to-date symlink: /home/booster/Workspace/robocup_demo/install/booster_interface/include/booster_interface/booster_interface/msg/detail/motor_state__rosidl_typesupport_fastrtps_cpp.hpp
[3.404s] -- Up-to-date symlink: /home/booster/Workspace/robocup_demo/install/booster_interface/include/booster_interface/booster_interface/msg/detail/odometer__rosidl_typesupport_fastrtps_cpp.hpp
[3.404s] -- Up-to-date symlink: /home/booster/Workspace/robocup_demo/install/booster_interface/include/booster_interface/booster_interface/msg/detail/raw_bytes_msg__rosidl_typesupport_fastrtps_cpp.hpp
[3.404s] -- Up-to-date symlink: /home/booster/Workspace/robocup_demo/install/booster_interface/include/booster_interface/booster_interface/msg/detail/raw_bytes_stamped__rosidl_typesupport_fastrtps_cpp.hpp
[3.404s] -- Up-to-date symlink: /home/booster/Workspace/robocup_demo/install/booster_interface/include/booster_interface/booster_interface/msg/detail/remote_controller_state__rosidl_typesupport_fastrtps_cpp.hpp
[3.405s] -- Up-to-date symlink: /home/booster/Workspace/robocup_demo/install/booster_interface/include/booster_interface/booster_interface/msg/rosidl_typesupport_fastrtps_cpp__visibility_control.h
[3.405s] -- Up-to-date symlink: /home/booster/Workspace/robocup_demo/install/booster_interface/include/booster_interface/booster_interface/srv/detail/agent_service__rosidl_typesupport_fastrtps_cpp.hpp
[3.406s] -- Up-to-date symlink: /home/booster/Workspace/robocup_demo/install/booster_interface/include/booster_interface/booster_interface/srv/detail/rpc_service__rosidl_typesupport_fastrtps_cpp.hpp
[3.407s] -- Up-to-date symlink: /home/booster/Workspace/robocup_demo/install/booster_interface/include/booster_interface/booster_interface/msg/detail/booster_api_req_msg__rosidl_typesupport_introspection_c.h
[3.407s] -- Up-to-date symlink: /home/booster/Workspace/robocup_demo/install/booster_interface/include/booster_interface/booster_interface/msg/detail/booster_api_resp_msg__rosidl_typesupport_introspection_c.h
[3.408s] -- Up-to-date symlink: /home/booster/Workspace/robocup_demo/install/booster_interface/include/booster_interface/booster_interface/msg/detail/button_event_msg__rosidl_typesupport_introspection_c.h
[3.408s] -- Up-to-date symlink: /home/booster/Workspace/robocup_demo/install/booster_interface/include/booster_interface/booster_interface/msg/detail/fall_down_state__rosidl_typesupport_introspection_c.h
[3.410s] -- Up-to-date symlink: /home/booster/Workspace/robocup_demo/install/booster_interface/include/booster_interface/booster_interface/msg/detail/hand_command__rosidl_typesupport_introspection_c.h
[3.410s] -- Up-to-date symlink: /home/booster/Workspace/robocup_demo/install/booster_interface/include/booster_interface/booster_interface/msg/detail/hand_dds_msg__rosidl_typesupport_introspection_c.h
[3.410s] -- Up-to-date symlink: /home/booster/Workspace/robocup_demo/install/booster_interface/include/booster_interface/booster_interface/msg/detail/hand_param__rosidl_typesupport_introspection_c.h
[3.411s] -- Up-to-date symlink: /home/booster/Workspace/robocup_demo/install/booster_interface/include/booster_interface/booster_interface/msg/detail/imu_state__rosidl_typesupport_introspection_c.h
[3.411s] -- Up-to-date symlink: /home/booster/Workspace/robocup_demo/install/booster_interface/include/booster_interface/booster_interface/msg/detail/low_cmd__rosidl_typesupport_introspection_c.h
[3.411s] -- Up-to-date symlink: /home/booster/Workspace/robocup_demo/install/booster_interface/include/booster_interface/booster_interface/msg/detail/low_state__rosidl_typesupport_introspection_c.h
[3.411s] -- Up-to-date symlink: /home/booster/Workspace/robocup_demo/install/booster_interface/include/booster_interface/booster_interface/msg/detail/motor_cmd__rosidl_typesupport_introspection_c.h
[3.412s] -- Up-to-date symlink: /home/booster/Workspace/robocup_demo/install/booster_interface/include/booster_interface/booster_interface/msg/detail/motor_state__rosidl_typesupport_introspection_c.h
[3.412s] -- Up-to-date symlink: /home/booster/Workspace/robocup_demo/install/booster_interface/include/booster_interface/booster_interface/msg/detail/odometer__rosidl_typesupport_introspection_c.h
[3.412s] -- Up-to-date symlink: /home/booster/Workspace/robocup_demo/install/booster_interface/include/booster_interface/booster_interface/msg/detail/raw_bytes_msg__rosidl_typesupport_introspection_c.h
[3.412s] -- Up-to-date symlink: /home/booster/Workspace/robocup_demo/install/booster_interface/include/booster_interface/booster_interface/msg/detail/raw_bytes_stamped__rosidl_typesupport_introspection_c.h
[3.412s] -- Up-to-date symlink: /home/booster/Workspace/robocup_demo/install/booster_interface/include/booster_interface/booster_interface/msg/detail/remote_controller_state__rosidl_typesupport_introspection_c.h
[3.412s] -- Up-to-date symlink: /home/booster/Workspace/robocup_demo/install/booster_interface/include/booster_interface/booster_interface/msg/rosidl_typesupport_introspection_c__visibility_control.h
[3.412s] -- Up-to-date symlink: /home/booster/Workspace/robocup_demo/install/booster_interface/include/booster_interface/booster_interface/srv/detail/agent_service__rosidl_typesupport_introspection_c.h
[3.412s] -- Up-to-date symlink: /home/booster/Workspace/robocup_demo/install/booster_interface/include/booster_interface/booster_interface/srv/detail/rpc_service__rosidl_typesupport_introspection_c.h
[3.414s] -- Up-to-date symlink: /home/booster/Workspace/robocup_demo/install/booster_interface/include/booster_interface/booster_interface/msg/detail/booster_api_req_msg__rosidl_typesupport_introspection_cpp.hpp
[3.414s] -- Up-to-date symlink: /home/booster/Workspace/robocup_demo/install/booster_interface/include/booster_interface/booster_interface/msg/detail/booster_api_resp_msg__rosidl_typesupport_introspection_cpp.hpp
[3.414s] -- Up-to-date symlink: /home/booster/Workspace/robocup_demo/install/booster_interface/include/booster_interface/booster_interface/msg/detail/button_event_msg__rosidl_typesupport_introspection_cpp.hpp
[3.414s] -- Up-to-date symlink: /home/booster/Workspace/robocup_demo/install/booster_interface/include/booster_interface/booster_interface/msg/detail/fall_down_state__rosidl_typesupport_introspection_cpp.hpp
[3.415s] -- Up-to-date symlink: /home/booster/Workspace/robocup_demo/install/booster_interface/include/booster_interface/booster_interface/msg/detail/hand_command__rosidl_typesupport_introspection_cpp.hpp
[3.415s] -- Up-to-date symlink: /home/booster/Workspace/robocup_demo/install/booster_interface/include/booster_interface/booster_interface/msg/detail/hand_dds_msg__rosidl_typesupport_introspection_cpp.hpp
[3.415s] -- Up-to-date symlink: /home/booster/Workspace/robocup_demo/install/booster_interface/include/booster_interface/booster_interface/msg/detail/hand_param__rosidl_typesupport_introspection_cpp.hpp
[3.415s] -- Up-to-date symlink: /home/booster/Workspace/robocup_demo/install/booster_interface/include/booster_interface/booster_interface/msg/detail/imu_state__rosidl_typesupport_introspection_cpp.hpp
[3.415s] -- Up-to-date symlink: /home/booster/Workspace/robocup_demo/install/booster_interface/include/booster_interface/booster_interface/msg/detail/low_cmd__rosidl_typesupport_introspection_cpp.hpp
[3.415s] -- Up-to-date symlink: /home/booster/Workspace/robocup_demo/install/booster_interface/include/booster_interface/booster_interface/msg/detail/low_state__rosidl_typesupport_introspection_cpp.hpp
[3.415s] -- Up-to-date symlink: /home/booster/Workspace/robocup_demo/install/booster_interface/include/booster_interface/booster_interface/msg/detail/motor_cmd__rosidl_typesupport_introspection_cpp.hpp
[3.415s] -- Up-to-date symlink: /home/booster/Workspace/robocup_demo/install/booster_interface/include/booster_interface/booster_interface/msg/detail/motor_state__rosidl_typesupport_introspection_cpp.hpp
[3.416s] -- Up-to-date symlink: /home/booster/Workspace/robocup_demo/install/booster_interface/include/booster_interface/booster_interface/msg/detail/odometer__rosidl_typesupport_introspection_cpp.hpp
[3.416s] -- Up-to-date symlink: /home/booster/Workspace/robocup_demo/install/booster_interface/include/booster_interface/booster_interface/msg/detail/raw_bytes_msg__rosidl_typesupport_introspection_cpp.hpp
[3.419s] -- Up-to-date symlink: /home/booster/Workspace/robocup_demo/install/booster_interface/include/booster_interface/booster_interface/msg/detail/raw_bytes_stamped__rosidl_typesupport_introspection_cpp.hpp
[3.419s] -- Up-to-date symlink: /home/booster/Workspace/robocup_demo/install/booster_interface/include/booster_interface/booster_interface/msg/detail/remote_controller_state__rosidl_typesupport_introspection_cpp.hpp
[3.419s] -- Up-to-date symlink: /home/booster/Workspace/robocup_demo/install/booster_interface/include/booster_interface/booster_interface/srv/detail/agent_service__rosidl_typesupport_introspection_cpp.hpp
[3.419s] -- Up-to-date symlink: /home/booster/Workspace/robocup_demo/install/booster_interface/include/booster_interface/booster_interface/srv/detail/rpc_service__rosidl_typesupport_introspection_cpp.hpp
[3.420s] -- Up-to-date symlink: /home/booster/Workspace/robocup_demo/install/booster_interface/share/booster_interface/environment/pythonpath.sh
[3.420s] -- Up-to-date symlink: /home/booster/Workspace/robocup_demo/install/booster_interface/share/booster_interface/environment/pythonpath.dsv
[3.420s] -- Up-to-date symlink: /home/booster/Workspace/robocup_demo/install/booster_interface/local/lib/python3.10/dist-packages/booster_interface-0.0.0-py3.10.egg-info/PKG-INFO
[3.420s] -- Up-to-date symlink: /home/booster/Workspace/robocup_demo/install/booster_interface/local/lib/python3.10/dist-packages/booster_interface-0.0.0-py3.10.egg-info/SOURCES.txt
[3.420s] -- Up-to-date symlink: /home/booster/Workspace/robocup_demo/install/booster_interface/local/lib/python3.10/dist-packages/booster_interface-0.0.0-py3.10.egg-info/dependency_links.txt
[3.420s] -- Up-to-date symlink: /home/booster/Workspace/robocup_demo/install/booster_interface/local/lib/python3.10/dist-packages/booster_interface-0.0.0-py3.10.egg-info/top_level.txt
[3.426s] -- Up-to-date symlink: /home/booster/Workspace/robocup_demo/install/booster_interface/local/lib/python3.10/dist-packages/booster_interface/__init__.py
[3.427s] -- Up-to-date symlink: /home/booster/Workspace/robocup_demo/install/booster_interface/local/lib/python3.10/dist-packages/booster_interface/_booster_interface_s.ep.rosidl_typesupport_c.c
[3.427s] -- Up-to-date symlink: /home/booster/Workspace/robocup_demo/install/booster_interface/local/lib/python3.10/dist-packages/booster_interface/_booster_interface_s.ep.rosidl_typesupport_fastrtps_c.c
[3.427s] -- Up-to-date symlink: /home/booster/Workspace/robocup_demo/install/booster_interface/local/lib/python3.10/dist-packages/booster_interface/_booster_interface_s.ep.rosidl_typesupport_introspection_c.c
[3.427s] -- Up-to-date symlink: /home/booster/Workspace/robocup_demo/install/booster_interface/local/lib/python3.10/dist-packages/booster_interface/booster_interface_s__rosidl_typesupport_c.cpython-310-aarch64-linux-gnu.so
[3.427s] -- Up-to-date symlink: /home/booster/Workspace/robocup_demo/install/booster_interface/local/lib/python3.10/dist-packages/booster_interface/booster_interface_s__rosidl_typesupport_fastrtps_c.cpython-310-aarch64-linux-gnu.so
[3.428s] -- Up-to-date symlink: /home/booster/Workspace/robocup_demo/install/booster_interface/local/lib/python3.10/dist-packages/booster_interface/booster_interface_s__rosidl_typesupport_introspection_c.cpython-310-aarch64-linux-gnu.so
[3.428s] -- Up-to-date symlink: /home/booster/Workspace/robocup_demo/install/booster_interface/local/lib/python3.10/dist-packages/booster_interface/libbooster_interface__rosidl_generator_py.so
[3.429s] -- Up-to-date symlink: /home/booster/Workspace/robocup_demo/install/booster_interface/local/lib/python3.10/dist-packages/booster_interface/msg/__init__.py
[3.429s] -- Up-to-date symlink: /home/booster/Workspace/robocup_demo/install/booster_interface/local/lib/python3.10/dist-packages/booster_interface/msg/_booster_api_req_msg.py
[3.429s] -- Up-to-date symlink: /home/booster/Workspace/robocup_demo/install/booster_interface/local/lib/python3.10/dist-packages/booster_interface/msg/_booster_api_req_msg_s.c
[3.429s] -- Up-to-date symlink: /home/booster/Workspace/robocup_demo/install/booster_interface/local/lib/python3.10/dist-packages/booster_interface/msg/_booster_api_resp_msg.py
[3.429s] -- Up-to-date symlink: /home/booster/Workspace/robocup_demo/install/booster_interface/local/lib/python3.10/dist-packages/booster_interface/msg/_booster_api_resp_msg_s.c
[3.429s] -- Up-to-date symlink: /home/booster/Workspace/robocup_demo/install/booster_interface/local/lib/python3.10/dist-packages/booster_interface/msg/_button_event_msg.py
[3.429s] -- Up-to-date symlink: /home/booster/Workspace/robocup_demo/install/booster_interface/local/lib/python3.10/dist-packages/booster_interface/msg/_button_event_msg_s.c
[3.429s] -- Up-to-date symlink: /home/booster/Workspace/robocup_demo/install/booster_interface/local/lib/python3.10/dist-packages/booster_interface/msg/_fall_down_state.py
[3.430s] -- Up-to-date symlink: /home/booster/Workspace/robocup_demo/install/booster_interface/local/lib/python3.10/dist-packages/booster_interface/msg/_fall_down_state_s.c
[3.430s] -- Up-to-date symlink: /home/booster/Workspace/robocup_demo/install/booster_interface/local/lib/python3.10/dist-packages/booster_interface/msg/_hand_command.py
[3.431s] -- Up-to-date symlink: /home/booster/Workspace/robocup_demo/install/booster_interface/local/lib/python3.10/dist-packages/booster_interface/msg/_hand_command_s.c
[3.431s] -- Up-to-date symlink: /home/booster/Workspace/robocup_demo/install/booster_interface/local/lib/python3.10/dist-packages/booster_interface/msg/_hand_dds_msg.py
[3.431s] -- Up-to-date symlink: /home/booster/Workspace/robocup_demo/install/booster_interface/local/lib/python3.10/dist-packages/booster_interface/msg/_hand_dds_msg_s.c
[3.431s] -- Up-to-date symlink: /home/booster/Workspace/robocup_demo/install/booster_interface/local/lib/python3.10/dist-packages/booster_interface/msg/_hand_param.py
[3.431s] -- Up-to-date symlink: /home/booster/Workspace/robocup_demo/install/booster_interface/local/lib/python3.10/dist-packages/booster_interface/msg/_hand_param_s.c
[3.432s] -- Up-to-date symlink: /home/booster/Workspace/robocup_demo/install/booster_interface/local/lib/python3.10/dist-packages/booster_interface/msg/_imu_state.py
[3.433s] -- Up-to-date symlink: /home/booster/Workspace/robocup_demo/install/booster_interface/local/lib/python3.10/dist-packages/booster_interface/msg/_imu_state_s.c
[3.433s] -- Up-to-date symlink: /home/booster/Workspace/robocup_demo/install/booster_interface/local/lib/python3.10/dist-packages/booster_interface/msg/_low_cmd.py
[3.433s] -- Up-to-date symlink: /home/booster/Workspace/robocup_demo/install/booster_interface/local/lib/python3.10/dist-packages/booster_interface/msg/_low_cmd_s.c
[3.434s] -- Up-to-date symlink: /home/booster/Workspace/robocup_demo/install/booster_interface/local/lib/python3.10/dist-packages/booster_interface/msg/_low_state.py
[3.434s] -- Up-to-date symlink: /home/booster/Workspace/robocup_demo/install/booster_interface/local/lib/python3.10/dist-packages/booster_interface/msg/_low_state_s.c
[3.434s] -- Up-to-date symlink: /home/booster/Workspace/robocup_demo/install/booster_interface/local/lib/python3.10/dist-packages/booster_interface/msg/_motor_cmd.py
[3.434s] -- Up-to-date symlink: /home/booster/Workspace/robocup_demo/install/booster_interface/local/lib/python3.10/dist-packages/booster_interface/msg/_motor_cmd_s.c
[3.435s] -- Up-to-date symlink: /home/booster/Workspace/robocup_demo/install/booster_interface/local/lib/python3.10/dist-packages/booster_interface/msg/_motor_state.py
[3.435s] -- Up-to-date symlink: /home/booster/Workspace/robocup_demo/install/booster_interface/local/lib/python3.10/dist-packages/booster_interface/msg/_motor_state_s.c
[3.435s] -- Up-to-date symlink: /home/booster/Workspace/robocup_demo/install/booster_interface/local/lib/python3.10/dist-packages/booster_interface/msg/_odometer.py
[3.436s] -- Up-to-date symlink: /home/booster/Workspace/robocup_demo/install/booster_interface/local/lib/python3.10/dist-packages/booster_interface/msg/_odometer_s.c
[3.436s] -- Up-to-date symlink: /home/booster/Workspace/robocup_demo/install/booster_interface/local/lib/python3.10/dist-packages/booster_interface/msg/_raw_bytes_msg.py
[3.436s] -- Up-to-date symlink: /home/booster/Workspace/robocup_demo/install/booster_interface/local/lib/python3.10/dist-packages/booster_interface/msg/_raw_bytes_msg_s.c
[3.436s] -- Up-to-date symlink: /home/booster/Workspace/robocup_demo/install/booster_interface/local/lib/python3.10/dist-packages/booster_interface/msg/_raw_bytes_stamped.py
[3.436s] -- Up-to-date symlink: /home/booster/Workspace/robocup_demo/install/booster_interface/local/lib/python3.10/dist-packages/booster_interface/msg/_raw_bytes_stamped_s.c
[3.437s] -- Up-to-date symlink: /home/booster/Workspace/robocup_demo/install/booster_interface/local/lib/python3.10/dist-packages/booster_interface/msg/_remote_controller_state.py
[3.437s] -- Up-to-date symlink: /home/booster/Workspace/robocup_demo/install/booster_interface/local/lib/python3.10/dist-packages/booster_interface/msg/_remote_controller_state_s.c
[3.438s] -- Up-to-date symlink: /home/booster/Workspace/robocup_demo/install/booster_interface/local/lib/python3.10/dist-packages/booster_interface/srv/__init__.py
[3.439s] -- Up-to-date symlink: /home/booster/Workspace/robocup_demo/install/booster_interface/local/lib/python3.10/dist-packages/booster_interface/srv/_agent_service.py
[3.439s] -- Up-to-date symlink: /home/booster/Workspace/robocup_demo/install/booster_interface/local/lib/python3.10/dist-packages/booster_interface/srv/_agent_service_s.c
[3.441s] -- Up-to-date symlink: /home/booster/Workspace/robocup_demo/install/booster_interface/local/lib/python3.10/dist-packages/booster_interface/srv/_rpc_service.py
[3.441s] -- Up-to-date symlink: /home/booster/Workspace/robocup_demo/install/booster_interface/local/lib/python3.10/dist-packages/booster_interface/srv/_rpc_service_s.c
[3.447s] -- Up-to-date symlink: /home/booster/Workspace/robocup_demo/install/booster_interface/local/lib/python3.10/dist-packages/booster_interface/booster_interface_s__rosidl_typesupport_fastrtps_c.cpython-310-aarch64-linux-gnu.so
[3.447s] -- Up-to-date symlink: /home/booster/Workspace/robocup_demo/install/booster_interface/local/lib/python3.10/dist-packages/booster_interface/booster_interface_s__rosidl_typesupport_introspection_c.cpython-310-aarch64-linux-gnu.so
[3.448s] -- Up-to-date symlink: /home/booster/Workspace/robocup_demo/install/booster_interface/local/lib/python3.10/dist-packages/booster_interface/booster_interface_s__rosidl_typesupport_c.cpython-310-aarch64-linux-gnu.so
[3.449s] -- Up-to-date symlink: /home/booster/Workspace/robocup_demo/install/booster_interface/share/booster_interface/msg/BoosterApiReqMsg.idl
[3.449s] -- Up-to-date symlink: /home/booster/Workspace/robocup_demo/install/booster_interface/share/booster_interface/msg/BoosterApiRespMsg.idl
[3.466s] -- Up-to-date symlink: /home/booster/Workspace/robocup_demo/install/booster_interface/share/booster_interface/msg/ButtonEventMsg.idl
[3.470s] -- Up-to-date symlink: /home/booster/Workspace/robocup_demo/install/booster_interface/share/booster_interface/msg/MotorState.idl
[3.471s] -- Up-to-date symlink: /home/booster/Workspace/robocup_demo/install/booster_interface/share/booster_interface/msg/MotorCmd.idl
[3.471s] -- Up-to-date symlink: /home/booster/Workspace/robocup_demo/install/booster_interface/share/booster_interface/msg/LowCmd.idl
[3.471s] -- Up-to-date symlink: /home/booster/Workspace/robocup_demo/install/booster_interface/share/booster_interface/msg/ImuState.idl
[3.472s] -- Up-to-date symlink: /home/booster/Workspace/robocup_demo/install/booster_interface/share/booster_interface/msg/LowState.idl
[3.472s] -- Up-to-date symlink: /home/booster/Workspace/robocup_demo/install/booster_interface/share/booster_interface/msg/RawBytesMsg.idl
[3.472s] -- Up-to-date symlink: /home/booster/Workspace/robocup_demo/install/booster_interface/share/booster_interface/msg/RawBytesStamped.idl
[3.478s] -- Up-to-date symlink: /home/booster/Workspace/robocup_demo/install/booster_interface/share/booster_interface/msg/Odometer.idl
[3.479s] -- Up-to-date symlink: /home/booster/Workspace/robocup_demo/install/booster_interface/share/booster_interface/msg/FallDownState.idl
[3.479s] -- Up-to-date symlink: /home/booster/Workspace/robocup_demo/install/booster_interface/share/booster_interface/msg/RemoteControllerState.idl
[3.479s] -- Up-to-date symlink: /home/booster/Workspace/robocup_demo/install/booster_interface/share/booster_interface/msg/HandCommand.idl
[3.479s] -- Up-to-date symlink: /home/booster/Workspace/robocup_demo/install/booster_interface/share/booster_interface/msg/HandDdsMsg.idl
[3.480s] -- Up-to-date symlink: /home/booster/Workspace/robocup_demo/install/booster_interface/share/booster_interface/msg/HandParam.idl
[3.480s] -- Up-to-date symlink: /home/booster/Workspace/robocup_demo/install/booster_interface/share/booster_interface/srv/RpcService.idl
[3.499s] -- Up-to-date symlink: /home/booster/Workspace/robocup_demo/install/booster_interface/share/booster_interface/srv/AgentService.idl
[3.499s] -- Up-to-date symlink: /home/booster/Workspace/robocup_demo/install/booster_interface/share/booster_interface/msg/BoosterApiReqMsg.msg
[3.499s] -- Up-to-date symlink: /home/booster/Workspace/robocup_demo/install/booster_interface/share/booster_interface/msg/BoosterApiRespMsg.msg
[3.499s] -- Up-to-date symlink: /home/booster/Workspace/robocup_demo/install/booster_interface/share/booster_interface/msg/ButtonEventMsg.msg
[3.500s] -- Up-to-date symlink: /home/booster/Workspace/robocup_demo/install/booster_interface/share/booster_interface/msg/MotorState.msg
[3.500s] -- Up-to-date symlink: /home/booster/Workspace/robocup_demo/install/booster_interface/share/booster_interface/msg/MotorCmd.msg
[3.500s] -- Up-to-date symlink: /home/booster/Workspace/robocup_demo/install/booster_interface/share/booster_interface/msg/LowCmd.msg
[3.501s] -- Up-to-date symlink: /home/booster/Workspace/robocup_demo/install/booster_interface/share/booster_interface/msg/ImuState.msg
[3.501s] -- Up-to-date symlink: /home/booster/Workspace/robocup_demo/install/booster_interface/share/booster_interface/msg/LowState.msg
[3.501s] -- Up-to-date symlink: /home/booster/Workspace/robocup_demo/install/booster_interface/share/booster_interface/msg/RawBytesMsg.msg
[3.501s] -- Up-to-date symlink: /home/booster/Workspace/robocup_demo/install/booster_interface/share/booster_interface/msg/RawBytesStamped.msg
[3.501s] -- Up-to-date symlink: /home/booster/Workspace/robocup_demo/install/booster_interface/share/booster_interface/msg/Odometer.msg
[3.504s] -- Up-to-date symlink: /home/booster/Workspace/robocup_demo/install/booster_interface/share/booster_interface/msg/FallDownState.msg
[3.505s] -- Up-to-date symlink: /home/booster/Workspace/robocup_demo/install/booster_interface/share/booster_interface/msg/RemoteControllerState.msg
[3.510s] -- Up-to-date symlink: /home/booster/Workspace/robocup_demo/install/booster_interface/share/booster_interface/msg/HandCommand.msg
[3.513s] -- Up-to-date symlink: /home/booster/Workspace/robocup_demo/install/booster_interface/share/booster_interface/msg/HandDdsMsg.msg
[3.514s] -- Up-to-date symlink: /home/booster/Workspace/robocup_demo/install/booster_interface/share/booster_interface/msg/HandParam.msg
[3.514s] -- Up-to-date symlink: /home/booster/Workspace/robocup_demo/install/booster_interface/share/booster_interface/srv/RpcService.srv
[3.514s] -- Up-to-date symlink: /home/booster/Workspace/robocup_demo/install/booster_interface/share/booster_interface/srv/RpcService_Request.msg
[3.515s] -- Up-to-date symlink: /home/booster/Workspace/robocup_demo/install/booster_interface/share/booster_interface/srv/RpcService_Response.msg
[3.515s] -- Up-to-date symlink: /home/booster/Workspace/robocup_demo/install/booster_interface/share/booster_interface/srv/AgentService.srv
[3.515s] -- Up-to-date symlink: /home/booster/Workspace/robocup_demo/install/booster_interface/share/booster_interface/srv/AgentService_Request.msg
[3.515s] -- Up-to-date symlink: /home/booster/Workspace/robocup_demo/install/booster_interface/share/booster_interface/srv/AgentService_Response.msg
[3.524s] -- Up-to-date symlink: /home/booster/Workspace/robocup_demo/install/booster_interface/include//booster_interface/booster_interface/message_utils.hpp
[3.524s] -- Up-to-date symlink: /home/booster/Workspace/robocup_demo/install/booster_interface/include//booster_interface/booster_interface/third_party/nlohmann_json/json.hpp
[3.528s] -- Up-to-date symlink: /home/booster/Workspace/robocup_demo/install/booster_interface/share/ament_index/resource_index/package_run_dependencies/booster_interface
[3.529s] -- Up-to-date symlink: /home/booster/Workspace/robocup_demo/install/booster_interface/share/ament_index/resource_index/parent_prefix_path/booster_interface
[3.538s] -- Up-to-date symlink: /home/booster/Workspace/robocup_demo/install/booster_interface/share/booster_interface/environment/ament_prefix_path.sh
[3.538s] -- Up-to-date symlink: /home/booster/Workspace/robocup_demo/install/booster_interface/share/booster_interface/environment/ament_prefix_path.dsv
[3.539s] -- Up-to-date symlink: /home/booster/Workspace/robocup_demo/install/booster_interface/share/booster_interface/environment/path.sh
[3.540s] -- Up-to-date symlink: /home/booster/Workspace/robocup_demo/install/booster_interface/share/booster_interface/environment/path.dsv
[3.540s] -- Up-to-date symlink: /home/booster/Workspace/robocup_demo/install/booster_interface/share/booster_interface/local_setup.bash
[3.540s] -- Up-to-date symlink: /home/booster/Workspace/robocup_demo/install/booster_interface/share/booster_interface/local_setup.sh
[3.540s] -- Up-to-date symlink: /home/booster/Workspace/robocup_demo/install/booster_interface/share/booster_interface/local_setup.zsh
[3.540s] -- Up-to-date symlink: /home/booster/Workspace/robocup_demo/install/booster_interface/share/booster_interface/local_setup.dsv
[3.540s] -- Symlinking: /home/booster/Workspace/robocup_demo/install/booster_interface/share/booster_interface/package.dsv
[3.594s] -- Up-to-date symlink: /home/booster/Workspace/robocup_demo/install/booster_interface/share/ament_index/resource_index/packages/booster_interface
[3.595s] -- Up-to-date symlink: /home/booster/Workspace/robocup_demo/install/booster_interface/share/booster_interface/cmake/rosidl_cmake-extras.cmake
[3.595s] -- Up-to-date symlink: /home/booster/Workspace/robocup_demo/install/booster_interface/share/booster_interface/cmake/ament_cmake_export_dependencies-extras.cmake
[3.595s] -- Up-to-date symlink: /home/booster/Workspace/robocup_demo/install/booster_interface/share/booster_interface/cmake/ament_cmake_export_include_directories-extras.cmake
[3.596s] -- Up-to-date symlink: /home/booster/Workspace/robocup_demo/install/booster_interface/share/booster_interface/cmake/ament_cmake_export_libraries-extras.cmake
[3.596s] -- Up-to-date symlink: /home/booster/Workspace/robocup_demo/install/booster_interface/share/booster_interface/cmake/ament_cmake_export_targets-extras.cmake
[3.596s] -- Up-to-date symlink: /home/booster/Workspace/robocup_demo/install/booster_interface/share/booster_interface/cmake/rosidl_cmake_export_typesupport_targets-extras.cmake
[3.596s] -- Up-to-date symlink: /home/booster/Workspace/robocup_demo/install/booster_interface/share/booster_interface/cmake/rosidl_cmake_export_typesupport_libraries-extras.cmake
[3.596s] -- Up-to-date symlink: /home/booster/Workspace/robocup_demo/install/booster_interface/share/booster_interface/cmake/booster_interfaceConfig.cmake
[3.596s] -- Up-to-date symlink: /home/booster/Workspace/robocup_demo/install/booster_interface/share/booster_interface/cmake/booster_interfaceConfig-version.cmake
[3.596s] -- Up-to-date symlink: /home/booster/Workspace/robocup_demo/install/booster_interface/share/booster_interface/package.xml
[3.596s] -- Up-to-date: /home/booster/Workspace/robocup_demo/install/booster_interface/lib/libbooster_interface__rosidl_generator_c.so
[3.596s] -- Up-to-date: /home/booster/Workspace/robocup_demo/install/booster_interface/lib/libbooster_interface__rosidl_typesupport_fastrtps_c.so
[3.596s] -- Up-to-date: /home/booster/Workspace/robocup_demo/install/booster_interface/lib/libbooster_interface__rosidl_typesupport_fastrtps_cpp.so
[3.596s] -- Up-to-date: /home/booster/Workspace/robocup_demo/install/booster_interface/lib/libbooster_interface__rosidl_typesupport_introspection_c.so
[3.597s] -- Up-to-date: /home/booster/Workspace/robocup_demo/install/booster_interface/lib/libbooster_interface__rosidl_typesupport_c.so
[3.597s] -- Up-to-date: /home/booster/Workspace/robocup_demo/install/booster_interface/lib/libbooster_interface__rosidl_typesupport_introspection_cpp.so
[3.597s] -- Up-to-date: /home/booster/Workspace/robocup_demo/install/booster_interface/lib/libbooster_interface__rosidl_typesupport_cpp.so
[3.748s] Listing '/home/booster/Workspace/robocup_demo/install/booster_interface/local/lib/python3.10/dist-packages/booster_interface'...
[3.748s] Listing '/home/booster/Workspace/robocup_demo/install/booster_interface/local/lib/python3.10/dist-packages/booster_interface/msg'...
[3.749s] Listing '/home/booster/Workspace/robocup_demo/install/booster_interface/local/lib/python3.10/dist-packages/booster_interface/srv'...
[3.781s] -- Up-to-date: /home/booster/Workspace/robocup_demo/install/booster_interface/lib/libbooster_interface__rosidl_generator_py.so
[3.781s] -- Up-to-date: /home/booster/Workspace/robocup_demo/install/booster_interface/share/booster_interface/cmake/export_booster_interface__rosidl_generator_cExport.cmake
[3.783s] -- Up-to-date: /home/booster/Workspace/robocup_demo/install/booster_interface/share/booster_interface/cmake/export_booster_interface__rosidl_generator_cExport-noconfig.cmake
[3.783s] -- Up-to-date: /home/booster/Workspace/robocup_demo/install/booster_interface/share/booster_interface/cmake/export_booster_interface__rosidl_typesupport_fastrtps_cExport.cmake
[3.785s] -- Up-to-date: /home/booster/Workspace/robocup_demo/install/booster_interface/share/booster_interface/cmake/export_booster_interface__rosidl_typesupport_fastrtps_cExport-noconfig.cmake
[3.785s] -- Up-to-date: /home/booster/Workspace/robocup_demo/install/booster_interface/share/booster_interface/cmake/export_booster_interface__rosidl_generator_cppExport.cmake
[3.785s] -- Up-to-date: /home/booster/Workspace/robocup_demo/install/booster_interface/share/booster_interface/cmake/export_booster_interface__rosidl_typesupport_fastrtps_cppExport.cmake
[3.789s] -- Up-to-date: /home/booster/Workspace/robocup_demo/install/booster_interface/share/booster_interface/cmake/export_booster_interface__rosidl_typesupport_fastrtps_cppExport-noconfig.cmake
[3.789s] -- Up-to-date: /home/booster/Workspace/robocup_demo/install/booster_interface/share/booster_interface/cmake/booster_interface__rosidl_typesupport_introspection_cExport.cmake
[3.792s] -- Up-to-date: /home/booster/Workspace/robocup_demo/install/booster_interface/share/booster_interface/cmake/booster_interface__rosidl_typesupport_introspection_cExport-noconfig.cmake
[3.793s] -- Up-to-date: /home/booster/Workspace/robocup_demo/install/booster_interface/share/booster_interface/cmake/booster_interface__rosidl_typesupport_cExport.cmake
[3.793s] -- Up-to-date: /home/booster/Workspace/robocup_demo/install/booster_interface/share/booster_interface/cmake/booster_interface__rosidl_typesupport_cExport-noconfig.cmake
[3.793s] -- Up-to-date: /home/booster/Workspace/robocup_demo/install/booster_interface/share/booster_interface/cmake/booster_interface__rosidl_typesupport_introspection_cppExport.cmake
[3.793s] -- Up-to-date: /home/booster/Workspace/robocup_demo/install/booster_interface/share/booster_interface/cmake/booster_interface__rosidl_typesupport_introspection_cppExport-noconfig.cmake
[3.793s] -- Up-to-date: /home/booster/Workspace/robocup_demo/install/booster_interface/share/booster_interface/cmake/booster_interface__rosidl_typesupport_cppExport.cmake
[3.793s] -- Up-to-date: /home/booster/Workspace/robocup_demo/install/booster_interface/share/booster_interface/cmake/booster_interface__rosidl_typesupport_cppExport-noconfig.cmake
[3.794s] -- Up-to-date: /home/booster/Workspace/robocup_demo/install/booster_interface/share/booster_interface/cmake/export_booster_interface__rosidl_generator_pyExport.cmake
[3.794s] -- Up-to-date: /home/booster/Workspace/robocup_demo/install/booster_interface/share/booster_interface/cmake/export_booster_interface__rosidl_generator_pyExport-noconfig.cmake
[3.805s] Invoked command in '/home/booster/Workspace/robocup_demo/build/booster_interface' returned '0': CMAKE_PREFIX_PATH=/opt/ros/humble /usr/bin/cmake --install /home/booster/Workspace/robocup_demo/build/booster_interface
