[0.266s] Invoking command in '/home/booster/Workspace/robocup_demo/build/game_controller': AMENT_PREFIX_PATH=/home/booster/Workspace/robocup_demo/install/game_controller_interface:${AMENT_PREFIX_PATH} CMAKE_PREFIX_PATH=/home/booster/Workspace/robocup_demo/install/game_controller_interface:/opt/ros/humble LD_LIBRARY_PATH=/home/booster/Workspace/robocup_demo/install/game_controller_interface/lib:/opt/ros/humble/opt/rviz_ogre_vendor/lib:/opt/ros/humble/lib/aarch64-linux-gnu:/opt/ros/humble/lib:/usr/local/cuda/lib64 PYTHONPATH=/home/booster/Workspace/robocup_demo/install/game_controller_interface/local/lib/python3.10/dist-packages:${PYTHONPATH} /usr/bin/cmake --build /home/booster/Workspace/robocup_demo/build/game_controller -- -j5 -l5
[0.463s] [35m[1mConsolidate compiler generated dependencies of target game_controller_node[0m
[0.539s] [ 33%] [32mBuilding CXX object CMakeFiles/game_controller_node.dir/src/game_controller_node.cpp.o[0m
[28.846s] [ 66%] [32m[1mLinking CXX executable game_controller_node[0m
[29.665s] [100%] Built target game_controller_node
[29.702s] Invoked command in '/home/booster/Workspace/robocup_demo/build/game_controller' returned '0': AMENT_PREFIX_PATH=/home/booster/Workspace/robocup_demo/install/game_controller_interface:${AMENT_PREFIX_PATH} CMAKE_PREFIX_PATH=/home/booster/Workspace/robocup_demo/install/game_controller_interface:/opt/ros/humble LD_LIBRARY_PATH=/home/booster/Workspace/robocup_demo/install/game_controller_interface/lib:/opt/ros/humble/opt/rviz_ogre_vendor/lib:/opt/ros/humble/lib/aarch64-linux-gnu:/opt/ros/humble/lib:/usr/local/cuda/lib64 PYTHONPATH=/home/booster/Workspace/robocup_demo/install/game_controller_interface/local/lib/python3.10/dist-packages:${PYTHONPATH} /usr/bin/cmake --build /home/booster/Workspace/robocup_demo/build/game_controller -- -j5 -l5
[29.716s] Invoking command in '/home/booster/Workspace/robocup_demo/build/game_controller': AMENT_PREFIX_PATH=/home/booster/Workspace/robocup_demo/install/game_controller_interface:${AMENT_PREFIX_PATH} CMAKE_PREFIX_PATH=/home/booster/Workspace/robocup_demo/install/game_controller_interface:/opt/ros/humble LD_LIBRARY_PATH=/home/booster/Workspace/robocup_demo/install/game_controller_interface/lib:/opt/ros/humble/opt/rviz_ogre_vendor/lib:/opt/ros/humble/lib/aarch64-linux-gnu:/opt/ros/humble/lib:/usr/local/cuda/lib64 PYTHONPATH=/home/booster/Workspace/robocup_demo/install/game_controller_interface/local/lib/python3.10/dist-packages:${PYTHONPATH} /usr/bin/cmake --install /home/booster/Workspace/robocup_demo/build/game_controller
[29.805s] -- Install configuration: ""
[29.809s] -- Execute custom install script
[29.814s] -- Up-to-date symlink: /home/booster/Workspace/robocup_demo/install/game_controller/share/game_controller/launch/launch.py
[29.815s] -- Up-to-date symlink: /home/booster/Workspace/robocup_demo/install/game_controller/lib/game_controller/game_controller_node
[29.818s] -- Up-to-date symlink: /home/booster/Workspace/robocup_demo/install/game_controller/share/ament_index/resource_index/package_run_dependencies/game_controller
[29.819s] -- Up-to-date symlink: /home/booster/Workspace/robocup_demo/install/game_controller/share/ament_index/resource_index/parent_prefix_path/game_controller
[29.819s] -- Up-to-date symlink: /home/booster/Workspace/robocup_demo/install/game_controller/share/game_controller/environment/ament_prefix_path.sh
[29.819s] -- Up-to-date symlink: /home/booster/Workspace/robocup_demo/install/game_controller/share/game_controller/environment/ament_prefix_path.dsv
[29.819s] -- Up-to-date symlink: /home/booster/Workspace/robocup_demo/install/game_controller/share/game_controller/environment/path.sh
[29.820s] -- Up-to-date symlink: /home/booster/Workspace/robocup_demo/install/game_controller/share/game_controller/environment/path.dsv
[29.820s] -- Up-to-date symlink: /home/booster/Workspace/robocup_demo/install/game_controller/share/game_controller/local_setup.bash
[29.821s] -- Up-to-date symlink: /home/booster/Workspace/robocup_demo/install/game_controller/share/game_controller/local_setup.sh
[29.821s] -- Up-to-date symlink: /home/booster/Workspace/robocup_demo/install/game_controller/share/game_controller/local_setup.zsh
[29.822s] -- Up-to-date symlink: /home/booster/Workspace/robocup_demo/install/game_controller/share/game_controller/local_setup.dsv
[29.823s] -- Symlinking: /home/booster/Workspace/robocup_demo/install/game_controller/share/game_controller/package.dsv
[29.859s] -- Up-to-date symlink: /home/booster/Workspace/robocup_demo/install/game_controller/share/ament_index/resource_index/packages/game_controller
[29.859s] -- Up-to-date symlink: /home/booster/Workspace/robocup_demo/install/game_controller/share/game_controller/cmake/game_controllerConfig.cmake
[29.859s] -- Up-to-date symlink: /home/booster/Workspace/robocup_demo/install/game_controller/share/game_controller/cmake/game_controllerConfig-version.cmake
[29.859s] -- Up-to-date symlink: /home/booster/Workspace/robocup_demo/install/game_controller/share/game_controller/package.xml
[29.866s] Invoked command in '/home/booster/Workspace/robocup_demo/build/game_controller' returned '0': AMENT_PREFIX_PATH=/home/booster/Workspace/robocup_demo/install/game_controller_interface:${AMENT_PREFIX_PATH} CMAKE_PREFIX_PATH=/home/booster/Workspace/robocup_demo/install/game_controller_interface:/opt/ros/humble LD_LIBRARY_PATH=/home/booster/Workspace/robocup_demo/install/game_controller_interface/lib:/opt/ros/humble/opt/rviz_ogre_vendor/lib:/opt/ros/humble/lib/aarch64-linux-gnu:/opt/ros/humble/lib:/usr/local/cuda/lib64 PYTHONPATH=/home/booster/Workspace/robocup_demo/install/game_controller_interface/local/lib/python3.10/dist-packages:${PYTHONPATH} /usr/bin/cmake --install /home/booster/Workspace/robocup_demo/build/game_controller
