[0.115s] Invoking command in '/home/booster/Workspace/robocup_demo/build/vision_interface': CMAKE_PREFIX_PATH=/opt/ros/humble /usr/bin/cmake --build /home/booster/Workspace/robocup_demo/build/vision_interface -- -j5 -l5
[0.436s] [  0%] Built target vision_interface__cpp
[0.569s] [  0%] Built target ament_cmake_python_symlink_vision_interface
[0.688s] [ 12%] Built target vision_interface__rosidl_typesupport_introspection_cpp
[2.502s] running egg_info
[2.505s] writing vision_interface.egg-info/PKG-INFO
[2.506s] writing dependency_links to vision_interface.egg-info/dependency_links.txt
[2.508s] writing top-level names to vision_interface.egg-info/top_level.txt
[2.525s] reading manifest file 'vision_interface.egg-info/SOURCES.txt'
[2.541s] writing manifest file 'vision_interface.egg-info/SOURCES.txt'
[3.010s] [ 12%] Built target ament_cmake_python_build_vision_interface_egg
[3.199s] [ 23%] Built target vision_interface__rosidl_typesupport_fastrtps_cpp
[3.282s] [ 35%] Built target vision_interface__rosidl_typesupport_cpp
[3.408s] [ 47%] Built target vision_interface__rosidl_generator_c
[3.576s] [ 59%] Built target vision_interface__rosidl_typesupport_fastrtps_c
[3.692s] [ 70%] Built target vision_interface__rosidl_typesupport_c
[3.888s] [ 82%] Built target vision_interface__rosidl_typesupport_introspection_c
[4.014s] [ 82%] Built target vision_interface
[4.142s] [ 83%] Built target vision_interface__py
[4.323s] [ 94%] Built target vision_interface__rosidl_generator_py
[4.418s] [ 96%] Built target vision_interface__rosidl_typesupport_fastrtps_c__pyext
[4.538s] [ 98%] Built target vision_interface__rosidl_typesupport_c__pyext
[4.733s] [100%] Built target vision_interface__rosidl_typesupport_introspection_c__pyext
[4.854s] Invoked command in '/home/booster/Workspace/robocup_demo/build/vision_interface' returned '0': CMAKE_PREFIX_PATH=/opt/ros/humble /usr/bin/cmake --build /home/booster/Workspace/robocup_demo/build/vision_interface -- -j5 -l5
[4.858s] Invoking command in '/home/booster/Workspace/robocup_demo/build/vision_interface': CMAKE_PREFIX_PATH=/opt/ros/humble /usr/bin/cmake --install /home/booster/Workspace/robocup_demo/build/vision_interface
[5.084s] -- Install configuration: ""
[5.100s] -- Execute custom install script
[5.100s] -- Up-to-date symlink: /home/booster/Workspace/robocup_demo/install/vision_interface/share/ament_index/resource_index/rosidl_interfaces/vision_interface
[5.100s] -- Up-to-date symlink: /home/booster/Workspace/robocup_demo/install/vision_interface/include/vision_interface/vision_interface/msg/ball.h
[5.101s] -- Up-to-date symlink: /home/booster/Workspace/robocup_demo/install/vision_interface/include/vision_interface/vision_interface/msg/cal_param.h
[5.103s] -- Up-to-date symlink: /home/booster/Workspace/robocup_demo/install/vision_interface/include/vision_interface/vision_interface/msg/detail/ball__functions.h
[5.103s] -- Up-to-date symlink: /home/booster/Workspace/robocup_demo/install/vision_interface/include/vision_interface/vision_interface/msg/detail/ball__struct.h
[5.104s] -- Up-to-date symlink: /home/booster/Workspace/robocup_demo/install/vision_interface/include/vision_interface/vision_interface/msg/detail/ball__type_support.h
[5.104s] -- Up-to-date symlink: /home/booster/Workspace/robocup_demo/install/vision_interface/include/vision_interface/vision_interface/msg/detail/cal_param__functions.h
[5.104s] -- Up-to-date symlink: /home/booster/Workspace/robocup_demo/install/vision_interface/include/vision_interface/vision_interface/msg/detail/cal_param__struct.h
[5.104s] -- Up-to-date symlink: /home/booster/Workspace/robocup_demo/install/vision_interface/include/vision_interface/vision_interface/msg/detail/cal_param__type_support.h
[5.104s] -- Up-to-date symlink: /home/booster/Workspace/robocup_demo/install/vision_interface/include/vision_interface/vision_interface/msg/detail/detected_object__functions.h
[5.104s] -- Up-to-date symlink: /home/booster/Workspace/robocup_demo/install/vision_interface/include/vision_interface/vision_interface/msg/detail/detected_object__struct.h
[5.105s] -- Up-to-date symlink: /home/booster/Workspace/robocup_demo/install/vision_interface/include/vision_interface/vision_interface/msg/detail/detected_object__type_support.h
[5.105s] -- Up-to-date symlink: /home/booster/Workspace/robocup_demo/install/vision_interface/include/vision_interface/vision_interface/msg/detail/detections__functions.h
[5.106s] -- Up-to-date symlink: /home/booster/Workspace/robocup_demo/install/vision_interface/include/vision_interface/vision_interface/msg/detail/detections__struct.h
[5.106s] -- Up-to-date symlink: /home/booster/Workspace/robocup_demo/install/vision_interface/include/vision_interface/vision_interface/msg/detail/detections__type_support.h
[5.106s] -- Up-to-date symlink: /home/booster/Workspace/robocup_demo/install/vision_interface/include/vision_interface/vision_interface/msg/detail/detections_track__functions.h
[5.107s] -- Up-to-date symlink: /home/booster/Workspace/robocup_demo/install/vision_interface/include/vision_interface/vision_interface/msg/detail/detections_track__struct.h
[5.107s] -- Up-to-date symlink: /home/booster/Workspace/robocup_demo/install/vision_interface/include/vision_interface/vision_interface/msg/detail/detections_track__type_support.h
[5.107s] -- Up-to-date symlink: /home/booster/Workspace/robocup_demo/install/vision_interface/include/vision_interface/vision_interface/msg/detail/image_head_position__functions.h
[5.113s] -- Up-to-date symlink: /home/booster/Workspace/robocup_demo/install/vision_interface/include/vision_interface/vision_interface/msg/detail/image_head_position__struct.h
[5.113s] -- Up-to-date symlink: /home/booster/Workspace/robocup_demo/install/vision_interface/include/vision_interface/vision_interface/msg/detail/image_head_position__type_support.h
[5.114s] -- Up-to-date symlink: /home/booster/Workspace/robocup_demo/install/vision_interface/include/vision_interface/vision_interface/msg/detail/line_segments__functions.h
[5.114s] -- Up-to-date symlink: /home/booster/Workspace/robocup_demo/install/vision_interface/include/vision_interface/vision_interface/msg/detail/line_segments__struct.h
[5.114s] -- Up-to-date symlink: /home/booster/Workspace/robocup_demo/install/vision_interface/include/vision_interface/vision_interface/msg/detail/line_segments__type_support.h
[5.114s] -- Up-to-date symlink: /home/booster/Workspace/robocup_demo/install/vision_interface/include/vision_interface/vision_interface/msg/detail/segmentation_line__functions.h
[5.114s] -- Up-to-date symlink: /home/booster/Workspace/robocup_demo/install/vision_interface/include/vision_interface/vision_interface/msg/detail/segmentation_line__struct.h
[5.115s] -- Up-to-date symlink: /home/booster/Workspace/robocup_demo/install/vision_interface/include/vision_interface/vision_interface/msg/detail/segmentation_line__type_support.h
[5.115s] -- Up-to-date symlink: /home/booster/Workspace/robocup_demo/install/vision_interface/include/vision_interface/vision_interface/msg/detail/segmentation_point__functions.h
[5.115s] -- Up-to-date symlink: /home/booster/Workspace/robocup_demo/install/vision_interface/include/vision_interface/vision_interface/msg/detail/segmentation_point__struct.h
[5.115s] -- Up-to-date symlink: /home/booster/Workspace/robocup_demo/install/vision_interface/include/vision_interface/vision_interface/msg/detail/segmentation_point__type_support.h
[5.115s] -- Up-to-date symlink: /home/booster/Workspace/robocup_demo/install/vision_interface/include/vision_interface/vision_interface/msg/detail/segmentation_result__functions.h
[5.116s] -- Up-to-date symlink: /home/booster/Workspace/robocup_demo/install/vision_interface/include/vision_interface/vision_interface/msg/detail/segmentation_result__struct.h
[5.116s] -- Up-to-date symlink: /home/booster/Workspace/robocup_demo/install/vision_interface/include/vision_interface/vision_interface/msg/detail/segmentation_result__type_support.h
[5.116s] -- Up-to-date symlink: /home/booster/Workspace/robocup_demo/install/vision_interface/include/vision_interface/vision_interface/msg/detected_object.h
[5.116s] -- Up-to-date symlink: /home/booster/Workspace/robocup_demo/install/vision_interface/include/vision_interface/vision_interface/msg/detections.h
[5.116s] -- Up-to-date symlink: /home/booster/Workspace/robocup_demo/install/vision_interface/include/vision_interface/vision_interface/msg/detections_track.h
[5.117s] -- Up-to-date symlink: /home/booster/Workspace/robocup_demo/install/vision_interface/include/vision_interface/vision_interface/msg/image_head_position.h
[5.117s] -- Up-to-date symlink: /home/booster/Workspace/robocup_demo/install/vision_interface/include/vision_interface/vision_interface/msg/line_segments.h
[5.117s] -- Up-to-date symlink: /home/booster/Workspace/robocup_demo/install/vision_interface/include/vision_interface/vision_interface/msg/rosidl_generator_c__visibility_control.h
[5.117s] -- Up-to-date symlink: /home/booster/Workspace/robocup_demo/install/vision_interface/include/vision_interface/vision_interface/msg/segmentation_line.h
[5.118s] -- Up-to-date symlink: /home/booster/Workspace/robocup_demo/install/vision_interface/include/vision_interface/vision_interface/msg/segmentation_point.h
[5.118s] -- Up-to-date symlink: /home/booster/Workspace/robocup_demo/install/vision_interface/include/vision_interface/vision_interface/msg/segmentation_result.h
[5.125s] -- Up-to-date symlink: /home/booster/Workspace/robocup_demo/install/vision_interface/share/vision_interface/environment/library_path.sh
[5.128s] -- Up-to-date symlink: /home/booster/Workspace/robocup_demo/install/vision_interface/share/vision_interface/environment/library_path.dsv
[5.128s] -- Up-to-date symlink: /home/booster/Workspace/robocup_demo/install/vision_interface/include/vision_interface/vision_interface/msg/detail/ball__rosidl_typesupport_fastrtps_c.h
[5.129s] -- Up-to-date symlink: /home/booster/Workspace/robocup_demo/install/vision_interface/include/vision_interface/vision_interface/msg/detail/cal_param__rosidl_typesupport_fastrtps_c.h
[5.129s] -- Up-to-date symlink: /home/booster/Workspace/robocup_demo/install/vision_interface/include/vision_interface/vision_interface/msg/detail/detected_object__rosidl_typesupport_fastrtps_c.h
[5.129s] -- Up-to-date symlink: /home/booster/Workspace/robocup_demo/install/vision_interface/include/vision_interface/vision_interface/msg/detail/detections__rosidl_typesupport_fastrtps_c.h
[5.158s] -- Up-to-date symlink: /home/booster/Workspace/robocup_demo/install/vision_interface/include/vision_interface/vision_interface/msg/detail/detections_track__rosidl_typesupport_fastrtps_c.h
[5.158s] -- Up-to-date symlink: /home/booster/Workspace/robocup_demo/install/vision_interface/include/vision_interface/vision_interface/msg/detail/image_head_position__rosidl_typesupport_fastrtps_c.h
[5.172s] -- Up-to-date symlink: /home/booster/Workspace/robocup_demo/install/vision_interface/include/vision_interface/vision_interface/msg/detail/line_segments__rosidl_typesupport_fastrtps_c.h
[5.174s] -- Up-to-date symlink: /home/booster/Workspace/robocup_demo/install/vision_interface/include/vision_interface/vision_interface/msg/detail/segmentation_line__rosidl_typesupport_fastrtps_c.h
[5.177s] -- Up-to-date symlink: /home/booster/Workspace/robocup_demo/install/vision_interface/include/vision_interface/vision_interface/msg/detail/segmentation_point__rosidl_typesupport_fastrtps_c.h
[5.177s] -- Up-to-date symlink: /home/booster/Workspace/robocup_demo/install/vision_interface/include/vision_interface/vision_interface/msg/detail/segmentation_result__rosidl_typesupport_fastrtps_c.h
[5.177s] -- Up-to-date symlink: /home/booster/Workspace/robocup_demo/install/vision_interface/include/vision_interface/vision_interface/msg/rosidl_typesupport_fastrtps_c__visibility_control.h
[5.178s] -- Up-to-date symlink: /home/booster/Workspace/robocup_demo/install/vision_interface/include/vision_interface/vision_interface/msg/ball.hpp
[5.178s] -- Up-to-date symlink: /home/booster/Workspace/robocup_demo/install/vision_interface/include/vision_interface/vision_interface/msg/cal_param.hpp
[5.198s] -- Up-to-date symlink: /home/booster/Workspace/robocup_demo/install/vision_interface/include/vision_interface/vision_interface/msg/detail/ball__builder.hpp
[5.201s] -- Up-to-date symlink: /home/booster/Workspace/robocup_demo/install/vision_interface/include/vision_interface/vision_interface/msg/detail/ball__struct.hpp
[5.201s] -- Up-to-date symlink: /home/booster/Workspace/robocup_demo/install/vision_interface/include/vision_interface/vision_interface/msg/detail/ball__traits.hpp
[5.207s] -- Up-to-date symlink: /home/booster/Workspace/robocup_demo/install/vision_interface/include/vision_interface/vision_interface/msg/detail/ball__type_support.hpp
[5.208s] -- Up-to-date symlink: /home/booster/Workspace/robocup_demo/install/vision_interface/include/vision_interface/vision_interface/msg/detail/cal_param__builder.hpp
[5.208s] -- Up-to-date symlink: /home/booster/Workspace/robocup_demo/install/vision_interface/include/vision_interface/vision_interface/msg/detail/cal_param__struct.hpp
[5.208s] -- Up-to-date symlink: /home/booster/Workspace/robocup_demo/install/vision_interface/include/vision_interface/vision_interface/msg/detail/cal_param__traits.hpp
[5.212s] -- Up-to-date symlink: /home/booster/Workspace/robocup_demo/install/vision_interface/include/vision_interface/vision_interface/msg/detail/cal_param__type_support.hpp
[5.212s] -- Up-to-date symlink: /home/booster/Workspace/robocup_demo/install/vision_interface/include/vision_interface/vision_interface/msg/detail/detected_object__builder.hpp
[5.212s] -- Up-to-date symlink: /home/booster/Workspace/robocup_demo/install/vision_interface/include/vision_interface/vision_interface/msg/detail/detected_object__struct.hpp
[5.214s] -- Up-to-date symlink: /home/booster/Workspace/robocup_demo/install/vision_interface/include/vision_interface/vision_interface/msg/detail/detected_object__traits.hpp
[5.215s] -- Up-to-date symlink: /home/booster/Workspace/robocup_demo/install/vision_interface/include/vision_interface/vision_interface/msg/detail/detected_object__type_support.hpp
[5.216s] -- Up-to-date symlink: /home/booster/Workspace/robocup_demo/install/vision_interface/include/vision_interface/vision_interface/msg/detail/detections__builder.hpp
[5.218s] -- Up-to-date symlink: /home/booster/Workspace/robocup_demo/install/vision_interface/include/vision_interface/vision_interface/msg/detail/detections__struct.hpp
[5.218s] -- Up-to-date symlink: /home/booster/Workspace/robocup_demo/install/vision_interface/include/vision_interface/vision_interface/msg/detail/detections__traits.hpp
[5.218s] -- Up-to-date symlink: /home/booster/Workspace/robocup_demo/install/vision_interface/include/vision_interface/vision_interface/msg/detail/detections__type_support.hpp
[5.219s] -- Up-to-date symlink: /home/booster/Workspace/robocup_demo/install/vision_interface/include/vision_interface/vision_interface/msg/detail/detections_track__builder.hpp
[5.219s] -- Up-to-date symlink: /home/booster/Workspace/robocup_demo/install/vision_interface/include/vision_interface/vision_interface/msg/detail/detections_track__struct.hpp
[5.221s] -- Up-to-date symlink: /home/booster/Workspace/robocup_demo/install/vision_interface/include/vision_interface/vision_interface/msg/detail/detections_track__traits.hpp
[5.222s] -- Up-to-date symlink: /home/booster/Workspace/robocup_demo/install/vision_interface/include/vision_interface/vision_interface/msg/detail/detections_track__type_support.hpp
[5.250s] -- Up-to-date symlink: /home/booster/Workspace/robocup_demo/install/vision_interface/include/vision_interface/vision_interface/msg/detail/image_head_position__builder.hpp
[5.250s] -- Up-to-date symlink: /home/booster/Workspace/robocup_demo/install/vision_interface/include/vision_interface/vision_interface/msg/detail/image_head_position__struct.hpp
[5.251s] -- Up-to-date symlink: /home/booster/Workspace/robocup_demo/install/vision_interface/include/vision_interface/vision_interface/msg/detail/image_head_position__traits.hpp
[5.251s] -- Up-to-date symlink: /home/booster/Workspace/robocup_demo/install/vision_interface/include/vision_interface/vision_interface/msg/detail/image_head_position__type_support.hpp
[5.252s] -- Up-to-date symlink: /home/booster/Workspace/robocup_demo/install/vision_interface/include/vision_interface/vision_interface/msg/detail/line_segments__builder.hpp
[5.252s] -- Up-to-date symlink: /home/booster/Workspace/robocup_demo/install/vision_interface/include/vision_interface/vision_interface/msg/detail/line_segments__struct.hpp
[5.252s] -- Up-to-date symlink: /home/booster/Workspace/robocup_demo/install/vision_interface/include/vision_interface/vision_interface/msg/detail/line_segments__traits.hpp
[5.256s] -- Up-to-date symlink: /home/booster/Workspace/robocup_demo/install/vision_interface/include/vision_interface/vision_interface/msg/detail/line_segments__type_support.hpp
[5.256s] -- Up-to-date symlink: /home/booster/Workspace/robocup_demo/install/vision_interface/include/vision_interface/vision_interface/msg/detail/segmentation_line__builder.hpp
[5.256s] -- Up-to-date symlink: /home/booster/Workspace/robocup_demo/install/vision_interface/include/vision_interface/vision_interface/msg/detail/segmentation_line__struct.hpp
[5.257s] -- Up-to-date symlink: /home/booster/Workspace/robocup_demo/install/vision_interface/include/vision_interface/vision_interface/msg/detail/segmentation_line__traits.hpp
[5.257s] -- Up-to-date symlink: /home/booster/Workspace/robocup_demo/install/vision_interface/include/vision_interface/vision_interface/msg/detail/segmentation_line__type_support.hpp
[5.257s] -- Up-to-date symlink: /home/booster/Workspace/robocup_demo/install/vision_interface/include/vision_interface/vision_interface/msg/detail/segmentation_point__builder.hpp
[5.257s] -- Up-to-date symlink: /home/booster/Workspace/robocup_demo/install/vision_interface/include/vision_interface/vision_interface/msg/detail/segmentation_point__struct.hpp
[5.258s] -- Up-to-date symlink: /home/booster/Workspace/robocup_demo/install/vision_interface/include/vision_interface/vision_interface/msg/detail/segmentation_point__traits.hpp
[5.258s] -- Up-to-date symlink: /home/booster/Workspace/robocup_demo/install/vision_interface/include/vision_interface/vision_interface/msg/detail/segmentation_point__type_support.hpp
[5.258s] -- Up-to-date symlink: /home/booster/Workspace/robocup_demo/install/vision_interface/include/vision_interface/vision_interface/msg/detail/segmentation_result__builder.hpp
[5.258s] -- Up-to-date symlink: /home/booster/Workspace/robocup_demo/install/vision_interface/include/vision_interface/vision_interface/msg/detail/segmentation_result__struct.hpp
[5.258s] -- Up-to-date symlink: /home/booster/Workspace/robocup_demo/install/vision_interface/include/vision_interface/vision_interface/msg/detail/segmentation_result__traits.hpp
[5.258s] -- Up-to-date symlink: /home/booster/Workspace/robocup_demo/install/vision_interface/include/vision_interface/vision_interface/msg/detail/segmentation_result__type_support.hpp
[5.263s] -- Up-to-date symlink: /home/booster/Workspace/robocup_demo/install/vision_interface/include/vision_interface/vision_interface/msg/detected_object.hpp
[5.265s] -- Up-to-date symlink: /home/booster/Workspace/robocup_demo/install/vision_interface/include/vision_interface/vision_interface/msg/detections.hpp
[5.265s] -- Up-to-date symlink: /home/booster/Workspace/robocup_demo/install/vision_interface/include/vision_interface/vision_interface/msg/detections_track.hpp
[5.265s] -- Up-to-date symlink: /home/booster/Workspace/robocup_demo/install/vision_interface/include/vision_interface/vision_interface/msg/image_head_position.hpp
[5.265s] -- Up-to-date symlink: /home/booster/Workspace/robocup_demo/install/vision_interface/include/vision_interface/vision_interface/msg/line_segments.hpp
[5.265s] -- Up-to-date symlink: /home/booster/Workspace/robocup_demo/install/vision_interface/include/vision_interface/vision_interface/msg/rosidl_generator_cpp__visibility_control.hpp
[5.271s] -- Up-to-date symlink: /home/booster/Workspace/robocup_demo/install/vision_interface/include/vision_interface/vision_interface/msg/segmentation_line.hpp
[5.272s] -- Up-to-date symlink: /home/booster/Workspace/robocup_demo/install/vision_interface/include/vision_interface/vision_interface/msg/segmentation_point.hpp
[5.272s] -- Up-to-date symlink: /home/booster/Workspace/robocup_demo/install/vision_interface/include/vision_interface/vision_interface/msg/segmentation_result.hpp
[5.273s] -- Up-to-date symlink: /home/booster/Workspace/robocup_demo/install/vision_interface/include/vision_interface/vision_interface/msg/detail/ball__rosidl_typesupport_fastrtps_cpp.hpp
[5.273s] -- Up-to-date symlink: /home/booster/Workspace/robocup_demo/install/vision_interface/include/vision_interface/vision_interface/msg/detail/cal_param__rosidl_typesupport_fastrtps_cpp.hpp
[5.273s] -- Up-to-date symlink: /home/booster/Workspace/robocup_demo/install/vision_interface/include/vision_interface/vision_interface/msg/detail/detected_object__rosidl_typesupport_fastrtps_cpp.hpp
[5.273s] -- Up-to-date symlink: /home/booster/Workspace/robocup_demo/install/vision_interface/include/vision_interface/vision_interface/msg/detail/detections__rosidl_typesupport_fastrtps_cpp.hpp
[5.278s] -- Up-to-date symlink: /home/booster/Workspace/robocup_demo/install/vision_interface/include/vision_interface/vision_interface/msg/detail/detections_track__rosidl_typesupport_fastrtps_cpp.hpp
[5.280s] -- Up-to-date symlink: /home/booster/Workspace/robocup_demo/install/vision_interface/include/vision_interface/vision_interface/msg/detail/image_head_position__rosidl_typesupport_fastrtps_cpp.hpp
[5.280s] -- Up-to-date symlink: /home/booster/Workspace/robocup_demo/install/vision_interface/include/vision_interface/vision_interface/msg/detail/line_segments__rosidl_typesupport_fastrtps_cpp.hpp
[5.280s] -- Up-to-date symlink: /home/booster/Workspace/robocup_demo/install/vision_interface/include/vision_interface/vision_interface/msg/detail/segmentation_line__rosidl_typesupport_fastrtps_cpp.hpp
[5.281s] -- Up-to-date symlink: /home/booster/Workspace/robocup_demo/install/vision_interface/include/vision_interface/vision_interface/msg/detail/segmentation_point__rosidl_typesupport_fastrtps_cpp.hpp
[5.297s] -- Up-to-date symlink: /home/booster/Workspace/robocup_demo/install/vision_interface/include/vision_interface/vision_interface/msg/detail/segmentation_result__rosidl_typesupport_fastrtps_cpp.hpp
[5.297s] -- Up-to-date symlink: /home/booster/Workspace/robocup_demo/install/vision_interface/include/vision_interface/vision_interface/msg/rosidl_typesupport_fastrtps_cpp__visibility_control.h
[5.303s] -- Up-to-date symlink: /home/booster/Workspace/robocup_demo/install/vision_interface/include/vision_interface/vision_interface/msg/detail/ball__rosidl_typesupport_introspection_c.h
[5.303s] -- Up-to-date symlink: /home/booster/Workspace/robocup_demo/install/vision_interface/include/vision_interface/vision_interface/msg/detail/cal_param__rosidl_typesupport_introspection_c.h
[5.303s] -- Up-to-date symlink: /home/booster/Workspace/robocup_demo/install/vision_interface/include/vision_interface/vision_interface/msg/detail/detected_object__rosidl_typesupport_introspection_c.h
[5.303s] -- Up-to-date symlink: /home/booster/Workspace/robocup_demo/install/vision_interface/include/vision_interface/vision_interface/msg/detail/detections__rosidl_typesupport_introspection_c.h
[5.303s] -- Up-to-date symlink: /home/booster/Workspace/robocup_demo/install/vision_interface/include/vision_interface/vision_interface/msg/detail/detections_track__rosidl_typesupport_introspection_c.h
[5.304s] -- Up-to-date symlink: /home/booster/Workspace/robocup_demo/install/vision_interface/include/vision_interface/vision_interface/msg/detail/image_head_position__rosidl_typesupport_introspection_c.h
[5.304s] -- Up-to-date symlink: /home/booster/Workspace/robocup_demo/install/vision_interface/include/vision_interface/vision_interface/msg/detail/line_segments__rosidl_typesupport_introspection_c.h
[5.304s] -- Up-to-date symlink: /home/booster/Workspace/robocup_demo/install/vision_interface/include/vision_interface/vision_interface/msg/detail/segmentation_line__rosidl_typesupport_introspection_c.h
[5.314s] -- Up-to-date symlink: /home/booster/Workspace/robocup_demo/install/vision_interface/include/vision_interface/vision_interface/msg/detail/segmentation_point__rosidl_typesupport_introspection_c.h
[5.314s] -- Up-to-date symlink: /home/booster/Workspace/robocup_demo/install/vision_interface/include/vision_interface/vision_interface/msg/detail/segmentation_result__rosidl_typesupport_introspection_c.h
[5.314s] -- Up-to-date symlink: /home/booster/Workspace/robocup_demo/install/vision_interface/include/vision_interface/vision_interface/msg/rosidl_typesupport_introspection_c__visibility_control.h
[5.314s] -- Up-to-date symlink: /home/booster/Workspace/robocup_demo/install/vision_interface/include/vision_interface/vision_interface/msg/detail/ball__rosidl_typesupport_introspection_cpp.hpp
[5.314s] -- Up-to-date symlink: /home/booster/Workspace/robocup_demo/install/vision_interface/include/vision_interface/vision_interface/msg/detail/cal_param__rosidl_typesupport_introspection_cpp.hpp
[5.315s] -- Up-to-date symlink: /home/booster/Workspace/robocup_demo/install/vision_interface/include/vision_interface/vision_interface/msg/detail/detected_object__rosidl_typesupport_introspection_cpp.hpp
[5.316s] -- Up-to-date symlink: /home/booster/Workspace/robocup_demo/install/vision_interface/include/vision_interface/vision_interface/msg/detail/detections__rosidl_typesupport_introspection_cpp.hpp
[5.316s] -- Up-to-date symlink: /home/booster/Workspace/robocup_demo/install/vision_interface/include/vision_interface/vision_interface/msg/detail/detections_track__rosidl_typesupport_introspection_cpp.hpp
[5.316s] -- Up-to-date symlink: /home/booster/Workspace/robocup_demo/install/vision_interface/include/vision_interface/vision_interface/msg/detail/image_head_position__rosidl_typesupport_introspection_cpp.hpp
[5.320s] -- Up-to-date symlink: /home/booster/Workspace/robocup_demo/install/vision_interface/include/vision_interface/vision_interface/msg/detail/line_segments__rosidl_typesupport_introspection_cpp.hpp
[5.324s] -- Up-to-date symlink: /home/booster/Workspace/robocup_demo/install/vision_interface/include/vision_interface/vision_interface/msg/detail/segmentation_line__rosidl_typesupport_introspection_cpp.hpp
[5.324s] -- Up-to-date symlink: /home/booster/Workspace/robocup_demo/install/vision_interface/include/vision_interface/vision_interface/msg/detail/segmentation_point__rosidl_typesupport_introspection_cpp.hpp
[5.325s] -- Up-to-date symlink: /home/booster/Workspace/robocup_demo/install/vision_interface/include/vision_interface/vision_interface/msg/detail/segmentation_result__rosidl_typesupport_introspection_cpp.hpp
[5.333s] -- Up-to-date symlink: /home/booster/Workspace/robocup_demo/install/vision_interface/share/vision_interface/environment/pythonpath.sh
[5.333s] -- Up-to-date symlink: /home/booster/Workspace/robocup_demo/install/vision_interface/share/vision_interface/environment/pythonpath.dsv
[5.334s] -- Up-to-date symlink: /home/booster/Workspace/robocup_demo/install/vision_interface/local/lib/python3.10/dist-packages/vision_interface-1.0.0-py3.10.egg-info/PKG-INFO
[5.334s] -- Up-to-date symlink: /home/booster/Workspace/robocup_demo/install/vision_interface/local/lib/python3.10/dist-packages/vision_interface-1.0.0-py3.10.egg-info/SOURCES.txt
[5.335s] -- Up-to-date symlink: /home/booster/Workspace/robocup_demo/install/vision_interface/local/lib/python3.10/dist-packages/vision_interface-1.0.0-py3.10.egg-info/dependency_links.txt
[5.335s] -- Up-to-date symlink: /home/booster/Workspace/robocup_demo/install/vision_interface/local/lib/python3.10/dist-packages/vision_interface-1.0.0-py3.10.egg-info/top_level.txt
[5.335s] -- Up-to-date symlink: /home/booster/Workspace/robocup_demo/install/vision_interface/local/lib/python3.10/dist-packages/vision_interface/__init__.py
[5.342s] -- Up-to-date symlink: /home/booster/Workspace/robocup_demo/install/vision_interface/local/lib/python3.10/dist-packages/vision_interface/_vision_interface_s.ep.rosidl_typesupport_c.c
[5.343s] -- Up-to-date symlink: /home/booster/Workspace/robocup_demo/install/vision_interface/local/lib/python3.10/dist-packages/vision_interface/_vision_interface_s.ep.rosidl_typesupport_fastrtps_c.c
[5.343s] -- Up-to-date symlink: /home/booster/Workspace/robocup_demo/install/vision_interface/local/lib/python3.10/dist-packages/vision_interface/_vision_interface_s.ep.rosidl_typesupport_introspection_c.c
[5.343s] -- Up-to-date symlink: /home/booster/Workspace/robocup_demo/install/vision_interface/local/lib/python3.10/dist-packages/vision_interface/libvision_interface__rosidl_generator_py.so
[5.350s] -- Up-to-date symlink: /home/booster/Workspace/robocup_demo/install/vision_interface/local/lib/python3.10/dist-packages/vision_interface/msg/__init__.py
[5.351s] -- Up-to-date symlink: /home/booster/Workspace/robocup_demo/install/vision_interface/local/lib/python3.10/dist-packages/vision_interface/msg/_ball.py
[5.351s] -- Up-to-date symlink: /home/booster/Workspace/robocup_demo/install/vision_interface/local/lib/python3.10/dist-packages/vision_interface/msg/_ball_s.c
[5.354s] -- Up-to-date symlink: /home/booster/Workspace/robocup_demo/install/vision_interface/local/lib/python3.10/dist-packages/vision_interface/msg/_cal_param.py
[5.354s] -- Up-to-date symlink: /home/booster/Workspace/robocup_demo/install/vision_interface/local/lib/python3.10/dist-packages/vision_interface/msg/_cal_param_s.c
[5.354s] -- Up-to-date symlink: /home/booster/Workspace/robocup_demo/install/vision_interface/local/lib/python3.10/dist-packages/vision_interface/msg/_detected_object.py
[5.354s] -- Up-to-date symlink: /home/booster/Workspace/robocup_demo/install/vision_interface/local/lib/python3.10/dist-packages/vision_interface/msg/_detected_object_s.c
[5.355s] -- Up-to-date symlink: /home/booster/Workspace/robocup_demo/install/vision_interface/local/lib/python3.10/dist-packages/vision_interface/msg/_detections.py
[5.356s] -- Up-to-date symlink: /home/booster/Workspace/robocup_demo/install/vision_interface/local/lib/python3.10/dist-packages/vision_interface/msg/_detections_s.c
[5.357s] -- Up-to-date symlink: /home/booster/Workspace/robocup_demo/install/vision_interface/local/lib/python3.10/dist-packages/vision_interface/msg/_detections_track.py
[5.357s] -- Up-to-date symlink: /home/booster/Workspace/robocup_demo/install/vision_interface/local/lib/python3.10/dist-packages/vision_interface/msg/_detections_track_s.c
[5.363s] -- Up-to-date symlink: /home/booster/Workspace/robocup_demo/install/vision_interface/local/lib/python3.10/dist-packages/vision_interface/msg/_image_head_position.py
[5.363s] -- Up-to-date symlink: /home/booster/Workspace/robocup_demo/install/vision_interface/local/lib/python3.10/dist-packages/vision_interface/msg/_image_head_position_s.c
[5.363s] -- Up-to-date symlink: /home/booster/Workspace/robocup_demo/install/vision_interface/local/lib/python3.10/dist-packages/vision_interface/msg/_line_segments.py
[5.371s] -- Up-to-date symlink: /home/booster/Workspace/robocup_demo/install/vision_interface/local/lib/python3.10/dist-packages/vision_interface/msg/_line_segments_s.c
[5.371s] -- Up-to-date symlink: /home/booster/Workspace/robocup_demo/install/vision_interface/local/lib/python3.10/dist-packages/vision_interface/msg/_segmentation_line.py
[5.371s] -- Up-to-date symlink: /home/booster/Workspace/robocup_demo/install/vision_interface/local/lib/python3.10/dist-packages/vision_interface/msg/_segmentation_line_s.c
[5.372s] -- Up-to-date symlink: /home/booster/Workspace/robocup_demo/install/vision_interface/local/lib/python3.10/dist-packages/vision_interface/msg/_segmentation_point.py
[5.372s] -- Up-to-date symlink: /home/booster/Workspace/robocup_demo/install/vision_interface/local/lib/python3.10/dist-packages/vision_interface/msg/_segmentation_point_s.c
[5.373s] -- Up-to-date symlink: /home/booster/Workspace/robocup_demo/install/vision_interface/local/lib/python3.10/dist-packages/vision_interface/msg/_segmentation_result.py
[5.373s] -- Up-to-date symlink: /home/booster/Workspace/robocup_demo/install/vision_interface/local/lib/python3.10/dist-packages/vision_interface/msg/_segmentation_result_s.c
[5.373s] -- Up-to-date symlink: /home/booster/Workspace/robocup_demo/install/vision_interface/local/lib/python3.10/dist-packages/vision_interface/vision_interface_s__rosidl_typesupport_c.cpython-310-aarch64-linux-gnu.so
[5.373s] -- Up-to-date symlink: /home/booster/Workspace/robocup_demo/install/vision_interface/local/lib/python3.10/dist-packages/vision_interface/vision_interface_s__rosidl_typesupport_fastrtps_c.cpython-310-aarch64-linux-gnu.so
[5.373s] -- Up-to-date symlink: /home/booster/Workspace/robocup_demo/install/vision_interface/local/lib/python3.10/dist-packages/vision_interface/vision_interface_s__rosidl_typesupport_introspection_c.cpython-310-aarch64-linux-gnu.so
[5.375s] -- Up-to-date symlink: /home/booster/Workspace/robocup_demo/install/vision_interface/local/lib/python3.10/dist-packages/vision_interface/vision_interface_s__rosidl_typesupport_fastrtps_c.cpython-310-aarch64-linux-gnu.so
[5.375s] -- Up-to-date symlink: /home/booster/Workspace/robocup_demo/install/vision_interface/local/lib/python3.10/dist-packages/vision_interface/vision_interface_s__rosidl_typesupport_introspection_c.cpython-310-aarch64-linux-gnu.so
[5.376s] -- Up-to-date symlink: /home/booster/Workspace/robocup_demo/install/vision_interface/local/lib/python3.10/dist-packages/vision_interface/vision_interface_s__rosidl_typesupport_c.cpython-310-aarch64-linux-gnu.so
[5.376s] -- Up-to-date symlink: /home/booster/Workspace/robocup_demo/install/vision_interface/share/vision_interface/msg/DetectedObject.idl
[5.376s] -- Up-to-date symlink: /home/booster/Workspace/robocup_demo/install/vision_interface/share/vision_interface/msg/Detections.idl
[5.376s] -- Up-to-date symlink: /home/booster/Workspace/robocup_demo/install/vision_interface/share/vision_interface/msg/LineSegments.idl
[5.376s] -- Up-to-date symlink: /home/booster/Workspace/robocup_demo/install/vision_interface/share/vision_interface/msg/CalParam.idl
[5.376s] -- Up-to-date symlink: /home/booster/Workspace/robocup_demo/install/vision_interface/share/vision_interface/msg/DetectionsTrack.idl
[5.376s] -- Up-to-date symlink: /home/booster/Workspace/robocup_demo/install/vision_interface/share/vision_interface/msg/SegmentationPoint.idl
[5.376s] -- Up-to-date symlink: /home/booster/Workspace/robocup_demo/install/vision_interface/share/vision_interface/msg/SegmentationLine.idl
[5.376s] -- Up-to-date symlink: /home/booster/Workspace/robocup_demo/install/vision_interface/share/vision_interface/msg/SegmentationResult.idl
[5.377s] -- Up-to-date symlink: /home/booster/Workspace/robocup_demo/install/vision_interface/share/vision_interface/msg/ImageHeadPosition.idl
[5.380s] -- Up-to-date symlink: /home/booster/Workspace/robocup_demo/install/vision_interface/share/vision_interface/msg/Ball.idl
[5.381s] -- Up-to-date symlink: /home/booster/Workspace/robocup_demo/install/vision_interface/share/vision_interface/msg/DetectedObject.msg
[5.381s] -- Up-to-date symlink: /home/booster/Workspace/robocup_demo/install/vision_interface/share/vision_interface/msg/Detections.msg
[5.381s] -- Up-to-date symlink: /home/booster/Workspace/robocup_demo/install/vision_interface/share/vision_interface/msg/LineSegments.msg
[5.381s] -- Up-to-date symlink: /home/booster/Workspace/robocup_demo/install/vision_interface/share/vision_interface/msg/CalParam.msg
[5.381s] -- Up-to-date symlink: /home/booster/Workspace/robocup_demo/install/vision_interface/share/vision_interface/msg/DetectionsTrack.msg
[5.394s] -- Up-to-date symlink: /home/booster/Workspace/robocup_demo/install/vision_interface/share/vision_interface/msg/SegmentationPoint.msg
[5.394s] -- Up-to-date symlink: /home/booster/Workspace/robocup_demo/install/vision_interface/share/vision_interface/msg/SegmentationLine.msg
[5.394s] -- Up-to-date symlink: /home/booster/Workspace/robocup_demo/install/vision_interface/share/vision_interface/msg/SegmentationResult.msg
[5.394s] -- Up-to-date symlink: /home/booster/Workspace/robocup_demo/install/vision_interface/share/vision_interface/msg/ImageHeadPosition.msg
[5.394s] -- Up-to-date symlink: /home/booster/Workspace/robocup_demo/install/vision_interface/share/vision_interface/msg/Ball.msg
[5.396s] -- Up-to-date symlink: /home/booster/Workspace/robocup_demo/install/vision_interface/share/ament_index/resource_index/package_run_dependencies/vision_interface
[5.397s] -- Up-to-date symlink: /home/booster/Workspace/robocup_demo/install/vision_interface/share/ament_index/resource_index/parent_prefix_path/vision_interface
[5.397s] -- Up-to-date symlink: /home/booster/Workspace/robocup_demo/install/vision_interface/share/vision_interface/environment/ament_prefix_path.sh
[5.397s] -- Up-to-date symlink: /home/booster/Workspace/robocup_demo/install/vision_interface/share/vision_interface/environment/ament_prefix_path.dsv
[5.397s] -- Up-to-date symlink: /home/booster/Workspace/robocup_demo/install/vision_interface/share/vision_interface/environment/path.sh
[5.397s] -- Up-to-date symlink: /home/booster/Workspace/robocup_demo/install/vision_interface/share/vision_interface/environment/path.dsv
[5.405s] -- Up-to-date symlink: /home/booster/Workspace/robocup_demo/install/vision_interface/share/vision_interface/local_setup.bash
[5.409s] -- Up-to-date symlink: /home/booster/Workspace/robocup_demo/install/vision_interface/share/vision_interface/local_setup.sh
[5.409s] -- Up-to-date symlink: /home/booster/Workspace/robocup_demo/install/vision_interface/share/vision_interface/local_setup.zsh
[5.410s] -- Up-to-date symlink: /home/booster/Workspace/robocup_demo/install/vision_interface/share/vision_interface/local_setup.dsv
[5.415s] -- Symlinking: /home/booster/Workspace/robocup_demo/install/vision_interface/share/vision_interface/package.dsv
[5.439s] -- Up-to-date symlink: /home/booster/Workspace/robocup_demo/install/vision_interface/share/ament_index/resource_index/packages/vision_interface
[5.439s] -- Up-to-date symlink: /home/booster/Workspace/robocup_demo/install/vision_interface/share/vision_interface/cmake/rosidl_cmake-extras.cmake
[5.445s] -- Up-to-date symlink: /home/booster/Workspace/robocup_demo/install/vision_interface/share/vision_interface/cmake/ament_cmake_export_dependencies-extras.cmake
[5.445s] -- Up-to-date symlink: /home/booster/Workspace/robocup_demo/install/vision_interface/share/vision_interface/cmake/ament_cmake_export_include_directories-extras.cmake
[5.445s] -- Up-to-date symlink: /home/booster/Workspace/robocup_demo/install/vision_interface/share/vision_interface/cmake/ament_cmake_export_libraries-extras.cmake
[5.445s] -- Up-to-date symlink: /home/booster/Workspace/robocup_demo/install/vision_interface/share/vision_interface/cmake/ament_cmake_export_targets-extras.cmake
[5.445s] -- Up-to-date symlink: /home/booster/Workspace/robocup_demo/install/vision_interface/share/vision_interface/cmake/rosidl_cmake_export_typesupport_targets-extras.cmake
[5.446s] -- Up-to-date symlink: /home/booster/Workspace/robocup_demo/install/vision_interface/share/vision_interface/cmake/rosidl_cmake_export_typesupport_libraries-extras.cmake
[5.446s] -- Up-to-date symlink: /home/booster/Workspace/robocup_demo/install/vision_interface/share/vision_interface/cmake/vision_interfaceConfig.cmake
[5.446s] -- Up-to-date symlink: /home/booster/Workspace/robocup_demo/install/vision_interface/share/vision_interface/cmake/vision_interfaceConfig-version.cmake
[5.446s] -- Up-to-date symlink: /home/booster/Workspace/robocup_demo/install/vision_interface/share/vision_interface/package.xml
[5.446s] -- Up-to-date: /home/booster/Workspace/robocup_demo/install/vision_interface/lib/libvision_interface__rosidl_generator_c.so
[5.446s] -- Up-to-date: /home/booster/Workspace/robocup_demo/install/vision_interface/lib/libvision_interface__rosidl_typesupport_fastrtps_c.so
[5.446s] -- Up-to-date: /home/booster/Workspace/robocup_demo/install/vision_interface/lib/libvision_interface__rosidl_typesupport_fastrtps_cpp.so
[5.446s] -- Up-to-date: /home/booster/Workspace/robocup_demo/install/vision_interface/lib/libvision_interface__rosidl_typesupport_introspection_c.so
[5.446s] -- Up-to-date: /home/booster/Workspace/robocup_demo/install/vision_interface/lib/libvision_interface__rosidl_typesupport_c.so
[5.447s] -- Up-to-date: /home/booster/Workspace/robocup_demo/install/vision_interface/lib/libvision_interface__rosidl_typesupport_introspection_cpp.so
[5.447s] -- Up-to-date: /home/booster/Workspace/robocup_demo/install/vision_interface/lib/libvision_interface__rosidl_typesupport_cpp.so
[5.568s] Listing '/home/booster/Workspace/robocup_demo/install/vision_interface/local/lib/python3.10/dist-packages/vision_interface'...
[5.569s] Listing '/home/booster/Workspace/robocup_demo/install/vision_interface/local/lib/python3.10/dist-packages/vision_interface/msg'...
[5.590s] -- Up-to-date: /home/booster/Workspace/robocup_demo/install/vision_interface/lib/libvision_interface__rosidl_generator_py.so
[5.590s] -- Up-to-date: /home/booster/Workspace/robocup_demo/install/vision_interface/share/vision_interface/cmake/export_vision_interface__rosidl_generator_cExport.cmake
[5.590s] -- Up-to-date: /home/booster/Workspace/robocup_demo/install/vision_interface/share/vision_interface/cmake/export_vision_interface__rosidl_generator_cExport-noconfig.cmake
[5.592s] -- Up-to-date: /home/booster/Workspace/robocup_demo/install/vision_interface/share/vision_interface/cmake/export_vision_interface__rosidl_typesupport_fastrtps_cExport.cmake
[5.592s] -- Up-to-date: /home/booster/Workspace/robocup_demo/install/vision_interface/share/vision_interface/cmake/export_vision_interface__rosidl_typesupport_fastrtps_cExport-noconfig.cmake
[5.592s] -- Up-to-date: /home/booster/Workspace/robocup_demo/install/vision_interface/share/vision_interface/cmake/export_vision_interface__rosidl_generator_cppExport.cmake
[5.592s] -- Up-to-date: /home/booster/Workspace/robocup_demo/install/vision_interface/share/vision_interface/cmake/export_vision_interface__rosidl_typesupport_fastrtps_cppExport.cmake
[5.592s] -- Up-to-date: /home/booster/Workspace/robocup_demo/install/vision_interface/share/vision_interface/cmake/export_vision_interface__rosidl_typesupport_fastrtps_cppExport-noconfig.cmake
[5.592s] -- Up-to-date: /home/booster/Workspace/robocup_demo/install/vision_interface/share/vision_interface/cmake/vision_interface__rosidl_typesupport_introspection_cExport.cmake
[5.593s] -- Up-to-date: /home/booster/Workspace/robocup_demo/install/vision_interface/share/vision_interface/cmake/vision_interface__rosidl_typesupport_introspection_cExport-noconfig.cmake
[5.593s] -- Up-to-date: /home/booster/Workspace/robocup_demo/install/vision_interface/share/vision_interface/cmake/vision_interface__rosidl_typesupport_cExport.cmake
[5.593s] -- Up-to-date: /home/booster/Workspace/robocup_demo/install/vision_interface/share/vision_interface/cmake/vision_interface__rosidl_typesupport_cExport-noconfig.cmake
[5.593s] -- Up-to-date: /home/booster/Workspace/robocup_demo/install/vision_interface/share/vision_interface/cmake/vision_interface__rosidl_typesupport_introspection_cppExport.cmake
[5.593s] -- Up-to-date: /home/booster/Workspace/robocup_demo/install/vision_interface/share/vision_interface/cmake/vision_interface__rosidl_typesupport_introspection_cppExport-noconfig.cmake
[5.593s] -- Up-to-date: /home/booster/Workspace/robocup_demo/install/vision_interface/share/vision_interface/cmake/vision_interface__rosidl_typesupport_cppExport.cmake
[5.593s] -- Up-to-date: /home/booster/Workspace/robocup_demo/install/vision_interface/share/vision_interface/cmake/vision_interface__rosidl_typesupport_cppExport-noconfig.cmake
[5.594s] -- Up-to-date: /home/booster/Workspace/robocup_demo/install/vision_interface/share/vision_interface/cmake/export_vision_interface__rosidl_generator_pyExport.cmake
[5.594s] -- Up-to-date: /home/booster/Workspace/robocup_demo/install/vision_interface/share/vision_interface/cmake/export_vision_interface__rosidl_generator_pyExport-noconfig.cmake
[5.609s] Invoked command in '/home/booster/Workspace/robocup_demo/build/vision_interface' returned '0': CMAKE_PREFIX_PATH=/opt/ros/humble /usr/bin/cmake --install /home/booster/Workspace/robocup_demo/build/vision_interface
