[0.083s] Invoking command in '/home/booster/Workspace/robocup_demo/build/game_controller': AMENT_PREFIX_PATH=/home/booster/Workspace/robocup_demo/install/game_controller_interface:${AMENT_PREFIX_PATH} CMAKE_PREFIX_PATH=/home/booster/Workspace/robocup_demo/install/game_controller_interface:/opt/ros/humble LD_LIBRARY_PATH=/home/booster/Workspace/robocup_demo/install/game_controller_interface/lib:/opt/ros/humble/opt/rviz_ogre_vendor/lib:/opt/ros/humble/lib/aarch64-linux-gnu:/opt/ros/humble/lib:/usr/local/cuda/lib64 PYTHONPATH=/home/booster/Workspace/robocup_demo/install/game_controller_interface/local/lib/python3.10/dist-packages:${PYTHONPATH} /usr/bin/cmake --build /home/booster/Workspace/robocup_demo/build/game_controller -- -j5 -l5
[0.221s] [35m[1mConsolidate compiler generated dependencies of target game_controller_node[0m
[0.276s] [ 33%] [32mBuilding CXX object CMakeFiles/game_controller_node.dir/src/game_controller_node.cpp.o[0m
[13.580s] [ 66%] [32m[1mLinking CXX executable game_controller_node[0m
[14.043s] [100%] Built target game_controller_node
[14.073s] Invoked command in '/home/booster/Workspace/robocup_demo/build/game_controller' returned '0': AMENT_PREFIX_PATH=/home/booster/Workspace/robocup_demo/install/game_controller_interface:${AMENT_PREFIX_PATH} CMAKE_PREFIX_PATH=/home/booster/Workspace/robocup_demo/install/game_controller_interface:/opt/ros/humble LD_LIBRARY_PATH=/home/booster/Workspace/robocup_demo/install/game_controller_interface/lib:/opt/ros/humble/opt/rviz_ogre_vendor/lib:/opt/ros/humble/lib/aarch64-linux-gnu:/opt/ros/humble/lib:/usr/local/cuda/lib64 PYTHONPATH=/home/booster/Workspace/robocup_demo/install/game_controller_interface/local/lib/python3.10/dist-packages:${PYTHONPATH} /usr/bin/cmake --build /home/booster/Workspace/robocup_demo/build/game_controller -- -j5 -l5
[14.077s] Invoking command in '/home/booster/Workspace/robocup_demo/build/game_controller': AMENT_PREFIX_PATH=/home/booster/Workspace/robocup_demo/install/game_controller_interface:${AMENT_PREFIX_PATH} CMAKE_PREFIX_PATH=/home/booster/Workspace/robocup_demo/install/game_controller_interface:/opt/ros/humble LD_LIBRARY_PATH=/home/booster/Workspace/robocup_demo/install/game_controller_interface/lib:/opt/ros/humble/opt/rviz_ogre_vendor/lib:/opt/ros/humble/lib/aarch64-linux-gnu:/opt/ros/humble/lib:/usr/local/cuda/lib64 PYTHONPATH=/home/booster/Workspace/robocup_demo/install/game_controller_interface/local/lib/python3.10/dist-packages:${PYTHONPATH} /usr/bin/cmake --install /home/booster/Workspace/robocup_demo/build/game_controller
[14.095s] -- Install configuration: ""
[14.096s] -- Execute custom install script
[14.097s] -- Up-to-date symlink: /home/booster/Workspace/robocup_demo/install/game_controller/share/game_controller/launch/launch.py
[14.097s] -- Up-to-date symlink: /home/booster/Workspace/robocup_demo/install/game_controller/lib/game_controller/game_controller_node
[14.098s] -- Up-to-date symlink: /home/booster/Workspace/robocup_demo/install/game_controller/share/ament_index/resource_index/package_run_dependencies/game_controller
[14.098s] -- Up-to-date symlink: /home/booster/Workspace/robocup_demo/install/game_controller/share/ament_index/resource_index/parent_prefix_path/game_controller
[14.099s] -- Up-to-date symlink: /home/booster/Workspace/robocup_demo/install/game_controller/share/game_controller/environment/ament_prefix_path.sh
[14.099s] -- Up-to-date symlink: /home/booster/Workspace/robocup_demo/install/game_controller/share/game_controller/environment/ament_prefix_path.dsv
[14.100s] -- Up-to-date symlink: /home/booster/Workspace/robocup_demo/install/game_controller/share/game_controller/environment/path.sh
[14.100s] -- Up-to-date symlink: /home/booster/Workspace/robocup_demo/install/game_controller/share/game_controller/environment/path.dsv
[14.100s] -- Up-to-date symlink: /home/booster/Workspace/robocup_demo/install/game_controller/share/game_controller/local_setup.bash
[14.100s] -- Up-to-date symlink: /home/booster/Workspace/robocup_demo/install/game_controller/share/game_controller/local_setup.sh
[14.100s] -- Up-to-date symlink: /home/booster/Workspace/robocup_demo/install/game_controller/share/game_controller/local_setup.zsh
[14.101s] -- Up-to-date symlink: /home/booster/Workspace/robocup_demo/install/game_controller/share/game_controller/local_setup.dsv
[14.101s] -- Symlinking: /home/booster/Workspace/robocup_demo/install/game_controller/share/game_controller/package.dsv
[14.126s] -- Up-to-date symlink: /home/booster/Workspace/robocup_demo/install/game_controller/share/ament_index/resource_index/packages/game_controller
[14.127s] -- Up-to-date symlink: /home/booster/Workspace/robocup_demo/install/game_controller/share/game_controller/cmake/game_controllerConfig.cmake
[14.127s] -- Up-to-date symlink: /home/booster/Workspace/robocup_demo/install/game_controller/share/game_controller/cmake/game_controllerConfig-version.cmake
[14.127s] -- Up-to-date symlink: /home/booster/Workspace/robocup_demo/install/game_controller/share/game_controller/package.xml
[14.135s] Invoked command in '/home/booster/Workspace/robocup_demo/build/game_controller' returned '0': AMENT_PREFIX_PATH=/home/booster/Workspace/robocup_demo/install/game_controller_interface:${AMENT_PREFIX_PATH} CMAKE_PREFIX_PATH=/home/booster/Workspace/robocup_demo/install/game_controller_interface:/opt/ros/humble LD_LIBRARY_PATH=/home/booster/Workspace/robocup_demo/install/game_controller_interface/lib:/opt/ros/humble/opt/rviz_ogre_vendor/lib:/opt/ros/humble/lib/aarch64-linux-gnu:/opt/ros/humble/lib:/usr/local/cuda/lib64 PYTHONPATH=/home/booster/Workspace/robocup_demo/install/game_controller_interface/local/lib/python3.10/dist-packages:${PYTHONPATH} /usr/bin/cmake --install /home/booster/Workspace/robocup_demo/build/game_controller
