[0.050s] Invoking command in '/home/booster/Workspace/robocup_demo/build/brain': AMENT_PREFIX_PATH=/home/booster/Workspace/robocup_demo/install/vision_interface:/home/booster/Workspace/robocup_demo/install/game_controller_interface:/home/booster/Workspace/robocup_demo/install/booster_msgs:/home/booster/Workspace/robocup_demo/install/booster_interface:${AMENT_PREFIX_PATH} CMAKE_PREFIX_PATH=/home/booster/Workspace/robocup_demo/install/vision_interface:/home/booster/Workspace/robocup_demo/install/game_controller_interface:/home/booster/Workspace/robocup_demo/install/booster_msgs:/home/booster/Workspace/robocup_demo/install/booster_interface:/opt/ros/humble LD_LIBRARY_PATH=/home/booster/Workspace/robocup_demo/install/vision_interface/lib:/home/booster/Workspace/robocup_demo/install/game_controller_interface/lib:/home/booster/Workspace/robocup_demo/install/booster_msgs/lib:/home/booster/Workspace/robocup_demo/install/booster_interface/lib:/opt/ros/humble/opt/rviz_ogre_vendor/lib:/opt/ros/humble/lib/aarch64-linux-gnu:/opt/ros/humble/lib:/usr/local/cuda/lib64 PYTHONPATH=/home/booster/Workspace/robocup_demo/install/vision_interface/local/lib/python3.10/dist-packages:/home/booster/Workspace/robocup_demo/install/game_controller_interface/local/lib/python3.10/dist-packages:/home/booster/Workspace/robocup_demo/install/booster_msgs/local/lib/python3.10/dist-packages:/home/booster/Workspace/robocup_demo/install/booster_interface/local/lib/python3.10/dist-packages:${PYTHONPATH} /usr/bin/cmake --build /home/booster/Workspace/robocup_demo/build/brain -- -j5 -l5
[0.199s] [  2%] Built target brain__cpp
[0.270s] [  2%] Built target ament_cmake_python_symlink_brain
[0.322s] [  9%] Built target brain__rosidl_typesupport_introspection_cpp
[0.861s] running egg_info
[0.864s] writing brain.egg-info/PKG-INFO
[0.865s] writing dependency_links to brain.egg-info/dependency_links.txt
[0.865s] writing top-level names to brain.egg-info/top_level.txt
[0.869s] reading manifest file 'brain.egg-info/SOURCES.txt'
[0.870s] writing manifest file 'brain.egg-info/SOURCES.txt'
[0.981s] [  9%] Built target ament_cmake_python_build_brain_egg
[1.047s] [ 16%] Built target brain__rosidl_typesupport_fastrtps_cpp
[1.106s] [ 23%] Built target brain__rosidl_typesupport_cpp
[1.171s] [ 30%] Built target brain__rosidl_generator_c
[1.256s] [35m[1mConsolidate compiler generated dependencies of target brain_node[0m
[1.405s] [ 33%] [32mBuilding CXX object CMakeFiles/brain_node.dir/src/brain.cpp.o[0m
[121.603s] [ 35%] [32mBuilding CXX object CMakeFiles/brain_node.dir/src/brain_communication.cpp.o[0m
[149.039s] [ 38%] [32mBuilding CXX object CMakeFiles/brain_node.dir/src/brain_log.cpp.o[0m
[180.786s] [ 40%] [32mBuilding CXX object CMakeFiles/brain_node.dir/src/brain_tree.cpp.o[0m
[201.391s] [01m[K/home/booster/Workspace/robocup_demo/src/brain/src/brain_tree.cpp:[m[K In member function ‘[01m[Kvirtual BT::NodeStatus GoalieDecide::tick()[m[K’:
[201.392s] [01m[K/home/booster/Workspace/robocup_demo/src/brain/src/brain_tree.cpp:1048:46:[m[K [01;31m[Kerror: [m[K‘[01m[Kfd[m[K’ was not declared in this scope
[201.392s]  1048 |     const auto homePose = calcGoalieHomePose([01;31m[Kfd[m[K);
[201.395s]       |                                              [01;31m[K^~[m[K
[201.454s] [01m[K/home/booster/Workspace/robocup_demo/src/brain/src/brain_tree.cpp:1050:102:[m[K [01;31m[Kerror: [m[K‘[01m[KballWithinDefensiveThreshold[m[K’ was not declared in this scope
[201.454s]  1050 | >data->robotPoseToField.x > homePose.x + returnHomeXMargin && ![01;31m[KballWithinDefensiveThreshold[m[K;
[201.454s]       |                                                                [01;31m[K^~~~~~~~~~~~~~~~~~~~~~~~~~~~[m[K
[201.454s] 
[209.203s] [01m[K/home/booster/Workspace/robocup_demo/src/brain/src/brain_tree.cpp:[m[K At global scope:
[209.203s] [01m[K/home/booster/Workspace/robocup_demo/src/brain/src/brain_tree.cpp:126:8:[m[K [01;35m[Kwarning: [m[K‘[01m[Kdouble {anonymous}::calcGoalieDefensiveThresholdX(const FieldDimensions&, double)[m[K’ defined but not used [[01;35m[K]8;;https://gcc.gnu.org/onlinedocs/gcc/Warning-Options.html#index-Wunused-function-Wunused-function]8;;[m[K]
[209.203s]   126 | double [01;35m[KcalcGoalieDefensiveThresholdX[m[K(const FieldDimensions &fd, double defensiveThresholdRatio)
[209.203s]       |        [01;35m[K^~~~~~~~~~~~~~~~~~~~~~~~~~~~~[m[K
[209.344s] gmake[2]: *** [CMakeFiles/brain_node.dir/build.make:146: CMakeFiles/brain_node.dir/src/brain_tree.cpp.o] Error 1
[209.345s] gmake[1]: *** [CMakeFiles/Makefile2:593: CMakeFiles/brain_node.dir/all] Error 2
[209.346s] gmake: *** [Makefile:146: all] Error 2
[209.352s] Invoked command in '/home/booster/Workspace/robocup_demo/build/brain' returned '2': AMENT_PREFIX_PATH=/home/booster/Workspace/robocup_demo/install/vision_interface:/home/booster/Workspace/robocup_demo/install/game_controller_interface:/home/booster/Workspace/robocup_demo/install/booster_msgs:/home/booster/Workspace/robocup_demo/install/booster_interface:${AMENT_PREFIX_PATH} CMAKE_PREFIX_PATH=/home/booster/Workspace/robocup_demo/install/vision_interface:/home/booster/Workspace/robocup_demo/install/game_controller_interface:/home/booster/Workspace/robocup_demo/install/booster_msgs:/home/booster/Workspace/robocup_demo/install/booster_interface:/opt/ros/humble LD_LIBRARY_PATH=/home/booster/Workspace/robocup_demo/install/vision_interface/lib:/home/booster/Workspace/robocup_demo/install/game_controller_interface/lib:/home/booster/Workspace/robocup_demo/install/booster_msgs/lib:/home/booster/Workspace/robocup_demo/install/booster_interface/lib:/opt/ros/humble/opt/rviz_ogre_vendor/lib:/opt/ros/humble/lib/aarch64-linux-gnu:/opt/ros/humble/lib:/usr/local/cuda/lib64 PYTHONPATH=/home/booster/Workspace/robocup_demo/install/vision_interface/local/lib/python3.10/dist-packages:/home/booster/Workspace/robocup_demo/install/game_controller_interface/local/lib/python3.10/dist-packages:/home/booster/Workspace/robocup_demo/install/booster_msgs/local/lib/python3.10/dist-packages:/home/booster/Workspace/robocup_demo/install/booster_interface/local/lib/python3.10/dist-packages:${PYTHONPATH} /usr/bin/cmake --build /home/booster/Workspace/robocup_demo/build/brain -- -j5 -l5
