[0.041s] Invoking command in '/home/booster/Workspace/robocup_demo/build/booster_interface': CMAKE_PREFIX_PATH=/opt/ros/humble /usr/bin/cmake --build /home/booster/Workspace/robocup_demo/build/booster_interface -- -j5 -l5
[0.269s] [  0%] Built target booster_interface__cpp
[0.366s] [  0%] Built target ament_cmake_python_symlink_booster_interface
[0.474s] [ 12%] Built target booster_interface__rosidl_typesupport_introspection_cpp
[1.255s] running egg_info
[1.258s] writing booster_interface.egg-info/PKG-INFO
[1.258s] writing dependency_links to booster_interface.egg-info/dependency_links.txt
[1.259s] writing top-level names to booster_interface.egg-info/top_level.txt
[1.267s] reading manifest file 'booster_interface.egg-info/SOURCES.txt'
[1.269s] writing manifest file 'booster_interface.egg-info/SOURCES.txt'
[1.418s] [ 12%] Built target ament_cmake_python_build_booster_interface_egg
[1.528s] [ 24%] Built target booster_interface__rosidl_typesupport_fastrtps_cpp
[1.593s] [ 36%] Built target booster_interface__rosidl_typesupport_cpp
[1.698s] [ 48%] Built target booster_interface__rosidl_generator_c
[1.805s] [ 60%] Built target booster_interface__rosidl_typesupport_fastrtps_c
[1.862s] [ 72%] Built target booster_interface__rosidl_typesupport_c
[1.946s] [ 84%] Built target booster_interface__rosidl_typesupport_introspection_c
[2.029s] [ 84%] Built target booster_interface
[2.083s] [ 85%] Built target booster_interface__py
[2.173s] [ 96%] Built target booster_interface__rosidl_generator_py
[2.265s] [ 97%] Built target booster_interface__rosidl_typesupport_fastrtps_c__pyext
[2.325s] [ 98%] Built target booster_interface__rosidl_typesupport_c__pyext
[2.385s] [100%] Built target booster_interface__rosidl_typesupport_introspection_c__pyext
[2.432s] Invoked command in '/home/booster/Workspace/robocup_demo/build/booster_interface' returned '0': CMAKE_PREFIX_PATH=/opt/ros/humble /usr/bin/cmake --build /home/booster/Workspace/robocup_demo/build/booster_interface -- -j5 -l5
[2.435s] Invoking command in '/home/booster/Workspace/robocup_demo/build/booster_interface': CMAKE_PREFIX_PATH=/opt/ros/humble /usr/bin/cmake --install /home/booster/Workspace/robocup_demo/build/booster_interface
[2.475s] -- Install configuration: ""
[2.478s] -- Execute custom install script
[2.479s] -- Up-to-date symlink: /home/booster/Workspace/robocup_demo/install/booster_interface/share/ament_index/resource_index/rosidl_interfaces/booster_interface
[2.491s] -- Up-to-date symlink: /home/booster/Workspace/robocup_demo/install/booster_interface/include/booster_interface/booster_interface/msg/booster_api_req_msg.h
[2.492s] -- Up-to-date symlink: /home/booster/Workspace/robocup_demo/install/booster_interface/include/booster_interface/booster_interface/msg/booster_api_resp_msg.h
[2.492s] -- Up-to-date symlink: /home/booster/Workspace/robocup_demo/install/booster_interface/include/booster_interface/booster_interface/msg/button_event_msg.h
[2.492s] -- Up-to-date symlink: /home/booster/Workspace/robocup_demo/install/booster_interface/include/booster_interface/booster_interface/msg/detail/booster_api_req_msg__functions.h
[2.492s] -- Up-to-date symlink: /home/booster/Workspace/robocup_demo/install/booster_interface/include/booster_interface/booster_interface/msg/detail/booster_api_req_msg__struct.h
[2.503s] -- Up-to-date symlink: /home/booster/Workspace/robocup_demo/install/booster_interface/include/booster_interface/booster_interface/msg/detail/booster_api_req_msg__type_support.h
[2.505s] -- Up-to-date symlink: /home/booster/Workspace/robocup_demo/install/booster_interface/include/booster_interface/booster_interface/msg/detail/booster_api_resp_msg__functions.h
[2.505s] -- Up-to-date symlink: /home/booster/Workspace/robocup_demo/install/booster_interface/include/booster_interface/booster_interface/msg/detail/booster_api_resp_msg__struct.h
[2.506s] -- Up-to-date symlink: /home/booster/Workspace/robocup_demo/install/booster_interface/include/booster_interface/booster_interface/msg/detail/booster_api_resp_msg__type_support.h
[2.506s] -- Up-to-date symlink: /home/booster/Workspace/robocup_demo/install/booster_interface/include/booster_interface/booster_interface/msg/detail/button_event_msg__functions.h
[2.507s] -- Up-to-date symlink: /home/booster/Workspace/robocup_demo/install/booster_interface/include/booster_interface/booster_interface/msg/detail/button_event_msg__struct.h
[2.512s] -- Up-to-date symlink: /home/booster/Workspace/robocup_demo/install/booster_interface/include/booster_interface/booster_interface/msg/detail/button_event_msg__type_support.h
[2.513s] -- Up-to-date symlink: /home/booster/Workspace/robocup_demo/install/booster_interface/include/booster_interface/booster_interface/msg/detail/fall_down_state__functions.h
[2.513s] -- Up-to-date symlink: /home/booster/Workspace/robocup_demo/install/booster_interface/include/booster_interface/booster_interface/msg/detail/fall_down_state__struct.h
[2.513s] -- Up-to-date symlink: /home/booster/Workspace/robocup_demo/install/booster_interface/include/booster_interface/booster_interface/msg/detail/fall_down_state__type_support.h
[2.514s] -- Up-to-date symlink: /home/booster/Workspace/robocup_demo/install/booster_interface/include/booster_interface/booster_interface/msg/detail/hand_command__functions.h
[2.514s] -- Up-to-date symlink: /home/booster/Workspace/robocup_demo/install/booster_interface/include/booster_interface/booster_interface/msg/detail/hand_command__struct.h
[2.514s] -- Up-to-date symlink: /home/booster/Workspace/robocup_demo/install/booster_interface/include/booster_interface/booster_interface/msg/detail/hand_command__type_support.h
[2.514s] -- Up-to-date symlink: /home/booster/Workspace/robocup_demo/install/booster_interface/include/booster_interface/booster_interface/msg/detail/hand_dds_msg__functions.h
[2.514s] -- Up-to-date symlink: /home/booster/Workspace/robocup_demo/install/booster_interface/include/booster_interface/booster_interface/msg/detail/hand_dds_msg__struct.h
[2.514s] -- Up-to-date symlink: /home/booster/Workspace/robocup_demo/install/booster_interface/include/booster_interface/booster_interface/msg/detail/hand_dds_msg__type_support.h
[2.516s] -- Up-to-date symlink: /home/booster/Workspace/robocup_demo/install/booster_interface/include/booster_interface/booster_interface/msg/detail/hand_param__functions.h
[2.517s] -- Up-to-date symlink: /home/booster/Workspace/robocup_demo/install/booster_interface/include/booster_interface/booster_interface/msg/detail/hand_param__struct.h
[2.518s] -- Up-to-date symlink: /home/booster/Workspace/robocup_demo/install/booster_interface/include/booster_interface/booster_interface/msg/detail/hand_param__type_support.h
[2.520s] -- Up-to-date symlink: /home/booster/Workspace/robocup_demo/install/booster_interface/include/booster_interface/booster_interface/msg/detail/imu_state__functions.h
[2.520s] -- Up-to-date symlink: /home/booster/Workspace/robocup_demo/install/booster_interface/include/booster_interface/booster_interface/msg/detail/imu_state__struct.h
[2.520s] -- Up-to-date symlink: /home/booster/Workspace/robocup_demo/install/booster_interface/include/booster_interface/booster_interface/msg/detail/imu_state__type_support.h
[2.520s] -- Up-to-date symlink: /home/booster/Workspace/robocup_demo/install/booster_interface/include/booster_interface/booster_interface/msg/detail/low_cmd__functions.h
[2.520s] -- Up-to-date symlink: /home/booster/Workspace/robocup_demo/install/booster_interface/include/booster_interface/booster_interface/msg/detail/low_cmd__struct.h
[2.520s] -- Up-to-date symlink: /home/booster/Workspace/robocup_demo/install/booster_interface/include/booster_interface/booster_interface/msg/detail/low_cmd__type_support.h
[2.520s] -- Up-to-date symlink: /home/booster/Workspace/robocup_demo/install/booster_interface/include/booster_interface/booster_interface/msg/detail/low_state__functions.h
[2.520s] -- Up-to-date symlink: /home/booster/Workspace/robocup_demo/install/booster_interface/include/booster_interface/booster_interface/msg/detail/low_state__struct.h
[2.521s] -- Up-to-date symlink: /home/booster/Workspace/robocup_demo/install/booster_interface/include/booster_interface/booster_interface/msg/detail/low_state__type_support.h
[2.521s] -- Up-to-date symlink: /home/booster/Workspace/robocup_demo/install/booster_interface/include/booster_interface/booster_interface/msg/detail/motor_cmd__functions.h
[2.524s] -- Up-to-date symlink: /home/booster/Workspace/robocup_demo/install/booster_interface/include/booster_interface/booster_interface/msg/detail/motor_cmd__struct.h
[2.525s] -- Up-to-date symlink: /home/booster/Workspace/robocup_demo/install/booster_interface/include/booster_interface/booster_interface/msg/detail/motor_cmd__type_support.h
[2.525s] -- Up-to-date symlink: /home/booster/Workspace/robocup_demo/install/booster_interface/include/booster_interface/booster_interface/msg/detail/motor_state__functions.h
[2.526s] -- Up-to-date symlink: /home/booster/Workspace/robocup_demo/install/booster_interface/include/booster_interface/booster_interface/msg/detail/motor_state__struct.h
[2.530s] -- Up-to-date symlink: /home/booster/Workspace/robocup_demo/install/booster_interface/include/booster_interface/booster_interface/msg/detail/motor_state__type_support.h
[2.533s] -- Up-to-date symlink: /home/booster/Workspace/robocup_demo/install/booster_interface/include/booster_interface/booster_interface/msg/detail/odometer__functions.h
[2.534s] -- Up-to-date symlink: /home/booster/Workspace/robocup_demo/install/booster_interface/include/booster_interface/booster_interface/msg/detail/odometer__struct.h
[2.534s] -- Up-to-date symlink: /home/booster/Workspace/robocup_demo/install/booster_interface/include/booster_interface/booster_interface/msg/detail/odometer__type_support.h
[2.535s] -- Up-to-date symlink: /home/booster/Workspace/robocup_demo/install/booster_interface/include/booster_interface/booster_interface/msg/detail/raw_bytes_msg__functions.h
[2.535s] -- Up-to-date symlink: /home/booster/Workspace/robocup_demo/install/booster_interface/include/booster_interface/booster_interface/msg/detail/raw_bytes_msg__struct.h
[2.535s] -- Up-to-date symlink: /home/booster/Workspace/robocup_demo/install/booster_interface/include/booster_interface/booster_interface/msg/detail/raw_bytes_msg__type_support.h
[2.536s] -- Up-to-date symlink: /home/booster/Workspace/robocup_demo/install/booster_interface/include/booster_interface/booster_interface/msg/detail/raw_bytes_stamped__functions.h
[2.540s] -- Up-to-date symlink: /home/booster/Workspace/robocup_demo/install/booster_interface/include/booster_interface/booster_interface/msg/detail/raw_bytes_stamped__struct.h
[2.541s] -- Up-to-date symlink: /home/booster/Workspace/robocup_demo/install/booster_interface/include/booster_interface/booster_interface/msg/detail/raw_bytes_stamped__type_support.h
[2.542s] -- Up-to-date symlink: /home/booster/Workspace/robocup_demo/install/booster_interface/include/booster_interface/booster_interface/msg/detail/remote_controller_state__functions.h
[2.547s] -- Up-to-date symlink: /home/booster/Workspace/robocup_demo/install/booster_interface/include/booster_interface/booster_interface/msg/detail/remote_controller_state__struct.h
[2.547s] -- Up-to-date symlink: /home/booster/Workspace/robocup_demo/install/booster_interface/include/booster_interface/booster_interface/msg/detail/remote_controller_state__type_support.h
[2.548s] -- Up-to-date symlink: /home/booster/Workspace/robocup_demo/install/booster_interface/include/booster_interface/booster_interface/msg/fall_down_state.h
[2.550s] -- Up-to-date symlink: /home/booster/Workspace/robocup_demo/install/booster_interface/include/booster_interface/booster_interface/msg/hand_command.h
[2.550s] -- Up-to-date symlink: /home/booster/Workspace/robocup_demo/install/booster_interface/include/booster_interface/booster_interface/msg/hand_dds_msg.h
[2.551s] -- Up-to-date symlink: /home/booster/Workspace/robocup_demo/install/booster_interface/include/booster_interface/booster_interface/msg/hand_param.h
[2.551s] -- Up-to-date symlink: /home/booster/Workspace/robocup_demo/install/booster_interface/include/booster_interface/booster_interface/msg/imu_state.h
[2.553s] -- Up-to-date symlink: /home/booster/Workspace/robocup_demo/install/booster_interface/include/booster_interface/booster_interface/msg/low_cmd.h
[2.554s] -- Up-to-date symlink: /home/booster/Workspace/robocup_demo/install/booster_interface/include/booster_interface/booster_interface/msg/low_state.h
[2.555s] -- Up-to-date symlink: /home/booster/Workspace/robocup_demo/install/booster_interface/include/booster_interface/booster_interface/msg/motor_cmd.h
[2.556s] -- Up-to-date symlink: /home/booster/Workspace/robocup_demo/install/booster_interface/include/booster_interface/booster_interface/msg/motor_state.h
[2.556s] -- Up-to-date symlink: /home/booster/Workspace/robocup_demo/install/booster_interface/include/booster_interface/booster_interface/msg/odometer.h
[2.556s] -- Up-to-date symlink: /home/booster/Workspace/robocup_demo/install/booster_interface/include/booster_interface/booster_interface/msg/raw_bytes_msg.h
[2.557s] -- Up-to-date symlink: /home/booster/Workspace/robocup_demo/install/booster_interface/include/booster_interface/booster_interface/msg/raw_bytes_stamped.h
[2.557s] -- Up-to-date symlink: /home/booster/Workspace/robocup_demo/install/booster_interface/include/booster_interface/booster_interface/msg/remote_controller_state.h
[2.557s] -- Up-to-date symlink: /home/booster/Workspace/robocup_demo/install/booster_interface/include/booster_interface/booster_interface/msg/rosidl_generator_c__visibility_control.h
[2.557s] -- Up-to-date symlink: /home/booster/Workspace/robocup_demo/install/booster_interface/include/booster_interface/booster_interface/srv/agent_service.h
[2.558s] -- Up-to-date symlink: /home/booster/Workspace/robocup_demo/install/booster_interface/include/booster_interface/booster_interface/srv/detail/agent_service__functions.h
[2.558s] -- Up-to-date symlink: /home/booster/Workspace/robocup_demo/install/booster_interface/include/booster_interface/booster_interface/srv/detail/agent_service__struct.h
[2.558s] -- Up-to-date symlink: /home/booster/Workspace/robocup_demo/install/booster_interface/include/booster_interface/booster_interface/srv/detail/agent_service__type_support.h
[2.558s] -- Up-to-date symlink: /home/booster/Workspace/robocup_demo/install/booster_interface/include/booster_interface/booster_interface/srv/detail/rpc_service__functions.h
[2.558s] -- Up-to-date symlink: /home/booster/Workspace/robocup_demo/install/booster_interface/include/booster_interface/booster_interface/srv/detail/rpc_service__struct.h
[2.559s] -- Up-to-date symlink: /home/booster/Workspace/robocup_demo/install/booster_interface/include/booster_interface/booster_interface/srv/detail/rpc_service__type_support.h
[2.560s] -- Up-to-date symlink: /home/booster/Workspace/robocup_demo/install/booster_interface/include/booster_interface/booster_interface/srv/rpc_service.h
[2.567s] -- Up-to-date symlink: /home/booster/Workspace/robocup_demo/install/booster_interface/share/booster_interface/environment/library_path.sh
[2.568s] -- Up-to-date symlink: /home/booster/Workspace/robocup_demo/install/booster_interface/share/booster_interface/environment/library_path.dsv
[2.572s] -- Up-to-date symlink: /home/booster/Workspace/robocup_demo/install/booster_interface/include/booster_interface/booster_interface/msg/detail/booster_api_req_msg__rosidl_typesupport_fastrtps_c.h
[2.574s] -- Up-to-date symlink: /home/booster/Workspace/robocup_demo/install/booster_interface/include/booster_interface/booster_interface/msg/detail/booster_api_resp_msg__rosidl_typesupport_fastrtps_c.h
[2.576s] -- Up-to-date symlink: /home/booster/Workspace/robocup_demo/install/booster_interface/include/booster_interface/booster_interface/msg/detail/button_event_msg__rosidl_typesupport_fastrtps_c.h
[2.588s] -- Up-to-date symlink: /home/booster/Workspace/robocup_demo/install/booster_interface/include/booster_interface/booster_interface/msg/detail/fall_down_state__rosidl_typesupport_fastrtps_c.h
[2.590s] -- Up-to-date symlink: /home/booster/Workspace/robocup_demo/install/booster_interface/include/booster_interface/booster_interface/msg/detail/hand_command__rosidl_typesupport_fastrtps_c.h
[2.590s] -- Up-to-date symlink: /home/booster/Workspace/robocup_demo/install/booster_interface/include/booster_interface/booster_interface/msg/detail/hand_dds_msg__rosidl_typesupport_fastrtps_c.h
[2.592s] -- Up-to-date symlink: /home/booster/Workspace/robocup_demo/install/booster_interface/include/booster_interface/booster_interface/msg/detail/hand_param__rosidl_typesupport_fastrtps_c.h
[2.592s] -- Up-to-date symlink: /home/booster/Workspace/robocup_demo/install/booster_interface/include/booster_interface/booster_interface/msg/detail/imu_state__rosidl_typesupport_fastrtps_c.h
[2.592s] -- Up-to-date symlink: /home/booster/Workspace/robocup_demo/install/booster_interface/include/booster_interface/booster_interface/msg/detail/low_cmd__rosidl_typesupport_fastrtps_c.h
[2.595s] -- Up-to-date symlink: /home/booster/Workspace/robocup_demo/install/booster_interface/include/booster_interface/booster_interface/msg/detail/low_state__rosidl_typesupport_fastrtps_c.h
[2.597s] -- Up-to-date symlink: /home/booster/Workspace/robocup_demo/install/booster_interface/include/booster_interface/booster_interface/msg/detail/motor_cmd__rosidl_typesupport_fastrtps_c.h
[2.598s] -- Up-to-date symlink: /home/booster/Workspace/robocup_demo/install/booster_interface/include/booster_interface/booster_interface/msg/detail/motor_state__rosidl_typesupport_fastrtps_c.h
[2.600s] -- Up-to-date symlink: /home/booster/Workspace/robocup_demo/install/booster_interface/include/booster_interface/booster_interface/msg/detail/odometer__rosidl_typesupport_fastrtps_c.h
[2.600s] -- Up-to-date symlink: /home/booster/Workspace/robocup_demo/install/booster_interface/include/booster_interface/booster_interface/msg/detail/raw_bytes_msg__rosidl_typesupport_fastrtps_c.h
[2.601s] -- Up-to-date symlink: /home/booster/Workspace/robocup_demo/install/booster_interface/include/booster_interface/booster_interface/msg/detail/raw_bytes_stamped__rosidl_typesupport_fastrtps_c.h
[2.601s] -- Up-to-date symlink: /home/booster/Workspace/robocup_demo/install/booster_interface/include/booster_interface/booster_interface/msg/detail/remote_controller_state__rosidl_typesupport_fastrtps_c.h
[2.602s] -- Up-to-date symlink: /home/booster/Workspace/robocup_demo/install/booster_interface/include/booster_interface/booster_interface/msg/rosidl_typesupport_fastrtps_c__visibility_control.h
[2.602s] -- Up-to-date symlink: /home/booster/Workspace/robocup_demo/install/booster_interface/include/booster_interface/booster_interface/srv/detail/agent_service__rosidl_typesupport_fastrtps_c.h
[2.602s] -- Up-to-date symlink: /home/booster/Workspace/robocup_demo/install/booster_interface/include/booster_interface/booster_interface/srv/detail/rpc_service__rosidl_typesupport_fastrtps_c.h
[2.603s] -- Up-to-date symlink: /home/booster/Workspace/robocup_demo/install/booster_interface/include/booster_interface/booster_interface/msg/booster_api_req_msg.hpp
[2.603s] -- Up-to-date symlink: /home/booster/Workspace/robocup_demo/install/booster_interface/include/booster_interface/booster_interface/msg/booster_api_resp_msg.hpp
[2.603s] -- Up-to-date symlink: /home/booster/Workspace/robocup_demo/install/booster_interface/include/booster_interface/booster_interface/msg/button_event_msg.hpp
[2.603s] -- Up-to-date symlink: /home/booster/Workspace/robocup_demo/install/booster_interface/include/booster_interface/booster_interface/msg/detail/booster_api_req_msg__builder.hpp
[2.603s] -- Up-to-date symlink: /home/booster/Workspace/robocup_demo/install/booster_interface/include/booster_interface/booster_interface/msg/detail/booster_api_req_msg__struct.hpp
[2.603s] -- Up-to-date symlink: /home/booster/Workspace/robocup_demo/install/booster_interface/include/booster_interface/booster_interface/msg/detail/booster_api_req_msg__traits.hpp
[2.603s] -- Up-to-date symlink: /home/booster/Workspace/robocup_demo/install/booster_interface/include/booster_interface/booster_interface/msg/detail/booster_api_req_msg__type_support.hpp
[2.604s] -- Up-to-date symlink: /home/booster/Workspace/robocup_demo/install/booster_interface/include/booster_interface/booster_interface/msg/detail/booster_api_resp_msg__builder.hpp
[2.604s] -- Up-to-date symlink: /home/booster/Workspace/robocup_demo/install/booster_interface/include/booster_interface/booster_interface/msg/detail/booster_api_resp_msg__struct.hpp
[2.604s] -- Up-to-date symlink: /home/booster/Workspace/robocup_demo/install/booster_interface/include/booster_interface/booster_interface/msg/detail/booster_api_resp_msg__traits.hpp
[2.604s] -- Up-to-date symlink: /home/booster/Workspace/robocup_demo/install/booster_interface/include/booster_interface/booster_interface/msg/detail/booster_api_resp_msg__type_support.hpp
[2.604s] -- Up-to-date symlink: /home/booster/Workspace/robocup_demo/install/booster_interface/include/booster_interface/booster_interface/msg/detail/button_event_msg__builder.hpp
[2.604s] -- Up-to-date symlink: /home/booster/Workspace/robocup_demo/install/booster_interface/include/booster_interface/booster_interface/msg/detail/button_event_msg__struct.hpp
[2.604s] -- Up-to-date symlink: /home/booster/Workspace/robocup_demo/install/booster_interface/include/booster_interface/booster_interface/msg/detail/button_event_msg__traits.hpp
[2.604s] -- Up-to-date symlink: /home/booster/Workspace/robocup_demo/install/booster_interface/include/booster_interface/booster_interface/msg/detail/button_event_msg__type_support.hpp
[2.604s] -- Up-to-date symlink: /home/booster/Workspace/robocup_demo/install/booster_interface/include/booster_interface/booster_interface/msg/detail/fall_down_state__builder.hpp
[2.604s] -- Up-to-date symlink: /home/booster/Workspace/robocup_demo/install/booster_interface/include/booster_interface/booster_interface/msg/detail/fall_down_state__struct.hpp
[2.605s] -- Up-to-date symlink: /home/booster/Workspace/robocup_demo/install/booster_interface/include/booster_interface/booster_interface/msg/detail/fall_down_state__traits.hpp
[2.605s] -- Up-to-date symlink: /home/booster/Workspace/robocup_demo/install/booster_interface/include/booster_interface/booster_interface/msg/detail/fall_down_state__type_support.hpp
[2.605s] -- Up-to-date symlink: /home/booster/Workspace/robocup_demo/install/booster_interface/include/booster_interface/booster_interface/msg/detail/hand_command__builder.hpp
[2.605s] -- Up-to-date symlink: /home/booster/Workspace/robocup_demo/install/booster_interface/include/booster_interface/booster_interface/msg/detail/hand_command__struct.hpp
[2.605s] -- Up-to-date symlink: /home/booster/Workspace/robocup_demo/install/booster_interface/include/booster_interface/booster_interface/msg/detail/hand_command__traits.hpp
[2.605s] -- Up-to-date symlink: /home/booster/Workspace/robocup_demo/install/booster_interface/include/booster_interface/booster_interface/msg/detail/hand_command__type_support.hpp
[2.605s] -- Up-to-date symlink: /home/booster/Workspace/robocup_demo/install/booster_interface/include/booster_interface/booster_interface/msg/detail/hand_dds_msg__builder.hpp
[2.605s] -- Up-to-date symlink: /home/booster/Workspace/robocup_demo/install/booster_interface/include/booster_interface/booster_interface/msg/detail/hand_dds_msg__struct.hpp
[2.606s] -- Up-to-date symlink: /home/booster/Workspace/robocup_demo/install/booster_interface/include/booster_interface/booster_interface/msg/detail/hand_dds_msg__traits.hpp
[2.606s] -- Up-to-date symlink: /home/booster/Workspace/robocup_demo/install/booster_interface/include/booster_interface/booster_interface/msg/detail/hand_dds_msg__type_support.hpp
[2.606s] -- Up-to-date symlink: /home/booster/Workspace/robocup_demo/install/booster_interface/include/booster_interface/booster_interface/msg/detail/hand_param__builder.hpp
[2.606s] -- Up-to-date symlink: /home/booster/Workspace/robocup_demo/install/booster_interface/include/booster_interface/booster_interface/msg/detail/hand_param__struct.hpp
[2.606s] -- Up-to-date symlink: /home/booster/Workspace/robocup_demo/install/booster_interface/include/booster_interface/booster_interface/msg/detail/hand_param__traits.hpp
[2.606s] -- Up-to-date symlink: /home/booster/Workspace/robocup_demo/install/booster_interface/include/booster_interface/booster_interface/msg/detail/hand_param__type_support.hpp
[2.606s] -- Up-to-date symlink: /home/booster/Workspace/robocup_demo/install/booster_interface/include/booster_interface/booster_interface/msg/detail/imu_state__builder.hpp
[2.606s] -- Up-to-date symlink: /home/booster/Workspace/robocup_demo/install/booster_interface/include/booster_interface/booster_interface/msg/detail/imu_state__struct.hpp
[2.606s] -- Up-to-date symlink: /home/booster/Workspace/robocup_demo/install/booster_interface/include/booster_interface/booster_interface/msg/detail/imu_state__traits.hpp
[2.607s] -- Up-to-date symlink: /home/booster/Workspace/robocup_demo/install/booster_interface/include/booster_interface/booster_interface/msg/detail/imu_state__type_support.hpp
[2.607s] -- Up-to-date symlink: /home/booster/Workspace/robocup_demo/install/booster_interface/include/booster_interface/booster_interface/msg/detail/low_cmd__builder.hpp
[2.607s] -- Up-to-date symlink: /home/booster/Workspace/robocup_demo/install/booster_interface/include/booster_interface/booster_interface/msg/detail/low_cmd__struct.hpp
[2.607s] -- Up-to-date symlink: /home/booster/Workspace/robocup_demo/install/booster_interface/include/booster_interface/booster_interface/msg/detail/low_cmd__traits.hpp
[2.607s] -- Up-to-date symlink: /home/booster/Workspace/robocup_demo/install/booster_interface/include/booster_interface/booster_interface/msg/detail/low_cmd__type_support.hpp
[2.607s] -- Up-to-date symlink: /home/booster/Workspace/robocup_demo/install/booster_interface/include/booster_interface/booster_interface/msg/detail/low_state__builder.hpp
[2.607s] -- Up-to-date symlink: /home/booster/Workspace/robocup_demo/install/booster_interface/include/booster_interface/booster_interface/msg/detail/low_state__struct.hpp
[2.607s] -- Up-to-date symlink: /home/booster/Workspace/robocup_demo/install/booster_interface/include/booster_interface/booster_interface/msg/detail/low_state__traits.hpp
[2.607s] -- Up-to-date symlink: /home/booster/Workspace/robocup_demo/install/booster_interface/include/booster_interface/booster_interface/msg/detail/low_state__type_support.hpp
[2.607s] -- Up-to-date symlink: /home/booster/Workspace/robocup_demo/install/booster_interface/include/booster_interface/booster_interface/msg/detail/motor_cmd__builder.hpp
[2.607s] -- Up-to-date symlink: /home/booster/Workspace/robocup_demo/install/booster_interface/include/booster_interface/booster_interface/msg/detail/motor_cmd__struct.hpp
[2.608s] -- Up-to-date symlink: /home/booster/Workspace/robocup_demo/install/booster_interface/include/booster_interface/booster_interface/msg/detail/motor_cmd__traits.hpp
[2.608s] -- Up-to-date symlink: /home/booster/Workspace/robocup_demo/install/booster_interface/include/booster_interface/booster_interface/msg/detail/motor_cmd__type_support.hpp
[2.608s] -- Up-to-date symlink: /home/booster/Workspace/robocup_demo/install/booster_interface/include/booster_interface/booster_interface/msg/detail/motor_state__builder.hpp
[2.608s] -- Up-to-date symlink: /home/booster/Workspace/robocup_demo/install/booster_interface/include/booster_interface/booster_interface/msg/detail/motor_state__struct.hpp
[2.608s] -- Up-to-date symlink: /home/booster/Workspace/robocup_demo/install/booster_interface/include/booster_interface/booster_interface/msg/detail/motor_state__traits.hpp
[2.608s] -- Up-to-date symlink: /home/booster/Workspace/robocup_demo/install/booster_interface/include/booster_interface/booster_interface/msg/detail/motor_state__type_support.hpp
[2.608s] -- Up-to-date symlink: /home/booster/Workspace/robocup_demo/install/booster_interface/include/booster_interface/booster_interface/msg/detail/odometer__builder.hpp
[2.609s] -- Up-to-date symlink: /home/booster/Workspace/robocup_demo/install/booster_interface/include/booster_interface/booster_interface/msg/detail/odometer__struct.hpp
[2.609s] -- Up-to-date symlink: /home/booster/Workspace/robocup_demo/install/booster_interface/include/booster_interface/booster_interface/msg/detail/odometer__traits.hpp
[2.609s] -- Up-to-date symlink: /home/booster/Workspace/robocup_demo/install/booster_interface/include/booster_interface/booster_interface/msg/detail/odometer__type_support.hpp
[2.609s] -- Up-to-date symlink: /home/booster/Workspace/robocup_demo/install/booster_interface/include/booster_interface/booster_interface/msg/detail/raw_bytes_msg__builder.hpp
[2.609s] -- Up-to-date symlink: /home/booster/Workspace/robocup_demo/install/booster_interface/include/booster_interface/booster_interface/msg/detail/raw_bytes_msg__struct.hpp
[2.610s] -- Up-to-date symlink: /home/booster/Workspace/robocup_demo/install/booster_interface/include/booster_interface/booster_interface/msg/detail/raw_bytes_msg__traits.hpp
[2.610s] -- Up-to-date symlink: /home/booster/Workspace/robocup_demo/install/booster_interface/include/booster_interface/booster_interface/msg/detail/raw_bytes_msg__type_support.hpp
[2.610s] -- Up-to-date symlink: /home/booster/Workspace/robocup_demo/install/booster_interface/include/booster_interface/booster_interface/msg/detail/raw_bytes_stamped__builder.hpp
[2.610s] -- Up-to-date symlink: /home/booster/Workspace/robocup_demo/install/booster_interface/include/booster_interface/booster_interface/msg/detail/raw_bytes_stamped__struct.hpp
[2.611s] -- Up-to-date symlink: /home/booster/Workspace/robocup_demo/install/booster_interface/include/booster_interface/booster_interface/msg/detail/raw_bytes_stamped__traits.hpp
[2.611s] -- Up-to-date symlink: /home/booster/Workspace/robocup_demo/install/booster_interface/include/booster_interface/booster_interface/msg/detail/raw_bytes_stamped__type_support.hpp
[2.611s] -- Up-to-date symlink: /home/booster/Workspace/robocup_demo/install/booster_interface/include/booster_interface/booster_interface/msg/detail/remote_controller_state__builder.hpp
[2.611s] -- Up-to-date symlink: /home/booster/Workspace/robocup_demo/install/booster_interface/include/booster_interface/booster_interface/msg/detail/remote_controller_state__struct.hpp
[2.611s] -- Up-to-date symlink: /home/booster/Workspace/robocup_demo/install/booster_interface/include/booster_interface/booster_interface/msg/detail/remote_controller_state__traits.hpp
[2.611s] -- Up-to-date symlink: /home/booster/Workspace/robocup_demo/install/booster_interface/include/booster_interface/booster_interface/msg/detail/remote_controller_state__type_support.hpp
[2.612s] -- Up-to-date symlink: /home/booster/Workspace/robocup_demo/install/booster_interface/include/booster_interface/booster_interface/msg/fall_down_state.hpp
[2.612s] -- Up-to-date symlink: /home/booster/Workspace/robocup_demo/install/booster_interface/include/booster_interface/booster_interface/msg/hand_command.hpp
[2.612s] -- Up-to-date symlink: /home/booster/Workspace/robocup_demo/install/booster_interface/include/booster_interface/booster_interface/msg/hand_dds_msg.hpp
[2.612s] -- Up-to-date symlink: /home/booster/Workspace/robocup_demo/install/booster_interface/include/booster_interface/booster_interface/msg/hand_param.hpp
[2.612s] -- Up-to-date symlink: /home/booster/Workspace/robocup_demo/install/booster_interface/include/booster_interface/booster_interface/msg/imu_state.hpp
[2.612s] -- Up-to-date symlink: /home/booster/Workspace/robocup_demo/install/booster_interface/include/booster_interface/booster_interface/msg/low_cmd.hpp
[2.613s] -- Up-to-date symlink: /home/booster/Workspace/robocup_demo/install/booster_interface/include/booster_interface/booster_interface/msg/low_state.hpp
[2.613s] -- Up-to-date symlink: /home/booster/Workspace/robocup_demo/install/booster_interface/include/booster_interface/booster_interface/msg/motor_cmd.hpp
[2.613s] -- Up-to-date symlink: /home/booster/Workspace/robocup_demo/install/booster_interface/include/booster_interface/booster_interface/msg/motor_state.hpp
[2.613s] -- Up-to-date symlink: /home/booster/Workspace/robocup_demo/install/booster_interface/include/booster_interface/booster_interface/msg/odometer.hpp
[2.614s] -- Up-to-date symlink: /home/booster/Workspace/robocup_demo/install/booster_interface/include/booster_interface/booster_interface/msg/raw_bytes_msg.hpp
[2.614s] -- Up-to-date symlink: /home/booster/Workspace/robocup_demo/install/booster_interface/include/booster_interface/booster_interface/msg/raw_bytes_stamped.hpp
[2.614s] -- Up-to-date symlink: /home/booster/Workspace/robocup_demo/install/booster_interface/include/booster_interface/booster_interface/msg/remote_controller_state.hpp
[2.615s] -- Up-to-date symlink: /home/booster/Workspace/robocup_demo/install/booster_interface/include/booster_interface/booster_interface/msg/rosidl_generator_cpp__visibility_control.hpp
[2.615s] -- Up-to-date symlink: /home/booster/Workspace/robocup_demo/install/booster_interface/include/booster_interface/booster_interface/srv/agent_service.hpp
[2.615s] -- Up-to-date symlink: /home/booster/Workspace/robocup_demo/install/booster_interface/include/booster_interface/booster_interface/srv/detail/agent_service__builder.hpp
[2.615s] -- Up-to-date symlink: /home/booster/Workspace/robocup_demo/install/booster_interface/include/booster_interface/booster_interface/srv/detail/agent_service__struct.hpp
[2.615s] -- Up-to-date symlink: /home/booster/Workspace/robocup_demo/install/booster_interface/include/booster_interface/booster_interface/srv/detail/agent_service__traits.hpp
[2.615s] -- Up-to-date symlink: /home/booster/Workspace/robocup_demo/install/booster_interface/include/booster_interface/booster_interface/srv/detail/agent_service__type_support.hpp
[2.615s] -- Up-to-date symlink: /home/booster/Workspace/robocup_demo/install/booster_interface/include/booster_interface/booster_interface/srv/detail/rpc_service__builder.hpp
[2.615s] -- Up-to-date symlink: /home/booster/Workspace/robocup_demo/install/booster_interface/include/booster_interface/booster_interface/srv/detail/rpc_service__struct.hpp
[2.615s] -- Up-to-date symlink: /home/booster/Workspace/robocup_demo/install/booster_interface/include/booster_interface/booster_interface/srv/detail/rpc_service__traits.hpp
[2.615s] -- Up-to-date symlink: /home/booster/Workspace/robocup_demo/install/booster_interface/include/booster_interface/booster_interface/srv/detail/rpc_service__type_support.hpp
[2.615s] -- Up-to-date symlink: /home/booster/Workspace/robocup_demo/install/booster_interface/include/booster_interface/booster_interface/srv/rpc_service.hpp
[2.616s] -- Up-to-date symlink: /home/booster/Workspace/robocup_demo/install/booster_interface/include/booster_interface/booster_interface/msg/detail/booster_api_req_msg__rosidl_typesupport_fastrtps_cpp.hpp
[2.617s] -- Up-to-date symlink: /home/booster/Workspace/robocup_demo/install/booster_interface/include/booster_interface/booster_interface/msg/detail/booster_api_resp_msg__rosidl_typesupport_fastrtps_cpp.hpp
[2.617s] -- Up-to-date symlink: /home/booster/Workspace/robocup_demo/install/booster_interface/include/booster_interface/booster_interface/msg/detail/button_event_msg__rosidl_typesupport_fastrtps_cpp.hpp
[2.623s] -- Up-to-date symlink: /home/booster/Workspace/robocup_demo/install/booster_interface/include/booster_interface/booster_interface/msg/detail/fall_down_state__rosidl_typesupport_fastrtps_cpp.hpp
[2.623s] -- Up-to-date symlink: /home/booster/Workspace/robocup_demo/install/booster_interface/include/booster_interface/booster_interface/msg/detail/hand_command__rosidl_typesupport_fastrtps_cpp.hpp
[2.623s] -- Up-to-date symlink: /home/booster/Workspace/robocup_demo/install/booster_interface/include/booster_interface/booster_interface/msg/detail/hand_dds_msg__rosidl_typesupport_fastrtps_cpp.hpp
[2.623s] -- Up-to-date symlink: /home/booster/Workspace/robocup_demo/install/booster_interface/include/booster_interface/booster_interface/msg/detail/hand_param__rosidl_typesupport_fastrtps_cpp.hpp
[2.624s] -- Up-to-date symlink: /home/booster/Workspace/robocup_demo/install/booster_interface/include/booster_interface/booster_interface/msg/detail/imu_state__rosidl_typesupport_fastrtps_cpp.hpp
[2.625s] -- Up-to-date symlink: /home/booster/Workspace/robocup_demo/install/booster_interface/include/booster_interface/booster_interface/msg/detail/low_cmd__rosidl_typesupport_fastrtps_cpp.hpp
[2.625s] -- Up-to-date symlink: /home/booster/Workspace/robocup_demo/install/booster_interface/include/booster_interface/booster_interface/msg/detail/low_state__rosidl_typesupport_fastrtps_cpp.hpp
[2.625s] -- Up-to-date symlink: /home/booster/Workspace/robocup_demo/install/booster_interface/include/booster_interface/booster_interface/msg/detail/motor_cmd__rosidl_typesupport_fastrtps_cpp.hpp
[2.625s] -- Up-to-date symlink: /home/booster/Workspace/robocup_demo/install/booster_interface/include/booster_interface/booster_interface/msg/detail/motor_state__rosidl_typesupport_fastrtps_cpp.hpp
[2.626s] -- Up-to-date symlink: /home/booster/Workspace/robocup_demo/install/booster_interface/include/booster_interface/booster_interface/msg/detail/odometer__rosidl_typesupport_fastrtps_cpp.hpp
[2.626s] -- Up-to-date symlink: /home/booster/Workspace/robocup_demo/install/booster_interface/include/booster_interface/booster_interface/msg/detail/raw_bytes_msg__rosidl_typesupport_fastrtps_cpp.hpp
[2.626s] -- Up-to-date symlink: /home/booster/Workspace/robocup_demo/install/booster_interface/include/booster_interface/booster_interface/msg/detail/raw_bytes_stamped__rosidl_typesupport_fastrtps_cpp.hpp
[2.626s] -- Up-to-date symlink: /home/booster/Workspace/robocup_demo/install/booster_interface/include/booster_interface/booster_interface/msg/detail/remote_controller_state__rosidl_typesupport_fastrtps_cpp.hpp
[2.626s] -- Up-to-date symlink: /home/booster/Workspace/robocup_demo/install/booster_interface/include/booster_interface/booster_interface/msg/rosidl_typesupport_fastrtps_cpp__visibility_control.h
[2.626s] -- Up-to-date symlink: /home/booster/Workspace/robocup_demo/install/booster_interface/include/booster_interface/booster_interface/srv/detail/agent_service__rosidl_typesupport_fastrtps_cpp.hpp
[2.627s] -- Up-to-date symlink: /home/booster/Workspace/robocup_demo/install/booster_interface/include/booster_interface/booster_interface/srv/detail/rpc_service__rosidl_typesupport_fastrtps_cpp.hpp
[2.630s] -- Up-to-date symlink: /home/booster/Workspace/robocup_demo/install/booster_interface/include/booster_interface/booster_interface/msg/detail/booster_api_req_msg__rosidl_typesupport_introspection_c.h
[2.631s] -- Up-to-date symlink: /home/booster/Workspace/robocup_demo/install/booster_interface/include/booster_interface/booster_interface/msg/detail/booster_api_resp_msg__rosidl_typesupport_introspection_c.h
[2.631s] -- Up-to-date symlink: /home/booster/Workspace/robocup_demo/install/booster_interface/include/booster_interface/booster_interface/msg/detail/button_event_msg__rosidl_typesupport_introspection_c.h
[2.631s] -- Up-to-date symlink: /home/booster/Workspace/robocup_demo/install/booster_interface/include/booster_interface/booster_interface/msg/detail/fall_down_state__rosidl_typesupport_introspection_c.h
[2.632s] -- Up-to-date symlink: /home/booster/Workspace/robocup_demo/install/booster_interface/include/booster_interface/booster_interface/msg/detail/hand_command__rosidl_typesupport_introspection_c.h
[2.632s] -- Up-to-date symlink: /home/booster/Workspace/robocup_demo/install/booster_interface/include/booster_interface/booster_interface/msg/detail/hand_dds_msg__rosidl_typesupport_introspection_c.h
[2.632s] -- Up-to-date symlink: /home/booster/Workspace/robocup_demo/install/booster_interface/include/booster_interface/booster_interface/msg/detail/hand_param__rosidl_typesupport_introspection_c.h
[2.632s] -- Up-to-date symlink: /home/booster/Workspace/robocup_demo/install/booster_interface/include/booster_interface/booster_interface/msg/detail/imu_state__rosidl_typesupport_introspection_c.h
[2.632s] -- Up-to-date symlink: /home/booster/Workspace/robocup_demo/install/booster_interface/include/booster_interface/booster_interface/msg/detail/low_cmd__rosidl_typesupport_introspection_c.h
[2.632s] -- Up-to-date symlink: /home/booster/Workspace/robocup_demo/install/booster_interface/include/booster_interface/booster_interface/msg/detail/low_state__rosidl_typesupport_introspection_c.h
[2.632s] -- Up-to-date symlink: /home/booster/Workspace/robocup_demo/install/booster_interface/include/booster_interface/booster_interface/msg/detail/motor_cmd__rosidl_typesupport_introspection_c.h
[2.632s] -- Up-to-date symlink: /home/booster/Workspace/robocup_demo/install/booster_interface/include/booster_interface/booster_interface/msg/detail/motor_state__rosidl_typesupport_introspection_c.h
[2.632s] -- Up-to-date symlink: /home/booster/Workspace/robocup_demo/install/booster_interface/include/booster_interface/booster_interface/msg/detail/odometer__rosidl_typesupport_introspection_c.h
[2.632s] -- Up-to-date symlink: /home/booster/Workspace/robocup_demo/install/booster_interface/include/booster_interface/booster_interface/msg/detail/raw_bytes_msg__rosidl_typesupport_introspection_c.h
[2.635s] -- Up-to-date symlink: /home/booster/Workspace/robocup_demo/install/booster_interface/include/booster_interface/booster_interface/msg/detail/raw_bytes_stamped__rosidl_typesupport_introspection_c.h
[2.635s] -- Up-to-date symlink: /home/booster/Workspace/robocup_demo/install/booster_interface/include/booster_interface/booster_interface/msg/detail/remote_controller_state__rosidl_typesupport_introspection_c.h
[2.636s] -- Up-to-date symlink: /home/booster/Workspace/robocup_demo/install/booster_interface/include/booster_interface/booster_interface/msg/rosidl_typesupport_introspection_c__visibility_control.h
[2.636s] -- Up-to-date symlink: /home/booster/Workspace/robocup_demo/install/booster_interface/include/booster_interface/booster_interface/srv/detail/agent_service__rosidl_typesupport_introspection_c.h
[2.636s] -- Up-to-date symlink: /home/booster/Workspace/robocup_demo/install/booster_interface/include/booster_interface/booster_interface/srv/detail/rpc_service__rosidl_typesupport_introspection_c.h
[2.636s] -- Up-to-date symlink: /home/booster/Workspace/robocup_demo/install/booster_interface/include/booster_interface/booster_interface/msg/detail/booster_api_req_msg__rosidl_typesupport_introspection_cpp.hpp
[2.636s] -- Up-to-date symlink: /home/booster/Workspace/robocup_demo/install/booster_interface/include/booster_interface/booster_interface/msg/detail/booster_api_resp_msg__rosidl_typesupport_introspection_cpp.hpp
[2.636s] -- Up-to-date symlink: /home/booster/Workspace/robocup_demo/install/booster_interface/include/booster_interface/booster_interface/msg/detail/button_event_msg__rosidl_typesupport_introspection_cpp.hpp
[2.637s] -- Up-to-date symlink: /home/booster/Workspace/robocup_demo/install/booster_interface/include/booster_interface/booster_interface/msg/detail/fall_down_state__rosidl_typesupport_introspection_cpp.hpp
[2.637s] -- Up-to-date symlink: /home/booster/Workspace/robocup_demo/install/booster_interface/include/booster_interface/booster_interface/msg/detail/hand_command__rosidl_typesupport_introspection_cpp.hpp
[2.639s] -- Up-to-date symlink: /home/booster/Workspace/robocup_demo/install/booster_interface/include/booster_interface/booster_interface/msg/detail/hand_dds_msg__rosidl_typesupport_introspection_cpp.hpp
[2.639s] -- Up-to-date symlink: /home/booster/Workspace/robocup_demo/install/booster_interface/include/booster_interface/booster_interface/msg/detail/hand_param__rosidl_typesupport_introspection_cpp.hpp
[2.639s] -- Up-to-date symlink: /home/booster/Workspace/robocup_demo/install/booster_interface/include/booster_interface/booster_interface/msg/detail/imu_state__rosidl_typesupport_introspection_cpp.hpp
[2.639s] -- Up-to-date symlink: /home/booster/Workspace/robocup_demo/install/booster_interface/include/booster_interface/booster_interface/msg/detail/low_cmd__rosidl_typesupport_introspection_cpp.hpp
[2.639s] -- Up-to-date symlink: /home/booster/Workspace/robocup_demo/install/booster_interface/include/booster_interface/booster_interface/msg/detail/low_state__rosidl_typesupport_introspection_cpp.hpp
[2.640s] -- Up-to-date symlink: /home/booster/Workspace/robocup_demo/install/booster_interface/include/booster_interface/booster_interface/msg/detail/motor_cmd__rosidl_typesupport_introspection_cpp.hpp
[2.640s] -- Up-to-date symlink: /home/booster/Workspace/robocup_demo/install/booster_interface/include/booster_interface/booster_interface/msg/detail/motor_state__rosidl_typesupport_introspection_cpp.hpp
[2.640s] -- Up-to-date symlink: /home/booster/Workspace/robocup_demo/install/booster_interface/include/booster_interface/booster_interface/msg/detail/odometer__rosidl_typesupport_introspection_cpp.hpp
[2.640s] -- Up-to-date symlink: /home/booster/Workspace/robocup_demo/install/booster_interface/include/booster_interface/booster_interface/msg/detail/raw_bytes_msg__rosidl_typesupport_introspection_cpp.hpp
[2.640s] -- Up-to-date symlink: /home/booster/Workspace/robocup_demo/install/booster_interface/include/booster_interface/booster_interface/msg/detail/raw_bytes_stamped__rosidl_typesupport_introspection_cpp.hpp
[2.640s] -- Up-to-date symlink: /home/booster/Workspace/robocup_demo/install/booster_interface/include/booster_interface/booster_interface/msg/detail/remote_controller_state__rosidl_typesupport_introspection_cpp.hpp
[2.640s] -- Up-to-date symlink: /home/booster/Workspace/robocup_demo/install/booster_interface/include/booster_interface/booster_interface/srv/detail/agent_service__rosidl_typesupport_introspection_cpp.hpp
[2.640s] -- Up-to-date symlink: /home/booster/Workspace/robocup_demo/install/booster_interface/include/booster_interface/booster_interface/srv/detail/rpc_service__rosidl_typesupport_introspection_cpp.hpp
[2.641s] -- Up-to-date symlink: /home/booster/Workspace/robocup_demo/install/booster_interface/share/booster_interface/environment/pythonpath.sh
[2.642s] -- Up-to-date symlink: /home/booster/Workspace/robocup_demo/install/booster_interface/share/booster_interface/environment/pythonpath.dsv
[2.642s] -- Up-to-date symlink: /home/booster/Workspace/robocup_demo/install/booster_interface/local/lib/python3.10/dist-packages/booster_interface-0.0.0-py3.10.egg-info/PKG-INFO
[2.643s] -- Up-to-date symlink: /home/booster/Workspace/robocup_demo/install/booster_interface/local/lib/python3.10/dist-packages/booster_interface-0.0.0-py3.10.egg-info/SOURCES.txt
[2.643s] -- Up-to-date symlink: /home/booster/Workspace/robocup_demo/install/booster_interface/local/lib/python3.10/dist-packages/booster_interface-0.0.0-py3.10.egg-info/dependency_links.txt
[2.643s] -- Up-to-date symlink: /home/booster/Workspace/robocup_demo/install/booster_interface/local/lib/python3.10/dist-packages/booster_interface-0.0.0-py3.10.egg-info/top_level.txt
[2.643s] -- Up-to-date symlink: /home/booster/Workspace/robocup_demo/install/booster_interface/local/lib/python3.10/dist-packages/booster_interface/__init__.py
[2.643s] -- Up-to-date symlink: /home/booster/Workspace/robocup_demo/install/booster_interface/local/lib/python3.10/dist-packages/booster_interface/_booster_interface_s.ep.rosidl_typesupport_c.c
[2.643s] -- Up-to-date symlink: /home/booster/Workspace/robocup_demo/install/booster_interface/local/lib/python3.10/dist-packages/booster_interface/_booster_interface_s.ep.rosidl_typesupport_fastrtps_c.c
[2.643s] -- Up-to-date symlink: /home/booster/Workspace/robocup_demo/install/booster_interface/local/lib/python3.10/dist-packages/booster_interface/_booster_interface_s.ep.rosidl_typesupport_introspection_c.c
[2.643s] -- Up-to-date symlink: /home/booster/Workspace/robocup_demo/install/booster_interface/local/lib/python3.10/dist-packages/booster_interface/booster_interface_s__rosidl_typesupport_c.cpython-310-aarch64-linux-gnu.so
[2.644s] -- Up-to-date symlink: /home/booster/Workspace/robocup_demo/install/booster_interface/local/lib/python3.10/dist-packages/booster_interface/booster_interface_s__rosidl_typesupport_fastrtps_c.cpython-310-aarch64-linux-gnu.so
[2.644s] -- Up-to-date symlink: /home/booster/Workspace/robocup_demo/install/booster_interface/local/lib/python3.10/dist-packages/booster_interface/booster_interface_s__rosidl_typesupport_introspection_c.cpython-310-aarch64-linux-gnu.so
[2.644s] -- Up-to-date symlink: /home/booster/Workspace/robocup_demo/install/booster_interface/local/lib/python3.10/dist-packages/booster_interface/libbooster_interface__rosidl_generator_py.so
[2.644s] -- Up-to-date symlink: /home/booster/Workspace/robocup_demo/install/booster_interface/local/lib/python3.10/dist-packages/booster_interface/msg/__init__.py
[2.644s] -- Up-to-date symlink: /home/booster/Workspace/robocup_demo/install/booster_interface/local/lib/python3.10/dist-packages/booster_interface/msg/_booster_api_req_msg.py
[2.644s] -- Up-to-date symlink: /home/booster/Workspace/robocup_demo/install/booster_interface/local/lib/python3.10/dist-packages/booster_interface/msg/_booster_api_req_msg_s.c
[2.644s] -- Up-to-date symlink: /home/booster/Workspace/robocup_demo/install/booster_interface/local/lib/python3.10/dist-packages/booster_interface/msg/_booster_api_resp_msg.py
[2.644s] -- Up-to-date symlink: /home/booster/Workspace/robocup_demo/install/booster_interface/local/lib/python3.10/dist-packages/booster_interface/msg/_booster_api_resp_msg_s.c
[2.644s] -- Up-to-date symlink: /home/booster/Workspace/robocup_demo/install/booster_interface/local/lib/python3.10/dist-packages/booster_interface/msg/_button_event_msg.py
[2.644s] -- Up-to-date symlink: /home/booster/Workspace/robocup_demo/install/booster_interface/local/lib/python3.10/dist-packages/booster_interface/msg/_button_event_msg_s.c
[2.645s] -- Up-to-date symlink: /home/booster/Workspace/robocup_demo/install/booster_interface/local/lib/python3.10/dist-packages/booster_interface/msg/_fall_down_state.py
[2.645s] -- Up-to-date symlink: /home/booster/Workspace/robocup_demo/install/booster_interface/local/lib/python3.10/dist-packages/booster_interface/msg/_fall_down_state_s.c
[2.645s] -- Up-to-date symlink: /home/booster/Workspace/robocup_demo/install/booster_interface/local/lib/python3.10/dist-packages/booster_interface/msg/_hand_command.py
[2.645s] -- Up-to-date symlink: /home/booster/Workspace/robocup_demo/install/booster_interface/local/lib/python3.10/dist-packages/booster_interface/msg/_hand_command_s.c
[2.645s] -- Up-to-date symlink: /home/booster/Workspace/robocup_demo/install/booster_interface/local/lib/python3.10/dist-packages/booster_interface/msg/_hand_dds_msg.py
[2.645s] -- Up-to-date symlink: /home/booster/Workspace/robocup_demo/install/booster_interface/local/lib/python3.10/dist-packages/booster_interface/msg/_hand_dds_msg_s.c
[2.645s] -- Up-to-date symlink: /home/booster/Workspace/robocup_demo/install/booster_interface/local/lib/python3.10/dist-packages/booster_interface/msg/_hand_param.py
[2.645s] -- Up-to-date symlink: /home/booster/Workspace/robocup_demo/install/booster_interface/local/lib/python3.10/dist-packages/booster_interface/msg/_hand_param_s.c
[2.645s] -- Up-to-date symlink: /home/booster/Workspace/robocup_demo/install/booster_interface/local/lib/python3.10/dist-packages/booster_interface/msg/_imu_state.py
[2.646s] -- Up-to-date symlink: /home/booster/Workspace/robocup_demo/install/booster_interface/local/lib/python3.10/dist-packages/booster_interface/msg/_imu_state_s.c
[2.646s] -- Up-to-date symlink: /home/booster/Workspace/robocup_demo/install/booster_interface/local/lib/python3.10/dist-packages/booster_interface/msg/_low_cmd.py
[2.646s] -- Up-to-date symlink: /home/booster/Workspace/robocup_demo/install/booster_interface/local/lib/python3.10/dist-packages/booster_interface/msg/_low_cmd_s.c
[2.646s] -- Up-to-date symlink: /home/booster/Workspace/robocup_demo/install/booster_interface/local/lib/python3.10/dist-packages/booster_interface/msg/_low_state.py
[2.646s] -- Up-to-date symlink: /home/booster/Workspace/robocup_demo/install/booster_interface/local/lib/python3.10/dist-packages/booster_interface/msg/_low_state_s.c
[2.646s] -- Up-to-date symlink: /home/booster/Workspace/robocup_demo/install/booster_interface/local/lib/python3.10/dist-packages/booster_interface/msg/_motor_cmd.py
[2.647s] -- Up-to-date symlink: /home/booster/Workspace/robocup_demo/install/booster_interface/local/lib/python3.10/dist-packages/booster_interface/msg/_motor_cmd_s.c
[2.647s] -- Up-to-date symlink: /home/booster/Workspace/robocup_demo/install/booster_interface/local/lib/python3.10/dist-packages/booster_interface/msg/_motor_state.py
[2.647s] -- Up-to-date symlink: /home/booster/Workspace/robocup_demo/install/booster_interface/local/lib/python3.10/dist-packages/booster_interface/msg/_motor_state_s.c
[2.647s] -- Up-to-date symlink: /home/booster/Workspace/robocup_demo/install/booster_interface/local/lib/python3.10/dist-packages/booster_interface/msg/_odometer.py
[2.648s] -- Up-to-date symlink: /home/booster/Workspace/robocup_demo/install/booster_interface/local/lib/python3.10/dist-packages/booster_interface/msg/_odometer_s.c
[2.648s] -- Up-to-date symlink: /home/booster/Workspace/robocup_demo/install/booster_interface/local/lib/python3.10/dist-packages/booster_interface/msg/_raw_bytes_msg.py
[2.648s] -- Up-to-date symlink: /home/booster/Workspace/robocup_demo/install/booster_interface/local/lib/python3.10/dist-packages/booster_interface/msg/_raw_bytes_msg_s.c
[2.648s] -- Up-to-date symlink: /home/booster/Workspace/robocup_demo/install/booster_interface/local/lib/python3.10/dist-packages/booster_interface/msg/_raw_bytes_stamped.py
[2.648s] -- Up-to-date symlink: /home/booster/Workspace/robocup_demo/install/booster_interface/local/lib/python3.10/dist-packages/booster_interface/msg/_raw_bytes_stamped_s.c
[2.649s] -- Up-to-date symlink: /home/booster/Workspace/robocup_demo/install/booster_interface/local/lib/python3.10/dist-packages/booster_interface/msg/_remote_controller_state.py
[2.649s] -- Up-to-date symlink: /home/booster/Workspace/robocup_demo/install/booster_interface/local/lib/python3.10/dist-packages/booster_interface/msg/_remote_controller_state_s.c
[2.649s] -- Up-to-date symlink: /home/booster/Workspace/robocup_demo/install/booster_interface/local/lib/python3.10/dist-packages/booster_interface/srv/__init__.py
[2.649s] -- Up-to-date symlink: /home/booster/Workspace/robocup_demo/install/booster_interface/local/lib/python3.10/dist-packages/booster_interface/srv/_agent_service.py
[2.649s] -- Up-to-date symlink: /home/booster/Workspace/robocup_demo/install/booster_interface/local/lib/python3.10/dist-packages/booster_interface/srv/_agent_service_s.c
[2.649s] -- Up-to-date symlink: /home/booster/Workspace/robocup_demo/install/booster_interface/local/lib/python3.10/dist-packages/booster_interface/srv/_rpc_service.py
[2.649s] -- Up-to-date symlink: /home/booster/Workspace/robocup_demo/install/booster_interface/local/lib/python3.10/dist-packages/booster_interface/srv/_rpc_service_s.c
[2.650s] -- Up-to-date symlink: /home/booster/Workspace/robocup_demo/install/booster_interface/local/lib/python3.10/dist-packages/booster_interface/booster_interface_s__rosidl_typesupport_fastrtps_c.cpython-310-aarch64-linux-gnu.so
[2.650s] -- Up-to-date symlink: /home/booster/Workspace/robocup_demo/install/booster_interface/local/lib/python3.10/dist-packages/booster_interface/booster_interface_s__rosidl_typesupport_introspection_c.cpython-310-aarch64-linux-gnu.so
[2.650s] -- Up-to-date symlink: /home/booster/Workspace/robocup_demo/install/booster_interface/local/lib/python3.10/dist-packages/booster_interface/booster_interface_s__rosidl_typesupport_c.cpython-310-aarch64-linux-gnu.so
[2.650s] -- Up-to-date symlink: /home/booster/Workspace/robocup_demo/install/booster_interface/share/booster_interface/msg/BoosterApiReqMsg.idl
[2.650s] -- Up-to-date symlink: /home/booster/Workspace/robocup_demo/install/booster_interface/share/booster_interface/msg/BoosterApiRespMsg.idl
[2.650s] -- Up-to-date symlink: /home/booster/Workspace/robocup_demo/install/booster_interface/share/booster_interface/msg/ButtonEventMsg.idl
[2.650s] -- Up-to-date symlink: /home/booster/Workspace/robocup_demo/install/booster_interface/share/booster_interface/msg/MotorState.idl
[2.651s] -- Up-to-date symlink: /home/booster/Workspace/robocup_demo/install/booster_interface/share/booster_interface/msg/MotorCmd.idl
[2.651s] -- Up-to-date symlink: /home/booster/Workspace/robocup_demo/install/booster_interface/share/booster_interface/msg/LowCmd.idl
[2.651s] -- Up-to-date symlink: /home/booster/Workspace/robocup_demo/install/booster_interface/share/booster_interface/msg/ImuState.idl
[2.651s] -- Up-to-date symlink: /home/booster/Workspace/robocup_demo/install/booster_interface/share/booster_interface/msg/LowState.idl
[2.651s] -- Up-to-date symlink: /home/booster/Workspace/robocup_demo/install/booster_interface/share/booster_interface/msg/RawBytesMsg.idl
[2.651s] -- Up-to-date symlink: /home/booster/Workspace/robocup_demo/install/booster_interface/share/booster_interface/msg/RawBytesStamped.idl
[2.651s] -- Up-to-date symlink: /home/booster/Workspace/robocup_demo/install/booster_interface/share/booster_interface/msg/Odometer.idl
[2.652s] -- Up-to-date symlink: /home/booster/Workspace/robocup_demo/install/booster_interface/share/booster_interface/msg/FallDownState.idl
[2.652s] -- Up-to-date symlink: /home/booster/Workspace/robocup_demo/install/booster_interface/share/booster_interface/msg/RemoteControllerState.idl
[2.652s] -- Up-to-date symlink: /home/booster/Workspace/robocup_demo/install/booster_interface/share/booster_interface/msg/HandCommand.idl
[2.652s] -- Up-to-date symlink: /home/booster/Workspace/robocup_demo/install/booster_interface/share/booster_interface/msg/HandDdsMsg.idl
[2.652s] -- Up-to-date symlink: /home/booster/Workspace/robocup_demo/install/booster_interface/share/booster_interface/msg/HandParam.idl
[2.653s] -- Up-to-date symlink: /home/booster/Workspace/robocup_demo/install/booster_interface/share/booster_interface/srv/RpcService.idl
[2.653s] -- Up-to-date symlink: /home/booster/Workspace/robocup_demo/install/booster_interface/share/booster_interface/srv/AgentService.idl
[2.653s] -- Up-to-date symlink: /home/booster/Workspace/robocup_demo/install/booster_interface/share/booster_interface/msg/BoosterApiReqMsg.msg
[2.653s] -- Up-to-date symlink: /home/booster/Workspace/robocup_demo/install/booster_interface/share/booster_interface/msg/BoosterApiRespMsg.msg
[2.653s] -- Up-to-date symlink: /home/booster/Workspace/robocup_demo/install/booster_interface/share/booster_interface/msg/ButtonEventMsg.msg
[2.653s] -- Up-to-date symlink: /home/booster/Workspace/robocup_demo/install/booster_interface/share/booster_interface/msg/MotorState.msg
[2.654s] -- Up-to-date symlink: /home/booster/Workspace/robocup_demo/install/booster_interface/share/booster_interface/msg/MotorCmd.msg
[2.654s] -- Up-to-date symlink: /home/booster/Workspace/robocup_demo/install/booster_interface/share/booster_interface/msg/LowCmd.msg
[2.654s] -- Up-to-date symlink: /home/booster/Workspace/robocup_demo/install/booster_interface/share/booster_interface/msg/ImuState.msg
[2.654s] -- Up-to-date symlink: /home/booster/Workspace/robocup_demo/install/booster_interface/share/booster_interface/msg/LowState.msg
[2.654s] -- Up-to-date symlink: /home/booster/Workspace/robocup_demo/install/booster_interface/share/booster_interface/msg/RawBytesMsg.msg
[2.654s] -- Up-to-date symlink: /home/booster/Workspace/robocup_demo/install/booster_interface/share/booster_interface/msg/RawBytesStamped.msg
[2.654s] -- Up-to-date symlink: /home/booster/Workspace/robocup_demo/install/booster_interface/share/booster_interface/msg/Odometer.msg
[2.655s] -- Up-to-date symlink: /home/booster/Workspace/robocup_demo/install/booster_interface/share/booster_interface/msg/FallDownState.msg
[2.655s] -- Up-to-date symlink: /home/booster/Workspace/robocup_demo/install/booster_interface/share/booster_interface/msg/RemoteControllerState.msg
[2.655s] -- Up-to-date symlink: /home/booster/Workspace/robocup_demo/install/booster_interface/share/booster_interface/msg/HandCommand.msg
[2.655s] -- Up-to-date symlink: /home/booster/Workspace/robocup_demo/install/booster_interface/share/booster_interface/msg/HandDdsMsg.msg
[2.655s] -- Up-to-date symlink: /home/booster/Workspace/robocup_demo/install/booster_interface/share/booster_interface/msg/HandParam.msg
[2.655s] -- Up-to-date symlink: /home/booster/Workspace/robocup_demo/install/booster_interface/share/booster_interface/srv/RpcService.srv
[2.656s] -- Up-to-date symlink: /home/booster/Workspace/robocup_demo/install/booster_interface/share/booster_interface/srv/RpcService_Request.msg
[2.656s] -- Up-to-date symlink: /home/booster/Workspace/robocup_demo/install/booster_interface/share/booster_interface/srv/RpcService_Response.msg
[2.656s] -- Up-to-date symlink: /home/booster/Workspace/robocup_demo/install/booster_interface/share/booster_interface/srv/AgentService.srv
[2.656s] -- Up-to-date symlink: /home/booster/Workspace/robocup_demo/install/booster_interface/share/booster_interface/srv/AgentService_Request.msg
[2.656s] -- Up-to-date symlink: /home/booster/Workspace/robocup_demo/install/booster_interface/share/booster_interface/srv/AgentService_Response.msg
[2.656s] -- Up-to-date symlink: /home/booster/Workspace/robocup_demo/install/booster_interface/include//booster_interface/booster_interface/message_utils.hpp
[2.656s] -- Up-to-date symlink: /home/booster/Workspace/robocup_demo/install/booster_interface/include//booster_interface/booster_interface/third_party/nlohmann_json/json.hpp
[2.656s] -- Up-to-date symlink: /home/booster/Workspace/robocup_demo/install/booster_interface/share/ament_index/resource_index/package_run_dependencies/booster_interface
[2.656s] -- Up-to-date symlink: /home/booster/Workspace/robocup_demo/install/booster_interface/share/ament_index/resource_index/parent_prefix_path/booster_interface
[2.657s] -- Up-to-date symlink: /home/booster/Workspace/robocup_demo/install/booster_interface/share/booster_interface/environment/ament_prefix_path.sh
[2.657s] -- Up-to-date symlink: /home/booster/Workspace/robocup_demo/install/booster_interface/share/booster_interface/environment/ament_prefix_path.dsv
[2.657s] -- Up-to-date symlink: /home/booster/Workspace/robocup_demo/install/booster_interface/share/booster_interface/environment/path.sh
[2.657s] -- Up-to-date symlink: /home/booster/Workspace/robocup_demo/install/booster_interface/share/booster_interface/environment/path.dsv
[2.657s] -- Up-to-date symlink: /home/booster/Workspace/robocup_demo/install/booster_interface/share/booster_interface/local_setup.bash
[2.657s] -- Up-to-date symlink: /home/booster/Workspace/robocup_demo/install/booster_interface/share/booster_interface/local_setup.sh
[2.657s] -- Up-to-date symlink: /home/booster/Workspace/robocup_demo/install/booster_interface/share/booster_interface/local_setup.zsh
[2.657s] -- Up-to-date symlink: /home/booster/Workspace/robocup_demo/install/booster_interface/share/booster_interface/local_setup.dsv
[2.657s] -- Symlinking: /home/booster/Workspace/robocup_demo/install/booster_interface/share/booster_interface/package.dsv
[2.663s] -- Up-to-date symlink: /home/booster/Workspace/robocup_demo/install/booster_interface/share/ament_index/resource_index/packages/booster_interface
[2.663s] -- Up-to-date symlink: /home/booster/Workspace/robocup_demo/install/booster_interface/share/booster_interface/cmake/rosidl_cmake-extras.cmake
[2.664s] -- Up-to-date symlink: /home/booster/Workspace/robocup_demo/install/booster_interface/share/booster_interface/cmake/ament_cmake_export_dependencies-extras.cmake
[2.664s] -- Up-to-date symlink: /home/booster/Workspace/robocup_demo/install/booster_interface/share/booster_interface/cmake/ament_cmake_export_include_directories-extras.cmake
[2.664s] -- Up-to-date symlink: /home/booster/Workspace/robocup_demo/install/booster_interface/share/booster_interface/cmake/ament_cmake_export_libraries-extras.cmake
[2.664s] -- Up-to-date symlink: /home/booster/Workspace/robocup_demo/install/booster_interface/share/booster_interface/cmake/ament_cmake_export_targets-extras.cmake
[2.664s] -- Up-to-date symlink: /home/booster/Workspace/robocup_demo/install/booster_interface/share/booster_interface/cmake/rosidl_cmake_export_typesupport_targets-extras.cmake
[2.664s] -- Up-to-date symlink: /home/booster/Workspace/robocup_demo/install/booster_interface/share/booster_interface/cmake/rosidl_cmake_export_typesupport_libraries-extras.cmake
[2.664s] -- Up-to-date symlink: /home/booster/Workspace/robocup_demo/install/booster_interface/share/booster_interface/cmake/booster_interfaceConfig.cmake
[2.664s] -- Up-to-date symlink: /home/booster/Workspace/robocup_demo/install/booster_interface/share/booster_interface/cmake/booster_interfaceConfig-version.cmake
[2.664s] -- Up-to-date symlink: /home/booster/Workspace/robocup_demo/install/booster_interface/share/booster_interface/package.xml
[2.664s] -- Up-to-date: /home/booster/Workspace/robocup_demo/install/booster_interface/lib/libbooster_interface__rosidl_generator_c.so
[2.664s] -- Up-to-date: /home/booster/Workspace/robocup_demo/install/booster_interface/lib/libbooster_interface__rosidl_typesupport_fastrtps_c.so
[2.665s] -- Up-to-date: /home/booster/Workspace/robocup_demo/install/booster_interface/lib/libbooster_interface__rosidl_typesupport_fastrtps_cpp.so
[2.665s] -- Up-to-date: /home/booster/Workspace/robocup_demo/install/booster_interface/lib/libbooster_interface__rosidl_typesupport_introspection_c.so
[2.665s] -- Up-to-date: /home/booster/Workspace/robocup_demo/install/booster_interface/lib/libbooster_interface__rosidl_typesupport_c.so
[2.665s] -- Up-to-date: /home/booster/Workspace/robocup_demo/install/booster_interface/lib/libbooster_interface__rosidl_typesupport_introspection_cpp.so
[2.665s] -- Up-to-date: /home/booster/Workspace/robocup_demo/install/booster_interface/lib/libbooster_interface__rosidl_typesupport_cpp.so
[2.766s] Listing '/home/booster/Workspace/robocup_demo/install/booster_interface/local/lib/python3.10/dist-packages/booster_interface'...
[2.768s] Listing '/home/booster/Workspace/robocup_demo/install/booster_interface/local/lib/python3.10/dist-packages/booster_interface/msg'...
[2.768s] Listing '/home/booster/Workspace/robocup_demo/install/booster_interface/local/lib/python3.10/dist-packages/booster_interface/srv'...
[2.770s] -- Up-to-date: /home/booster/Workspace/robocup_demo/install/booster_interface/lib/libbooster_interface__rosidl_generator_py.so
[2.770s] -- Up-to-date: /home/booster/Workspace/robocup_demo/install/booster_interface/share/booster_interface/cmake/export_booster_interface__rosidl_generator_cExport.cmake
[2.772s] -- Up-to-date: /home/booster/Workspace/robocup_demo/install/booster_interface/share/booster_interface/cmake/export_booster_interface__rosidl_generator_cExport-noconfig.cmake
[2.772s] -- Up-to-date: /home/booster/Workspace/robocup_demo/install/booster_interface/share/booster_interface/cmake/export_booster_interface__rosidl_typesupport_fastrtps_cExport.cmake
[2.773s] -- Up-to-date: /home/booster/Workspace/robocup_demo/install/booster_interface/share/booster_interface/cmake/export_booster_interface__rosidl_typesupport_fastrtps_cExport-noconfig.cmake
[2.773s] -- Up-to-date: /home/booster/Workspace/robocup_demo/install/booster_interface/share/booster_interface/cmake/export_booster_interface__rosidl_generator_cppExport.cmake
[2.774s] -- Up-to-date: /home/booster/Workspace/robocup_demo/install/booster_interface/share/booster_interface/cmake/export_booster_interface__rosidl_typesupport_fastrtps_cppExport.cmake
[2.774s] -- Up-to-date: /home/booster/Workspace/robocup_demo/install/booster_interface/share/booster_interface/cmake/export_booster_interface__rosidl_typesupport_fastrtps_cppExport-noconfig.cmake
[2.774s] -- Up-to-date: /home/booster/Workspace/robocup_demo/install/booster_interface/share/booster_interface/cmake/booster_interface__rosidl_typesupport_introspection_cExport.cmake
[2.774s] -- Up-to-date: /home/booster/Workspace/robocup_demo/install/booster_interface/share/booster_interface/cmake/booster_interface__rosidl_typesupport_introspection_cExport-noconfig.cmake
[2.775s] -- Up-to-date: /home/booster/Workspace/robocup_demo/install/booster_interface/share/booster_interface/cmake/booster_interface__rosidl_typesupport_cExport.cmake
[2.775s] -- Up-to-date: /home/booster/Workspace/robocup_demo/install/booster_interface/share/booster_interface/cmake/booster_interface__rosidl_typesupport_cExport-noconfig.cmake
[2.775s] -- Up-to-date: /home/booster/Workspace/robocup_demo/install/booster_interface/share/booster_interface/cmake/booster_interface__rosidl_typesupport_introspection_cppExport.cmake
[2.775s] -- Up-to-date: /home/booster/Workspace/robocup_demo/install/booster_interface/share/booster_interface/cmake/booster_interface__rosidl_typesupport_introspection_cppExport-noconfig.cmake
[2.775s] -- Up-to-date: /home/booster/Workspace/robocup_demo/install/booster_interface/share/booster_interface/cmake/booster_interface__rosidl_typesupport_cppExport.cmake
[2.775s] -- Up-to-date: /home/booster/Workspace/robocup_demo/install/booster_interface/share/booster_interface/cmake/booster_interface__rosidl_typesupport_cppExport-noconfig.cmake
[2.775s] -- Up-to-date: /home/booster/Workspace/robocup_demo/install/booster_interface/share/booster_interface/cmake/export_booster_interface__rosidl_generator_pyExport.cmake
[2.775s] -- Up-to-date: /home/booster/Workspace/robocup_demo/install/booster_interface/share/booster_interface/cmake/export_booster_interface__rosidl_generator_pyExport-noconfig.cmake
[2.783s] Invoked command in '/home/booster/Workspace/robocup_demo/build/booster_interface' returned '0': CMAKE_PREFIX_PATH=/opt/ros/humble /usr/bin/cmake --install /home/booster/Workspace/robocup_demo/build/booster_interface
