[0.065s] Invoking command in '/home/booster/Workspace/robocup_demo/build/booster_msgs': CMAKE_PREFIX_PATH=/opt/ros/humble /usr/bin/cmake --build /home/booster/Workspace/robocup_demo/build/booster_msgs -- -j5 -l5
[0.327s] [  2%] Built target booster_msgs__cpp
[0.513s] [  2%] Built target ament_cmake_python_symlink_booster_msgs
[0.639s] [ 12%] Built target booster_msgs__rosidl_typesupport_introspection_cpp
[1.712s] running egg_info
[1.715s] writing booster_msgs.egg-info/PKG-INFO
[1.717s] writing dependency_links to booster_msgs.egg-info/dependency_links.txt
[1.719s] writing top-level names to booster_msgs.egg-info/top_level.txt
[1.728s] reading manifest file 'booster_msgs.egg-info/SOURCES.txt'
[1.732s] writing manifest file 'booster_msgs.egg-info/SOURCES.txt'
[1.892s] [ 12%] Built target ament_cmake_python_build_booster_msgs_egg
[2.028s] [ 23%] Built target booster_msgs__rosidl_typesupport_fastrtps_cpp
[2.091s] [ 34%] Built target booster_msgs__rosidl_typesupport_cpp
[2.179s] [ 44%] Built target booster_msgs__rosidl_generator_c
[2.275s] [ 55%] Built target booster_msgs__rosidl_typesupport_fastrtps_c
[2.382s] [ 65%] Built target booster_msgs__rosidl_typesupport_c
[2.534s] [ 76%] Built target booster_msgs__rosidl_typesupport_introspection_c
[2.640s] [ 76%] Built target booster_msgs
[2.747s] [ 78%] Built target booster_msgs__py
[2.828s] [ 87%] Built target booster_msgs__rosidl_generator_py
[2.925s] [ 91%] Built target booster_msgs__rosidl_typesupport_fastrtps_c__pyext
[3.018s] [ 95%] Built target booster_msgs__rosidl_typesupport_c__pyext
[3.137s] [100%] Built target booster_msgs__rosidl_typesupport_introspection_c__pyext
[3.181s] Invoked command in '/home/booster/Workspace/robocup_demo/build/booster_msgs' returned '0': CMAKE_PREFIX_PATH=/opt/ros/humble /usr/bin/cmake --build /home/booster/Workspace/robocup_demo/build/booster_msgs -- -j5 -l5
[3.193s] Invoking command in '/home/booster/Workspace/robocup_demo/build/booster_msgs': CMAKE_PREFIX_PATH=/opt/ros/humble /usr/bin/cmake --install /home/booster/Workspace/robocup_demo/build/booster_msgs
[3.223s] -- Install configuration: ""
[3.225s] -- Execute custom install script
[3.225s] -- Up-to-date symlink: /home/booster/Workspace/robocup_demo/install/booster_msgs/share/ament_index/resource_index/rosidl_interfaces/booster_msgs
[3.227s] -- Up-to-date symlink: /home/booster/Workspace/robocup_demo/install/booster_msgs/include/booster_msgs/booster_msgs/msg/binary_data.h
[3.228s] -- Up-to-date symlink: /home/booster/Workspace/robocup_demo/install/booster_msgs/include/booster_msgs/booster_msgs/msg/detail/binary_data__functions.h
[3.230s] -- Up-to-date symlink: /home/booster/Workspace/robocup_demo/install/booster_msgs/include/booster_msgs/booster_msgs/msg/detail/binary_data__struct.h
[3.232s] -- Up-to-date symlink: /home/booster/Workspace/robocup_demo/install/booster_msgs/include/booster_msgs/booster_msgs/msg/detail/binary_data__type_support.h
[3.232s] -- Up-to-date symlink: /home/booster/Workspace/robocup_demo/install/booster_msgs/include/booster_msgs/booster_msgs/msg/detail/rpc_req_msg__functions.h
[3.232s] -- Up-to-date symlink: /home/booster/Workspace/robocup_demo/install/booster_msgs/include/booster_msgs/booster_msgs/msg/detail/rpc_req_msg__struct.h
[3.234s] -- Up-to-date symlink: /home/booster/Workspace/robocup_demo/install/booster_msgs/include/booster_msgs/booster_msgs/msg/detail/rpc_req_msg__type_support.h
[3.237s] -- Up-to-date symlink: /home/booster/Workspace/robocup_demo/install/booster_msgs/include/booster_msgs/booster_msgs/msg/detail/rpc_resp_msg__functions.h
[3.238s] -- Up-to-date symlink: /home/booster/Workspace/robocup_demo/install/booster_msgs/include/booster_msgs/booster_msgs/msg/detail/rpc_resp_msg__struct.h
[3.239s] -- Up-to-date symlink: /home/booster/Workspace/robocup_demo/install/booster_msgs/include/booster_msgs/booster_msgs/msg/detail/rpc_resp_msg__type_support.h
[3.239s] -- Up-to-date symlink: /home/booster/Workspace/robocup_demo/install/booster_msgs/include/booster_msgs/booster_msgs/msg/rosidl_generator_c__visibility_control.h
[3.239s] -- Up-to-date symlink: /home/booster/Workspace/robocup_demo/install/booster_msgs/include/booster_msgs/booster_msgs/msg/rpc_req_msg.h
[3.239s] -- Up-to-date symlink: /home/booster/Workspace/robocup_demo/install/booster_msgs/include/booster_msgs/booster_msgs/msg/rpc_resp_msg.h
[3.239s] -- Up-to-date symlink: /home/booster/Workspace/robocup_demo/install/booster_msgs/share/booster_msgs/environment/library_path.sh
[3.240s] -- Up-to-date symlink: /home/booster/Workspace/robocup_demo/install/booster_msgs/share/booster_msgs/environment/library_path.dsv
[3.240s] -- Up-to-date symlink: /home/booster/Workspace/robocup_demo/install/booster_msgs/include/booster_msgs/booster_msgs/msg/detail/binary_data__rosidl_typesupport_fastrtps_c.h
[3.240s] -- Up-to-date symlink: /home/booster/Workspace/robocup_demo/install/booster_msgs/include/booster_msgs/booster_msgs/msg/detail/rpc_req_msg__rosidl_typesupport_fastrtps_c.h
[3.240s] -- Up-to-date symlink: /home/booster/Workspace/robocup_demo/install/booster_msgs/include/booster_msgs/booster_msgs/msg/detail/rpc_resp_msg__rosidl_typesupport_fastrtps_c.h
[3.240s] -- Up-to-date symlink: /home/booster/Workspace/robocup_demo/install/booster_msgs/include/booster_msgs/booster_msgs/msg/rosidl_typesupport_fastrtps_c__visibility_control.h
[3.243s] -- Up-to-date symlink: /home/booster/Workspace/robocup_demo/install/booster_msgs/include/booster_msgs/booster_msgs/msg/detail/binary_data__rosidl_typesupport_introspection_c.h
[3.244s] -- Up-to-date symlink: /home/booster/Workspace/robocup_demo/install/booster_msgs/include/booster_msgs/booster_msgs/msg/detail/rpc_req_msg__rosidl_typesupport_introspection_c.h
[3.244s] -- Up-to-date symlink: /home/booster/Workspace/robocup_demo/install/booster_msgs/include/booster_msgs/booster_msgs/msg/detail/rpc_resp_msg__rosidl_typesupport_introspection_c.h
[3.245s] -- Up-to-date symlink: /home/booster/Workspace/robocup_demo/install/booster_msgs/include/booster_msgs/booster_msgs/msg/rosidl_typesupport_introspection_c__visibility_control.h
[3.246s] -- Up-to-date symlink: /home/booster/Workspace/robocup_demo/install/booster_msgs/include/booster_msgs/booster_msgs/msg/binary_data.hpp
[3.247s] -- Up-to-date symlink: /home/booster/Workspace/robocup_demo/install/booster_msgs/include/booster_msgs/booster_msgs/msg/detail/binary_data__builder.hpp
[3.248s] -- Up-to-date symlink: /home/booster/Workspace/robocup_demo/install/booster_msgs/include/booster_msgs/booster_msgs/msg/detail/binary_data__struct.hpp
[3.248s] -- Up-to-date symlink: /home/booster/Workspace/robocup_demo/install/booster_msgs/include/booster_msgs/booster_msgs/msg/detail/binary_data__traits.hpp
[3.248s] -- Up-to-date symlink: /home/booster/Workspace/robocup_demo/install/booster_msgs/include/booster_msgs/booster_msgs/msg/detail/binary_data__type_support.hpp
[3.248s] -- Up-to-date symlink: /home/booster/Workspace/robocup_demo/install/booster_msgs/include/booster_msgs/booster_msgs/msg/detail/rpc_req_msg__builder.hpp
[3.250s] -- Up-to-date symlink: /home/booster/Workspace/robocup_demo/install/booster_msgs/include/booster_msgs/booster_msgs/msg/detail/rpc_req_msg__struct.hpp
[3.250s] -- Up-to-date symlink: /home/booster/Workspace/robocup_demo/install/booster_msgs/include/booster_msgs/booster_msgs/msg/detail/rpc_req_msg__traits.hpp
[3.250s] -- Up-to-date symlink: /home/booster/Workspace/robocup_demo/install/booster_msgs/include/booster_msgs/booster_msgs/msg/detail/rpc_req_msg__type_support.hpp
[3.251s] -- Up-to-date symlink: /home/booster/Workspace/robocup_demo/install/booster_msgs/include/booster_msgs/booster_msgs/msg/detail/rpc_resp_msg__builder.hpp
[3.251s] -- Up-to-date symlink: /home/booster/Workspace/robocup_demo/install/booster_msgs/include/booster_msgs/booster_msgs/msg/detail/rpc_resp_msg__struct.hpp
[3.251s] -- Up-to-date symlink: /home/booster/Workspace/robocup_demo/install/booster_msgs/include/booster_msgs/booster_msgs/msg/detail/rpc_resp_msg__traits.hpp
[3.251s] -- Up-to-date symlink: /home/booster/Workspace/robocup_demo/install/booster_msgs/include/booster_msgs/booster_msgs/msg/detail/rpc_resp_msg__type_support.hpp
[3.252s] -- Up-to-date symlink: /home/booster/Workspace/robocup_demo/install/booster_msgs/include/booster_msgs/booster_msgs/msg/rosidl_generator_cpp__visibility_control.hpp
[3.253s] -- Up-to-date symlink: /home/booster/Workspace/robocup_demo/install/booster_msgs/include/booster_msgs/booster_msgs/msg/rpc_req_msg.hpp
[3.253s] -- Up-to-date symlink: /home/booster/Workspace/robocup_demo/install/booster_msgs/include/booster_msgs/booster_msgs/msg/rpc_resp_msg.hpp
[3.255s] -- Up-to-date symlink: /home/booster/Workspace/robocup_demo/install/booster_msgs/include/booster_msgs/booster_msgs/msg/detail/binary_data__rosidl_typesupport_fastrtps_cpp.hpp
[3.255s] -- Up-to-date symlink: /home/booster/Workspace/robocup_demo/install/booster_msgs/include/booster_msgs/booster_msgs/msg/detail/rpc_req_msg__rosidl_typesupport_fastrtps_cpp.hpp
[3.255s] -- Up-to-date symlink: /home/booster/Workspace/robocup_demo/install/booster_msgs/include/booster_msgs/booster_msgs/msg/detail/rpc_resp_msg__rosidl_typesupport_fastrtps_cpp.hpp
[3.256s] -- Up-to-date symlink: /home/booster/Workspace/robocup_demo/install/booster_msgs/include/booster_msgs/booster_msgs/msg/rosidl_typesupport_fastrtps_cpp__visibility_control.h
[3.258s] -- Up-to-date symlink: /home/booster/Workspace/robocup_demo/install/booster_msgs/include/booster_msgs/booster_msgs/msg/detail/binary_data__rosidl_typesupport_introspection_cpp.hpp
[3.260s] -- Up-to-date symlink: /home/booster/Workspace/robocup_demo/install/booster_msgs/include/booster_msgs/booster_msgs/msg/detail/rpc_req_msg__rosidl_typesupport_introspection_cpp.hpp
[3.260s] -- Up-to-date symlink: /home/booster/Workspace/robocup_demo/install/booster_msgs/include/booster_msgs/booster_msgs/msg/detail/rpc_resp_msg__rosidl_typesupport_introspection_cpp.hpp
[3.260s] -- Up-to-date symlink: /home/booster/Workspace/robocup_demo/install/booster_msgs/share/booster_msgs/environment/pythonpath.sh
[3.261s] -- Up-to-date symlink: /home/booster/Workspace/robocup_demo/install/booster_msgs/share/booster_msgs/environment/pythonpath.dsv
[3.262s] -- Up-to-date symlink: /home/booster/Workspace/robocup_demo/install/booster_msgs/local/lib/python3.10/dist-packages/booster_msgs-0.0.0-py3.10.egg-info/PKG-INFO
[3.264s] -- Up-to-date symlink: /home/booster/Workspace/robocup_demo/install/booster_msgs/local/lib/python3.10/dist-packages/booster_msgs-0.0.0-py3.10.egg-info/SOURCES.txt
[3.266s] -- Up-to-date symlink: /home/booster/Workspace/robocup_demo/install/booster_msgs/local/lib/python3.10/dist-packages/booster_msgs-0.0.0-py3.10.egg-info/dependency_links.txt
[3.267s] -- Up-to-date symlink: /home/booster/Workspace/robocup_demo/install/booster_msgs/local/lib/python3.10/dist-packages/booster_msgs-0.0.0-py3.10.egg-info/top_level.txt
[3.269s] -- Up-to-date symlink: /home/booster/Workspace/robocup_demo/install/booster_msgs/local/lib/python3.10/dist-packages/booster_msgs/__init__.py
[3.269s] -- Up-to-date symlink: /home/booster/Workspace/robocup_demo/install/booster_msgs/local/lib/python3.10/dist-packages/booster_msgs/_booster_msgs_s.ep.rosidl_typesupport_c.c
[3.269s] -- Up-to-date symlink: /home/booster/Workspace/robocup_demo/install/booster_msgs/local/lib/python3.10/dist-packages/booster_msgs/_booster_msgs_s.ep.rosidl_typesupport_fastrtps_c.c
[3.277s] -- Up-to-date symlink: /home/booster/Workspace/robocup_demo/install/booster_msgs/local/lib/python3.10/dist-packages/booster_msgs/_booster_msgs_s.ep.rosidl_typesupport_introspection_c.c
[3.278s] -- Up-to-date symlink: /home/booster/Workspace/robocup_demo/install/booster_msgs/local/lib/python3.10/dist-packages/booster_msgs/booster_msgs_s__rosidl_typesupport_c.cpython-310-aarch64-linux-gnu.so
[3.278s] -- Up-to-date symlink: /home/booster/Workspace/robocup_demo/install/booster_msgs/local/lib/python3.10/dist-packages/booster_msgs/booster_msgs_s__rosidl_typesupport_fastrtps_c.cpython-310-aarch64-linux-gnu.so
[3.278s] -- Up-to-date symlink: /home/booster/Workspace/robocup_demo/install/booster_msgs/local/lib/python3.10/dist-packages/booster_msgs/booster_msgs_s__rosidl_typesupport_introspection_c.cpython-310-aarch64-linux-gnu.so
[3.279s] -- Up-to-date symlink: /home/booster/Workspace/robocup_demo/install/booster_msgs/local/lib/python3.10/dist-packages/booster_msgs/libbooster_msgs__rosidl_generator_py.so
[3.279s] -- Up-to-date symlink: /home/booster/Workspace/robocup_demo/install/booster_msgs/local/lib/python3.10/dist-packages/booster_msgs/msg/__init__.py
[3.279s] -- Up-to-date symlink: /home/booster/Workspace/robocup_demo/install/booster_msgs/local/lib/python3.10/dist-packages/booster_msgs/msg/_binary_data.py
[3.279s] -- Up-to-date symlink: /home/booster/Workspace/robocup_demo/install/booster_msgs/local/lib/python3.10/dist-packages/booster_msgs/msg/_binary_data_s.c
[3.280s] -- Up-to-date symlink: /home/booster/Workspace/robocup_demo/install/booster_msgs/local/lib/python3.10/dist-packages/booster_msgs/msg/_rpc_req_msg.py
[3.280s] -- Up-to-date symlink: /home/booster/Workspace/robocup_demo/install/booster_msgs/local/lib/python3.10/dist-packages/booster_msgs/msg/_rpc_req_msg_s.c
[3.280s] -- Up-to-date symlink: /home/booster/Workspace/robocup_demo/install/booster_msgs/local/lib/python3.10/dist-packages/booster_msgs/msg/_rpc_resp_msg.py
[3.280s] -- Up-to-date symlink: /home/booster/Workspace/robocup_demo/install/booster_msgs/local/lib/python3.10/dist-packages/booster_msgs/msg/_rpc_resp_msg_s.c
[3.282s] -- Up-to-date symlink: /home/booster/Workspace/robocup_demo/install/booster_msgs/local/lib/python3.10/dist-packages/booster_msgs/booster_msgs_s__rosidl_typesupport_fastrtps_c.cpython-310-aarch64-linux-gnu.so
[3.282s] -- Up-to-date symlink: /home/booster/Workspace/robocup_demo/install/booster_msgs/local/lib/python3.10/dist-packages/booster_msgs/booster_msgs_s__rosidl_typesupport_introspection_c.cpython-310-aarch64-linux-gnu.so
[3.282s] -- Up-to-date symlink: /home/booster/Workspace/robocup_demo/install/booster_msgs/local/lib/python3.10/dist-packages/booster_msgs/booster_msgs_s__rosidl_typesupport_c.cpython-310-aarch64-linux-gnu.so
[3.283s] -- Up-to-date symlink: /home/booster/Workspace/robocup_demo/install/booster_msgs/share/booster_msgs/msg/BinaryData.idl
[3.283s] -- Up-to-date symlink: /home/booster/Workspace/robocup_demo/install/booster_msgs/share/booster_msgs/msg/RpcReqMsg.idl
[3.284s] -- Up-to-date symlink: /home/booster/Workspace/robocup_demo/install/booster_msgs/share/booster_msgs/msg/RpcRespMsg.idl
[3.285s] -- Up-to-date symlink: /home/booster/Workspace/robocup_demo/install/booster_msgs/share/booster_msgs/msg/BinaryData.msg
[3.285s] -- Up-to-date symlink: /home/booster/Workspace/robocup_demo/install/booster_msgs/share/booster_msgs/msg/RpcReqMsg.msg
[3.285s] -- Up-to-date symlink: /home/booster/Workspace/robocup_demo/install/booster_msgs/share/booster_msgs/msg/RpcRespMsg.msg
[3.286s] -- Up-to-date symlink: /home/booster/Workspace/robocup_demo/install/booster_msgs/share/ament_index/resource_index/package_run_dependencies/booster_msgs
[3.286s] -- Up-to-date symlink: /home/booster/Workspace/robocup_demo/install/booster_msgs/share/ament_index/resource_index/parent_prefix_path/booster_msgs
[3.286s] -- Up-to-date symlink: /home/booster/Workspace/robocup_demo/install/booster_msgs/share/booster_msgs/environment/ament_prefix_path.sh
[3.286s] -- Up-to-date symlink: /home/booster/Workspace/robocup_demo/install/booster_msgs/share/booster_msgs/environment/ament_prefix_path.dsv
[3.287s] -- Up-to-date symlink: /home/booster/Workspace/robocup_demo/install/booster_msgs/share/booster_msgs/environment/path.sh
[3.287s] -- Up-to-date symlink: /home/booster/Workspace/robocup_demo/install/booster_msgs/share/booster_msgs/environment/path.dsv
[3.288s] -- Up-to-date symlink: /home/booster/Workspace/robocup_demo/install/booster_msgs/share/booster_msgs/local_setup.bash
[3.288s] -- Up-to-date symlink: /home/booster/Workspace/robocup_demo/install/booster_msgs/share/booster_msgs/local_setup.sh
[3.288s] -- Up-to-date symlink: /home/booster/Workspace/robocup_demo/install/booster_msgs/share/booster_msgs/local_setup.zsh
[3.288s] -- Up-to-date symlink: /home/booster/Workspace/robocup_demo/install/booster_msgs/share/booster_msgs/local_setup.dsv
[3.289s] -- Symlinking: /home/booster/Workspace/robocup_demo/install/booster_msgs/share/booster_msgs/package.dsv
[3.341s] -- Up-to-date symlink: /home/booster/Workspace/robocup_demo/install/booster_msgs/share/ament_index/resource_index/packages/booster_msgs
[3.343s] -- Up-to-date symlink: /home/booster/Workspace/robocup_demo/install/booster_msgs/share/booster_msgs/cmake/rosidl_cmake-extras.cmake
[3.343s] -- Up-to-date symlink: /home/booster/Workspace/robocup_demo/install/booster_msgs/share/booster_msgs/cmake/ament_cmake_export_include_directories-extras.cmake
[3.343s] -- Up-to-date symlink: /home/booster/Workspace/robocup_demo/install/booster_msgs/share/booster_msgs/cmake/ament_cmake_export_libraries-extras.cmake
[3.344s] -- Up-to-date symlink: /home/booster/Workspace/robocup_demo/install/booster_msgs/share/booster_msgs/cmake/ament_cmake_export_targets-extras.cmake
[3.344s] -- Up-to-date symlink: /home/booster/Workspace/robocup_demo/install/booster_msgs/share/booster_msgs/cmake/rosidl_cmake_export_typesupport_targets-extras.cmake
[3.344s] -- Up-to-date symlink: /home/booster/Workspace/robocup_demo/install/booster_msgs/share/booster_msgs/cmake/ament_cmake_export_dependencies-extras.cmake
[3.344s] -- Up-to-date symlink: /home/booster/Workspace/robocup_demo/install/booster_msgs/share/booster_msgs/cmake/rosidl_cmake_export_typesupport_libraries-extras.cmake
[3.344s] -- Up-to-date symlink: /home/booster/Workspace/robocup_demo/install/booster_msgs/share/booster_msgs/cmake/booster_msgsConfig.cmake
[3.345s] -- Up-to-date symlink: /home/booster/Workspace/robocup_demo/install/booster_msgs/share/booster_msgs/cmake/booster_msgsConfig-version.cmake
[3.345s] -- Up-to-date symlink: /home/booster/Workspace/robocup_demo/install/booster_msgs/share/booster_msgs/package.xml
[3.346s] -- Up-to-date: /home/booster/Workspace/robocup_demo/install/booster_msgs/lib/libbooster_msgs__rosidl_generator_c.so
[3.346s] -- Up-to-date: /home/booster/Workspace/robocup_demo/install/booster_msgs/lib/libbooster_msgs__rosidl_typesupport_fastrtps_c.so
[3.346s] -- Up-to-date: /home/booster/Workspace/robocup_demo/install/booster_msgs/lib/libbooster_msgs__rosidl_typesupport_introspection_c.so
[3.346s] -- Up-to-date: /home/booster/Workspace/robocup_demo/install/booster_msgs/lib/libbooster_msgs__rosidl_typesupport_c.so
[3.347s] -- Up-to-date: /home/booster/Workspace/robocup_demo/install/booster_msgs/lib/libbooster_msgs__rosidl_typesupport_fastrtps_cpp.so
[3.347s] -- Up-to-date: /home/booster/Workspace/robocup_demo/install/booster_msgs/lib/libbooster_msgs__rosidl_typesupport_introspection_cpp.so
[3.347s] -- Up-to-date: /home/booster/Workspace/robocup_demo/install/booster_msgs/lib/libbooster_msgs__rosidl_typesupport_cpp.so
[3.472s] Listing '/home/booster/Workspace/robocup_demo/install/booster_msgs/local/lib/python3.10/dist-packages/booster_msgs'...
[3.472s] Listing '/home/booster/Workspace/robocup_demo/install/booster_msgs/local/lib/python3.10/dist-packages/booster_msgs/msg'...
[3.492s] -- Up-to-date: /home/booster/Workspace/robocup_demo/install/booster_msgs/lib/libbooster_msgs__rosidl_generator_py.so
[3.492s] -- Up-to-date: /home/booster/Workspace/robocup_demo/install/booster_msgs/share/booster_msgs/cmake/export_booster_msgs__rosidl_generator_cExport.cmake
[3.492s] -- Up-to-date: /home/booster/Workspace/robocup_demo/install/booster_msgs/share/booster_msgs/cmake/export_booster_msgs__rosidl_generator_cExport-noconfig.cmake
[3.493s] -- Up-to-date: /home/booster/Workspace/robocup_demo/install/booster_msgs/share/booster_msgs/cmake/export_booster_msgs__rosidl_typesupport_fastrtps_cExport.cmake
[3.493s] -- Up-to-date: /home/booster/Workspace/robocup_demo/install/booster_msgs/share/booster_msgs/cmake/export_booster_msgs__rosidl_typesupport_fastrtps_cExport-noconfig.cmake
[3.496s] -- Up-to-date: /home/booster/Workspace/robocup_demo/install/booster_msgs/share/booster_msgs/cmake/booster_msgs__rosidl_typesupport_introspection_cExport.cmake
[3.496s] -- Up-to-date: /home/booster/Workspace/robocup_demo/install/booster_msgs/share/booster_msgs/cmake/booster_msgs__rosidl_typesupport_introspection_cExport-noconfig.cmake
[3.496s] -- Up-to-date: /home/booster/Workspace/robocup_demo/install/booster_msgs/share/booster_msgs/cmake/booster_msgs__rosidl_typesupport_cExport.cmake
[3.496s] -- Up-to-date: /home/booster/Workspace/robocup_demo/install/booster_msgs/share/booster_msgs/cmake/booster_msgs__rosidl_typesupport_cExport-noconfig.cmake
[3.497s] -- Up-to-date: /home/booster/Workspace/robocup_demo/install/booster_msgs/share/booster_msgs/cmake/export_booster_msgs__rosidl_generator_cppExport.cmake
[3.500s] -- Up-to-date: /home/booster/Workspace/robocup_demo/install/booster_msgs/share/booster_msgs/cmake/export_booster_msgs__rosidl_typesupport_fastrtps_cppExport.cmake
[3.500s] -- Up-to-date: /home/booster/Workspace/robocup_demo/install/booster_msgs/share/booster_msgs/cmake/export_booster_msgs__rosidl_typesupport_fastrtps_cppExport-noconfig.cmake
[3.500s] -- Up-to-date: /home/booster/Workspace/robocup_demo/install/booster_msgs/share/booster_msgs/cmake/booster_msgs__rosidl_typesupport_introspection_cppExport.cmake
[3.500s] -- Up-to-date: /home/booster/Workspace/robocup_demo/install/booster_msgs/share/booster_msgs/cmake/booster_msgs__rosidl_typesupport_introspection_cppExport-noconfig.cmake
[3.500s] -- Up-to-date: /home/booster/Workspace/robocup_demo/install/booster_msgs/share/booster_msgs/cmake/booster_msgs__rosidl_typesupport_cppExport.cmake
[3.500s] -- Up-to-date: /home/booster/Workspace/robocup_demo/install/booster_msgs/share/booster_msgs/cmake/booster_msgs__rosidl_typesupport_cppExport-noconfig.cmake
[3.501s] -- Up-to-date: /home/booster/Workspace/robocup_demo/install/booster_msgs/share/booster_msgs/cmake/export_booster_msgs__rosidl_generator_pyExport.cmake
[3.501s] -- Up-to-date: /home/booster/Workspace/robocup_demo/install/booster_msgs/share/booster_msgs/cmake/export_booster_msgs__rosidl_generator_pyExport-noconfig.cmake
[3.515s] Invoked command in '/home/booster/Workspace/robocup_demo/build/booster_msgs' returned '0': CMAKE_PREFIX_PATH=/opt/ros/humble /usr/bin/cmake --install /home/booster/Workspace/robocup_demo/build/booster_msgs
