[0.062s] Invoking command in '/home/booster/Workspace/robocup_demo/build/game_controller_interface': CMAKE_PREFIX_PATH=/opt/ros/humble /usr/bin/cmake --build /home/booster/Workspace/robocup_demo/build/game_controller_interface -- -j5 -l5
[0.324s] [  2%] Built target game_controller_interface__cpp
[0.443s] [  2%] Built target ament_cmake_python_symlink_game_controller_interface
[0.530s] [ 12%] Built target game_controller_interface__rosidl_typesupport_introspection_cpp
[1.762s] running egg_info
[1.765s] writing game_controller_interface.egg-info/PKG-INFO
[1.766s] writing dependency_links to game_controller_interface.egg-info/dependency_links.txt
[1.767s] writing top-level names to game_controller_interface.egg-info/top_level.txt
[1.775s] reading manifest file 'game_controller_interface.egg-info/SOURCES.txt'
[1.778s] writing manifest file 'game_controller_interface.egg-info/SOURCES.txt'
[1.975s] [ 12%] Built target ament_cmake_python_build_game_controller_interface_egg
[2.040s] [ 23%] Built target game_controller_interface__rosidl_typesupport_fastrtps_cpp
[2.145s] [ 34%] Built target game_controller_interface__rosidl_typesupport_cpp
[2.259s] [ 44%] Built target game_controller_interface__rosidl_generator_c
[2.468s] [ 55%] Built target game_controller_interface__rosidl_typesupport_fastrtps_c
[2.751s] [ 65%] Built target game_controller_interface__rosidl_typesupport_c
[2.838s] [ 76%] Built target game_controller_interface__rosidl_typesupport_introspection_c
[2.990s] [ 76%] Built target game_controller_interface
[3.060s] [ 78%] Built target game_controller_interface__py
[3.120s] [ 87%] Built target game_controller_interface__rosidl_generator_py
[3.165s] [ 91%] Built target game_controller_interface__rosidl_typesupport_fastrtps_c__pyext
[3.221s] [ 95%] Built target game_controller_interface__rosidl_typesupport_c__pyext
[3.298s] [100%] Built target game_controller_interface__rosidl_typesupport_introspection_c__pyext
[3.344s] Invoked command in '/home/booster/Workspace/robocup_demo/build/game_controller_interface' returned '0': CMAKE_PREFIX_PATH=/opt/ros/humble /usr/bin/cmake --build /home/booster/Workspace/robocup_demo/build/game_controller_interface -- -j5 -l5
[3.357s] Invoking command in '/home/booster/Workspace/robocup_demo/build/game_controller_interface': CMAKE_PREFIX_PATH=/opt/ros/humble /usr/bin/cmake --install /home/booster/Workspace/robocup_demo/build/game_controller_interface
[3.409s] -- Install configuration: ""
[3.411s] -- Execute custom install script
[3.411s] -- Up-to-date symlink: /home/booster/Workspace/robocup_demo/install/game_controller_interface/share/ament_index/resource_index/rosidl_interfaces/game_controller_interface
[3.415s] -- Up-to-date symlink: /home/booster/Workspace/robocup_demo/install/game_controller_interface/include/game_controller_interface/game_controller_interface/msg/detail/game_control_data__functions.h
[3.415s] -- Up-to-date symlink: /home/booster/Workspace/robocup_demo/install/game_controller_interface/include/game_controller_interface/game_controller_interface/msg/detail/game_control_data__struct.h
[3.415s] -- Up-to-date symlink: /home/booster/Workspace/robocup_demo/install/game_controller_interface/include/game_controller_interface/game_controller_interface/msg/detail/game_control_data__type_support.h
[3.416s] -- Up-to-date symlink: /home/booster/Workspace/robocup_demo/install/game_controller_interface/include/game_controller_interface/game_controller_interface/msg/detail/robot_info__functions.h
[3.416s] -- Up-to-date symlink: /home/booster/Workspace/robocup_demo/install/game_controller_interface/include/game_controller_interface/game_controller_interface/msg/detail/robot_info__struct.h
[3.416s] -- Up-to-date symlink: /home/booster/Workspace/robocup_demo/install/game_controller_interface/include/game_controller_interface/game_controller_interface/msg/detail/robot_info__type_support.h
[3.417s] -- Up-to-date symlink: /home/booster/Workspace/robocup_demo/install/game_controller_interface/include/game_controller_interface/game_controller_interface/msg/detail/team_info__functions.h
[3.417s] -- Up-to-date symlink: /home/booster/Workspace/robocup_demo/install/game_controller_interface/include/game_controller_interface/game_controller_interface/msg/detail/team_info__struct.h
[3.417s] -- Up-to-date symlink: /home/booster/Workspace/robocup_demo/install/game_controller_interface/include/game_controller_interface/game_controller_interface/msg/detail/team_info__type_support.h
[3.417s] -- Up-to-date symlink: /home/booster/Workspace/robocup_demo/install/game_controller_interface/include/game_controller_interface/game_controller_interface/msg/game_control_data.h
[3.417s] -- Up-to-date symlink: /home/booster/Workspace/robocup_demo/install/game_controller_interface/include/game_controller_interface/game_controller_interface/msg/robot_info.h
[3.417s] -- Up-to-date symlink: /home/booster/Workspace/robocup_demo/install/game_controller_interface/include/game_controller_interface/game_controller_interface/msg/rosidl_generator_c__visibility_control.h
[3.417s] -- Up-to-date symlink: /home/booster/Workspace/robocup_demo/install/game_controller_interface/include/game_controller_interface/game_controller_interface/msg/team_info.h
[3.431s] -- Up-to-date symlink: /home/booster/Workspace/robocup_demo/install/game_controller_interface/share/game_controller_interface/environment/library_path.sh
[3.431s] -- Up-to-date symlink: /home/booster/Workspace/robocup_demo/install/game_controller_interface/share/game_controller_interface/environment/library_path.dsv
[3.431s] -- Up-to-date symlink: /home/booster/Workspace/robocup_demo/install/game_controller_interface/include/game_controller_interface/game_controller_interface/msg/detail/game_control_data__rosidl_typesupport_fastrtps_c.h
[3.432s] -- Up-to-date symlink: /home/booster/Workspace/robocup_demo/install/game_controller_interface/include/game_controller_interface/game_controller_interface/msg/detail/robot_info__rosidl_typesupport_fastrtps_c.h
[3.432s] -- Up-to-date symlink: /home/booster/Workspace/robocup_demo/install/game_controller_interface/include/game_controller_interface/game_controller_interface/msg/detail/team_info__rosidl_typesupport_fastrtps_c.h
[3.432s] -- Up-to-date symlink: /home/booster/Workspace/robocup_demo/install/game_controller_interface/include/game_controller_interface/game_controller_interface/msg/rosidl_typesupport_fastrtps_c__visibility_control.h
[3.432s] -- Up-to-date symlink: /home/booster/Workspace/robocup_demo/install/game_controller_interface/include/game_controller_interface/game_controller_interface/msg/detail/game_control_data__builder.hpp
[3.432s] -- Up-to-date symlink: /home/booster/Workspace/robocup_demo/install/game_controller_interface/include/game_controller_interface/game_controller_interface/msg/detail/game_control_data__struct.hpp
[3.434s] -- Up-to-date symlink: /home/booster/Workspace/robocup_demo/install/game_controller_interface/include/game_controller_interface/game_controller_interface/msg/detail/game_control_data__traits.hpp
[3.434s] -- Up-to-date symlink: /home/booster/Workspace/robocup_demo/install/game_controller_interface/include/game_controller_interface/game_controller_interface/msg/detail/game_control_data__type_support.hpp
[3.434s] -- Up-to-date symlink: /home/booster/Workspace/robocup_demo/install/game_controller_interface/include/game_controller_interface/game_controller_interface/msg/detail/robot_info__builder.hpp
[3.435s] -- Up-to-date symlink: /home/booster/Workspace/robocup_demo/install/game_controller_interface/include/game_controller_interface/game_controller_interface/msg/detail/robot_info__struct.hpp
[3.435s] -- Up-to-date symlink: /home/booster/Workspace/robocup_demo/install/game_controller_interface/include/game_controller_interface/game_controller_interface/msg/detail/robot_info__traits.hpp
[3.435s] -- Up-to-date symlink: /home/booster/Workspace/robocup_demo/install/game_controller_interface/include/game_controller_interface/game_controller_interface/msg/detail/robot_info__type_support.hpp
[3.436s] -- Up-to-date symlink: /home/booster/Workspace/robocup_demo/install/game_controller_interface/include/game_controller_interface/game_controller_interface/msg/detail/team_info__builder.hpp
[3.436s] -- Up-to-date symlink: /home/booster/Workspace/robocup_demo/install/game_controller_interface/include/game_controller_interface/game_controller_interface/msg/detail/team_info__struct.hpp
[3.436s] -- Up-to-date symlink: /home/booster/Workspace/robocup_demo/install/game_controller_interface/include/game_controller_interface/game_controller_interface/msg/detail/team_info__traits.hpp
[3.436s] -- Up-to-date symlink: /home/booster/Workspace/robocup_demo/install/game_controller_interface/include/game_controller_interface/game_controller_interface/msg/detail/team_info__type_support.hpp
[3.436s] -- Up-to-date symlink: /home/booster/Workspace/robocup_demo/install/game_controller_interface/include/game_controller_interface/game_controller_interface/msg/game_control_data.hpp
[3.436s] -- Up-to-date symlink: /home/booster/Workspace/robocup_demo/install/game_controller_interface/include/game_controller_interface/game_controller_interface/msg/robot_info.hpp
[3.436s] -- Up-to-date symlink: /home/booster/Workspace/robocup_demo/install/game_controller_interface/include/game_controller_interface/game_controller_interface/msg/rosidl_generator_cpp__visibility_control.hpp
[3.436s] -- Up-to-date symlink: /home/booster/Workspace/robocup_demo/install/game_controller_interface/include/game_controller_interface/game_controller_interface/msg/team_info.hpp
[3.436s] -- Up-to-date symlink: /home/booster/Workspace/robocup_demo/install/game_controller_interface/include/game_controller_interface/game_controller_interface/msg/detail/game_control_data__rosidl_typesupport_fastrtps_cpp.hpp
[3.437s] -- Up-to-date symlink: /home/booster/Workspace/robocup_demo/install/game_controller_interface/include/game_controller_interface/game_controller_interface/msg/detail/robot_info__rosidl_typesupport_fastrtps_cpp.hpp
[3.437s] -- Up-to-date symlink: /home/booster/Workspace/robocup_demo/install/game_controller_interface/include/game_controller_interface/game_controller_interface/msg/detail/team_info__rosidl_typesupport_fastrtps_cpp.hpp
[3.437s] -- Up-to-date symlink: /home/booster/Workspace/robocup_demo/install/game_controller_interface/include/game_controller_interface/game_controller_interface/msg/rosidl_typesupport_fastrtps_cpp__visibility_control.h
[3.438s] -- Up-to-date symlink: /home/booster/Workspace/robocup_demo/install/game_controller_interface/include/game_controller_interface/game_controller_interface/msg/detail/game_control_data__rosidl_typesupport_introspection_c.h
[3.438s] -- Up-to-date symlink: /home/booster/Workspace/robocup_demo/install/game_controller_interface/include/game_controller_interface/game_controller_interface/msg/detail/robot_info__rosidl_typesupport_introspection_c.h
[3.438s] -- Up-to-date symlink: /home/booster/Workspace/robocup_demo/install/game_controller_interface/include/game_controller_interface/game_controller_interface/msg/detail/team_info__rosidl_typesupport_introspection_c.h
[3.438s] -- Up-to-date symlink: /home/booster/Workspace/robocup_demo/install/game_controller_interface/include/game_controller_interface/game_controller_interface/msg/rosidl_typesupport_introspection_c__visibility_control.h
[3.438s] -- Up-to-date symlink: /home/booster/Workspace/robocup_demo/install/game_controller_interface/include/game_controller_interface/game_controller_interface/msg/detail/game_control_data__rosidl_typesupport_introspection_cpp.hpp
[3.447s] -- Up-to-date symlink: /home/booster/Workspace/robocup_demo/install/game_controller_interface/include/game_controller_interface/game_controller_interface/msg/detail/robot_info__rosidl_typesupport_introspection_cpp.hpp
[3.447s] -- Up-to-date symlink: /home/booster/Workspace/robocup_demo/install/game_controller_interface/include/game_controller_interface/game_controller_interface/msg/detail/team_info__rosidl_typesupport_introspection_cpp.hpp
[3.447s] -- Up-to-date symlink: /home/booster/Workspace/robocup_demo/install/game_controller_interface/share/game_controller_interface/environment/pythonpath.sh
[3.447s] -- Up-to-date symlink: /home/booster/Workspace/robocup_demo/install/game_controller_interface/share/game_controller_interface/environment/pythonpath.dsv
[3.448s] -- Up-to-date symlink: /home/booster/Workspace/robocup_demo/install/game_controller_interface/local/lib/python3.10/dist-packages/game_controller_interface-1.0.0-py3.10.egg-info/PKG-INFO
[3.448s] -- Up-to-date symlink: /home/booster/Workspace/robocup_demo/install/game_controller_interface/local/lib/python3.10/dist-packages/game_controller_interface-1.0.0-py3.10.egg-info/SOURCES.txt
[3.448s] -- Up-to-date symlink: /home/booster/Workspace/robocup_demo/install/game_controller_interface/local/lib/python3.10/dist-packages/game_controller_interface-1.0.0-py3.10.egg-info/dependency_links.txt
[3.448s] -- Up-to-date symlink: /home/booster/Workspace/robocup_demo/install/game_controller_interface/local/lib/python3.10/dist-packages/game_controller_interface-1.0.0-py3.10.egg-info/top_level.txt
[3.449s] -- Up-to-date symlink: /home/booster/Workspace/robocup_demo/install/game_controller_interface/local/lib/python3.10/dist-packages/game_controller_interface/__init__.py
[3.449s] -- Up-to-date symlink: /home/booster/Workspace/robocup_demo/install/game_controller_interface/local/lib/python3.10/dist-packages/game_controller_interface/_game_controller_interface_s.ep.rosidl_typesupport_c.c
[3.449s] -- Up-to-date symlink: /home/booster/Workspace/robocup_demo/install/game_controller_interface/local/lib/python3.10/dist-packages/game_controller_interface/_game_controller_interface_s.ep.rosidl_typesupport_fastrtps_c.c
[3.449s] -- Up-to-date symlink: /home/booster/Workspace/robocup_demo/install/game_controller_interface/local/lib/python3.10/dist-packages/game_controller_interface/_game_controller_interface_s.ep.rosidl_typesupport_introspection_c.c
[3.449s] -- Up-to-date symlink: /home/booster/Workspace/robocup_demo/install/game_controller_interface/local/lib/python3.10/dist-packages/game_controller_interface/game_controller_interface_s__rosidl_typesupport_c.cpython-310-aarch64-linux-gnu.so
[3.449s] -- Up-to-date symlink: /home/booster/Workspace/robocup_demo/install/game_controller_interface/local/lib/python3.10/dist-packages/game_controller_interface/game_controller_interface_s__rosidl_typesupport_fastrtps_c.cpython-310-aarch64-linux-gnu.so
[3.449s] -- Up-to-date symlink: /home/booster/Workspace/robocup_demo/install/game_controller_interface/local/lib/python3.10/dist-packages/game_controller_interface/game_controller_interface_s__rosidl_typesupport_introspection_c.cpython-310-aarch64-linux-gnu.so
[3.449s] -- Up-to-date symlink: /home/booster/Workspace/robocup_demo/install/game_controller_interface/local/lib/python3.10/dist-packages/game_controller_interface/libgame_controller_interface__rosidl_generator_py.so
[3.449s] -- Up-to-date symlink: /home/booster/Workspace/robocup_demo/install/game_controller_interface/local/lib/python3.10/dist-packages/game_controller_interface/msg/__init__.py
[3.450s] -- Up-to-date symlink: /home/booster/Workspace/robocup_demo/install/game_controller_interface/local/lib/python3.10/dist-packages/game_controller_interface/msg/_game_control_data.py
[3.450s] -- Up-to-date symlink: /home/booster/Workspace/robocup_demo/install/game_controller_interface/local/lib/python3.10/dist-packages/game_controller_interface/msg/_game_control_data_s.c
[3.450s] -- Up-to-date symlink: /home/booster/Workspace/robocup_demo/install/game_controller_interface/local/lib/python3.10/dist-packages/game_controller_interface/msg/_robot_info.py
[3.450s] -- Up-to-date symlink: /home/booster/Workspace/robocup_demo/install/game_controller_interface/local/lib/python3.10/dist-packages/game_controller_interface/msg/_robot_info_s.c
[3.450s] -- Up-to-date symlink: /home/booster/Workspace/robocup_demo/install/game_controller_interface/local/lib/python3.10/dist-packages/game_controller_interface/msg/_team_info.py
[3.451s] -- Up-to-date symlink: /home/booster/Workspace/robocup_demo/install/game_controller_interface/local/lib/python3.10/dist-packages/game_controller_interface/msg/_team_info_s.c
[3.451s] -- Up-to-date symlink: /home/booster/Workspace/robocup_demo/install/game_controller_interface/local/lib/python3.10/dist-packages/game_controller_interface/game_controller_interface_s__rosidl_typesupport_fastrtps_c.cpython-310-aarch64-linux-gnu.so
[3.451s] -- Up-to-date symlink: /home/booster/Workspace/robocup_demo/install/game_controller_interface/local/lib/python3.10/dist-packages/game_controller_interface/game_controller_interface_s__rosidl_typesupport_introspection_c.cpython-310-aarch64-linux-gnu.so
[3.451s] -- Up-to-date symlink: /home/booster/Workspace/robocup_demo/install/game_controller_interface/local/lib/python3.10/dist-packages/game_controller_interface/game_controller_interface_s__rosidl_typesupport_c.cpython-310-aarch64-linux-gnu.so
[3.451s] -- Up-to-date symlink: /home/booster/Workspace/robocup_demo/install/game_controller_interface/share/game_controller_interface/msg/GameControlData.idl
[3.451s] -- Up-to-date symlink: /home/booster/Workspace/robocup_demo/install/game_controller_interface/share/game_controller_interface/msg/RobotInfo.idl
[3.451s] -- Up-to-date symlink: /home/booster/Workspace/robocup_demo/install/game_controller_interface/share/game_controller_interface/msg/TeamInfo.idl
[3.451s] -- Up-to-date symlink: /home/booster/Workspace/robocup_demo/install/game_controller_interface/share/game_controller_interface/msg/GameControlData.msg
[3.452s] -- Up-to-date symlink: /home/booster/Workspace/robocup_demo/install/game_controller_interface/share/game_controller_interface/msg/RobotInfo.msg
[3.452s] -- Up-to-date symlink: /home/booster/Workspace/robocup_demo/install/game_controller_interface/share/game_controller_interface/msg/TeamInfo.msg
[3.452s] -- Up-to-date symlink: /home/booster/Workspace/robocup_demo/install/game_controller_interface/share/ament_index/resource_index/package_run_dependencies/game_controller_interface
[3.452s] -- Up-to-date symlink: /home/booster/Workspace/robocup_demo/install/game_controller_interface/share/ament_index/resource_index/parent_prefix_path/game_controller_interface
[3.452s] -- Up-to-date symlink: /home/booster/Workspace/robocup_demo/install/game_controller_interface/share/game_controller_interface/environment/ament_prefix_path.sh
[3.453s] -- Up-to-date symlink: /home/booster/Workspace/robocup_demo/install/game_controller_interface/share/game_controller_interface/environment/ament_prefix_path.dsv
[3.453s] -- Up-to-date symlink: /home/booster/Workspace/robocup_demo/install/game_controller_interface/share/game_controller_interface/environment/path.sh
[3.453s] -- Up-to-date symlink: /home/booster/Workspace/robocup_demo/install/game_controller_interface/share/game_controller_interface/environment/path.dsv
[3.453s] -- Up-to-date symlink: /home/booster/Workspace/robocup_demo/install/game_controller_interface/share/game_controller_interface/local_setup.bash
[3.453s] -- Up-to-date symlink: /home/booster/Workspace/robocup_demo/install/game_controller_interface/share/game_controller_interface/local_setup.sh
[3.453s] -- Up-to-date symlink: /home/booster/Workspace/robocup_demo/install/game_controller_interface/share/game_controller_interface/local_setup.zsh
[3.453s] -- Up-to-date symlink: /home/booster/Workspace/robocup_demo/install/game_controller_interface/share/game_controller_interface/local_setup.dsv
[3.453s] -- Symlinking: /home/booster/Workspace/robocup_demo/install/game_controller_interface/share/game_controller_interface/package.dsv
[3.485s] -- Up-to-date symlink: /home/booster/Workspace/robocup_demo/install/game_controller_interface/share/ament_index/resource_index/packages/game_controller_interface
[3.485s] -- Up-to-date symlink: /home/booster/Workspace/robocup_demo/install/game_controller_interface/share/game_controller_interface/cmake/rosidl_cmake-extras.cmake
[3.487s] -- Up-to-date symlink: /home/booster/Workspace/robocup_demo/install/game_controller_interface/share/game_controller_interface/cmake/ament_cmake_export_include_directories-extras.cmake
[3.487s] -- Up-to-date symlink: /home/booster/Workspace/robocup_demo/install/game_controller_interface/share/game_controller_interface/cmake/ament_cmake_export_libraries-extras.cmake
[3.487s] -- Up-to-date symlink: /home/booster/Workspace/robocup_demo/install/game_controller_interface/share/game_controller_interface/cmake/ament_cmake_export_targets-extras.cmake
[3.489s] -- Up-to-date symlink: /home/booster/Workspace/robocup_demo/install/game_controller_interface/share/game_controller_interface/cmake/rosidl_cmake_export_typesupport_targets-extras.cmake
[3.489s] -- Up-to-date symlink: /home/booster/Workspace/robocup_demo/install/game_controller_interface/share/game_controller_interface/cmake/ament_cmake_export_dependencies-extras.cmake
[3.490s] -- Up-to-date symlink: /home/booster/Workspace/robocup_demo/install/game_controller_interface/share/game_controller_interface/cmake/rosidl_cmake_export_typesupport_libraries-extras.cmake
[3.490s] -- Up-to-date symlink: /home/booster/Workspace/robocup_demo/install/game_controller_interface/share/game_controller_interface/cmake/game_controller_interfaceConfig.cmake
[3.490s] -- Up-to-date symlink: /home/booster/Workspace/robocup_demo/install/game_controller_interface/share/game_controller_interface/cmake/game_controller_interfaceConfig-version.cmake
[3.492s] -- Up-to-date symlink: /home/booster/Workspace/robocup_demo/install/game_controller_interface/share/game_controller_interface/package.xml
[3.495s] -- Up-to-date: /home/booster/Workspace/robocup_demo/install/game_controller_interface/lib/libgame_controller_interface__rosidl_generator_c.so
[3.497s] -- Up-to-date: /home/booster/Workspace/robocup_demo/install/game_controller_interface/lib/libgame_controller_interface__rosidl_typesupport_fastrtps_c.so
[3.499s] -- Up-to-date: /home/booster/Workspace/robocup_demo/install/game_controller_interface/lib/libgame_controller_interface__rosidl_typesupport_fastrtps_cpp.so
[3.503s] -- Up-to-date: /home/booster/Workspace/robocup_demo/install/game_controller_interface/lib/libgame_controller_interface__rosidl_typesupport_introspection_c.so
[3.505s] -- Up-to-date: /home/booster/Workspace/robocup_demo/install/game_controller_interface/lib/libgame_controller_interface__rosidl_typesupport_c.so
[3.506s] -- Up-to-date: /home/booster/Workspace/robocup_demo/install/game_controller_interface/lib/libgame_controller_interface__rosidl_typesupport_introspection_cpp.so
[3.510s] -- Up-to-date: /home/booster/Workspace/robocup_demo/install/game_controller_interface/lib/libgame_controller_interface__rosidl_typesupport_cpp.so
[3.669s] Listing '/home/booster/Workspace/robocup_demo/install/game_controller_interface/local/lib/python3.10/dist-packages/game_controller_interface'...
[3.669s] Listing '/home/booster/Workspace/robocup_demo/install/game_controller_interface/local/lib/python3.10/dist-packages/game_controller_interface/msg'...
[3.671s] -- Up-to-date: /home/booster/Workspace/robocup_demo/install/game_controller_interface/lib/libgame_controller_interface__rosidl_generator_py.so
[3.671s] -- Up-to-date: /home/booster/Workspace/robocup_demo/install/game_controller_interface/share/game_controller_interface/cmake/export_game_controller_interface__rosidl_generator_cExport.cmake
[3.671s] -- Up-to-date: /home/booster/Workspace/robocup_demo/install/game_controller_interface/share/game_controller_interface/cmake/export_game_controller_interface__rosidl_generator_cExport-noconfig.cmake
[3.671s] -- Up-to-date: /home/booster/Workspace/robocup_demo/install/game_controller_interface/share/game_controller_interface/cmake/export_game_controller_interface__rosidl_typesupport_fastrtps_cExport.cmake
[3.671s] -- Up-to-date: /home/booster/Workspace/robocup_demo/install/game_controller_interface/share/game_controller_interface/cmake/export_game_controller_interface__rosidl_typesupport_fastrtps_cExport-noconfig.cmake
[3.671s] -- Up-to-date: /home/booster/Workspace/robocup_demo/install/game_controller_interface/share/game_controller_interface/cmake/export_game_controller_interface__rosidl_generator_cppExport.cmake
[3.671s] -- Up-to-date: /home/booster/Workspace/robocup_demo/install/game_controller_interface/share/game_controller_interface/cmake/export_game_controller_interface__rosidl_typesupport_fastrtps_cppExport.cmake
[3.672s] -- Up-to-date: /home/booster/Workspace/robocup_demo/install/game_controller_interface/share/game_controller_interface/cmake/export_game_controller_interface__rosidl_typesupport_fastrtps_cppExport-noconfig.cmake
[3.672s] -- Up-to-date: /home/booster/Workspace/robocup_demo/install/game_controller_interface/share/game_controller_interface/cmake/game_controller_interface__rosidl_typesupport_introspection_cExport.cmake
[3.672s] -- Up-to-date: /home/booster/Workspace/robocup_demo/install/game_controller_interface/share/game_controller_interface/cmake/game_controller_interface__rosidl_typesupport_introspection_cExport-noconfig.cmake
[3.672s] -- Up-to-date: /home/booster/Workspace/robocup_demo/install/game_controller_interface/share/game_controller_interface/cmake/game_controller_interface__rosidl_typesupport_cExport.cmake
[3.672s] -- Up-to-date: /home/booster/Workspace/robocup_demo/install/game_controller_interface/share/game_controller_interface/cmake/game_controller_interface__rosidl_typesupport_cExport-noconfig.cmake
[3.672s] -- Up-to-date: /home/booster/Workspace/robocup_demo/install/game_controller_interface/share/game_controller_interface/cmake/game_controller_interface__rosidl_typesupport_introspection_cppExport.cmake
[3.673s] -- Up-to-date: /home/booster/Workspace/robocup_demo/install/game_controller_interface/share/game_controller_interface/cmake/game_controller_interface__rosidl_typesupport_introspection_cppExport-noconfig.cmake
[3.673s] -- Up-to-date: /home/booster/Workspace/robocup_demo/install/game_controller_interface/share/game_controller_interface/cmake/game_controller_interface__rosidl_typesupport_cppExport.cmake
[3.673s] -- Up-to-date: /home/booster/Workspace/robocup_demo/install/game_controller_interface/share/game_controller_interface/cmake/game_controller_interface__rosidl_typesupport_cppExport-noconfig.cmake
[3.673s] -- Up-to-date: /home/booster/Workspace/robocup_demo/install/game_controller_interface/share/game_controller_interface/cmake/export_game_controller_interface__rosidl_generator_pyExport.cmake
[3.673s] -- Up-to-date: /home/booster/Workspace/robocup_demo/install/game_controller_interface/share/game_controller_interface/cmake/export_game_controller_interface__rosidl_generator_pyExport-noconfig.cmake
[3.682s] Invoked command in '/home/booster/Workspace/robocup_demo/build/game_controller_interface' returned '0': CMAKE_PREFIX_PATH=/opt/ros/humble /usr/bin/cmake --install /home/booster/Workspace/robocup_demo/build/game_controller_interface
