[0.060s] Invoking command in '/home/booster/Workspace/robocup_demo/build/vision_interface': CMAKE_PREFIX_PATH=/opt/ros/humble /usr/bin/cmake --build /home/booster/Workspace/robocup_demo/build/vision_interface -- -j5 -l5
[0.344s] [  0%] Built target vision_interface__cpp
[0.492s] [  0%] Built target ament_cmake_python_symlink_vision_interface
[0.614s] [ 12%] Built target vision_interface__rosidl_typesupport_introspection_cpp
[1.516s] running egg_info
[1.519s] writing vision_interface.egg-info/PKG-INFO
[1.521s] writing dependency_links to vision_interface.egg-info/dependency_links.txt
[1.523s] writing top-level names to vision_interface.egg-info/top_level.txt
[1.537s] reading manifest file 'vision_interface.egg-info/SOURCES.txt'
[1.540s] writing manifest file 'vision_interface.egg-info/SOURCES.txt'
[1.679s] [ 12%] Built target ament_cmake_python_build_vision_interface_egg
[1.791s] [ 23%] Built target vision_interface__rosidl_typesupport_fastrtps_cpp
[1.895s] [ 35%] Built target vision_interface__rosidl_typesupport_cpp
[2.014s] [ 47%] Built target vision_interface__rosidl_generator_c
[2.121s] [ 59%] Built target vision_interface__rosidl_typesupport_fastrtps_c
[2.211s] [ 70%] Built target vision_interface__rosidl_typesupport_c
[2.343s] [ 82%] Built target vision_interface__rosidl_typesupport_introspection_c
[2.427s] [ 82%] Built target vision_interface
[2.544s] [ 83%] Built target vision_interface__py
[2.704s] [ 94%] Built target vision_interface__rosidl_generator_py
[2.817s] [ 96%] Built target vision_interface__rosidl_typesupport_fastrtps_c__pyext
[2.933s] [ 98%] Built target vision_interface__rosidl_typesupport_c__pyext
[3.012s] [100%] Built target vision_interface__rosidl_typesupport_introspection_c__pyext
[3.047s] Invoked command in '/home/booster/Workspace/robocup_demo/build/vision_interface' returned '0': CMAKE_PREFIX_PATH=/opt/ros/humble /usr/bin/cmake --build /home/booster/Workspace/robocup_demo/build/vision_interface -- -j5 -l5
[3.062s] Invoking command in '/home/booster/Workspace/robocup_demo/build/vision_interface': CMAKE_PREFIX_PATH=/opt/ros/humble /usr/bin/cmake --install /home/booster/Workspace/robocup_demo/build/vision_interface
[3.104s] -- Install configuration: ""
[3.113s] -- Execute custom install script
[3.113s] -- Up-to-date symlink: /home/booster/Workspace/robocup_demo/install/vision_interface/share/ament_index/resource_index/rosidl_interfaces/vision_interface
[3.114s] -- Up-to-date symlink: /home/booster/Workspace/robocup_demo/install/vision_interface/include/vision_interface/vision_interface/msg/ball.h
[3.114s] -- Up-to-date symlink: /home/booster/Workspace/robocup_demo/install/vision_interface/include/vision_interface/vision_interface/msg/cal_param.h
[3.114s] -- Up-to-date symlink: /home/booster/Workspace/robocup_demo/install/vision_interface/include/vision_interface/vision_interface/msg/detail/ball__functions.h
[3.114s] -- Up-to-date symlink: /home/booster/Workspace/robocup_demo/install/vision_interface/include/vision_interface/vision_interface/msg/detail/ball__struct.h
[3.114s] -- Up-to-date symlink: /home/booster/Workspace/robocup_demo/install/vision_interface/include/vision_interface/vision_interface/msg/detail/ball__type_support.h
[3.114s] -- Up-to-date symlink: /home/booster/Workspace/robocup_demo/install/vision_interface/include/vision_interface/vision_interface/msg/detail/cal_param__functions.h
[3.114s] -- Up-to-date symlink: /home/booster/Workspace/robocup_demo/install/vision_interface/include/vision_interface/vision_interface/msg/detail/cal_param__struct.h
[3.115s] -- Up-to-date symlink: /home/booster/Workspace/robocup_demo/install/vision_interface/include/vision_interface/vision_interface/msg/detail/cal_param__type_support.h
[3.115s] -- Up-to-date symlink: /home/booster/Workspace/robocup_demo/install/vision_interface/include/vision_interface/vision_interface/msg/detail/detected_object__functions.h
[3.115s] -- Up-to-date symlink: /home/booster/Workspace/robocup_demo/install/vision_interface/include/vision_interface/vision_interface/msg/detail/detected_object__struct.h
[3.115s] -- Up-to-date symlink: /home/booster/Workspace/robocup_demo/install/vision_interface/include/vision_interface/vision_interface/msg/detail/detected_object__type_support.h
[3.115s] -- Up-to-date symlink: /home/booster/Workspace/robocup_demo/install/vision_interface/include/vision_interface/vision_interface/msg/detail/detections__functions.h
[3.115s] -- Up-to-date symlink: /home/booster/Workspace/robocup_demo/install/vision_interface/include/vision_interface/vision_interface/msg/detail/detections__struct.h
[3.115s] -- Up-to-date symlink: /home/booster/Workspace/robocup_demo/install/vision_interface/include/vision_interface/vision_interface/msg/detail/detections__type_support.h
[3.116s] -- Up-to-date symlink: /home/booster/Workspace/robocup_demo/install/vision_interface/include/vision_interface/vision_interface/msg/detail/detections_track__functions.h
[3.116s] -- Up-to-date symlink: /home/booster/Workspace/robocup_demo/install/vision_interface/include/vision_interface/vision_interface/msg/detail/detections_track__struct.h
[3.116s] -- Up-to-date symlink: /home/booster/Workspace/robocup_demo/install/vision_interface/include/vision_interface/vision_interface/msg/detail/detections_track__type_support.h
[3.116s] -- Up-to-date symlink: /home/booster/Workspace/robocup_demo/install/vision_interface/include/vision_interface/vision_interface/msg/detail/image_head_position__functions.h
[3.116s] -- Up-to-date symlink: /home/booster/Workspace/robocup_demo/install/vision_interface/include/vision_interface/vision_interface/msg/detail/image_head_position__struct.h
[3.116s] -- Up-to-date symlink: /home/booster/Workspace/robocup_demo/install/vision_interface/include/vision_interface/vision_interface/msg/detail/image_head_position__type_support.h
[3.116s] -- Up-to-date symlink: /home/booster/Workspace/robocup_demo/install/vision_interface/include/vision_interface/vision_interface/msg/detail/line_segments__functions.h
[3.116s] -- Up-to-date symlink: /home/booster/Workspace/robocup_demo/install/vision_interface/include/vision_interface/vision_interface/msg/detail/line_segments__struct.h
[3.117s] -- Up-to-date symlink: /home/booster/Workspace/robocup_demo/install/vision_interface/include/vision_interface/vision_interface/msg/detail/line_segments__type_support.h
[3.117s] -- Up-to-date symlink: /home/booster/Workspace/robocup_demo/install/vision_interface/include/vision_interface/vision_interface/msg/detail/segmentation_line__functions.h
[3.117s] -- Up-to-date symlink: /home/booster/Workspace/robocup_demo/install/vision_interface/include/vision_interface/vision_interface/msg/detail/segmentation_line__struct.h
[3.117s] -- Up-to-date symlink: /home/booster/Workspace/robocup_demo/install/vision_interface/include/vision_interface/vision_interface/msg/detail/segmentation_line__type_support.h
[3.118s] -- Up-to-date symlink: /home/booster/Workspace/robocup_demo/install/vision_interface/include/vision_interface/vision_interface/msg/detail/segmentation_point__functions.h
[3.118s] -- Up-to-date symlink: /home/booster/Workspace/robocup_demo/install/vision_interface/include/vision_interface/vision_interface/msg/detail/segmentation_point__struct.h
[3.118s] -- Up-to-date symlink: /home/booster/Workspace/robocup_demo/install/vision_interface/include/vision_interface/vision_interface/msg/detail/segmentation_point__type_support.h
[3.118s] -- Up-to-date symlink: /home/booster/Workspace/robocup_demo/install/vision_interface/include/vision_interface/vision_interface/msg/detail/segmentation_result__functions.h
[3.118s] -- Up-to-date symlink: /home/booster/Workspace/robocup_demo/install/vision_interface/include/vision_interface/vision_interface/msg/detail/segmentation_result__struct.h
[3.118s] -- Up-to-date symlink: /home/booster/Workspace/robocup_demo/install/vision_interface/include/vision_interface/vision_interface/msg/detail/segmentation_result__type_support.h
[3.118s] -- Up-to-date symlink: /home/booster/Workspace/robocup_demo/install/vision_interface/include/vision_interface/vision_interface/msg/detected_object.h
[3.118s] -- Up-to-date symlink: /home/booster/Workspace/robocup_demo/install/vision_interface/include/vision_interface/vision_interface/msg/detections.h
[3.119s] -- Up-to-date symlink: /home/booster/Workspace/robocup_demo/install/vision_interface/include/vision_interface/vision_interface/msg/detections_track.h
[3.124s] -- Up-to-date symlink: /home/booster/Workspace/robocup_demo/install/vision_interface/include/vision_interface/vision_interface/msg/image_head_position.h
[3.124s] -- Up-to-date symlink: /home/booster/Workspace/robocup_demo/install/vision_interface/include/vision_interface/vision_interface/msg/line_segments.h
[3.127s] -- Up-to-date symlink: /home/booster/Workspace/robocup_demo/install/vision_interface/include/vision_interface/vision_interface/msg/rosidl_generator_c__visibility_control.h
[3.127s] -- Up-to-date symlink: /home/booster/Workspace/robocup_demo/install/vision_interface/include/vision_interface/vision_interface/msg/segmentation_line.h
[3.128s] -- Up-to-date symlink: /home/booster/Workspace/robocup_demo/install/vision_interface/include/vision_interface/vision_interface/msg/segmentation_point.h
[3.128s] -- Up-to-date symlink: /home/booster/Workspace/robocup_demo/install/vision_interface/include/vision_interface/vision_interface/msg/segmentation_result.h
[3.128s] -- Up-to-date symlink: /home/booster/Workspace/robocup_demo/install/vision_interface/share/vision_interface/environment/library_path.sh
[3.128s] -- Up-to-date symlink: /home/booster/Workspace/robocup_demo/install/vision_interface/share/vision_interface/environment/library_path.dsv
[3.129s] -- Up-to-date symlink: /home/booster/Workspace/robocup_demo/install/vision_interface/include/vision_interface/vision_interface/msg/detail/ball__rosidl_typesupport_fastrtps_c.h
[3.129s] -- Up-to-date symlink: /home/booster/Workspace/robocup_demo/install/vision_interface/include/vision_interface/vision_interface/msg/detail/cal_param__rosidl_typesupport_fastrtps_c.h
[3.129s] -- Up-to-date symlink: /home/booster/Workspace/robocup_demo/install/vision_interface/include/vision_interface/vision_interface/msg/detail/detected_object__rosidl_typesupport_fastrtps_c.h
[3.130s] -- Up-to-date symlink: /home/booster/Workspace/robocup_demo/install/vision_interface/include/vision_interface/vision_interface/msg/detail/detections__rosidl_typesupport_fastrtps_c.h
[3.130s] -- Up-to-date symlink: /home/booster/Workspace/robocup_demo/install/vision_interface/include/vision_interface/vision_interface/msg/detail/detections_track__rosidl_typesupport_fastrtps_c.h
[3.130s] -- Up-to-date symlink: /home/booster/Workspace/robocup_demo/install/vision_interface/include/vision_interface/vision_interface/msg/detail/image_head_position__rosidl_typesupport_fastrtps_c.h
[3.130s] -- Up-to-date symlink: /home/booster/Workspace/robocup_demo/install/vision_interface/include/vision_interface/vision_interface/msg/detail/line_segments__rosidl_typesupport_fastrtps_c.h
[3.130s] -- Up-to-date symlink: /home/booster/Workspace/robocup_demo/install/vision_interface/include/vision_interface/vision_interface/msg/detail/segmentation_line__rosidl_typesupport_fastrtps_c.h
[3.130s] -- Up-to-date symlink: /home/booster/Workspace/robocup_demo/install/vision_interface/include/vision_interface/vision_interface/msg/detail/segmentation_point__rosidl_typesupport_fastrtps_c.h
[3.131s] -- Up-to-date symlink: /home/booster/Workspace/robocup_demo/install/vision_interface/include/vision_interface/vision_interface/msg/detail/segmentation_result__rosidl_typesupport_fastrtps_c.h
[3.131s] -- Up-to-date symlink: /home/booster/Workspace/robocup_demo/install/vision_interface/include/vision_interface/vision_interface/msg/rosidl_typesupport_fastrtps_c__visibility_control.h
[3.131s] -- Up-to-date symlink: /home/booster/Workspace/robocup_demo/install/vision_interface/include/vision_interface/vision_interface/msg/ball.hpp
[3.132s] -- Up-to-date symlink: /home/booster/Workspace/robocup_demo/install/vision_interface/include/vision_interface/vision_interface/msg/cal_param.hpp
[3.132s] -- Up-to-date symlink: /home/booster/Workspace/robocup_demo/install/vision_interface/include/vision_interface/vision_interface/msg/detail/ball__builder.hpp
[3.132s] -- Up-to-date symlink: /home/booster/Workspace/robocup_demo/install/vision_interface/include/vision_interface/vision_interface/msg/detail/ball__struct.hpp
[3.132s] -- Up-to-date symlink: /home/booster/Workspace/robocup_demo/install/vision_interface/include/vision_interface/vision_interface/msg/detail/ball__traits.hpp
[3.133s] -- Up-to-date symlink: /home/booster/Workspace/robocup_demo/install/vision_interface/include/vision_interface/vision_interface/msg/detail/ball__type_support.hpp
[3.133s] -- Up-to-date symlink: /home/booster/Workspace/robocup_demo/install/vision_interface/include/vision_interface/vision_interface/msg/detail/cal_param__builder.hpp
[3.133s] -- Up-to-date symlink: /home/booster/Workspace/robocup_demo/install/vision_interface/include/vision_interface/vision_interface/msg/detail/cal_param__struct.hpp
[3.134s] -- Up-to-date symlink: /home/booster/Workspace/robocup_demo/install/vision_interface/include/vision_interface/vision_interface/msg/detail/cal_param__traits.hpp
[3.134s] -- Up-to-date symlink: /home/booster/Workspace/robocup_demo/install/vision_interface/include/vision_interface/vision_interface/msg/detail/cal_param__type_support.hpp
[3.134s] -- Up-to-date symlink: /home/booster/Workspace/robocup_demo/install/vision_interface/include/vision_interface/vision_interface/msg/detail/detected_object__builder.hpp
[3.134s] -- Up-to-date symlink: /home/booster/Workspace/robocup_demo/install/vision_interface/include/vision_interface/vision_interface/msg/detail/detected_object__struct.hpp
[3.134s] -- Up-to-date symlink: /home/booster/Workspace/robocup_demo/install/vision_interface/include/vision_interface/vision_interface/msg/detail/detected_object__traits.hpp
[3.134s] -- Up-to-date symlink: /home/booster/Workspace/robocup_demo/install/vision_interface/include/vision_interface/vision_interface/msg/detail/detected_object__type_support.hpp
[3.134s] -- Up-to-date symlink: /home/booster/Workspace/robocup_demo/install/vision_interface/include/vision_interface/vision_interface/msg/detail/detections__builder.hpp
[3.135s] -- Up-to-date symlink: /home/booster/Workspace/robocup_demo/install/vision_interface/include/vision_interface/vision_interface/msg/detail/detections__struct.hpp
[3.135s] -- Up-to-date symlink: /home/booster/Workspace/robocup_demo/install/vision_interface/include/vision_interface/vision_interface/msg/detail/detections__traits.hpp
[3.135s] -- Up-to-date symlink: /home/booster/Workspace/robocup_demo/install/vision_interface/include/vision_interface/vision_interface/msg/detail/detections__type_support.hpp
[3.135s] -- Up-to-date symlink: /home/booster/Workspace/robocup_demo/install/vision_interface/include/vision_interface/vision_interface/msg/detail/detections_track__builder.hpp
[3.135s] -- Up-to-date symlink: /home/booster/Workspace/robocup_demo/install/vision_interface/include/vision_interface/vision_interface/msg/detail/detections_track__struct.hpp
[3.135s] -- Up-to-date symlink: /home/booster/Workspace/robocup_demo/install/vision_interface/include/vision_interface/vision_interface/msg/detail/detections_track__traits.hpp
[3.135s] -- Up-to-date symlink: /home/booster/Workspace/robocup_demo/install/vision_interface/include/vision_interface/vision_interface/msg/detail/detections_track__type_support.hpp
[3.136s] -- Up-to-date symlink: /home/booster/Workspace/robocup_demo/install/vision_interface/include/vision_interface/vision_interface/msg/detail/image_head_position__builder.hpp
[3.136s] -- Up-to-date symlink: /home/booster/Workspace/robocup_demo/install/vision_interface/include/vision_interface/vision_interface/msg/detail/image_head_position__struct.hpp
[3.136s] -- Up-to-date symlink: /home/booster/Workspace/robocup_demo/install/vision_interface/include/vision_interface/vision_interface/msg/detail/image_head_position__traits.hpp
[3.136s] -- Up-to-date symlink: /home/booster/Workspace/robocup_demo/install/vision_interface/include/vision_interface/vision_interface/msg/detail/image_head_position__type_support.hpp
[3.136s] -- Up-to-date symlink: /home/booster/Workspace/robocup_demo/install/vision_interface/include/vision_interface/vision_interface/msg/detail/line_segments__builder.hpp
[3.137s] -- Up-to-date symlink: /home/booster/Workspace/robocup_demo/install/vision_interface/include/vision_interface/vision_interface/msg/detail/line_segments__struct.hpp
[3.137s] -- Up-to-date symlink: /home/booster/Workspace/robocup_demo/install/vision_interface/include/vision_interface/vision_interface/msg/detail/line_segments__traits.hpp
[3.137s] -- Up-to-date symlink: /home/booster/Workspace/robocup_demo/install/vision_interface/include/vision_interface/vision_interface/msg/detail/line_segments__type_support.hpp
[3.137s] -- Up-to-date symlink: /home/booster/Workspace/robocup_demo/install/vision_interface/include/vision_interface/vision_interface/msg/detail/segmentation_line__builder.hpp
[3.137s] -- Up-to-date symlink: /home/booster/Workspace/robocup_demo/install/vision_interface/include/vision_interface/vision_interface/msg/detail/segmentation_line__struct.hpp
[3.137s] -- Up-to-date symlink: /home/booster/Workspace/robocup_demo/install/vision_interface/include/vision_interface/vision_interface/msg/detail/segmentation_line__traits.hpp
[3.138s] -- Up-to-date symlink: /home/booster/Workspace/robocup_demo/install/vision_interface/include/vision_interface/vision_interface/msg/detail/segmentation_line__type_support.hpp
[3.138s] -- Up-to-date symlink: /home/booster/Workspace/robocup_demo/install/vision_interface/include/vision_interface/vision_interface/msg/detail/segmentation_point__builder.hpp
[3.138s] -- Up-to-date symlink: /home/booster/Workspace/robocup_demo/install/vision_interface/include/vision_interface/vision_interface/msg/detail/segmentation_point__struct.hpp
[3.138s] -- Up-to-date symlink: /home/booster/Workspace/robocup_demo/install/vision_interface/include/vision_interface/vision_interface/msg/detail/segmentation_point__traits.hpp
[3.139s] -- Up-to-date symlink: /home/booster/Workspace/robocup_demo/install/vision_interface/include/vision_interface/vision_interface/msg/detail/segmentation_point__type_support.hpp
[3.139s] -- Up-to-date symlink: /home/booster/Workspace/robocup_demo/install/vision_interface/include/vision_interface/vision_interface/msg/detail/segmentation_result__builder.hpp
[3.141s] -- Up-to-date symlink: /home/booster/Workspace/robocup_demo/install/vision_interface/include/vision_interface/vision_interface/msg/detail/segmentation_result__struct.hpp
[3.142s] -- Up-to-date symlink: /home/booster/Workspace/robocup_demo/install/vision_interface/include/vision_interface/vision_interface/msg/detail/segmentation_result__traits.hpp
[3.142s] -- Up-to-date symlink: /home/booster/Workspace/robocup_demo/install/vision_interface/include/vision_interface/vision_interface/msg/detail/segmentation_result__type_support.hpp
[3.143s] -- Up-to-date symlink: /home/booster/Workspace/robocup_demo/install/vision_interface/include/vision_interface/vision_interface/msg/detected_object.hpp
[3.143s] -- Up-to-date symlink: /home/booster/Workspace/robocup_demo/install/vision_interface/include/vision_interface/vision_interface/msg/detections.hpp
[3.144s] -- Up-to-date symlink: /home/booster/Workspace/robocup_demo/install/vision_interface/include/vision_interface/vision_interface/msg/detections_track.hpp
[3.144s] -- Up-to-date symlink: /home/booster/Workspace/robocup_demo/install/vision_interface/include/vision_interface/vision_interface/msg/image_head_position.hpp
[3.144s] -- Up-to-date symlink: /home/booster/Workspace/robocup_demo/install/vision_interface/include/vision_interface/vision_interface/msg/line_segments.hpp
[3.145s] -- Up-to-date symlink: /home/booster/Workspace/robocup_demo/install/vision_interface/include/vision_interface/vision_interface/msg/rosidl_generator_cpp__visibility_control.hpp
[3.146s] -- Up-to-date symlink: /home/booster/Workspace/robocup_demo/install/vision_interface/include/vision_interface/vision_interface/msg/segmentation_line.hpp
[3.146s] -- Up-to-date symlink: /home/booster/Workspace/robocup_demo/install/vision_interface/include/vision_interface/vision_interface/msg/segmentation_point.hpp
[3.147s] -- Up-to-date symlink: /home/booster/Workspace/robocup_demo/install/vision_interface/include/vision_interface/vision_interface/msg/segmentation_result.hpp
[3.149s] -- Up-to-date symlink: /home/booster/Workspace/robocup_demo/install/vision_interface/include/vision_interface/vision_interface/msg/detail/ball__rosidl_typesupport_fastrtps_cpp.hpp
[3.149s] -- Up-to-date symlink: /home/booster/Workspace/robocup_demo/install/vision_interface/include/vision_interface/vision_interface/msg/detail/cal_param__rosidl_typesupport_fastrtps_cpp.hpp
[3.150s] -- Up-to-date symlink: /home/booster/Workspace/robocup_demo/install/vision_interface/include/vision_interface/vision_interface/msg/detail/detected_object__rosidl_typesupport_fastrtps_cpp.hpp
[3.150s] -- Up-to-date symlink: /home/booster/Workspace/robocup_demo/install/vision_interface/include/vision_interface/vision_interface/msg/detail/detections__rosidl_typesupport_fastrtps_cpp.hpp
[3.151s] -- Up-to-date symlink: /home/booster/Workspace/robocup_demo/install/vision_interface/include/vision_interface/vision_interface/msg/detail/detections_track__rosidl_typesupport_fastrtps_cpp.hpp
[3.151s] -- Up-to-date symlink: /home/booster/Workspace/robocup_demo/install/vision_interface/include/vision_interface/vision_interface/msg/detail/image_head_position__rosidl_typesupport_fastrtps_cpp.hpp
[3.152s] -- Up-to-date symlink: /home/booster/Workspace/robocup_demo/install/vision_interface/include/vision_interface/vision_interface/msg/detail/line_segments__rosidl_typesupport_fastrtps_cpp.hpp
[3.159s] -- Up-to-date symlink: /home/booster/Workspace/robocup_demo/install/vision_interface/include/vision_interface/vision_interface/msg/detail/segmentation_line__rosidl_typesupport_fastrtps_cpp.hpp
[3.159s] -- Up-to-date symlink: /home/booster/Workspace/robocup_demo/install/vision_interface/include/vision_interface/vision_interface/msg/detail/segmentation_point__rosidl_typesupport_fastrtps_cpp.hpp
[3.159s] -- Up-to-date symlink: /home/booster/Workspace/robocup_demo/install/vision_interface/include/vision_interface/vision_interface/msg/detail/segmentation_result__rosidl_typesupport_fastrtps_cpp.hpp
[3.160s] -- Up-to-date symlink: /home/booster/Workspace/robocup_demo/install/vision_interface/include/vision_interface/vision_interface/msg/rosidl_typesupport_fastrtps_cpp__visibility_control.h
[3.160s] -- Up-to-date symlink: /home/booster/Workspace/robocup_demo/install/vision_interface/include/vision_interface/vision_interface/msg/detail/ball__rosidl_typesupport_introspection_c.h
[3.161s] -- Up-to-date symlink: /home/booster/Workspace/robocup_demo/install/vision_interface/include/vision_interface/vision_interface/msg/detail/cal_param__rosidl_typesupport_introspection_c.h
[3.161s] -- Up-to-date symlink: /home/booster/Workspace/robocup_demo/install/vision_interface/include/vision_interface/vision_interface/msg/detail/detected_object__rosidl_typesupport_introspection_c.h
[3.161s] -- Up-to-date symlink: /home/booster/Workspace/robocup_demo/install/vision_interface/include/vision_interface/vision_interface/msg/detail/detections__rosidl_typesupport_introspection_c.h
[3.161s] -- Up-to-date symlink: /home/booster/Workspace/robocup_demo/install/vision_interface/include/vision_interface/vision_interface/msg/detail/detections_track__rosidl_typesupport_introspection_c.h
[3.162s] -- Up-to-date symlink: /home/booster/Workspace/robocup_demo/install/vision_interface/include/vision_interface/vision_interface/msg/detail/image_head_position__rosidl_typesupport_introspection_c.h
[3.162s] -- Up-to-date symlink: /home/booster/Workspace/robocup_demo/install/vision_interface/include/vision_interface/vision_interface/msg/detail/line_segments__rosidl_typesupport_introspection_c.h
[3.162s] -- Up-to-date symlink: /home/booster/Workspace/robocup_demo/install/vision_interface/include/vision_interface/vision_interface/msg/detail/segmentation_line__rosidl_typesupport_introspection_c.h
[3.162s] -- Up-to-date symlink: /home/booster/Workspace/robocup_demo/install/vision_interface/include/vision_interface/vision_interface/msg/detail/segmentation_point__rosidl_typesupport_introspection_c.h
[3.163s] -- Up-to-date symlink: /home/booster/Workspace/robocup_demo/install/vision_interface/include/vision_interface/vision_interface/msg/detail/segmentation_result__rosidl_typesupport_introspection_c.h
[3.163s] -- Up-to-date symlink: /home/booster/Workspace/robocup_demo/install/vision_interface/include/vision_interface/vision_interface/msg/rosidl_typesupport_introspection_c__visibility_control.h
[3.164s] -- Up-to-date symlink: /home/booster/Workspace/robocup_demo/install/vision_interface/include/vision_interface/vision_interface/msg/detail/ball__rosidl_typesupport_introspection_cpp.hpp
[3.165s] -- Up-to-date symlink: /home/booster/Workspace/robocup_demo/install/vision_interface/include/vision_interface/vision_interface/msg/detail/cal_param__rosidl_typesupport_introspection_cpp.hpp
[3.165s] -- Up-to-date symlink: /home/booster/Workspace/robocup_demo/install/vision_interface/include/vision_interface/vision_interface/msg/detail/detected_object__rosidl_typesupport_introspection_cpp.hpp
[3.165s] -- Up-to-date symlink: /home/booster/Workspace/robocup_demo/install/vision_interface/include/vision_interface/vision_interface/msg/detail/detections__rosidl_typesupport_introspection_cpp.hpp
[3.166s] -- Up-to-date symlink: /home/booster/Workspace/robocup_demo/install/vision_interface/include/vision_interface/vision_interface/msg/detail/detections_track__rosidl_typesupport_introspection_cpp.hpp
[3.166s] -- Up-to-date symlink: /home/booster/Workspace/robocup_demo/install/vision_interface/include/vision_interface/vision_interface/msg/detail/image_head_position__rosidl_typesupport_introspection_cpp.hpp
[3.167s] -- Up-to-date symlink: /home/booster/Workspace/robocup_demo/install/vision_interface/include/vision_interface/vision_interface/msg/detail/line_segments__rosidl_typesupport_introspection_cpp.hpp
[3.168s] -- Up-to-date symlink: /home/booster/Workspace/robocup_demo/install/vision_interface/include/vision_interface/vision_interface/msg/detail/segmentation_line__rosidl_typesupport_introspection_cpp.hpp
[3.169s] -- Up-to-date symlink: /home/booster/Workspace/robocup_demo/install/vision_interface/include/vision_interface/vision_interface/msg/detail/segmentation_point__rosidl_typesupport_introspection_cpp.hpp
[3.169s] -- Up-to-date symlink: /home/booster/Workspace/robocup_demo/install/vision_interface/include/vision_interface/vision_interface/msg/detail/segmentation_result__rosidl_typesupport_introspection_cpp.hpp
[3.170s] -- Up-to-date symlink: /home/booster/Workspace/robocup_demo/install/vision_interface/share/vision_interface/environment/pythonpath.sh
[3.171s] -- Up-to-date symlink: /home/booster/Workspace/robocup_demo/install/vision_interface/share/vision_interface/environment/pythonpath.dsv
[3.172s] -- Up-to-date symlink: /home/booster/Workspace/robocup_demo/install/vision_interface/local/lib/python3.10/dist-packages/vision_interface-1.0.0-py3.10.egg-info/PKG-INFO
[3.173s] -- Up-to-date symlink: /home/booster/Workspace/robocup_demo/install/vision_interface/local/lib/python3.10/dist-packages/vision_interface-1.0.0-py3.10.egg-info/SOURCES.txt
[3.173s] -- Up-to-date symlink: /home/booster/Workspace/robocup_demo/install/vision_interface/local/lib/python3.10/dist-packages/vision_interface-1.0.0-py3.10.egg-info/dependency_links.txt
[3.173s] -- Up-to-date symlink: /home/booster/Workspace/robocup_demo/install/vision_interface/local/lib/python3.10/dist-packages/vision_interface-1.0.0-py3.10.egg-info/top_level.txt
[3.176s] -- Up-to-date symlink: /home/booster/Workspace/robocup_demo/install/vision_interface/local/lib/python3.10/dist-packages/vision_interface/__init__.py
[3.177s] -- Up-to-date symlink: /home/booster/Workspace/robocup_demo/install/vision_interface/local/lib/python3.10/dist-packages/vision_interface/_vision_interface_s.ep.rosidl_typesupport_c.c
[3.177s] -- Up-to-date symlink: /home/booster/Workspace/robocup_demo/install/vision_interface/local/lib/python3.10/dist-packages/vision_interface/_vision_interface_s.ep.rosidl_typesupport_fastrtps_c.c
[3.178s] -- Up-to-date symlink: /home/booster/Workspace/robocup_demo/install/vision_interface/local/lib/python3.10/dist-packages/vision_interface/_vision_interface_s.ep.rosidl_typesupport_introspection_c.c
[3.178s] -- Up-to-date symlink: /home/booster/Workspace/robocup_demo/install/vision_interface/local/lib/python3.10/dist-packages/vision_interface/libvision_interface__rosidl_generator_py.so
[3.179s] -- Up-to-date symlink: /home/booster/Workspace/robocup_demo/install/vision_interface/local/lib/python3.10/dist-packages/vision_interface/msg/__init__.py
[3.180s] -- Up-to-date symlink: /home/booster/Workspace/robocup_demo/install/vision_interface/local/lib/python3.10/dist-packages/vision_interface/msg/_ball.py
[3.180s] -- Up-to-date symlink: /home/booster/Workspace/robocup_demo/install/vision_interface/local/lib/python3.10/dist-packages/vision_interface/msg/_ball_s.c
[3.181s] -- Up-to-date symlink: /home/booster/Workspace/robocup_demo/install/vision_interface/local/lib/python3.10/dist-packages/vision_interface/msg/_cal_param.py
[3.181s] -- Up-to-date symlink: /home/booster/Workspace/robocup_demo/install/vision_interface/local/lib/python3.10/dist-packages/vision_interface/msg/_cal_param_s.c
[3.182s] -- Up-to-date symlink: /home/booster/Workspace/robocup_demo/install/vision_interface/local/lib/python3.10/dist-packages/vision_interface/msg/_detected_object.py
[3.182s] -- Up-to-date symlink: /home/booster/Workspace/robocup_demo/install/vision_interface/local/lib/python3.10/dist-packages/vision_interface/msg/_detected_object_s.c
[3.183s] -- Up-to-date symlink: /home/booster/Workspace/robocup_demo/install/vision_interface/local/lib/python3.10/dist-packages/vision_interface/msg/_detections.py
[3.183s] -- Up-to-date symlink: /home/booster/Workspace/robocup_demo/install/vision_interface/local/lib/python3.10/dist-packages/vision_interface/msg/_detections_s.c
[3.184s] -- Up-to-date symlink: /home/booster/Workspace/robocup_demo/install/vision_interface/local/lib/python3.10/dist-packages/vision_interface/msg/_detections_track.py
[3.184s] -- Up-to-date symlink: /home/booster/Workspace/robocup_demo/install/vision_interface/local/lib/python3.10/dist-packages/vision_interface/msg/_detections_track_s.c
[3.193s] -- Up-to-date symlink: /home/booster/Workspace/robocup_demo/install/vision_interface/local/lib/python3.10/dist-packages/vision_interface/msg/_image_head_position.py
[3.195s] -- Up-to-date symlink: /home/booster/Workspace/robocup_demo/install/vision_interface/local/lib/python3.10/dist-packages/vision_interface/msg/_image_head_position_s.c
[3.195s] -- Up-to-date symlink: /home/booster/Workspace/robocup_demo/install/vision_interface/local/lib/python3.10/dist-packages/vision_interface/msg/_line_segments.py
[3.196s] -- Up-to-date symlink: /home/booster/Workspace/robocup_demo/install/vision_interface/local/lib/python3.10/dist-packages/vision_interface/msg/_line_segments_s.c
[3.197s] -- Up-to-date symlink: /home/booster/Workspace/robocup_demo/install/vision_interface/local/lib/python3.10/dist-packages/vision_interface/msg/_segmentation_line.py
[3.197s] -- Up-to-date symlink: /home/booster/Workspace/robocup_demo/install/vision_interface/local/lib/python3.10/dist-packages/vision_interface/msg/_segmentation_line_s.c
[3.197s] -- Up-to-date symlink: /home/booster/Workspace/robocup_demo/install/vision_interface/local/lib/python3.10/dist-packages/vision_interface/msg/_segmentation_point.py
[3.198s] -- Up-to-date symlink: /home/booster/Workspace/robocup_demo/install/vision_interface/local/lib/python3.10/dist-packages/vision_interface/msg/_segmentation_point_s.c
[3.198s] -- Up-to-date symlink: /home/booster/Workspace/robocup_demo/install/vision_interface/local/lib/python3.10/dist-packages/vision_interface/msg/_segmentation_result.py
[3.198s] -- Up-to-date symlink: /home/booster/Workspace/robocup_demo/install/vision_interface/local/lib/python3.10/dist-packages/vision_interface/msg/_segmentation_result_s.c
[3.199s] -- Up-to-date symlink: /home/booster/Workspace/robocup_demo/install/vision_interface/local/lib/python3.10/dist-packages/vision_interface/vision_interface_s__rosidl_typesupport_c.cpython-310-aarch64-linux-gnu.so
[3.199s] -- Up-to-date symlink: /home/booster/Workspace/robocup_demo/install/vision_interface/local/lib/python3.10/dist-packages/vision_interface/vision_interface_s__rosidl_typesupport_fastrtps_c.cpython-310-aarch64-linux-gnu.so
[3.200s] -- Up-to-date symlink: /home/booster/Workspace/robocup_demo/install/vision_interface/local/lib/python3.10/dist-packages/vision_interface/vision_interface_s__rosidl_typesupport_introspection_c.cpython-310-aarch64-linux-gnu.so
[3.201s] -- Up-to-date symlink: /home/booster/Workspace/robocup_demo/install/vision_interface/local/lib/python3.10/dist-packages/vision_interface/vision_interface_s__rosidl_typesupport_fastrtps_c.cpython-310-aarch64-linux-gnu.so
[3.201s] -- Up-to-date symlink: /home/booster/Workspace/robocup_demo/install/vision_interface/local/lib/python3.10/dist-packages/vision_interface/vision_interface_s__rosidl_typesupport_introspection_c.cpython-310-aarch64-linux-gnu.so
[3.202s] -- Up-to-date symlink: /home/booster/Workspace/robocup_demo/install/vision_interface/local/lib/python3.10/dist-packages/vision_interface/vision_interface_s__rosidl_typesupport_c.cpython-310-aarch64-linux-gnu.so
[3.202s] -- Up-to-date symlink: /home/booster/Workspace/robocup_demo/install/vision_interface/share/vision_interface/msg/DetectedObject.idl
[3.202s] -- Up-to-date symlink: /home/booster/Workspace/robocup_demo/install/vision_interface/share/vision_interface/msg/Detections.idl
[3.203s] -- Up-to-date symlink: /home/booster/Workspace/robocup_demo/install/vision_interface/share/vision_interface/msg/LineSegments.idl
[3.203s] -- Up-to-date symlink: /home/booster/Workspace/robocup_demo/install/vision_interface/share/vision_interface/msg/CalParam.idl
[3.204s] -- Up-to-date symlink: /home/booster/Workspace/robocup_demo/install/vision_interface/share/vision_interface/msg/DetectionsTrack.idl
[3.204s] -- Up-to-date symlink: /home/booster/Workspace/robocup_demo/install/vision_interface/share/vision_interface/msg/SegmentationPoint.idl
[3.205s] -- Up-to-date symlink: /home/booster/Workspace/robocup_demo/install/vision_interface/share/vision_interface/msg/SegmentationLine.idl
[3.205s] -- Up-to-date symlink: /home/booster/Workspace/robocup_demo/install/vision_interface/share/vision_interface/msg/SegmentationResult.idl
[3.206s] -- Up-to-date symlink: /home/booster/Workspace/robocup_demo/install/vision_interface/share/vision_interface/msg/ImageHeadPosition.idl
[3.207s] -- Up-to-date symlink: /home/booster/Workspace/robocup_demo/install/vision_interface/share/vision_interface/msg/Ball.idl
[3.209s] -- Up-to-date symlink: /home/booster/Workspace/robocup_demo/install/vision_interface/share/vision_interface/msg/DetectedObject.msg
[3.210s] -- Up-to-date symlink: /home/booster/Workspace/robocup_demo/install/vision_interface/share/vision_interface/msg/Detections.msg
[3.210s] -- Up-to-date symlink: /home/booster/Workspace/robocup_demo/install/vision_interface/share/vision_interface/msg/LineSegments.msg
[3.211s] -- Up-to-date symlink: /home/booster/Workspace/robocup_demo/install/vision_interface/share/vision_interface/msg/CalParam.msg
[3.211s] -- Up-to-date symlink: /home/booster/Workspace/robocup_demo/install/vision_interface/share/vision_interface/msg/DetectionsTrack.msg
[3.212s] -- Up-to-date symlink: /home/booster/Workspace/robocup_demo/install/vision_interface/share/vision_interface/msg/SegmentationPoint.msg
[3.212s] -- Up-to-date symlink: /home/booster/Workspace/robocup_demo/install/vision_interface/share/vision_interface/msg/SegmentationLine.msg
[3.213s] -- Up-to-date symlink: /home/booster/Workspace/robocup_demo/install/vision_interface/share/vision_interface/msg/SegmentationResult.msg
[3.214s] -- Up-to-date symlink: /home/booster/Workspace/robocup_demo/install/vision_interface/share/vision_interface/msg/ImageHeadPosition.msg
[3.215s] -- Up-to-date symlink: /home/booster/Workspace/robocup_demo/install/vision_interface/share/vision_interface/msg/Ball.msg
[3.216s] -- Up-to-date symlink: /home/booster/Workspace/robocup_demo/install/vision_interface/share/ament_index/resource_index/package_run_dependencies/vision_interface
[3.216s] -- Up-to-date symlink: /home/booster/Workspace/robocup_demo/install/vision_interface/share/ament_index/resource_index/parent_prefix_path/vision_interface
[3.217s] -- Up-to-date symlink: /home/booster/Workspace/robocup_demo/install/vision_interface/share/vision_interface/environment/ament_prefix_path.sh
[3.218s] -- Up-to-date symlink: /home/booster/Workspace/robocup_demo/install/vision_interface/share/vision_interface/environment/ament_prefix_path.dsv
[3.218s] -- Up-to-date symlink: /home/booster/Workspace/robocup_demo/install/vision_interface/share/vision_interface/environment/path.sh
[3.223s] -- Up-to-date symlink: /home/booster/Workspace/robocup_demo/install/vision_interface/share/vision_interface/environment/path.dsv
[3.224s] -- Up-to-date symlink: /home/booster/Workspace/robocup_demo/install/vision_interface/share/vision_interface/local_setup.bash
[3.228s] -- Up-to-date symlink: /home/booster/Workspace/robocup_demo/install/vision_interface/share/vision_interface/local_setup.sh
[3.228s] -- Up-to-date symlink: /home/booster/Workspace/robocup_demo/install/vision_interface/share/vision_interface/local_setup.zsh
[3.229s] -- Up-to-date symlink: /home/booster/Workspace/robocup_demo/install/vision_interface/share/vision_interface/local_setup.dsv
[3.230s] -- Symlinking: /home/booster/Workspace/robocup_demo/install/vision_interface/share/vision_interface/package.dsv
[3.268s] -- Up-to-date symlink: /home/booster/Workspace/robocup_demo/install/vision_interface/share/ament_index/resource_index/packages/vision_interface
[3.269s] -- Up-to-date symlink: /home/booster/Workspace/robocup_demo/install/vision_interface/share/vision_interface/cmake/rosidl_cmake-extras.cmake
[3.269s] -- Up-to-date symlink: /home/booster/Workspace/robocup_demo/install/vision_interface/share/vision_interface/cmake/ament_cmake_export_dependencies-extras.cmake
[3.270s] -- Up-to-date symlink: /home/booster/Workspace/robocup_demo/install/vision_interface/share/vision_interface/cmake/ament_cmake_export_include_directories-extras.cmake
[3.271s] -- Up-to-date symlink: /home/booster/Workspace/robocup_demo/install/vision_interface/share/vision_interface/cmake/ament_cmake_export_libraries-extras.cmake
[3.271s] -- Up-to-date symlink: /home/booster/Workspace/robocup_demo/install/vision_interface/share/vision_interface/cmake/ament_cmake_export_targets-extras.cmake
[3.272s] -- Up-to-date symlink: /home/booster/Workspace/robocup_demo/install/vision_interface/share/vision_interface/cmake/rosidl_cmake_export_typesupport_targets-extras.cmake
[3.272s] -- Up-to-date symlink: /home/booster/Workspace/robocup_demo/install/vision_interface/share/vision_interface/cmake/rosidl_cmake_export_typesupport_libraries-extras.cmake
[3.273s] -- Up-to-date symlink: /home/booster/Workspace/robocup_demo/install/vision_interface/share/vision_interface/cmake/vision_interfaceConfig.cmake
[3.273s] -- Up-to-date symlink: /home/booster/Workspace/robocup_demo/install/vision_interface/share/vision_interface/cmake/vision_interfaceConfig-version.cmake
[3.275s] -- Up-to-date symlink: /home/booster/Workspace/robocup_demo/install/vision_interface/share/vision_interface/package.xml
[3.276s] -- Up-to-date: /home/booster/Workspace/robocup_demo/install/vision_interface/lib/libvision_interface__rosidl_generator_c.so
[3.277s] -- Up-to-date: /home/booster/Workspace/robocup_demo/install/vision_interface/lib/libvision_interface__rosidl_typesupport_fastrtps_c.so
[3.278s] -- Up-to-date: /home/booster/Workspace/robocup_demo/install/vision_interface/lib/libvision_interface__rosidl_typesupport_fastrtps_cpp.so
[3.279s] -- Up-to-date: /home/booster/Workspace/robocup_demo/install/vision_interface/lib/libvision_interface__rosidl_typesupport_introspection_c.so
[3.280s] -- Up-to-date: /home/booster/Workspace/robocup_demo/install/vision_interface/lib/libvision_interface__rosidl_typesupport_c.so
[3.282s] -- Up-to-date: /home/booster/Workspace/robocup_demo/install/vision_interface/lib/libvision_interface__rosidl_typesupport_introspection_cpp.so
[3.282s] -- Up-to-date: /home/booster/Workspace/robocup_demo/install/vision_interface/lib/libvision_interface__rosidl_typesupport_cpp.so
[3.402s] Listing '/home/booster/Workspace/robocup_demo/install/vision_interface/local/lib/python3.10/dist-packages/vision_interface'...
[3.402s] Listing '/home/booster/Workspace/robocup_demo/install/vision_interface/local/lib/python3.10/dist-packages/vision_interface/msg'...
[3.452s] -- Up-to-date: /home/booster/Workspace/robocup_demo/install/vision_interface/lib/libvision_interface__rosidl_generator_py.so
[3.456s] -- Up-to-date: /home/booster/Workspace/robocup_demo/install/vision_interface/share/vision_interface/cmake/export_vision_interface__rosidl_generator_cExport.cmake
[3.457s] -- Up-to-date: /home/booster/Workspace/robocup_demo/install/vision_interface/share/vision_interface/cmake/export_vision_interface__rosidl_generator_cExport-noconfig.cmake
[3.458s] -- Up-to-date: /home/booster/Workspace/robocup_demo/install/vision_interface/share/vision_interface/cmake/export_vision_interface__rosidl_typesupport_fastrtps_cExport.cmake
[3.458s] -- Up-to-date: /home/booster/Workspace/robocup_demo/install/vision_interface/share/vision_interface/cmake/export_vision_interface__rosidl_typesupport_fastrtps_cExport-noconfig.cmake
[3.458s] -- Up-to-date: /home/booster/Workspace/robocup_demo/install/vision_interface/share/vision_interface/cmake/export_vision_interface__rosidl_generator_cppExport.cmake
[3.460s] -- Up-to-date: /home/booster/Workspace/robocup_demo/install/vision_interface/share/vision_interface/cmake/export_vision_interface__rosidl_typesupport_fastrtps_cppExport.cmake
[3.460s] -- Up-to-date: /home/booster/Workspace/robocup_demo/install/vision_interface/share/vision_interface/cmake/export_vision_interface__rosidl_typesupport_fastrtps_cppExport-noconfig.cmake
[3.468s] -- Up-to-date: /home/booster/Workspace/robocup_demo/install/vision_interface/share/vision_interface/cmake/vision_interface__rosidl_typesupport_introspection_cExport.cmake
[3.468s] -- Up-to-date: /home/booster/Workspace/robocup_demo/install/vision_interface/share/vision_interface/cmake/vision_interface__rosidl_typesupport_introspection_cExport-noconfig.cmake
[3.469s] -- Up-to-date: /home/booster/Workspace/robocup_demo/install/vision_interface/share/vision_interface/cmake/vision_interface__rosidl_typesupport_cExport.cmake
[3.469s] -- Up-to-date: /home/booster/Workspace/robocup_demo/install/vision_interface/share/vision_interface/cmake/vision_interface__rosidl_typesupport_cExport-noconfig.cmake
[3.469s] -- Up-to-date: /home/booster/Workspace/robocup_demo/install/vision_interface/share/vision_interface/cmake/vision_interface__rosidl_typesupport_introspection_cppExport.cmake
[3.469s] -- Up-to-date: /home/booster/Workspace/robocup_demo/install/vision_interface/share/vision_interface/cmake/vision_interface__rosidl_typesupport_introspection_cppExport-noconfig.cmake
[3.470s] -- Up-to-date: /home/booster/Workspace/robocup_demo/install/vision_interface/share/vision_interface/cmake/vision_interface__rosidl_typesupport_cppExport.cmake
[3.471s] -- Up-to-date: /home/booster/Workspace/robocup_demo/install/vision_interface/share/vision_interface/cmake/vision_interface__rosidl_typesupport_cppExport-noconfig.cmake
[3.471s] -- Up-to-date: /home/booster/Workspace/robocup_demo/install/vision_interface/share/vision_interface/cmake/export_vision_interface__rosidl_generator_pyExport.cmake
[3.471s] -- Up-to-date: /home/booster/Workspace/robocup_demo/install/vision_interface/share/vision_interface/cmake/export_vision_interface__rosidl_generator_pyExport-noconfig.cmake
[3.498s] Invoked command in '/home/booster/Workspace/robocup_demo/build/vision_interface' returned '0': CMAKE_PREFIX_PATH=/opt/ros/humble /usr/bin/cmake --install /home/booster/Workspace/robocup_demo/build/vision_interface
