[0.067s] Invoking command in '/home/booster/Workspace/robocup_demo/build/game_controller_interface': CMAKE_PREFIX_PATH=/opt/ros/humble /usr/bin/cmake --build /home/booster/Workspace/robocup_demo/build/game_controller_interface -- -j5 -l5
[0.273s] [  2%] Built target game_controller_interface__cpp
[0.386s] [  2%] Built target ament_cmake_python_symlink_game_controller_interface
[0.471s] [ 12%] Built target game_controller_interface__rosidl_typesupport_introspection_cpp
[0.997s] running egg_info
[0.999s] writing game_controller_interface.egg-info/PKG-INFO
[0.999s] writing dependency_links to game_controller_interface.egg-info/dependency_links.txt
[1.000s] writing top-level names to game_controller_interface.egg-info/top_level.txt
[1.004s] reading manifest file 'game_controller_interface.egg-info/SOURCES.txt'
[1.006s] writing manifest file 'game_controller_interface.egg-info/SOURCES.txt'
[1.099s] [ 12%] Built target ament_cmake_python_build_game_controller_interface_egg
[1.267s] [ 23%] Built target game_controller_interface__rosidl_typesupport_fastrtps_cpp
[1.432s] [ 34%] Built target game_controller_interface__rosidl_typesupport_cpp
[1.517s] [ 44%] Built target game_controller_interface__rosidl_generator_c
[1.583s] [ 55%] Built target game_controller_interface__rosidl_typesupport_fastrtps_c
[1.632s] [ 65%] Built target game_controller_interface__rosidl_typesupport_c
[1.706s] [ 76%] Built target game_controller_interface__rosidl_typesupport_introspection_c
[1.837s] [ 76%] Built target game_controller_interface
[1.921s] [ 78%] Built target game_controller_interface__py
[2.000s] [ 87%] Built target game_controller_interface__rosidl_generator_py
[2.095s] [ 91%] Built target game_controller_interface__rosidl_typesupport_fastrtps_c__pyext
[2.171s] [ 95%] Built target game_controller_interface__rosidl_typesupport_c__pyext
[2.265s] [100%] Built target game_controller_interface__rosidl_typesupport_introspection_c__pyext
[2.302s] Invoked command in '/home/booster/Workspace/robocup_demo/build/game_controller_interface' returned '0': CMAKE_PREFIX_PATH=/opt/ros/humble /usr/bin/cmake --build /home/booster/Workspace/robocup_demo/build/game_controller_interface -- -j5 -l5
[2.334s] Invoking command in '/home/booster/Workspace/robocup_demo/build/game_controller_interface': CMAKE_PREFIX_PATH=/opt/ros/humble /usr/bin/cmake --install /home/booster/Workspace/robocup_demo/build/game_controller_interface
[2.377s] -- Install configuration: ""
[2.380s] -- Execute custom install script
[2.382s] -- Up-to-date symlink: /home/booster/Workspace/robocup_demo/install/game_controller_interface/share/ament_index/resource_index/rosidl_interfaces/game_controller_interface
[2.384s] -- Up-to-date symlink: /home/booster/Workspace/robocup_demo/install/game_controller_interface/include/game_controller_interface/game_controller_interface/msg/detail/game_control_data__functions.h
[2.386s] -- Up-to-date symlink: /home/booster/Workspace/robocup_demo/install/game_controller_interface/include/game_controller_interface/game_controller_interface/msg/detail/game_control_data__struct.h
[2.386s] -- Up-to-date symlink: /home/booster/Workspace/robocup_demo/install/game_controller_interface/include/game_controller_interface/game_controller_interface/msg/detail/game_control_data__type_support.h
[2.386s] -- Up-to-date symlink: /home/booster/Workspace/robocup_demo/install/game_controller_interface/include/game_controller_interface/game_controller_interface/msg/detail/robot_info__functions.h
[2.388s] -- Up-to-date symlink: /home/booster/Workspace/robocup_demo/install/game_controller_interface/include/game_controller_interface/game_controller_interface/msg/detail/robot_info__struct.h
[2.390s] -- Up-to-date symlink: /home/booster/Workspace/robocup_demo/install/game_controller_interface/include/game_controller_interface/game_controller_interface/msg/detail/robot_info__type_support.h
[2.396s] -- Up-to-date symlink: /home/booster/Workspace/robocup_demo/install/game_controller_interface/include/game_controller_interface/game_controller_interface/msg/detail/team_info__functions.h
[2.397s] -- Up-to-date symlink: /home/booster/Workspace/robocup_demo/install/game_controller_interface/include/game_controller_interface/game_controller_interface/msg/detail/team_info__struct.h
[2.397s] -- Up-to-date symlink: /home/booster/Workspace/robocup_demo/install/game_controller_interface/include/game_controller_interface/game_controller_interface/msg/detail/team_info__type_support.h
[2.398s] -- Up-to-date symlink: /home/booster/Workspace/robocup_demo/install/game_controller_interface/include/game_controller_interface/game_controller_interface/msg/game_control_data.h
[2.398s] -- Up-to-date symlink: /home/booster/Workspace/robocup_demo/install/game_controller_interface/include/game_controller_interface/game_controller_interface/msg/robot_info.h
[2.398s] -- Up-to-date symlink: /home/booster/Workspace/robocup_demo/install/game_controller_interface/include/game_controller_interface/game_controller_interface/msg/rosidl_generator_c__visibility_control.h
[2.398s] -- Up-to-date symlink: /home/booster/Workspace/robocup_demo/install/game_controller_interface/include/game_controller_interface/game_controller_interface/msg/team_info.h
[2.399s] -- Up-to-date symlink: /home/booster/Workspace/robocup_demo/install/game_controller_interface/share/game_controller_interface/environment/library_path.sh
[2.400s] -- Up-to-date symlink: /home/booster/Workspace/robocup_demo/install/game_controller_interface/share/game_controller_interface/environment/library_path.dsv
[2.400s] -- Up-to-date symlink: /home/booster/Workspace/robocup_demo/install/game_controller_interface/include/game_controller_interface/game_controller_interface/msg/detail/game_control_data__rosidl_typesupport_fastrtps_c.h
[2.400s] -- Up-to-date symlink: /home/booster/Workspace/robocup_demo/install/game_controller_interface/include/game_controller_interface/game_controller_interface/msg/detail/robot_info__rosidl_typesupport_fastrtps_c.h
[2.400s] -- Up-to-date symlink: /home/booster/Workspace/robocup_demo/install/game_controller_interface/include/game_controller_interface/game_controller_interface/msg/detail/team_info__rosidl_typesupport_fastrtps_c.h
[2.400s] -- Up-to-date symlink: /home/booster/Workspace/robocup_demo/install/game_controller_interface/include/game_controller_interface/game_controller_interface/msg/rosidl_typesupport_fastrtps_c__visibility_control.h
[2.400s] -- Up-to-date symlink: /home/booster/Workspace/robocup_demo/install/game_controller_interface/include/game_controller_interface/game_controller_interface/msg/detail/game_control_data__builder.hpp
[2.402s] -- Up-to-date symlink: /home/booster/Workspace/robocup_demo/install/game_controller_interface/include/game_controller_interface/game_controller_interface/msg/detail/game_control_data__struct.hpp
[2.402s] -- Up-to-date symlink: /home/booster/Workspace/robocup_demo/install/game_controller_interface/include/game_controller_interface/game_controller_interface/msg/detail/game_control_data__traits.hpp
[2.404s] -- Up-to-date symlink: /home/booster/Workspace/robocup_demo/install/game_controller_interface/include/game_controller_interface/game_controller_interface/msg/detail/game_control_data__type_support.hpp
[2.404s] -- Up-to-date symlink: /home/booster/Workspace/robocup_demo/install/game_controller_interface/include/game_controller_interface/game_controller_interface/msg/detail/robot_info__builder.hpp
[2.404s] -- Up-to-date symlink: /home/booster/Workspace/robocup_demo/install/game_controller_interface/include/game_controller_interface/game_controller_interface/msg/detail/robot_info__struct.hpp
[2.404s] -- Up-to-date symlink: /home/booster/Workspace/robocup_demo/install/game_controller_interface/include/game_controller_interface/game_controller_interface/msg/detail/robot_info__traits.hpp
[2.404s] -- Up-to-date symlink: /home/booster/Workspace/robocup_demo/install/game_controller_interface/include/game_controller_interface/game_controller_interface/msg/detail/robot_info__type_support.hpp
[2.404s] -- Up-to-date symlink: /home/booster/Workspace/robocup_demo/install/game_controller_interface/include/game_controller_interface/game_controller_interface/msg/detail/team_info__builder.hpp
[2.406s] -- Up-to-date symlink: /home/booster/Workspace/robocup_demo/install/game_controller_interface/include/game_controller_interface/game_controller_interface/msg/detail/team_info__struct.hpp
[2.406s] -- Up-to-date symlink: /home/booster/Workspace/robocup_demo/install/game_controller_interface/include/game_controller_interface/game_controller_interface/msg/detail/team_info__traits.hpp
[2.407s] -- Up-to-date symlink: /home/booster/Workspace/robocup_demo/install/game_controller_interface/include/game_controller_interface/game_controller_interface/msg/detail/team_info__type_support.hpp
[2.408s] -- Up-to-date symlink: /home/booster/Workspace/robocup_demo/install/game_controller_interface/include/game_controller_interface/game_controller_interface/msg/game_control_data.hpp
[2.408s] -- Up-to-date symlink: /home/booster/Workspace/robocup_demo/install/game_controller_interface/include/game_controller_interface/game_controller_interface/msg/robot_info.hpp
[2.409s] -- Up-to-date symlink: /home/booster/Workspace/robocup_demo/install/game_controller_interface/include/game_controller_interface/game_controller_interface/msg/rosidl_generator_cpp__visibility_control.hpp
[2.412s] -- Up-to-date symlink: /home/booster/Workspace/robocup_demo/install/game_controller_interface/include/game_controller_interface/game_controller_interface/msg/team_info.hpp
[2.413s] -- Up-to-date symlink: /home/booster/Workspace/robocup_demo/install/game_controller_interface/include/game_controller_interface/game_controller_interface/msg/detail/game_control_data__rosidl_typesupport_fastrtps_cpp.hpp
[2.414s] -- Up-to-date symlink: /home/booster/Workspace/robocup_demo/install/game_controller_interface/include/game_controller_interface/game_controller_interface/msg/detail/robot_info__rosidl_typesupport_fastrtps_cpp.hpp
[2.415s] -- Up-to-date symlink: /home/booster/Workspace/robocup_demo/install/game_controller_interface/include/game_controller_interface/game_controller_interface/msg/detail/team_info__rosidl_typesupport_fastrtps_cpp.hpp
[2.415s] -- Up-to-date symlink: /home/booster/Workspace/robocup_demo/install/game_controller_interface/include/game_controller_interface/game_controller_interface/msg/rosidl_typesupport_fastrtps_cpp__visibility_control.h
[2.421s] -- Up-to-date symlink: /home/booster/Workspace/robocup_demo/install/game_controller_interface/include/game_controller_interface/game_controller_interface/msg/detail/game_control_data__rosidl_typesupport_introspection_c.h
[2.442s] -- Up-to-date symlink: /home/booster/Workspace/robocup_demo/install/game_controller_interface/include/game_controller_interface/game_controller_interface/msg/detail/robot_info__rosidl_typesupport_introspection_c.h
[2.442s] -- Up-to-date symlink: /home/booster/Workspace/robocup_demo/install/game_controller_interface/include/game_controller_interface/game_controller_interface/msg/detail/team_info__rosidl_typesupport_introspection_c.h
[2.443s] -- Up-to-date symlink: /home/booster/Workspace/robocup_demo/install/game_controller_interface/include/game_controller_interface/game_controller_interface/msg/rosidl_typesupport_introspection_c__visibility_control.h
[2.443s] -- Up-to-date symlink: /home/booster/Workspace/robocup_demo/install/game_controller_interface/include/game_controller_interface/game_controller_interface/msg/detail/game_control_data__rosidl_typesupport_introspection_cpp.hpp
[2.443s] -- Up-to-date symlink: /home/booster/Workspace/robocup_demo/install/game_controller_interface/include/game_controller_interface/game_controller_interface/msg/detail/robot_info__rosidl_typesupport_introspection_cpp.hpp
[2.443s] -- Up-to-date symlink: /home/booster/Workspace/robocup_demo/install/game_controller_interface/include/game_controller_interface/game_controller_interface/msg/detail/team_info__rosidl_typesupport_introspection_cpp.hpp
[2.444s] -- Up-to-date symlink: /home/booster/Workspace/robocup_demo/install/game_controller_interface/share/game_controller_interface/environment/pythonpath.sh
[2.444s] -- Up-to-date symlink: /home/booster/Workspace/robocup_demo/install/game_controller_interface/share/game_controller_interface/environment/pythonpath.dsv
[2.444s] -- Up-to-date symlink: /home/booster/Workspace/robocup_demo/install/game_controller_interface/local/lib/python3.10/dist-packages/game_controller_interface-1.0.0-py3.10.egg-info/PKG-INFO
[2.444s] -- Up-to-date symlink: /home/booster/Workspace/robocup_demo/install/game_controller_interface/local/lib/python3.10/dist-packages/game_controller_interface-1.0.0-py3.10.egg-info/SOURCES.txt
[2.444s] -- Up-to-date symlink: /home/booster/Workspace/robocup_demo/install/game_controller_interface/local/lib/python3.10/dist-packages/game_controller_interface-1.0.0-py3.10.egg-info/dependency_links.txt
[2.445s] -- Up-to-date symlink: /home/booster/Workspace/robocup_demo/install/game_controller_interface/local/lib/python3.10/dist-packages/game_controller_interface-1.0.0-py3.10.egg-info/top_level.txt
[2.445s] -- Up-to-date symlink: /home/booster/Workspace/robocup_demo/install/game_controller_interface/local/lib/python3.10/dist-packages/game_controller_interface/__init__.py
[2.445s] -- Up-to-date symlink: /home/booster/Workspace/robocup_demo/install/game_controller_interface/local/lib/python3.10/dist-packages/game_controller_interface/_game_controller_interface_s.ep.rosidl_typesupport_c.c
[2.445s] -- Up-to-date symlink: /home/booster/Workspace/robocup_demo/install/game_controller_interface/local/lib/python3.10/dist-packages/game_controller_interface/_game_controller_interface_s.ep.rosidl_typesupport_fastrtps_c.c
[2.445s] -- Up-to-date symlink: /home/booster/Workspace/robocup_demo/install/game_controller_interface/local/lib/python3.10/dist-packages/game_controller_interface/_game_controller_interface_s.ep.rosidl_typesupport_introspection_c.c
[2.445s] -- Up-to-date symlink: /home/booster/Workspace/robocup_demo/install/game_controller_interface/local/lib/python3.10/dist-packages/game_controller_interface/game_controller_interface_s__rosidl_typesupport_c.cpython-310-aarch64-linux-gnu.so
[2.446s] -- Up-to-date symlink: /home/booster/Workspace/robocup_demo/install/game_controller_interface/local/lib/python3.10/dist-packages/game_controller_interface/game_controller_interface_s__rosidl_typesupport_fastrtps_c.cpython-310-aarch64-linux-gnu.so
[2.446s] -- Up-to-date symlink: /home/booster/Workspace/robocup_demo/install/game_controller_interface/local/lib/python3.10/dist-packages/game_controller_interface/game_controller_interface_s__rosidl_typesupport_introspection_c.cpython-310-aarch64-linux-gnu.so
[2.450s] -- Up-to-date symlink: /home/booster/Workspace/robocup_demo/install/game_controller_interface/local/lib/python3.10/dist-packages/game_controller_interface/libgame_controller_interface__rosidl_generator_py.so
[2.451s] -- Up-to-date symlink: /home/booster/Workspace/robocup_demo/install/game_controller_interface/local/lib/python3.10/dist-packages/game_controller_interface/msg/__init__.py
[2.451s] -- Up-to-date symlink: /home/booster/Workspace/robocup_demo/install/game_controller_interface/local/lib/python3.10/dist-packages/game_controller_interface/msg/_game_control_data.py
[2.451s] -- Up-to-date symlink: /home/booster/Workspace/robocup_demo/install/game_controller_interface/local/lib/python3.10/dist-packages/game_controller_interface/msg/_game_control_data_s.c
[2.452s] -- Up-to-date symlink: /home/booster/Workspace/robocup_demo/install/game_controller_interface/local/lib/python3.10/dist-packages/game_controller_interface/msg/_robot_info.py
[2.454s] -- Up-to-date symlink: /home/booster/Workspace/robocup_demo/install/game_controller_interface/local/lib/python3.10/dist-packages/game_controller_interface/msg/_robot_info_s.c
[2.456s] -- Up-to-date symlink: /home/booster/Workspace/robocup_demo/install/game_controller_interface/local/lib/python3.10/dist-packages/game_controller_interface/msg/_team_info.py
[2.456s] -- Up-to-date symlink: /home/booster/Workspace/robocup_demo/install/game_controller_interface/local/lib/python3.10/dist-packages/game_controller_interface/msg/_team_info_s.c
[2.460s] -- Up-to-date symlink: /home/booster/Workspace/robocup_demo/install/game_controller_interface/local/lib/python3.10/dist-packages/game_controller_interface/game_controller_interface_s__rosidl_typesupport_fastrtps_c.cpython-310-aarch64-linux-gnu.so
[2.463s] -- Up-to-date symlink: /home/booster/Workspace/robocup_demo/install/game_controller_interface/local/lib/python3.10/dist-packages/game_controller_interface/game_controller_interface_s__rosidl_typesupport_introspection_c.cpython-310-aarch64-linux-gnu.so
[2.466s] -- Up-to-date symlink: /home/booster/Workspace/robocup_demo/install/game_controller_interface/local/lib/python3.10/dist-packages/game_controller_interface/game_controller_interface_s__rosidl_typesupport_c.cpython-310-aarch64-linux-gnu.so
[2.467s] -- Up-to-date symlink: /home/booster/Workspace/robocup_demo/install/game_controller_interface/share/game_controller_interface/msg/GameControlData.idl
[2.467s] -- Up-to-date symlink: /home/booster/Workspace/robocup_demo/install/game_controller_interface/share/game_controller_interface/msg/RobotInfo.idl
[2.470s] -- Up-to-date symlink: /home/booster/Workspace/robocup_demo/install/game_controller_interface/share/game_controller_interface/msg/TeamInfo.idl
[2.471s] -- Up-to-date symlink: /home/booster/Workspace/robocup_demo/install/game_controller_interface/share/game_controller_interface/msg/GameControlData.msg
[2.472s] -- Up-to-date symlink: /home/booster/Workspace/robocup_demo/install/game_controller_interface/share/game_controller_interface/msg/RobotInfo.msg
[2.472s] -- Up-to-date symlink: /home/booster/Workspace/robocup_demo/install/game_controller_interface/share/game_controller_interface/msg/TeamInfo.msg
[2.472s] -- Up-to-date symlink: /home/booster/Workspace/robocup_demo/install/game_controller_interface/share/ament_index/resource_index/package_run_dependencies/game_controller_interface
[2.472s] -- Up-to-date symlink: /home/booster/Workspace/robocup_demo/install/game_controller_interface/share/ament_index/resource_index/parent_prefix_path/game_controller_interface
[2.475s] -- Up-to-date symlink: /home/booster/Workspace/robocup_demo/install/game_controller_interface/share/game_controller_interface/environment/ament_prefix_path.sh
[2.476s] -- Up-to-date symlink: /home/booster/Workspace/robocup_demo/install/game_controller_interface/share/game_controller_interface/environment/ament_prefix_path.dsv
[2.479s] -- Up-to-date symlink: /home/booster/Workspace/robocup_demo/install/game_controller_interface/share/game_controller_interface/environment/path.sh
[2.480s] -- Up-to-date symlink: /home/booster/Workspace/robocup_demo/install/game_controller_interface/share/game_controller_interface/environment/path.dsv
[2.480s] -- Up-to-date symlink: /home/booster/Workspace/robocup_demo/install/game_controller_interface/share/game_controller_interface/local_setup.bash
[2.480s] -- Up-to-date symlink: /home/booster/Workspace/robocup_demo/install/game_controller_interface/share/game_controller_interface/local_setup.sh
[2.484s] -- Up-to-date symlink: /home/booster/Workspace/robocup_demo/install/game_controller_interface/share/game_controller_interface/local_setup.zsh
[2.486s] -- Up-to-date symlink: /home/booster/Workspace/robocup_demo/install/game_controller_interface/share/game_controller_interface/local_setup.dsv
[2.487s] -- Symlinking: /home/booster/Workspace/robocup_demo/install/game_controller_interface/share/game_controller_interface/package.dsv
[2.528s] -- Up-to-date symlink: /home/booster/Workspace/robocup_demo/install/game_controller_interface/share/ament_index/resource_index/packages/game_controller_interface
[2.529s] -- Up-to-date symlink: /home/booster/Workspace/robocup_demo/install/game_controller_interface/share/game_controller_interface/cmake/rosidl_cmake-extras.cmake
[2.529s] -- Up-to-date symlink: /home/booster/Workspace/robocup_demo/install/game_controller_interface/share/game_controller_interface/cmake/ament_cmake_export_include_directories-extras.cmake
[2.529s] -- Up-to-date symlink: /home/booster/Workspace/robocup_demo/install/game_controller_interface/share/game_controller_interface/cmake/ament_cmake_export_libraries-extras.cmake
[2.530s] -- Up-to-date symlink: /home/booster/Workspace/robocup_demo/install/game_controller_interface/share/game_controller_interface/cmake/ament_cmake_export_targets-extras.cmake
[2.530s] -- Up-to-date symlink: /home/booster/Workspace/robocup_demo/install/game_controller_interface/share/game_controller_interface/cmake/rosidl_cmake_export_typesupport_targets-extras.cmake
[2.531s] -- Up-to-date symlink: /home/booster/Workspace/robocup_demo/install/game_controller_interface/share/game_controller_interface/cmake/ament_cmake_export_dependencies-extras.cmake
[2.531s] -- Up-to-date symlink: /home/booster/Workspace/robocup_demo/install/game_controller_interface/share/game_controller_interface/cmake/rosidl_cmake_export_typesupport_libraries-extras.cmake
[2.531s] -- Up-to-date symlink: /home/booster/Workspace/robocup_demo/install/game_controller_interface/share/game_controller_interface/cmake/game_controller_interfaceConfig.cmake
[2.531s] -- Up-to-date symlink: /home/booster/Workspace/robocup_demo/install/game_controller_interface/share/game_controller_interface/cmake/game_controller_interfaceConfig-version.cmake
[2.531s] -- Up-to-date symlink: /home/booster/Workspace/robocup_demo/install/game_controller_interface/share/game_controller_interface/package.xml
[2.532s] -- Up-to-date: /home/booster/Workspace/robocup_demo/install/game_controller_interface/lib/libgame_controller_interface__rosidl_generator_c.so
[2.532s] -- Up-to-date: /home/booster/Workspace/robocup_demo/install/game_controller_interface/lib/libgame_controller_interface__rosidl_typesupport_fastrtps_c.so
[2.533s] -- Up-to-date: /home/booster/Workspace/robocup_demo/install/game_controller_interface/lib/libgame_controller_interface__rosidl_typesupport_fastrtps_cpp.so
[2.533s] -- Up-to-date: /home/booster/Workspace/robocup_demo/install/game_controller_interface/lib/libgame_controller_interface__rosidl_typesupport_introspection_c.so
[2.533s] -- Up-to-date: /home/booster/Workspace/robocup_demo/install/game_controller_interface/lib/libgame_controller_interface__rosidl_typesupport_c.so
[2.533s] -- Up-to-date: /home/booster/Workspace/robocup_demo/install/game_controller_interface/lib/libgame_controller_interface__rosidl_typesupport_introspection_cpp.so
[2.534s] -- Up-to-date: /home/booster/Workspace/robocup_demo/install/game_controller_interface/lib/libgame_controller_interface__rosidl_typesupport_cpp.so
[2.623s] Listing '/home/booster/Workspace/robocup_demo/install/game_controller_interface/local/lib/python3.10/dist-packages/game_controller_interface'...
[2.623s] Listing '/home/booster/Workspace/robocup_demo/install/game_controller_interface/local/lib/python3.10/dist-packages/game_controller_interface/msg'...
[2.653s] -- Up-to-date: /home/booster/Workspace/robocup_demo/install/game_controller_interface/lib/libgame_controller_interface__rosidl_generator_py.so
[2.654s] -- Up-to-date: /home/booster/Workspace/robocup_demo/install/game_controller_interface/share/game_controller_interface/cmake/export_game_controller_interface__rosidl_generator_cExport.cmake
[2.655s] -- Up-to-date: /home/booster/Workspace/robocup_demo/install/game_controller_interface/share/game_controller_interface/cmake/export_game_controller_interface__rosidl_generator_cExport-noconfig.cmake
[2.655s] -- Up-to-date: /home/booster/Workspace/robocup_demo/install/game_controller_interface/share/game_controller_interface/cmake/export_game_controller_interface__rosidl_typesupport_fastrtps_cExport.cmake
[2.655s] -- Up-to-date: /home/booster/Workspace/robocup_demo/install/game_controller_interface/share/game_controller_interface/cmake/export_game_controller_interface__rosidl_typesupport_fastrtps_cExport-noconfig.cmake
[2.655s] -- Up-to-date: /home/booster/Workspace/robocup_demo/install/game_controller_interface/share/game_controller_interface/cmake/export_game_controller_interface__rosidl_generator_cppExport.cmake
[2.655s] -- Up-to-date: /home/booster/Workspace/robocup_demo/install/game_controller_interface/share/game_controller_interface/cmake/export_game_controller_interface__rosidl_typesupport_fastrtps_cppExport.cmake
[2.656s] -- Up-to-date: /home/booster/Workspace/robocup_demo/install/game_controller_interface/share/game_controller_interface/cmake/export_game_controller_interface__rosidl_typesupport_fastrtps_cppExport-noconfig.cmake
[2.656s] -- Up-to-date: /home/booster/Workspace/robocup_demo/install/game_controller_interface/share/game_controller_interface/cmake/game_controller_interface__rosidl_typesupport_introspection_cExport.cmake
[2.656s] -- Up-to-date: /home/booster/Workspace/robocup_demo/install/game_controller_interface/share/game_controller_interface/cmake/game_controller_interface__rosidl_typesupport_introspection_cExport-noconfig.cmake
[2.657s] -- Up-to-date: /home/booster/Workspace/robocup_demo/install/game_controller_interface/share/game_controller_interface/cmake/game_controller_interface__rosidl_typesupport_cExport.cmake
[2.657s] -- Up-to-date: /home/booster/Workspace/robocup_demo/install/game_controller_interface/share/game_controller_interface/cmake/game_controller_interface__rosidl_typesupport_cExport-noconfig.cmake
[2.657s] -- Up-to-date: /home/booster/Workspace/robocup_demo/install/game_controller_interface/share/game_controller_interface/cmake/game_controller_interface__rosidl_typesupport_introspection_cppExport.cmake
[2.657s] -- Up-to-date: /home/booster/Workspace/robocup_demo/install/game_controller_interface/share/game_controller_interface/cmake/game_controller_interface__rosidl_typesupport_introspection_cppExport-noconfig.cmake
[2.657s] -- Up-to-date: /home/booster/Workspace/robocup_demo/install/game_controller_interface/share/game_controller_interface/cmake/game_controller_interface__rosidl_typesupport_cppExport.cmake
[2.658s] -- Up-to-date: /home/booster/Workspace/robocup_demo/install/game_controller_interface/share/game_controller_interface/cmake/game_controller_interface__rosidl_typesupport_cppExport-noconfig.cmake
[2.659s] -- Up-to-date: /home/booster/Workspace/robocup_demo/install/game_controller_interface/share/game_controller_interface/cmake/export_game_controller_interface__rosidl_generator_pyExport.cmake
[2.659s] -- Up-to-date: /home/booster/Workspace/robocup_demo/install/game_controller_interface/share/game_controller_interface/cmake/export_game_controller_interface__rosidl_generator_pyExport-noconfig.cmake
[2.673s] Invoked command in '/home/booster/Workspace/robocup_demo/build/game_controller_interface' returned '0': CMAKE_PREFIX_PATH=/opt/ros/humble /usr/bin/cmake --install /home/booster/Workspace/robocup_demo/build/game_controller_interface
