[0.169s] Invoking command in '/home/booster/Workspace/robocup_demo/build/vision_interface': CMAKE_PREFIX_PATH=/opt/ros/humble /usr/bin/cmake --build /home/booster/Workspace/robocup_demo/build/vision_interface -- -j5 -l5
[0.451s] [  0%] Built target vision_interface__cpp
[0.675s] [  0%] Built target ament_cmake_python_symlink_vision_interface
[0.864s] [ 12%] Built target vision_interface__rosidl_typesupport_introspection_cpp
[2.645s] running egg_info
[2.647s] writing vision_interface.egg-info/PKG-INFO
[2.649s] writing dependency_links to vision_interface.egg-info/dependency_links.txt
[2.649s] writing top-level names to vision_interface.egg-info/top_level.txt
[2.656s] reading manifest file 'vision_interface.egg-info/SOURCES.txt'
[2.658s] writing manifest file 'vision_interface.egg-info/SOURCES.txt'
[2.795s] [ 12%] Built target ament_cmake_python_build_vision_interface_egg
[2.917s] [ 23%] Built target vision_interface__rosidl_typesupport_fastrtps_cpp
[3.024s] [ 35%] Built target vision_interface__rosidl_typesupport_cpp
[3.118s] [ 47%] Built target vision_interface__rosidl_generator_c
[3.230s] [ 59%] Built target vision_interface__rosidl_typesupport_fastrtps_c
[3.332s] [ 70%] Built target vision_interface__rosidl_typesupport_c
[3.441s] [ 82%] Built target vision_interface__rosidl_typesupport_introspection_c
[3.582s] [ 82%] Built target vision_interface
[3.691s] [ 83%] Built target vision_interface__py
[3.826s] [ 94%] Built target vision_interface__rosidl_generator_py
[3.920s] [ 96%] Built target vision_interface__rosidl_typesupport_fastrtps_c__pyext
[4.014s] [ 98%] Built target vision_interface__rosidl_typesupport_c__pyext
[4.098s] [100%] Built target vision_interface__rosidl_typesupport_introspection_c__pyext
[4.175s] Invoked command in '/home/booster/Workspace/robocup_demo/build/vision_interface' returned '0': CMAKE_PREFIX_PATH=/opt/ros/humble /usr/bin/cmake --build /home/booster/Workspace/robocup_demo/build/vision_interface -- -j5 -l5
[4.176s] Invoking command in '/home/booster/Workspace/robocup_demo/build/vision_interface': CMAKE_PREFIX_PATH=/opt/ros/humble /usr/bin/cmake --install /home/booster/Workspace/robocup_demo/build/vision_interface
[4.322s] -- Install configuration: ""
[4.323s] -- Execute custom install script
[4.324s] -- Up-to-date symlink: /home/booster/Workspace/robocup_demo/install/vision_interface/share/ament_index/resource_index/rosidl_interfaces/vision_interface
[4.324s] -- Up-to-date symlink: /home/booster/Workspace/robocup_demo/install/vision_interface/include/vision_interface/vision_interface/msg/ball.h
[4.324s] -- Up-to-date symlink: /home/booster/Workspace/robocup_demo/install/vision_interface/include/vision_interface/vision_interface/msg/cal_param.h
[4.324s] -- Up-to-date symlink: /home/booster/Workspace/robocup_demo/install/vision_interface/include/vision_interface/vision_interface/msg/detail/ball__functions.h
[4.324s] -- Up-to-date symlink: /home/booster/Workspace/robocup_demo/install/vision_interface/include/vision_interface/vision_interface/msg/detail/ball__struct.h
[4.325s] -- Up-to-date symlink: /home/booster/Workspace/robocup_demo/install/vision_interface/include/vision_interface/vision_interface/msg/detail/ball__type_support.h
[4.325s] -- Up-to-date symlink: /home/booster/Workspace/robocup_demo/install/vision_interface/include/vision_interface/vision_interface/msg/detail/cal_param__functions.h
[4.325s] -- Up-to-date symlink: /home/booster/Workspace/robocup_demo/install/vision_interface/include/vision_interface/vision_interface/msg/detail/cal_param__struct.h
[4.325s] -- Up-to-date symlink: /home/booster/Workspace/robocup_demo/install/vision_interface/include/vision_interface/vision_interface/msg/detail/cal_param__type_support.h
[4.325s] -- Up-to-date symlink: /home/booster/Workspace/robocup_demo/install/vision_interface/include/vision_interface/vision_interface/msg/detail/detected_object__functions.h
[4.325s] -- Up-to-date symlink: /home/booster/Workspace/robocup_demo/install/vision_interface/include/vision_interface/vision_interface/msg/detail/detected_object__struct.h
[4.325s] -- Up-to-date symlink: /home/booster/Workspace/robocup_demo/install/vision_interface/include/vision_interface/vision_interface/msg/detail/detected_object__type_support.h
[4.325s] -- Up-to-date symlink: /home/booster/Workspace/robocup_demo/install/vision_interface/include/vision_interface/vision_interface/msg/detail/detections__functions.h
[4.326s] -- Up-to-date symlink: /home/booster/Workspace/robocup_demo/install/vision_interface/include/vision_interface/vision_interface/msg/detail/detections__struct.h
[4.326s] -- Up-to-date symlink: /home/booster/Workspace/robocup_demo/install/vision_interface/include/vision_interface/vision_interface/msg/detail/detections__type_support.h
[4.326s] -- Up-to-date symlink: /home/booster/Workspace/robocup_demo/install/vision_interface/include/vision_interface/vision_interface/msg/detail/detections_track__functions.h
[4.326s] -- Up-to-date symlink: /home/booster/Workspace/robocup_demo/install/vision_interface/include/vision_interface/vision_interface/msg/detail/detections_track__struct.h
[4.326s] -- Up-to-date symlink: /home/booster/Workspace/robocup_demo/install/vision_interface/include/vision_interface/vision_interface/msg/detail/detections_track__type_support.h
[4.326s] -- Up-to-date symlink: /home/booster/Workspace/robocup_demo/install/vision_interface/include/vision_interface/vision_interface/msg/detail/image_head_position__functions.h
[4.326s] -- Up-to-date symlink: /home/booster/Workspace/robocup_demo/install/vision_interface/include/vision_interface/vision_interface/msg/detail/image_head_position__struct.h
[4.327s] -- Up-to-date symlink: /home/booster/Workspace/robocup_demo/install/vision_interface/include/vision_interface/vision_interface/msg/detail/image_head_position__type_support.h
[4.327s] -- Up-to-date symlink: /home/booster/Workspace/robocup_demo/install/vision_interface/include/vision_interface/vision_interface/msg/detail/line_segments__functions.h
[4.327s] -- Up-to-date symlink: /home/booster/Workspace/robocup_demo/install/vision_interface/include/vision_interface/vision_interface/msg/detail/line_segments__struct.h
[4.327s] -- Up-to-date symlink: /home/booster/Workspace/robocup_demo/install/vision_interface/include/vision_interface/vision_interface/msg/detail/line_segments__type_support.h
[4.327s] -- Up-to-date symlink: /home/booster/Workspace/robocup_demo/install/vision_interface/include/vision_interface/vision_interface/msg/detail/segmentation_line__functions.h
[4.327s] -- Up-to-date symlink: /home/booster/Workspace/robocup_demo/install/vision_interface/include/vision_interface/vision_interface/msg/detail/segmentation_line__struct.h
[4.327s] -- Up-to-date symlink: /home/booster/Workspace/robocup_demo/install/vision_interface/include/vision_interface/vision_interface/msg/detail/segmentation_line__type_support.h
[4.327s] -- Up-to-date symlink: /home/booster/Workspace/robocup_demo/install/vision_interface/include/vision_interface/vision_interface/msg/detail/segmentation_point__functions.h
[4.327s] -- Up-to-date symlink: /home/booster/Workspace/robocup_demo/install/vision_interface/include/vision_interface/vision_interface/msg/detail/segmentation_point__struct.h
[4.328s] -- Up-to-date symlink: /home/booster/Workspace/robocup_demo/install/vision_interface/include/vision_interface/vision_interface/msg/detail/segmentation_point__type_support.h
[4.328s] -- Up-to-date symlink: /home/booster/Workspace/robocup_demo/install/vision_interface/include/vision_interface/vision_interface/msg/detail/segmentation_result__functions.h
[4.328s] -- Up-to-date symlink: /home/booster/Workspace/robocup_demo/install/vision_interface/include/vision_interface/vision_interface/msg/detail/segmentation_result__struct.h
[4.328s] -- Up-to-date symlink: /home/booster/Workspace/robocup_demo/install/vision_interface/include/vision_interface/vision_interface/msg/detail/segmentation_result__type_support.h
[4.328s] -- Up-to-date symlink: /home/booster/Workspace/robocup_demo/install/vision_interface/include/vision_interface/vision_interface/msg/detected_object.h
[4.328s] -- Up-to-date symlink: /home/booster/Workspace/robocup_demo/install/vision_interface/include/vision_interface/vision_interface/msg/detections.h
[4.328s] -- Up-to-date symlink: /home/booster/Workspace/robocup_demo/install/vision_interface/include/vision_interface/vision_interface/msg/detections_track.h
[4.329s] -- Up-to-date symlink: /home/booster/Workspace/robocup_demo/install/vision_interface/include/vision_interface/vision_interface/msg/image_head_position.h
[4.329s] -- Up-to-date symlink: /home/booster/Workspace/robocup_demo/install/vision_interface/include/vision_interface/vision_interface/msg/line_segments.h
[4.329s] -- Up-to-date symlink: /home/booster/Workspace/robocup_demo/install/vision_interface/include/vision_interface/vision_interface/msg/rosidl_generator_c__visibility_control.h
[4.329s] -- Up-to-date symlink: /home/booster/Workspace/robocup_demo/install/vision_interface/include/vision_interface/vision_interface/msg/segmentation_line.h
[4.329s] -- Up-to-date symlink: /home/booster/Workspace/robocup_demo/install/vision_interface/include/vision_interface/vision_interface/msg/segmentation_point.h
[4.329s] -- Up-to-date symlink: /home/booster/Workspace/robocup_demo/install/vision_interface/include/vision_interface/vision_interface/msg/segmentation_result.h
[4.330s] -- Up-to-date symlink: /home/booster/Workspace/robocup_demo/install/vision_interface/share/vision_interface/environment/library_path.sh
[4.330s] -- Up-to-date symlink: /home/booster/Workspace/robocup_demo/install/vision_interface/share/vision_interface/environment/library_path.dsv
[4.330s] -- Up-to-date symlink: /home/booster/Workspace/robocup_demo/install/vision_interface/include/vision_interface/vision_interface/msg/detail/ball__rosidl_typesupport_fastrtps_c.h
[4.330s] -- Up-to-date symlink: /home/booster/Workspace/robocup_demo/install/vision_interface/include/vision_interface/vision_interface/msg/detail/cal_param__rosidl_typesupport_fastrtps_c.h
[4.330s] -- Up-to-date symlink: /home/booster/Workspace/robocup_demo/install/vision_interface/include/vision_interface/vision_interface/msg/detail/detected_object__rosidl_typesupport_fastrtps_c.h
[4.330s] -- Up-to-date symlink: /home/booster/Workspace/robocup_demo/install/vision_interface/include/vision_interface/vision_interface/msg/detail/detections__rosidl_typesupport_fastrtps_c.h
[4.330s] -- Up-to-date symlink: /home/booster/Workspace/robocup_demo/install/vision_interface/include/vision_interface/vision_interface/msg/detail/detections_track__rosidl_typesupport_fastrtps_c.h
[4.330s] -- Up-to-date symlink: /home/booster/Workspace/robocup_demo/install/vision_interface/include/vision_interface/vision_interface/msg/detail/image_head_position__rosidl_typesupport_fastrtps_c.h
[4.331s] -- Up-to-date symlink: /home/booster/Workspace/robocup_demo/install/vision_interface/include/vision_interface/vision_interface/msg/detail/line_segments__rosidl_typesupport_fastrtps_c.h
[4.331s] -- Up-to-date symlink: /home/booster/Workspace/robocup_demo/install/vision_interface/include/vision_interface/vision_interface/msg/detail/segmentation_line__rosidl_typesupport_fastrtps_c.h
[4.331s] -- Up-to-date symlink: /home/booster/Workspace/robocup_demo/install/vision_interface/include/vision_interface/vision_interface/msg/detail/segmentation_point__rosidl_typesupport_fastrtps_c.h
[4.331s] -- Up-to-date symlink: /home/booster/Workspace/robocup_demo/install/vision_interface/include/vision_interface/vision_interface/msg/detail/segmentation_result__rosidl_typesupport_fastrtps_c.h
[4.335s] -- Up-to-date symlink: /home/booster/Workspace/robocup_demo/install/vision_interface/include/vision_interface/vision_interface/msg/rosidl_typesupport_fastrtps_c__visibility_control.h
[4.338s] -- Up-to-date symlink: /home/booster/Workspace/robocup_demo/install/vision_interface/include/vision_interface/vision_interface/msg/ball.hpp
[4.339s] -- Up-to-date symlink: /home/booster/Workspace/robocup_demo/install/vision_interface/include/vision_interface/vision_interface/msg/cal_param.hpp
[4.339s] -- Up-to-date symlink: /home/booster/Workspace/robocup_demo/install/vision_interface/include/vision_interface/vision_interface/msg/detail/ball__builder.hpp
[4.343s] -- Up-to-date symlink: /home/booster/Workspace/robocup_demo/install/vision_interface/include/vision_interface/vision_interface/msg/detail/ball__struct.hpp
[4.343s] -- Up-to-date symlink: /home/booster/Workspace/robocup_demo/install/vision_interface/include/vision_interface/vision_interface/msg/detail/ball__traits.hpp
[4.343s] -- Up-to-date symlink: /home/booster/Workspace/robocup_demo/install/vision_interface/include/vision_interface/vision_interface/msg/detail/ball__type_support.hpp
[4.344s] -- Up-to-date symlink: /home/booster/Workspace/robocup_demo/install/vision_interface/include/vision_interface/vision_interface/msg/detail/cal_param__builder.hpp
[4.347s] -- Up-to-date symlink: /home/booster/Workspace/robocup_demo/install/vision_interface/include/vision_interface/vision_interface/msg/detail/cal_param__struct.hpp
[4.347s] -- Up-to-date symlink: /home/booster/Workspace/robocup_demo/install/vision_interface/include/vision_interface/vision_interface/msg/detail/cal_param__traits.hpp
[4.347s] -- Up-to-date symlink: /home/booster/Workspace/robocup_demo/install/vision_interface/include/vision_interface/vision_interface/msg/detail/cal_param__type_support.hpp
[4.347s] -- Up-to-date symlink: /home/booster/Workspace/robocup_demo/install/vision_interface/include/vision_interface/vision_interface/msg/detail/detected_object__builder.hpp
[4.347s] -- Up-to-date symlink: /home/booster/Workspace/robocup_demo/install/vision_interface/include/vision_interface/vision_interface/msg/detail/detected_object__struct.hpp
[4.347s] -- Up-to-date symlink: /home/booster/Workspace/robocup_demo/install/vision_interface/include/vision_interface/vision_interface/msg/detail/detected_object__traits.hpp
[4.347s] -- Up-to-date symlink: /home/booster/Workspace/robocup_demo/install/vision_interface/include/vision_interface/vision_interface/msg/detail/detected_object__type_support.hpp
[4.348s] -- Up-to-date symlink: /home/booster/Workspace/robocup_demo/install/vision_interface/include/vision_interface/vision_interface/msg/detail/detections__builder.hpp
[4.351s] -- Up-to-date symlink: /home/booster/Workspace/robocup_demo/install/vision_interface/include/vision_interface/vision_interface/msg/detail/detections__struct.hpp
[4.356s] -- Up-to-date symlink: /home/booster/Workspace/robocup_demo/install/vision_interface/include/vision_interface/vision_interface/msg/detail/detections__traits.hpp
[4.357s] -- Up-to-date symlink: /home/booster/Workspace/robocup_demo/install/vision_interface/include/vision_interface/vision_interface/msg/detail/detections__type_support.hpp
[4.357s] -- Up-to-date symlink: /home/booster/Workspace/robocup_demo/install/vision_interface/include/vision_interface/vision_interface/msg/detail/detections_track__builder.hpp
[4.357s] -- Up-to-date symlink: /home/booster/Workspace/robocup_demo/install/vision_interface/include/vision_interface/vision_interface/msg/detail/detections_track__struct.hpp
[4.357s] -- Up-to-date symlink: /home/booster/Workspace/robocup_demo/install/vision_interface/include/vision_interface/vision_interface/msg/detail/detections_track__traits.hpp
[4.357s] -- Up-to-date symlink: /home/booster/Workspace/robocup_demo/install/vision_interface/include/vision_interface/vision_interface/msg/detail/detections_track__type_support.hpp
[4.364s] -- Up-to-date symlink: /home/booster/Workspace/robocup_demo/install/vision_interface/include/vision_interface/vision_interface/msg/detail/image_head_position__builder.hpp
[4.365s] -- Up-to-date symlink: /home/booster/Workspace/robocup_demo/install/vision_interface/include/vision_interface/vision_interface/msg/detail/image_head_position__struct.hpp
[4.366s] -- Up-to-date symlink: /home/booster/Workspace/robocup_demo/install/vision_interface/include/vision_interface/vision_interface/msg/detail/image_head_position__traits.hpp
[4.366s] -- Up-to-date symlink: /home/booster/Workspace/robocup_demo/install/vision_interface/include/vision_interface/vision_interface/msg/detail/image_head_position__type_support.hpp
[4.366s] -- Up-to-date symlink: /home/booster/Workspace/robocup_demo/install/vision_interface/include/vision_interface/vision_interface/msg/detail/line_segments__builder.hpp
[4.366s] -- Up-to-date symlink: /home/booster/Workspace/robocup_demo/install/vision_interface/include/vision_interface/vision_interface/msg/detail/line_segments__struct.hpp
[4.367s] -- Up-to-date symlink: /home/booster/Workspace/robocup_demo/install/vision_interface/include/vision_interface/vision_interface/msg/detail/line_segments__traits.hpp
[4.367s] -- Up-to-date symlink: /home/booster/Workspace/robocup_demo/install/vision_interface/include/vision_interface/vision_interface/msg/detail/line_segments__type_support.hpp
[4.367s] -- Up-to-date symlink: /home/booster/Workspace/robocup_demo/install/vision_interface/include/vision_interface/vision_interface/msg/detail/segmentation_line__builder.hpp
[4.367s] -- Up-to-date symlink: /home/booster/Workspace/robocup_demo/install/vision_interface/include/vision_interface/vision_interface/msg/detail/segmentation_line__struct.hpp
[4.367s] -- Up-to-date symlink: /home/booster/Workspace/robocup_demo/install/vision_interface/include/vision_interface/vision_interface/msg/detail/segmentation_line__traits.hpp
[4.367s] -- Up-to-date symlink: /home/booster/Workspace/robocup_demo/install/vision_interface/include/vision_interface/vision_interface/msg/detail/segmentation_line__type_support.hpp
[4.367s] -- Up-to-date symlink: /home/booster/Workspace/robocup_demo/install/vision_interface/include/vision_interface/vision_interface/msg/detail/segmentation_point__builder.hpp
[4.368s] -- Up-to-date symlink: /home/booster/Workspace/robocup_demo/install/vision_interface/include/vision_interface/vision_interface/msg/detail/segmentation_point__struct.hpp
[4.368s] -- Up-to-date symlink: /home/booster/Workspace/robocup_demo/install/vision_interface/include/vision_interface/vision_interface/msg/detail/segmentation_point__traits.hpp
[4.368s] -- Up-to-date symlink: /home/booster/Workspace/robocup_demo/install/vision_interface/include/vision_interface/vision_interface/msg/detail/segmentation_point__type_support.hpp
[4.368s] -- Up-to-date symlink: /home/booster/Workspace/robocup_demo/install/vision_interface/include/vision_interface/vision_interface/msg/detail/segmentation_result__builder.hpp
[4.368s] -- Up-to-date symlink: /home/booster/Workspace/robocup_demo/install/vision_interface/include/vision_interface/vision_interface/msg/detail/segmentation_result__struct.hpp
[4.368s] -- Up-to-date symlink: /home/booster/Workspace/robocup_demo/install/vision_interface/include/vision_interface/vision_interface/msg/detail/segmentation_result__traits.hpp
[4.370s] -- Up-to-date symlink: /home/booster/Workspace/robocup_demo/install/vision_interface/include/vision_interface/vision_interface/msg/detail/segmentation_result__type_support.hpp
[4.371s] -- Up-to-date symlink: /home/booster/Workspace/robocup_demo/install/vision_interface/include/vision_interface/vision_interface/msg/detected_object.hpp
[4.371s] -- Up-to-date symlink: /home/booster/Workspace/robocup_demo/install/vision_interface/include/vision_interface/vision_interface/msg/detections.hpp
[4.372s] -- Up-to-date symlink: /home/booster/Workspace/robocup_demo/install/vision_interface/include/vision_interface/vision_interface/msg/detections_track.hpp
[4.372s] -- Up-to-date symlink: /home/booster/Workspace/robocup_demo/install/vision_interface/include/vision_interface/vision_interface/msg/image_head_position.hpp
[4.372s] -- Up-to-date symlink: /home/booster/Workspace/robocup_demo/install/vision_interface/include/vision_interface/vision_interface/msg/line_segments.hpp
[4.372s] -- Up-to-date symlink: /home/booster/Workspace/robocup_demo/install/vision_interface/include/vision_interface/vision_interface/msg/rosidl_generator_cpp__visibility_control.hpp
[4.372s] -- Up-to-date symlink: /home/booster/Workspace/robocup_demo/install/vision_interface/include/vision_interface/vision_interface/msg/segmentation_line.hpp
[4.372s] -- Up-to-date symlink: /home/booster/Workspace/robocup_demo/install/vision_interface/include/vision_interface/vision_interface/msg/segmentation_point.hpp
[4.372s] -- Up-to-date symlink: /home/booster/Workspace/robocup_demo/install/vision_interface/include/vision_interface/vision_interface/msg/segmentation_result.hpp
[4.375s] -- Up-to-date symlink: /home/booster/Workspace/robocup_demo/install/vision_interface/include/vision_interface/vision_interface/msg/detail/ball__rosidl_typesupport_fastrtps_cpp.hpp
[4.375s] -- Up-to-date symlink: /home/booster/Workspace/robocup_demo/install/vision_interface/include/vision_interface/vision_interface/msg/detail/cal_param__rosidl_typesupport_fastrtps_cpp.hpp
[4.375s] -- Up-to-date symlink: /home/booster/Workspace/robocup_demo/install/vision_interface/include/vision_interface/vision_interface/msg/detail/detected_object__rosidl_typesupport_fastrtps_cpp.hpp
[4.375s] -- Up-to-date symlink: /home/booster/Workspace/robocup_demo/install/vision_interface/include/vision_interface/vision_interface/msg/detail/detections__rosidl_typesupport_fastrtps_cpp.hpp
[4.375s] -- Up-to-date symlink: /home/booster/Workspace/robocup_demo/install/vision_interface/include/vision_interface/vision_interface/msg/detail/detections_track__rosidl_typesupport_fastrtps_cpp.hpp
[4.375s] -- Up-to-date symlink: /home/booster/Workspace/robocup_demo/install/vision_interface/include/vision_interface/vision_interface/msg/detail/image_head_position__rosidl_typesupport_fastrtps_cpp.hpp
[4.375s] -- Up-to-date symlink: /home/booster/Workspace/robocup_demo/install/vision_interface/include/vision_interface/vision_interface/msg/detail/line_segments__rosidl_typesupport_fastrtps_cpp.hpp
[4.377s] -- Up-to-date symlink: /home/booster/Workspace/robocup_demo/install/vision_interface/include/vision_interface/vision_interface/msg/detail/segmentation_line__rosidl_typesupport_fastrtps_cpp.hpp
[4.379s] -- Up-to-date symlink: /home/booster/Workspace/robocup_demo/install/vision_interface/include/vision_interface/vision_interface/msg/detail/segmentation_point__rosidl_typesupport_fastrtps_cpp.hpp
[4.379s] -- Up-to-date symlink: /home/booster/Workspace/robocup_demo/install/vision_interface/include/vision_interface/vision_interface/msg/detail/segmentation_result__rosidl_typesupport_fastrtps_cpp.hpp
[4.379s] -- Up-to-date symlink: /home/booster/Workspace/robocup_demo/install/vision_interface/include/vision_interface/vision_interface/msg/rosidl_typesupport_fastrtps_cpp__visibility_control.h
[4.379s] -- Up-to-date symlink: /home/booster/Workspace/robocup_demo/install/vision_interface/include/vision_interface/vision_interface/msg/detail/ball__rosidl_typesupport_introspection_c.h
[4.379s] -- Up-to-date symlink: /home/booster/Workspace/robocup_demo/install/vision_interface/include/vision_interface/vision_interface/msg/detail/cal_param__rosidl_typesupport_introspection_c.h
[4.379s] -- Up-to-date symlink: /home/booster/Workspace/robocup_demo/install/vision_interface/include/vision_interface/vision_interface/msg/detail/detected_object__rosidl_typesupport_introspection_c.h
[4.379s] -- Up-to-date symlink: /home/booster/Workspace/robocup_demo/install/vision_interface/include/vision_interface/vision_interface/msg/detail/detections__rosidl_typesupport_introspection_c.h
[4.380s] -- Up-to-date symlink: /home/booster/Workspace/robocup_demo/install/vision_interface/include/vision_interface/vision_interface/msg/detail/detections_track__rosidl_typesupport_introspection_c.h
[4.380s] -- Up-to-date symlink: /home/booster/Workspace/robocup_demo/install/vision_interface/include/vision_interface/vision_interface/msg/detail/image_head_position__rosidl_typesupport_introspection_c.h
[4.380s] -- Up-to-date symlink: /home/booster/Workspace/robocup_demo/install/vision_interface/include/vision_interface/vision_interface/msg/detail/line_segments__rosidl_typesupport_introspection_c.h
[4.380s] -- Up-to-date symlink: /home/booster/Workspace/robocup_demo/install/vision_interface/include/vision_interface/vision_interface/msg/detail/segmentation_line__rosidl_typesupport_introspection_c.h
[4.380s] -- Up-to-date symlink: /home/booster/Workspace/robocup_demo/install/vision_interface/include/vision_interface/vision_interface/msg/detail/segmentation_point__rosidl_typesupport_introspection_c.h
[4.380s] -- Up-to-date symlink: /home/booster/Workspace/robocup_demo/install/vision_interface/include/vision_interface/vision_interface/msg/detail/segmentation_result__rosidl_typesupport_introspection_c.h
[4.380s] -- Up-to-date symlink: /home/booster/Workspace/robocup_demo/install/vision_interface/include/vision_interface/vision_interface/msg/rosidl_typesupport_introspection_c__visibility_control.h
[4.385s] -- Up-to-date symlink: /home/booster/Workspace/robocup_demo/install/vision_interface/include/vision_interface/vision_interface/msg/detail/ball__rosidl_typesupport_introspection_cpp.hpp
[4.394s] -- Up-to-date symlink: /home/booster/Workspace/robocup_demo/install/vision_interface/include/vision_interface/vision_interface/msg/detail/cal_param__rosidl_typesupport_introspection_cpp.hpp
[4.394s] -- Up-to-date symlink: /home/booster/Workspace/robocup_demo/install/vision_interface/include/vision_interface/vision_interface/msg/detail/detected_object__rosidl_typesupport_introspection_cpp.hpp
[4.394s] -- Up-to-date symlink: /home/booster/Workspace/robocup_demo/install/vision_interface/include/vision_interface/vision_interface/msg/detail/detections__rosidl_typesupport_introspection_cpp.hpp
[4.398s] -- Up-to-date symlink: /home/booster/Workspace/robocup_demo/install/vision_interface/include/vision_interface/vision_interface/msg/detail/detections_track__rosidl_typesupport_introspection_cpp.hpp
[4.402s] -- Up-to-date symlink: /home/booster/Workspace/robocup_demo/install/vision_interface/include/vision_interface/vision_interface/msg/detail/image_head_position__rosidl_typesupport_introspection_cpp.hpp
[4.404s] -- Up-to-date symlink: /home/booster/Workspace/robocup_demo/install/vision_interface/include/vision_interface/vision_interface/msg/detail/line_segments__rosidl_typesupport_introspection_cpp.hpp
[4.407s] -- Up-to-date symlink: /home/booster/Workspace/robocup_demo/install/vision_interface/include/vision_interface/vision_interface/msg/detail/segmentation_line__rosidl_typesupport_introspection_cpp.hpp
[4.411s] -- Up-to-date symlink: /home/booster/Workspace/robocup_demo/install/vision_interface/include/vision_interface/vision_interface/msg/detail/segmentation_point__rosidl_typesupport_introspection_cpp.hpp
[4.411s] -- Up-to-date symlink: /home/booster/Workspace/robocup_demo/install/vision_interface/include/vision_interface/vision_interface/msg/detail/segmentation_result__rosidl_typesupport_introspection_cpp.hpp
[4.411s] -- Up-to-date symlink: /home/booster/Workspace/robocup_demo/install/vision_interface/share/vision_interface/environment/pythonpath.sh
[4.411s] -- Up-to-date symlink: /home/booster/Workspace/robocup_demo/install/vision_interface/share/vision_interface/environment/pythonpath.dsv
[4.411s] -- Up-to-date symlink: /home/booster/Workspace/robocup_demo/install/vision_interface/local/lib/python3.10/dist-packages/vision_interface-1.0.0-py3.10.egg-info/PKG-INFO
[4.411s] -- Up-to-date symlink: /home/booster/Workspace/robocup_demo/install/vision_interface/local/lib/python3.10/dist-packages/vision_interface-1.0.0-py3.10.egg-info/SOURCES.txt
[4.418s] -- Up-to-date symlink: /home/booster/Workspace/robocup_demo/install/vision_interface/local/lib/python3.10/dist-packages/vision_interface-1.0.0-py3.10.egg-info/dependency_links.txt
[4.418s] -- Up-to-date symlink: /home/booster/Workspace/robocup_demo/install/vision_interface/local/lib/python3.10/dist-packages/vision_interface-1.0.0-py3.10.egg-info/top_level.txt
[4.426s] -- Up-to-date symlink: /home/booster/Workspace/robocup_demo/install/vision_interface/local/lib/python3.10/dist-packages/vision_interface/__init__.py
[4.426s] -- Up-to-date symlink: /home/booster/Workspace/robocup_demo/install/vision_interface/local/lib/python3.10/dist-packages/vision_interface/_vision_interface_s.ep.rosidl_typesupport_c.c
[4.445s] -- Up-to-date symlink: /home/booster/Workspace/robocup_demo/install/vision_interface/local/lib/python3.10/dist-packages/vision_interface/_vision_interface_s.ep.rosidl_typesupport_fastrtps_c.c
[4.465s] -- Up-to-date symlink: /home/booster/Workspace/robocup_demo/install/vision_interface/local/lib/python3.10/dist-packages/vision_interface/_vision_interface_s.ep.rosidl_typesupport_introspection_c.c
[4.466s] -- Up-to-date symlink: /home/booster/Workspace/robocup_demo/install/vision_interface/local/lib/python3.10/dist-packages/vision_interface/libvision_interface__rosidl_generator_py.so
[4.466s] -- Up-to-date symlink: /home/booster/Workspace/robocup_demo/install/vision_interface/local/lib/python3.10/dist-packages/vision_interface/msg/__init__.py
[4.466s] -- Up-to-date symlink: /home/booster/Workspace/robocup_demo/install/vision_interface/local/lib/python3.10/dist-packages/vision_interface/msg/_ball.py
[4.466s] -- Up-to-date symlink: /home/booster/Workspace/robocup_demo/install/vision_interface/local/lib/python3.10/dist-packages/vision_interface/msg/_ball_s.c
[4.466s] -- Up-to-date symlink: /home/booster/Workspace/robocup_demo/install/vision_interface/local/lib/python3.10/dist-packages/vision_interface/msg/_cal_param.py
[4.466s] -- Up-to-date symlink: /home/booster/Workspace/robocup_demo/install/vision_interface/local/lib/python3.10/dist-packages/vision_interface/msg/_cal_param_s.c
[4.472s] -- Up-to-date symlink: /home/booster/Workspace/robocup_demo/install/vision_interface/local/lib/python3.10/dist-packages/vision_interface/msg/_detected_object.py
[4.473s] -- Up-to-date symlink: /home/booster/Workspace/robocup_demo/install/vision_interface/local/lib/python3.10/dist-packages/vision_interface/msg/_detected_object_s.c
[4.473s] -- Up-to-date symlink: /home/booster/Workspace/robocup_demo/install/vision_interface/local/lib/python3.10/dist-packages/vision_interface/msg/_detections.py
[4.473s] -- Up-to-date symlink: /home/booster/Workspace/robocup_demo/install/vision_interface/local/lib/python3.10/dist-packages/vision_interface/msg/_detections_s.c
[4.474s] -- Up-to-date symlink: /home/booster/Workspace/robocup_demo/install/vision_interface/local/lib/python3.10/dist-packages/vision_interface/msg/_detections_track.py
[4.474s] -- Up-to-date symlink: /home/booster/Workspace/robocup_demo/install/vision_interface/local/lib/python3.10/dist-packages/vision_interface/msg/_detections_track_s.c
[4.474s] -- Up-to-date symlink: /home/booster/Workspace/robocup_demo/install/vision_interface/local/lib/python3.10/dist-packages/vision_interface/msg/_image_head_position.py
[4.474s] -- Up-to-date symlink: /home/booster/Workspace/robocup_demo/install/vision_interface/local/lib/python3.10/dist-packages/vision_interface/msg/_image_head_position_s.c
[4.477s] -- Up-to-date symlink: /home/booster/Workspace/robocup_demo/install/vision_interface/local/lib/python3.10/dist-packages/vision_interface/msg/_line_segments.py
[4.478s] -- Up-to-date symlink: /home/booster/Workspace/robocup_demo/install/vision_interface/local/lib/python3.10/dist-packages/vision_interface/msg/_line_segments_s.c
[4.481s] -- Up-to-date symlink: /home/booster/Workspace/robocup_demo/install/vision_interface/local/lib/python3.10/dist-packages/vision_interface/msg/_segmentation_line.py
[4.484s] -- Up-to-date symlink: /home/booster/Workspace/robocup_demo/install/vision_interface/local/lib/python3.10/dist-packages/vision_interface/msg/_segmentation_line_s.c
[4.486s] -- Up-to-date symlink: /home/booster/Workspace/robocup_demo/install/vision_interface/local/lib/python3.10/dist-packages/vision_interface/msg/_segmentation_point.py
[4.491s] -- Up-to-date symlink: /home/booster/Workspace/robocup_demo/install/vision_interface/local/lib/python3.10/dist-packages/vision_interface/msg/_segmentation_point_s.c
[4.491s] -- Up-to-date symlink: /home/booster/Workspace/robocup_demo/install/vision_interface/local/lib/python3.10/dist-packages/vision_interface/msg/_segmentation_result.py
[4.492s] -- Up-to-date symlink: /home/booster/Workspace/robocup_demo/install/vision_interface/local/lib/python3.10/dist-packages/vision_interface/msg/_segmentation_result_s.c
[4.501s] -- Up-to-date symlink: /home/booster/Workspace/robocup_demo/install/vision_interface/local/lib/python3.10/dist-packages/vision_interface/vision_interface_s__rosidl_typesupport_c.cpython-310-aarch64-linux-gnu.so
[4.504s] -- Up-to-date symlink: /home/booster/Workspace/robocup_demo/install/vision_interface/local/lib/python3.10/dist-packages/vision_interface/vision_interface_s__rosidl_typesupport_fastrtps_c.cpython-310-aarch64-linux-gnu.so
[4.506s] -- Up-to-date symlink: /home/booster/Workspace/robocup_demo/install/vision_interface/local/lib/python3.10/dist-packages/vision_interface/vision_interface_s__rosidl_typesupport_introspection_c.cpython-310-aarch64-linux-gnu.so
[4.507s] -- Up-to-date symlink: /home/booster/Workspace/robocup_demo/install/vision_interface/local/lib/python3.10/dist-packages/vision_interface/vision_interface_s__rosidl_typesupport_fastrtps_c.cpython-310-aarch64-linux-gnu.so
[4.515s] -- Up-to-date symlink: /home/booster/Workspace/robocup_demo/install/vision_interface/local/lib/python3.10/dist-packages/vision_interface/vision_interface_s__rosidl_typesupport_introspection_c.cpython-310-aarch64-linux-gnu.so
[4.515s] -- Up-to-date symlink: /home/booster/Workspace/robocup_demo/install/vision_interface/local/lib/python3.10/dist-packages/vision_interface/vision_interface_s__rosidl_typesupport_c.cpython-310-aarch64-linux-gnu.so
[4.515s] -- Up-to-date symlink: /home/booster/Workspace/robocup_demo/install/vision_interface/share/vision_interface/msg/DetectedObject.idl
[4.517s] -- Up-to-date symlink: /home/booster/Workspace/robocup_demo/install/vision_interface/share/vision_interface/msg/Detections.idl
[4.535s] -- Up-to-date symlink: /home/booster/Workspace/robocup_demo/install/vision_interface/share/vision_interface/msg/LineSegments.idl
[4.535s] -- Up-to-date symlink: /home/booster/Workspace/robocup_demo/install/vision_interface/share/vision_interface/msg/CalParam.idl
[4.568s] -- Up-to-date symlink: /home/booster/Workspace/robocup_demo/install/vision_interface/share/vision_interface/msg/DetectionsTrack.idl
[4.576s] -- Up-to-date symlink: /home/booster/Workspace/robocup_demo/install/vision_interface/share/vision_interface/msg/SegmentationPoint.idl
[4.577s] -- Up-to-date symlink: /home/booster/Workspace/robocup_demo/install/vision_interface/share/vision_interface/msg/SegmentationLine.idl
[4.577s] -- Up-to-date symlink: /home/booster/Workspace/robocup_demo/install/vision_interface/share/vision_interface/msg/SegmentationResult.idl
[4.578s] -- Up-to-date symlink: /home/booster/Workspace/robocup_demo/install/vision_interface/share/vision_interface/msg/ImageHeadPosition.idl
[4.579s] -- Up-to-date symlink: /home/booster/Workspace/robocup_demo/install/vision_interface/share/vision_interface/msg/Ball.idl
[4.591s] -- Up-to-date symlink: /home/booster/Workspace/robocup_demo/install/vision_interface/share/vision_interface/msg/DetectedObject.msg
[4.592s] -- Up-to-date symlink: /home/booster/Workspace/robocup_demo/install/vision_interface/share/vision_interface/msg/Detections.msg
[4.604s] -- Up-to-date symlink: /home/booster/Workspace/robocup_demo/install/vision_interface/share/vision_interface/msg/LineSegments.msg
[4.604s] -- Up-to-date symlink: /home/booster/Workspace/robocup_demo/install/vision_interface/share/vision_interface/msg/CalParam.msg
[4.606s] -- Up-to-date symlink: /home/booster/Workspace/robocup_demo/install/vision_interface/share/vision_interface/msg/DetectionsTrack.msg
[4.612s] -- Up-to-date symlink: /home/booster/Workspace/robocup_demo/install/vision_interface/share/vision_interface/msg/SegmentationPoint.msg
[4.612s] -- Up-to-date symlink: /home/booster/Workspace/robocup_demo/install/vision_interface/share/vision_interface/msg/SegmentationLine.msg
[4.614s] -- Up-to-date symlink: /home/booster/Workspace/robocup_demo/install/vision_interface/share/vision_interface/msg/SegmentationResult.msg
[4.622s] -- Up-to-date symlink: /home/booster/Workspace/robocup_demo/install/vision_interface/share/vision_interface/msg/ImageHeadPosition.msg
[4.623s] -- Up-to-date symlink: /home/booster/Workspace/robocup_demo/install/vision_interface/share/vision_interface/msg/Ball.msg
[4.623s] -- Up-to-date symlink: /home/booster/Workspace/robocup_demo/install/vision_interface/share/ament_index/resource_index/package_run_dependencies/vision_interface
[4.623s] -- Up-to-date symlink: /home/booster/Workspace/robocup_demo/install/vision_interface/share/ament_index/resource_index/parent_prefix_path/vision_interface
[4.624s] -- Up-to-date symlink: /home/booster/Workspace/robocup_demo/install/vision_interface/share/vision_interface/environment/ament_prefix_path.sh
[4.662s] -- Up-to-date symlink: /home/booster/Workspace/robocup_demo/install/vision_interface/share/vision_interface/environment/ament_prefix_path.dsv
[4.676s] -- Up-to-date symlink: /home/booster/Workspace/robocup_demo/install/vision_interface/share/vision_interface/environment/path.sh
[4.679s] -- Up-to-date symlink: /home/booster/Workspace/robocup_demo/install/vision_interface/share/vision_interface/environment/path.dsv
[4.684s] -- Up-to-date symlink: /home/booster/Workspace/robocup_demo/install/vision_interface/share/vision_interface/local_setup.bash
[4.684s] -- Up-to-date symlink: /home/booster/Workspace/robocup_demo/install/vision_interface/share/vision_interface/local_setup.sh
[4.684s] -- Up-to-date symlink: /home/booster/Workspace/robocup_demo/install/vision_interface/share/vision_interface/local_setup.zsh
[4.684s] -- Up-to-date symlink: /home/booster/Workspace/robocup_demo/install/vision_interface/share/vision_interface/local_setup.dsv
[4.702s] -- Symlinking: /home/booster/Workspace/robocup_demo/install/vision_interface/share/vision_interface/package.dsv
[4.719s] -- Up-to-date symlink: /home/booster/Workspace/robocup_demo/install/vision_interface/share/ament_index/resource_index/packages/vision_interface
[4.729s] -- Up-to-date symlink: /home/booster/Workspace/robocup_demo/install/vision_interface/share/vision_interface/cmake/rosidl_cmake-extras.cmake
[4.730s] -- Up-to-date symlink: /home/booster/Workspace/robocup_demo/install/vision_interface/share/vision_interface/cmake/ament_cmake_export_dependencies-extras.cmake
[4.730s] -- Up-to-date symlink: /home/booster/Workspace/robocup_demo/install/vision_interface/share/vision_interface/cmake/ament_cmake_export_include_directories-extras.cmake
[4.730s] -- Up-to-date symlink: /home/booster/Workspace/robocup_demo/install/vision_interface/share/vision_interface/cmake/ament_cmake_export_libraries-extras.cmake
[4.730s] -- Up-to-date symlink: /home/booster/Workspace/robocup_demo/install/vision_interface/share/vision_interface/cmake/ament_cmake_export_targets-extras.cmake
[4.730s] -- Up-to-date symlink: /home/booster/Workspace/robocup_demo/install/vision_interface/share/vision_interface/cmake/rosidl_cmake_export_typesupport_targets-extras.cmake
[4.731s] -- Up-to-date symlink: /home/booster/Workspace/robocup_demo/install/vision_interface/share/vision_interface/cmake/rosidl_cmake_export_typesupport_libraries-extras.cmake
[4.731s] -- Up-to-date symlink: /home/booster/Workspace/robocup_demo/install/vision_interface/share/vision_interface/cmake/vision_interfaceConfig.cmake
[4.731s] -- Up-to-date symlink: /home/booster/Workspace/robocup_demo/install/vision_interface/share/vision_interface/cmake/vision_interfaceConfig-version.cmake
[4.731s] -- Up-to-date symlink: /home/booster/Workspace/robocup_demo/install/vision_interface/share/vision_interface/package.xml
[4.736s] -- Up-to-date: /home/booster/Workspace/robocup_demo/install/vision_interface/lib/libvision_interface__rosidl_generator_c.so
[4.738s] -- Up-to-date: /home/booster/Workspace/robocup_demo/install/vision_interface/lib/libvision_interface__rosidl_typesupport_fastrtps_c.so
[4.738s] -- Up-to-date: /home/booster/Workspace/robocup_demo/install/vision_interface/lib/libvision_interface__rosidl_typesupport_fastrtps_cpp.so
[4.738s] -- Up-to-date: /home/booster/Workspace/robocup_demo/install/vision_interface/lib/libvision_interface__rosidl_typesupport_introspection_c.so
[4.738s] -- Up-to-date: /home/booster/Workspace/robocup_demo/install/vision_interface/lib/libvision_interface__rosidl_typesupport_c.so
[4.738s] -- Up-to-date: /home/booster/Workspace/robocup_demo/install/vision_interface/lib/libvision_interface__rosidl_typesupport_introspection_cpp.so
[4.738s] -- Up-to-date: /home/booster/Workspace/robocup_demo/install/vision_interface/lib/libvision_interface__rosidl_typesupport_cpp.so
[4.748s] Listing '/home/booster/Workspace/robocup_demo/install/vision_interface/local/lib/python3.10/dist-packages/vision_interface'...
[4.748s] Listing '/home/booster/Workspace/robocup_demo/install/vision_interface/local/lib/python3.10/dist-packages/vision_interface/msg'...
[4.762s] -- Up-to-date: /home/booster/Workspace/robocup_demo/install/vision_interface/lib/libvision_interface__rosidl_generator_py.so
[4.762s] -- Up-to-date: /home/booster/Workspace/robocup_demo/install/vision_interface/share/vision_interface/cmake/export_vision_interface__rosidl_generator_cExport.cmake
[4.763s] -- Up-to-date: /home/booster/Workspace/robocup_demo/install/vision_interface/share/vision_interface/cmake/export_vision_interface__rosidl_generator_cExport-noconfig.cmake
[4.763s] -- Up-to-date: /home/booster/Workspace/robocup_demo/install/vision_interface/share/vision_interface/cmake/export_vision_interface__rosidl_typesupport_fastrtps_cExport.cmake
[4.763s] -- Up-to-date: /home/booster/Workspace/robocup_demo/install/vision_interface/share/vision_interface/cmake/export_vision_interface__rosidl_typesupport_fastrtps_cExport-noconfig.cmake
[4.763s] -- Up-to-date: /home/booster/Workspace/robocup_demo/install/vision_interface/share/vision_interface/cmake/export_vision_interface__rosidl_generator_cppExport.cmake
[4.763s] -- Up-to-date: /home/booster/Workspace/robocup_demo/install/vision_interface/share/vision_interface/cmake/export_vision_interface__rosidl_typesupport_fastrtps_cppExport.cmake
[4.763s] -- Up-to-date: /home/booster/Workspace/robocup_demo/install/vision_interface/share/vision_interface/cmake/export_vision_interface__rosidl_typesupport_fastrtps_cppExport-noconfig.cmake
[4.763s] -- Up-to-date: /home/booster/Workspace/robocup_demo/install/vision_interface/share/vision_interface/cmake/vision_interface__rosidl_typesupport_introspection_cExport.cmake
[4.764s] -- Up-to-date: /home/booster/Workspace/robocup_demo/install/vision_interface/share/vision_interface/cmake/vision_interface__rosidl_typesupport_introspection_cExport-noconfig.cmake
[4.764s] -- Up-to-date: /home/booster/Workspace/robocup_demo/install/vision_interface/share/vision_interface/cmake/vision_interface__rosidl_typesupport_cExport.cmake
[4.764s] -- Up-to-date: /home/booster/Workspace/robocup_demo/install/vision_interface/share/vision_interface/cmake/vision_interface__rosidl_typesupport_cExport-noconfig.cmake
[4.765s] -- Up-to-date: /home/booster/Workspace/robocup_demo/install/vision_interface/share/vision_interface/cmake/vision_interface__rosidl_typesupport_introspection_cppExport.cmake
[4.765s] -- Up-to-date: /home/booster/Workspace/robocup_demo/install/vision_interface/share/vision_interface/cmake/vision_interface__rosidl_typesupport_introspection_cppExport-noconfig.cmake
[4.766s] -- Up-to-date: /home/booster/Workspace/robocup_demo/install/vision_interface/share/vision_interface/cmake/vision_interface__rosidl_typesupport_cppExport.cmake
[4.766s] -- Up-to-date: /home/booster/Workspace/robocup_demo/install/vision_interface/share/vision_interface/cmake/vision_interface__rosidl_typesupport_cppExport-noconfig.cmake
[4.766s] -- Up-to-date: /home/booster/Workspace/robocup_demo/install/vision_interface/share/vision_interface/cmake/export_vision_interface__rosidl_generator_pyExport.cmake
[4.766s] -- Up-to-date: /home/booster/Workspace/robocup_demo/install/vision_interface/share/vision_interface/cmake/export_vision_interface__rosidl_generator_pyExport-noconfig.cmake
[4.838s] Invoked command in '/home/booster/Workspace/robocup_demo/build/vision_interface' returned '0': CMAKE_PREFIX_PATH=/opt/ros/humble /usr/bin/cmake --install /home/booster/Workspace/robocup_demo/build/vision_interface
