[0.208s] Invoking command in '/home/booster/Workspace/robocup_demo/build/booster_msgs': CMAKE_PREFIX_PATH=/opt/ros/humble /usr/bin/cmake --build /home/booster/Workspace/robocup_demo/build/booster_msgs -- -j5 -l5
[0.458s] [  2%] Built target booster_msgs__cpp
[0.621s] [  2%] Built target ament_cmake_python_symlink_booster_msgs
[0.676s] [35m[1mConsolidate compiler generated dependencies of target booster_msgs__rosidl_typesupport_introspection_cpp[0m
[0.798s] [ 12%] Built target booster_msgs__rosidl_typesupport_introspection_cpp
[2.759s] running egg_info
[2.765s] writing booster_msgs.egg-info/PKG-INFO
[2.766s] writing dependency_links to booster_msgs.egg-info/dependency_links.txt
[2.771s] writing top-level names to booster_msgs.egg-info/top_level.txt
[2.792s] reading manifest file 'booster_msgs.egg-info/SOURCES.txt'
[2.798s] writing manifest file 'booster_msgs.egg-info/SOURCES.txt'
[3.041s] [ 12%] Built target ament_cmake_python_build_booster_msgs_egg
[3.083s] [35m[1mConsolidate compiler generated dependencies of target booster_msgs__rosidl_typesupport_fastrtps_cpp[0m
[3.140s] [ 23%] Built target booster_msgs__rosidl_typesupport_fastrtps_cpp
[3.183s] [35m[1mConsolidate compiler generated dependencies of target booster_msgs__rosidl_typesupport_cpp[0m
[3.236s] [ 34%] Built target booster_msgs__rosidl_typesupport_cpp
[3.261s] [35m[1mConsolidate compiler generated dependencies of target booster_msgs__rosidl_generator_c[0m
[3.296s] [ 44%] Built target booster_msgs__rosidl_generator_c
[3.327s] [35m[1mConsolidate compiler generated dependencies of target booster_msgs__rosidl_typesupport_fastrtps_c[0m
[3.398s] [ 55%] Built target booster_msgs__rosidl_typesupport_fastrtps_c
[3.434s] [35m[1mConsolidate compiler generated dependencies of target booster_msgs__rosidl_typesupport_c[0m
[3.520s] [ 65%] Built target booster_msgs__rosidl_typesupport_c
[3.580s] [35m[1mConsolidate compiler generated dependencies of target booster_msgs__rosidl_typesupport_introspection_c[0m
[3.631s] [ 76%] Built target booster_msgs__rosidl_typesupport_introspection_c
[3.808s] [ 76%] Built target booster_msgs
[3.892s] [ 78%] Built target booster_msgs__py
[3.971s] [35m[1mConsolidate compiler generated dependencies of target booster_msgs__rosidl_generator_py[0m
[4.044s] [ 87%] Built target booster_msgs__rosidl_generator_py
[4.139s] [35m[1mConsolidate compiler generated dependencies of target booster_msgs__rosidl_typesupport_fastrtps_c__pyext[0m
[4.225s] [ 91%] Built target booster_msgs__rosidl_typesupport_fastrtps_c__pyext
[4.335s] [35m[1mConsolidate compiler generated dependencies of target booster_msgs__rosidl_typesupport_c__pyext[0m
[4.438s] [ 95%] Built target booster_msgs__rosidl_typesupport_c__pyext
[4.519s] [35m[1mConsolidate compiler generated dependencies of target booster_msgs__rosidl_typesupport_introspection_c__pyext[0m
[4.670s] [100%] Built target booster_msgs__rosidl_typesupport_introspection_c__pyext
[4.777s] Invoked command in '/home/booster/Workspace/robocup_demo/build/booster_msgs' returned '0': CMAKE_PREFIX_PATH=/opt/ros/humble /usr/bin/cmake --build /home/booster/Workspace/robocup_demo/build/booster_msgs -- -j5 -l5
[4.841s] Invoking command in '/home/booster/Workspace/robocup_demo/build/booster_msgs': CMAKE_PREFIX_PATH=/opt/ros/humble /usr/bin/cmake --install /home/booster/Workspace/robocup_demo/build/booster_msgs
[4.874s] -- Install configuration: ""
[4.875s] -- Execute custom install script
[4.875s] -- Up-to-date symlink: /home/booster/Workspace/robocup_demo/install/booster_msgs/share/ament_index/resource_index/rosidl_interfaces/booster_msgs
[4.876s] -- Up-to-date symlink: /home/booster/Workspace/robocup_demo/install/booster_msgs/include/booster_msgs/booster_msgs/msg/binary_data.h
[4.876s] -- Up-to-date symlink: /home/booster/Workspace/robocup_demo/install/booster_msgs/include/booster_msgs/booster_msgs/msg/detail/binary_data__functions.h
[4.876s] -- Up-to-date symlink: /home/booster/Workspace/robocup_demo/install/booster_msgs/include/booster_msgs/booster_msgs/msg/detail/binary_data__struct.h
[4.876s] -- Up-to-date symlink: /home/booster/Workspace/robocup_demo/install/booster_msgs/include/booster_msgs/booster_msgs/msg/detail/binary_data__type_support.h
[4.877s] -- Up-to-date symlink: /home/booster/Workspace/robocup_demo/install/booster_msgs/include/booster_msgs/booster_msgs/msg/detail/rpc_req_msg__functions.h
[4.881s] -- Up-to-date symlink: /home/booster/Workspace/robocup_demo/install/booster_msgs/include/booster_msgs/booster_msgs/msg/detail/rpc_req_msg__struct.h
[4.881s] -- Up-to-date symlink: /home/booster/Workspace/robocup_demo/install/booster_msgs/include/booster_msgs/booster_msgs/msg/detail/rpc_req_msg__type_support.h
[4.881s] -- Up-to-date symlink: /home/booster/Workspace/robocup_demo/install/booster_msgs/include/booster_msgs/booster_msgs/msg/detail/rpc_resp_msg__functions.h
[4.881s] -- Up-to-date symlink: /home/booster/Workspace/robocup_demo/install/booster_msgs/include/booster_msgs/booster_msgs/msg/detail/rpc_resp_msg__struct.h
[4.881s] -- Up-to-date symlink: /home/booster/Workspace/robocup_demo/install/booster_msgs/include/booster_msgs/booster_msgs/msg/detail/rpc_resp_msg__type_support.h
[4.882s] -- Up-to-date symlink: /home/booster/Workspace/robocup_demo/install/booster_msgs/include/booster_msgs/booster_msgs/msg/rosidl_generator_c__visibility_control.h
[4.882s] -- Up-to-date symlink: /home/booster/Workspace/robocup_demo/install/booster_msgs/include/booster_msgs/booster_msgs/msg/rpc_req_msg.h
[4.882s] -- Up-to-date symlink: /home/booster/Workspace/robocup_demo/install/booster_msgs/include/booster_msgs/booster_msgs/msg/rpc_resp_msg.h
[4.882s] -- Up-to-date symlink: /home/booster/Workspace/robocup_demo/install/booster_msgs/share/booster_msgs/environment/library_path.sh
[4.882s] -- Up-to-date symlink: /home/booster/Workspace/robocup_demo/install/booster_msgs/share/booster_msgs/environment/library_path.dsv
[4.884s] -- Up-to-date symlink: /home/booster/Workspace/robocup_demo/install/booster_msgs/include/booster_msgs/booster_msgs/msg/detail/binary_data__rosidl_typesupport_fastrtps_c.h
[4.884s] -- Up-to-date symlink: /home/booster/Workspace/robocup_demo/install/booster_msgs/include/booster_msgs/booster_msgs/msg/detail/rpc_req_msg__rosidl_typesupport_fastrtps_c.h
[4.884s] -- Up-to-date symlink: /home/booster/Workspace/robocup_demo/install/booster_msgs/include/booster_msgs/booster_msgs/msg/detail/rpc_resp_msg__rosidl_typesupport_fastrtps_c.h
[4.884s] -- Up-to-date symlink: /home/booster/Workspace/robocup_demo/install/booster_msgs/include/booster_msgs/booster_msgs/msg/rosidl_typesupport_fastrtps_c__visibility_control.h
[4.889s] -- Up-to-date symlink: /home/booster/Workspace/robocup_demo/install/booster_msgs/include/booster_msgs/booster_msgs/msg/detail/binary_data__rosidl_typesupport_introspection_c.h
[4.889s] -- Up-to-date symlink: /home/booster/Workspace/robocup_demo/install/booster_msgs/include/booster_msgs/booster_msgs/msg/detail/rpc_req_msg__rosidl_typesupport_introspection_c.h
[4.889s] -- Up-to-date symlink: /home/booster/Workspace/robocup_demo/install/booster_msgs/include/booster_msgs/booster_msgs/msg/detail/rpc_resp_msg__rosidl_typesupport_introspection_c.h
[4.890s] -- Up-to-date symlink: /home/booster/Workspace/robocup_demo/install/booster_msgs/include/booster_msgs/booster_msgs/msg/rosidl_typesupport_introspection_c__visibility_control.h
[4.891s] -- Up-to-date symlink: /home/booster/Workspace/robocup_demo/install/booster_msgs/include/booster_msgs/booster_msgs/msg/binary_data.hpp
[4.892s] -- Up-to-date symlink: /home/booster/Workspace/robocup_demo/install/booster_msgs/include/booster_msgs/booster_msgs/msg/detail/binary_data__builder.hpp
[4.892s] -- Up-to-date symlink: /home/booster/Workspace/robocup_demo/install/booster_msgs/include/booster_msgs/booster_msgs/msg/detail/binary_data__struct.hpp
[4.892s] -- Up-to-date symlink: /home/booster/Workspace/robocup_demo/install/booster_msgs/include/booster_msgs/booster_msgs/msg/detail/binary_data__traits.hpp
[4.896s] -- Up-to-date symlink: /home/booster/Workspace/robocup_demo/install/booster_msgs/include/booster_msgs/booster_msgs/msg/detail/binary_data__type_support.hpp
[4.896s] -- Up-to-date symlink: /home/booster/Workspace/robocup_demo/install/booster_msgs/include/booster_msgs/booster_msgs/msg/detail/rpc_req_msg__builder.hpp
[4.896s] -- Up-to-date symlink: /home/booster/Workspace/robocup_demo/install/booster_msgs/include/booster_msgs/booster_msgs/msg/detail/rpc_req_msg__struct.hpp
[4.897s] -- Up-to-date symlink: /home/booster/Workspace/robocup_demo/install/booster_msgs/include/booster_msgs/booster_msgs/msg/detail/rpc_req_msg__traits.hpp
[4.897s] -- Up-to-date symlink: /home/booster/Workspace/robocup_demo/install/booster_msgs/include/booster_msgs/booster_msgs/msg/detail/rpc_req_msg__type_support.hpp
[4.897s] -- Up-to-date symlink: /home/booster/Workspace/robocup_demo/install/booster_msgs/include/booster_msgs/booster_msgs/msg/detail/rpc_resp_msg__builder.hpp
[4.897s] -- Up-to-date symlink: /home/booster/Workspace/robocup_demo/install/booster_msgs/include/booster_msgs/booster_msgs/msg/detail/rpc_resp_msg__struct.hpp
[4.898s] -- Up-to-date symlink: /home/booster/Workspace/robocup_demo/install/booster_msgs/include/booster_msgs/booster_msgs/msg/detail/rpc_resp_msg__traits.hpp
[4.898s] -- Up-to-date symlink: /home/booster/Workspace/robocup_demo/install/booster_msgs/include/booster_msgs/booster_msgs/msg/detail/rpc_resp_msg__type_support.hpp
[4.898s] -- Up-to-date symlink: /home/booster/Workspace/robocup_demo/install/booster_msgs/include/booster_msgs/booster_msgs/msg/rosidl_generator_cpp__visibility_control.hpp
[4.898s] -- Up-to-date symlink: /home/booster/Workspace/robocup_demo/install/booster_msgs/include/booster_msgs/booster_msgs/msg/rpc_req_msg.hpp
[4.898s] -- Up-to-date symlink: /home/booster/Workspace/robocup_demo/install/booster_msgs/include/booster_msgs/booster_msgs/msg/rpc_resp_msg.hpp
[4.898s] -- Up-to-date symlink: /home/booster/Workspace/robocup_demo/install/booster_msgs/include/booster_msgs/booster_msgs/msg/detail/binary_data__rosidl_typesupport_fastrtps_cpp.hpp
[4.898s] -- Up-to-date symlink: /home/booster/Workspace/robocup_demo/install/booster_msgs/include/booster_msgs/booster_msgs/msg/detail/rpc_req_msg__rosidl_typesupport_fastrtps_cpp.hpp
[4.899s] -- Up-to-date symlink: /home/booster/Workspace/robocup_demo/install/booster_msgs/include/booster_msgs/booster_msgs/msg/detail/rpc_resp_msg__rosidl_typesupport_fastrtps_cpp.hpp
[4.899s] -- Up-to-date symlink: /home/booster/Workspace/robocup_demo/install/booster_msgs/include/booster_msgs/booster_msgs/msg/rosidl_typesupport_fastrtps_cpp__visibility_control.h
[4.902s] -- Up-to-date symlink: /home/booster/Workspace/robocup_demo/install/booster_msgs/include/booster_msgs/booster_msgs/msg/detail/binary_data__rosidl_typesupport_introspection_cpp.hpp
[4.903s] -- Up-to-date symlink: /home/booster/Workspace/robocup_demo/install/booster_msgs/include/booster_msgs/booster_msgs/msg/detail/rpc_req_msg__rosidl_typesupport_introspection_cpp.hpp
[4.904s] -- Up-to-date symlink: /home/booster/Workspace/robocup_demo/install/booster_msgs/include/booster_msgs/booster_msgs/msg/detail/rpc_resp_msg__rosidl_typesupport_introspection_cpp.hpp
[4.904s] -- Up-to-date symlink: /home/booster/Workspace/robocup_demo/install/booster_msgs/share/booster_msgs/environment/pythonpath.sh
[4.904s] -- Up-to-date symlink: /home/booster/Workspace/robocup_demo/install/booster_msgs/share/booster_msgs/environment/pythonpath.dsv
[4.910s] -- Up-to-date symlink: /home/booster/Workspace/robocup_demo/install/booster_msgs/local/lib/python3.10/dist-packages/booster_msgs-0.0.0-py3.10.egg-info/PKG-INFO
[4.914s] -- Up-to-date symlink: /home/booster/Workspace/robocup_demo/install/booster_msgs/local/lib/python3.10/dist-packages/booster_msgs-0.0.0-py3.10.egg-info/SOURCES.txt
[4.914s] -- Up-to-date symlink: /home/booster/Workspace/robocup_demo/install/booster_msgs/local/lib/python3.10/dist-packages/booster_msgs-0.0.0-py3.10.egg-info/dependency_links.txt
[4.919s] -- Up-to-date symlink: /home/booster/Workspace/robocup_demo/install/booster_msgs/local/lib/python3.10/dist-packages/booster_msgs-0.0.0-py3.10.egg-info/top_level.txt
[4.919s] -- Up-to-date symlink: /home/booster/Workspace/robocup_demo/install/booster_msgs/local/lib/python3.10/dist-packages/booster_msgs/__init__.py
[4.921s] -- Up-to-date symlink: /home/booster/Workspace/robocup_demo/install/booster_msgs/local/lib/python3.10/dist-packages/booster_msgs/_booster_msgs_s.ep.rosidl_typesupport_c.c
[4.921s] -- Up-to-date symlink: /home/booster/Workspace/robocup_demo/install/booster_msgs/local/lib/python3.10/dist-packages/booster_msgs/_booster_msgs_s.ep.rosidl_typesupport_fastrtps_c.c
[4.922s] -- Up-to-date symlink: /home/booster/Workspace/robocup_demo/install/booster_msgs/local/lib/python3.10/dist-packages/booster_msgs/_booster_msgs_s.ep.rosidl_typesupport_introspection_c.c
[4.923s] -- Up-to-date symlink: /home/booster/Workspace/robocup_demo/install/booster_msgs/local/lib/python3.10/dist-packages/booster_msgs/booster_msgs_s__rosidl_typesupport_c.cpython-310-aarch64-linux-gnu.so
[4.923s] -- Up-to-date symlink: /home/booster/Workspace/robocup_demo/install/booster_msgs/local/lib/python3.10/dist-packages/booster_msgs/booster_msgs_s__rosidl_typesupport_fastrtps_c.cpython-310-aarch64-linux-gnu.so
[4.923s] -- Up-to-date symlink: /home/booster/Workspace/robocup_demo/install/booster_msgs/local/lib/python3.10/dist-packages/booster_msgs/booster_msgs_s__rosidl_typesupport_introspection_c.cpython-310-aarch64-linux-gnu.so
[4.923s] -- Up-to-date symlink: /home/booster/Workspace/robocup_demo/install/booster_msgs/local/lib/python3.10/dist-packages/booster_msgs/libbooster_msgs__rosidl_generator_py.so
[4.923s] -- Up-to-date symlink: /home/booster/Workspace/robocup_demo/install/booster_msgs/local/lib/python3.10/dist-packages/booster_msgs/msg/__init__.py
[4.926s] -- Up-to-date symlink: /home/booster/Workspace/robocup_demo/install/booster_msgs/local/lib/python3.10/dist-packages/booster_msgs/msg/_binary_data.py
[4.926s] -- Up-to-date symlink: /home/booster/Workspace/robocup_demo/install/booster_msgs/local/lib/python3.10/dist-packages/booster_msgs/msg/_binary_data_s.c
[4.926s] -- Up-to-date symlink: /home/booster/Workspace/robocup_demo/install/booster_msgs/local/lib/python3.10/dist-packages/booster_msgs/msg/_rpc_req_msg.py
[4.926s] -- Up-to-date symlink: /home/booster/Workspace/robocup_demo/install/booster_msgs/local/lib/python3.10/dist-packages/booster_msgs/msg/_rpc_req_msg_s.c
[4.926s] -- Up-to-date symlink: /home/booster/Workspace/robocup_demo/install/booster_msgs/local/lib/python3.10/dist-packages/booster_msgs/msg/_rpc_resp_msg.py
[4.927s] -- Up-to-date symlink: /home/booster/Workspace/robocup_demo/install/booster_msgs/local/lib/python3.10/dist-packages/booster_msgs/msg/_rpc_resp_msg_s.c
[4.931s] -- Up-to-date symlink: /home/booster/Workspace/robocup_demo/install/booster_msgs/local/lib/python3.10/dist-packages/booster_msgs/booster_msgs_s__rosidl_typesupport_fastrtps_c.cpython-310-aarch64-linux-gnu.so
[4.931s] -- Up-to-date symlink: /home/booster/Workspace/robocup_demo/install/booster_msgs/local/lib/python3.10/dist-packages/booster_msgs/booster_msgs_s__rosidl_typesupport_introspection_c.cpython-310-aarch64-linux-gnu.so
[4.933s] -- Up-to-date symlink: /home/booster/Workspace/robocup_demo/install/booster_msgs/local/lib/python3.10/dist-packages/booster_msgs/booster_msgs_s__rosidl_typesupport_c.cpython-310-aarch64-linux-gnu.so
[4.933s] -- Up-to-date symlink: /home/booster/Workspace/robocup_demo/install/booster_msgs/share/booster_msgs/msg/BinaryData.idl
[4.933s] -- Up-to-date symlink: /home/booster/Workspace/robocup_demo/install/booster_msgs/share/booster_msgs/msg/RpcReqMsg.idl
[4.935s] -- Up-to-date symlink: /home/booster/Workspace/robocup_demo/install/booster_msgs/share/booster_msgs/msg/RpcRespMsg.idl
[4.935s] -- Up-to-date symlink: /home/booster/Workspace/robocup_demo/install/booster_msgs/share/booster_msgs/msg/BinaryData.msg
[4.935s] -- Up-to-date symlink: /home/booster/Workspace/robocup_demo/install/booster_msgs/share/booster_msgs/msg/RpcReqMsg.msg
[4.935s] -- Up-to-date symlink: /home/booster/Workspace/robocup_demo/install/booster_msgs/share/booster_msgs/msg/RpcRespMsg.msg
[4.937s] -- Up-to-date symlink: /home/booster/Workspace/robocup_demo/install/booster_msgs/share/ament_index/resource_index/package_run_dependencies/booster_msgs
[4.941s] -- Up-to-date symlink: /home/booster/Workspace/robocup_demo/install/booster_msgs/share/ament_index/resource_index/parent_prefix_path/booster_msgs
[4.941s] -- Up-to-date symlink: /home/booster/Workspace/robocup_demo/install/booster_msgs/share/booster_msgs/environment/ament_prefix_path.sh
[4.941s] -- Up-to-date symlink: /home/booster/Workspace/robocup_demo/install/booster_msgs/share/booster_msgs/environment/ament_prefix_path.dsv
[4.941s] -- Up-to-date symlink: /home/booster/Workspace/robocup_demo/install/booster_msgs/share/booster_msgs/environment/path.sh
[4.941s] -- Up-to-date symlink: /home/booster/Workspace/robocup_demo/install/booster_msgs/share/booster_msgs/environment/path.dsv
[4.946s] -- Up-to-date symlink: /home/booster/Workspace/robocup_demo/install/booster_msgs/share/booster_msgs/local_setup.bash
[4.950s] -- Up-to-date symlink: /home/booster/Workspace/robocup_demo/install/booster_msgs/share/booster_msgs/local_setup.sh
[4.950s] -- Up-to-date symlink: /home/booster/Workspace/robocup_demo/install/booster_msgs/share/booster_msgs/local_setup.zsh
[4.950s] -- Up-to-date symlink: /home/booster/Workspace/robocup_demo/install/booster_msgs/share/booster_msgs/local_setup.dsv
[4.950s] -- Symlinking: /home/booster/Workspace/robocup_demo/install/booster_msgs/share/booster_msgs/package.dsv
[4.963s] -- Up-to-date symlink: /home/booster/Workspace/robocup_demo/install/booster_msgs/share/ament_index/resource_index/packages/booster_msgs
[4.964s] -- Up-to-date symlink: /home/booster/Workspace/robocup_demo/install/booster_msgs/share/booster_msgs/cmake/rosidl_cmake-extras.cmake
[4.964s] -- Up-to-date symlink: /home/booster/Workspace/robocup_demo/install/booster_msgs/share/booster_msgs/cmake/ament_cmake_export_include_directories-extras.cmake
[4.964s] -- Up-to-date symlink: /home/booster/Workspace/robocup_demo/install/booster_msgs/share/booster_msgs/cmake/ament_cmake_export_libraries-extras.cmake
[4.965s] -- Up-to-date symlink: /home/booster/Workspace/robocup_demo/install/booster_msgs/share/booster_msgs/cmake/ament_cmake_export_targets-extras.cmake
[4.965s] -- Up-to-date symlink: /home/booster/Workspace/robocup_demo/install/booster_msgs/share/booster_msgs/cmake/rosidl_cmake_export_typesupport_targets-extras.cmake
[4.965s] -- Up-to-date symlink: /home/booster/Workspace/robocup_demo/install/booster_msgs/share/booster_msgs/cmake/ament_cmake_export_dependencies-extras.cmake
[4.965s] -- Up-to-date symlink: /home/booster/Workspace/robocup_demo/install/booster_msgs/share/booster_msgs/cmake/rosidl_cmake_export_typesupport_libraries-extras.cmake
[4.965s] -- Up-to-date symlink: /home/booster/Workspace/robocup_demo/install/booster_msgs/share/booster_msgs/cmake/booster_msgsConfig.cmake
[4.965s] -- Up-to-date symlink: /home/booster/Workspace/robocup_demo/install/booster_msgs/share/booster_msgs/cmake/booster_msgsConfig-version.cmake
[4.965s] -- Up-to-date symlink: /home/booster/Workspace/robocup_demo/install/booster_msgs/share/booster_msgs/package.xml
[4.965s] -- Up-to-date: /home/booster/Workspace/robocup_demo/install/booster_msgs/lib/libbooster_msgs__rosidl_generator_c.so
[4.966s] -- Up-to-date: /home/booster/Workspace/robocup_demo/install/booster_msgs/lib/libbooster_msgs__rosidl_typesupport_fastrtps_c.so
[4.966s] -- Up-to-date: /home/booster/Workspace/robocup_demo/install/booster_msgs/lib/libbooster_msgs__rosidl_typesupport_introspection_c.so
[4.966s] -- Up-to-date: /home/booster/Workspace/robocup_demo/install/booster_msgs/lib/libbooster_msgs__rosidl_typesupport_c.so
[4.966s] -- Up-to-date: /home/booster/Workspace/robocup_demo/install/booster_msgs/lib/libbooster_msgs__rosidl_typesupport_fastrtps_cpp.so
[4.966s] -- Up-to-date: /home/booster/Workspace/robocup_demo/install/booster_msgs/lib/libbooster_msgs__rosidl_typesupport_introspection_cpp.so
[4.968s] -- Up-to-date: /home/booster/Workspace/robocup_demo/install/booster_msgs/lib/libbooster_msgs__rosidl_typesupport_cpp.so
[5.067s] Listing '/home/booster/Workspace/robocup_demo/install/booster_msgs/local/lib/python3.10/dist-packages/booster_msgs'...
[5.067s] Listing '/home/booster/Workspace/robocup_demo/install/booster_msgs/local/lib/python3.10/dist-packages/booster_msgs/msg'...
[5.084s] -- Up-to-date: /home/booster/Workspace/robocup_demo/install/booster_msgs/lib/libbooster_msgs__rosidl_generator_py.so
[5.084s] -- Up-to-date: /home/booster/Workspace/robocup_demo/install/booster_msgs/share/booster_msgs/cmake/export_booster_msgs__rosidl_generator_cExport.cmake
[5.084s] -- Up-to-date: /home/booster/Workspace/robocup_demo/install/booster_msgs/share/booster_msgs/cmake/export_booster_msgs__rosidl_generator_cExport-noconfig.cmake
[5.084s] -- Up-to-date: /home/booster/Workspace/robocup_demo/install/booster_msgs/share/booster_msgs/cmake/export_booster_msgs__rosidl_typesupport_fastrtps_cExport.cmake
[5.085s] -- Up-to-date: /home/booster/Workspace/robocup_demo/install/booster_msgs/share/booster_msgs/cmake/export_booster_msgs__rosidl_typesupport_fastrtps_cExport-noconfig.cmake
[5.092s] -- Up-to-date: /home/booster/Workspace/robocup_demo/install/booster_msgs/share/booster_msgs/cmake/booster_msgs__rosidl_typesupport_introspection_cExport.cmake
[5.092s] -- Up-to-date: /home/booster/Workspace/robocup_demo/install/booster_msgs/share/booster_msgs/cmake/booster_msgs__rosidl_typesupport_introspection_cExport-noconfig.cmake
[5.092s] -- Up-to-date: /home/booster/Workspace/robocup_demo/install/booster_msgs/share/booster_msgs/cmake/booster_msgs__rosidl_typesupport_cExport.cmake
[5.105s] -- Up-to-date: /home/booster/Workspace/robocup_demo/install/booster_msgs/share/booster_msgs/cmake/booster_msgs__rosidl_typesupport_cExport-noconfig.cmake
[5.107s] -- Up-to-date: /home/booster/Workspace/robocup_demo/install/booster_msgs/share/booster_msgs/cmake/export_booster_msgs__rosidl_generator_cppExport.cmake
[5.111s] -- Up-to-date: /home/booster/Workspace/robocup_demo/install/booster_msgs/share/booster_msgs/cmake/export_booster_msgs__rosidl_typesupport_fastrtps_cppExport.cmake
[5.112s] -- Up-to-date: /home/booster/Workspace/robocup_demo/install/booster_msgs/share/booster_msgs/cmake/export_booster_msgs__rosidl_typesupport_fastrtps_cppExport-noconfig.cmake
[5.112s] -- Up-to-date: /home/booster/Workspace/robocup_demo/install/booster_msgs/share/booster_msgs/cmake/booster_msgs__rosidl_typesupport_introspection_cppExport.cmake
[5.112s] -- Up-to-date: /home/booster/Workspace/robocup_demo/install/booster_msgs/share/booster_msgs/cmake/booster_msgs__rosidl_typesupport_introspection_cppExport-noconfig.cmake
[5.112s] -- Up-to-date: /home/booster/Workspace/robocup_demo/install/booster_msgs/share/booster_msgs/cmake/booster_msgs__rosidl_typesupport_cppExport.cmake
[5.112s] -- Up-to-date: /home/booster/Workspace/robocup_demo/install/booster_msgs/share/booster_msgs/cmake/booster_msgs__rosidl_typesupport_cppExport-noconfig.cmake
[5.115s] -- Up-to-date: /home/booster/Workspace/robocup_demo/install/booster_msgs/share/booster_msgs/cmake/export_booster_msgs__rosidl_generator_pyExport.cmake
[5.118s] -- Up-to-date: /home/booster/Workspace/robocup_demo/install/booster_msgs/share/booster_msgs/cmake/export_booster_msgs__rosidl_generator_pyExport-noconfig.cmake
[5.118s] Invoked command in '/home/booster/Workspace/robocup_demo/build/booster_msgs' returned '0': CMAKE_PREFIX_PATH=/opt/ros/humble /usr/bin/cmake --install /home/booster/Workspace/robocup_demo/build/booster_msgs
