[0.179s] Invoking command in '/home/booster/Workspace/robocup_demo/build/booster_msgs': CMAKE_PREFIX_PATH=/opt/ros/humble /usr/bin/cmake --build /home/booster/Workspace/robocup_demo/build/booster_msgs -- -j5 -l5
[0.607s] [  2%] Built target booster_msgs__cpp
[0.788s] [  2%] Built target ament_cmake_python_symlink_booster_msgs
[0.835s] [ 12%] Built target booster_msgs__rosidl_typesupport_introspection_cpp
[2.294s] running egg_info
[2.306s] writing booster_msgs.egg-info/PKG-INFO
[2.307s] writing dependency_links to booster_msgs.egg-info/dependency_links.txt
[2.307s] writing top-level names to booster_msgs.egg-info/top_level.txt
[2.322s] reading manifest file 'booster_msgs.egg-info/SOURCES.txt'
[2.322s] writing manifest file 'booster_msgs.egg-info/SOURCES.txt'
[2.642s] [ 12%] Built target ament_cmake_python_build_booster_msgs_egg
[2.825s] [ 23%] Built target booster_msgs__rosidl_typesupport_fastrtps_cpp
[3.025s] [ 34%] Built target booster_msgs__rosidl_typesupport_cpp
[3.167s] [ 44%] Built target booster_msgs__rosidl_generator_c
[3.309s] [ 55%] Built target booster_msgs__rosidl_typesupport_fastrtps_c
[3.506s] [ 65%] Built target booster_msgs__rosidl_typesupport_c
[3.621s] [ 76%] Built target booster_msgs__rosidl_typesupport_introspection_c
[3.697s] [ 76%] Built target booster_msgs
[3.792s] [ 78%] Built target booster_msgs__py
[4.008s] [ 87%] Built target booster_msgs__rosidl_generator_py
[4.262s] [ 91%] Built target booster_msgs__rosidl_typesupport_fastrtps_c__pyext
[4.381s] [ 95%] Built target booster_msgs__rosidl_typesupport_c__pyext
[4.529s] [100%] Built target booster_msgs__rosidl_typesupport_introspection_c__pyext
[4.626s] Invoked command in '/home/booster/Workspace/robocup_demo/build/booster_msgs' returned '0': CMAKE_PREFIX_PATH=/opt/ros/humble /usr/bin/cmake --build /home/booster/Workspace/robocup_demo/build/booster_msgs -- -j5 -l5
[4.671s] Invoking command in '/home/booster/Workspace/robocup_demo/build/booster_msgs': CMAKE_PREFIX_PATH=/opt/ros/humble /usr/bin/cmake --install /home/booster/Workspace/robocup_demo/build/booster_msgs
[4.695s] -- Install configuration: ""
[4.697s] -- Execute custom install script
[4.699s] -- Up-to-date symlink: /home/booster/Workspace/robocup_demo/install/booster_msgs/share/ament_index/resource_index/rosidl_interfaces/booster_msgs
[4.700s] -- Up-to-date symlink: /home/booster/Workspace/robocup_demo/install/booster_msgs/include/booster_msgs/booster_msgs/msg/binary_data.h
[4.702s] -- Up-to-date symlink: /home/booster/Workspace/robocup_demo/install/booster_msgs/include/booster_msgs/booster_msgs/msg/detail/binary_data__functions.h
[4.702s] -- Up-to-date symlink: /home/booster/Workspace/robocup_demo/install/booster_msgs/include/booster_msgs/booster_msgs/msg/detail/binary_data__struct.h
[4.702s] -- Up-to-date symlink: /home/booster/Workspace/robocup_demo/install/booster_msgs/include/booster_msgs/booster_msgs/msg/detail/binary_data__type_support.h
[4.702s] -- Up-to-date symlink: /home/booster/Workspace/robocup_demo/install/booster_msgs/include/booster_msgs/booster_msgs/msg/detail/rpc_req_msg__functions.h
[4.707s] -- Up-to-date symlink: /home/booster/Workspace/robocup_demo/install/booster_msgs/include/booster_msgs/booster_msgs/msg/detail/rpc_req_msg__struct.h
[4.707s] -- Up-to-date symlink: /home/booster/Workspace/robocup_demo/install/booster_msgs/include/booster_msgs/booster_msgs/msg/detail/rpc_req_msg__type_support.h
[4.707s] -- Up-to-date symlink: /home/booster/Workspace/robocup_demo/install/booster_msgs/include/booster_msgs/booster_msgs/msg/detail/rpc_resp_msg__functions.h
[4.707s] -- Up-to-date symlink: /home/booster/Workspace/robocup_demo/install/booster_msgs/include/booster_msgs/booster_msgs/msg/detail/rpc_resp_msg__struct.h
[4.707s] -- Up-to-date symlink: /home/booster/Workspace/robocup_demo/install/booster_msgs/include/booster_msgs/booster_msgs/msg/detail/rpc_resp_msg__type_support.h
[4.708s] -- Up-to-date symlink: /home/booster/Workspace/robocup_demo/install/booster_msgs/include/booster_msgs/booster_msgs/msg/rosidl_generator_c__visibility_control.h
[4.709s] -- Up-to-date symlink: /home/booster/Workspace/robocup_demo/install/booster_msgs/include/booster_msgs/booster_msgs/msg/rpc_req_msg.h
[4.709s] -- Up-to-date symlink: /home/booster/Workspace/robocup_demo/install/booster_msgs/include/booster_msgs/booster_msgs/msg/rpc_resp_msg.h
[4.713s] -- Up-to-date symlink: /home/booster/Workspace/robocup_demo/install/booster_msgs/share/booster_msgs/environment/library_path.sh
[4.715s] -- Up-to-date symlink: /home/booster/Workspace/robocup_demo/install/booster_msgs/share/booster_msgs/environment/library_path.dsv
[4.716s] -- Up-to-date symlink: /home/booster/Workspace/robocup_demo/install/booster_msgs/include/booster_msgs/booster_msgs/msg/detail/binary_data__rosidl_typesupport_fastrtps_c.h
[4.718s] -- Up-to-date symlink: /home/booster/Workspace/robocup_demo/install/booster_msgs/include/booster_msgs/booster_msgs/msg/detail/rpc_req_msg__rosidl_typesupport_fastrtps_c.h
[4.720s] -- Up-to-date symlink: /home/booster/Workspace/robocup_demo/install/booster_msgs/include/booster_msgs/booster_msgs/msg/detail/rpc_resp_msg__rosidl_typesupport_fastrtps_c.h
[4.721s] -- Up-to-date symlink: /home/booster/Workspace/robocup_demo/install/booster_msgs/include/booster_msgs/booster_msgs/msg/rosidl_typesupport_fastrtps_c__visibility_control.h
[4.721s] -- Up-to-date symlink: /home/booster/Workspace/robocup_demo/install/booster_msgs/include/booster_msgs/booster_msgs/msg/detail/binary_data__rosidl_typesupport_introspection_c.h
[4.721s] -- Up-to-date symlink: /home/booster/Workspace/robocup_demo/install/booster_msgs/include/booster_msgs/booster_msgs/msg/detail/rpc_req_msg__rosidl_typesupport_introspection_c.h
[4.722s] -- Up-to-date symlink: /home/booster/Workspace/robocup_demo/install/booster_msgs/include/booster_msgs/booster_msgs/msg/detail/rpc_resp_msg__rosidl_typesupport_introspection_c.h
[4.722s] -- Up-to-date symlink: /home/booster/Workspace/robocup_demo/install/booster_msgs/include/booster_msgs/booster_msgs/msg/rosidl_typesupport_introspection_c__visibility_control.h
[4.722s] -- Up-to-date symlink: /home/booster/Workspace/robocup_demo/install/booster_msgs/include/booster_msgs/booster_msgs/msg/binary_data.hpp
[4.726s] -- Up-to-date symlink: /home/booster/Workspace/robocup_demo/install/booster_msgs/include/booster_msgs/booster_msgs/msg/detail/binary_data__builder.hpp
[4.729s] -- Up-to-date symlink: /home/booster/Workspace/robocup_demo/install/booster_msgs/include/booster_msgs/booster_msgs/msg/detail/binary_data__struct.hpp
[4.729s] -- Up-to-date symlink: /home/booster/Workspace/robocup_demo/install/booster_msgs/include/booster_msgs/booster_msgs/msg/detail/binary_data__traits.hpp
[4.730s] -- Up-to-date symlink: /home/booster/Workspace/robocup_demo/install/booster_msgs/include/booster_msgs/booster_msgs/msg/detail/binary_data__type_support.hpp
[4.730s] -- Up-to-date symlink: /home/booster/Workspace/robocup_demo/install/booster_msgs/include/booster_msgs/booster_msgs/msg/detail/rpc_req_msg__builder.hpp
[4.730s] -- Up-to-date symlink: /home/booster/Workspace/robocup_demo/install/booster_msgs/include/booster_msgs/booster_msgs/msg/detail/rpc_req_msg__struct.hpp
[4.730s] -- Up-to-date symlink: /home/booster/Workspace/robocup_demo/install/booster_msgs/include/booster_msgs/booster_msgs/msg/detail/rpc_req_msg__traits.hpp
[4.731s] -- Up-to-date symlink: /home/booster/Workspace/robocup_demo/install/booster_msgs/include/booster_msgs/booster_msgs/msg/detail/rpc_req_msg__type_support.hpp
[4.733s] -- Up-to-date symlink: /home/booster/Workspace/robocup_demo/install/booster_msgs/include/booster_msgs/booster_msgs/msg/detail/rpc_resp_msg__builder.hpp
[4.738s] -- Up-to-date symlink: /home/booster/Workspace/robocup_demo/install/booster_msgs/include/booster_msgs/booster_msgs/msg/detail/rpc_resp_msg__struct.hpp
[4.738s] -- Up-to-date symlink: /home/booster/Workspace/robocup_demo/install/booster_msgs/include/booster_msgs/booster_msgs/msg/detail/rpc_resp_msg__traits.hpp
[4.739s] -- Up-to-date symlink: /home/booster/Workspace/robocup_demo/install/booster_msgs/include/booster_msgs/booster_msgs/msg/detail/rpc_resp_msg__type_support.hpp
[4.739s] -- Up-to-date symlink: /home/booster/Workspace/robocup_demo/install/booster_msgs/include/booster_msgs/booster_msgs/msg/rosidl_generator_cpp__visibility_control.hpp
[4.739s] -- Up-to-date symlink: /home/booster/Workspace/robocup_demo/install/booster_msgs/include/booster_msgs/booster_msgs/msg/rpc_req_msg.hpp
[4.739s] -- Up-to-date symlink: /home/booster/Workspace/robocup_demo/install/booster_msgs/include/booster_msgs/booster_msgs/msg/rpc_resp_msg.hpp
[4.741s] -- Up-to-date symlink: /home/booster/Workspace/robocup_demo/install/booster_msgs/include/booster_msgs/booster_msgs/msg/detail/binary_data__rosidl_typesupport_fastrtps_cpp.hpp
[4.742s] -- Up-to-date symlink: /home/booster/Workspace/robocup_demo/install/booster_msgs/include/booster_msgs/booster_msgs/msg/detail/rpc_req_msg__rosidl_typesupport_fastrtps_cpp.hpp
[4.743s] -- Up-to-date symlink: /home/booster/Workspace/robocup_demo/install/booster_msgs/include/booster_msgs/booster_msgs/msg/detail/rpc_resp_msg__rosidl_typesupport_fastrtps_cpp.hpp
[4.749s] -- Up-to-date symlink: /home/booster/Workspace/robocup_demo/install/booster_msgs/include/booster_msgs/booster_msgs/msg/rosidl_typesupport_fastrtps_cpp__visibility_control.h
[4.750s] -- Up-to-date symlink: /home/booster/Workspace/robocup_demo/install/booster_msgs/include/booster_msgs/booster_msgs/msg/detail/binary_data__rosidl_typesupport_introspection_cpp.hpp
[4.750s] -- Up-to-date symlink: /home/booster/Workspace/robocup_demo/install/booster_msgs/include/booster_msgs/booster_msgs/msg/detail/rpc_req_msg__rosidl_typesupport_introspection_cpp.hpp
[4.750s] -- Up-to-date symlink: /home/booster/Workspace/robocup_demo/install/booster_msgs/include/booster_msgs/booster_msgs/msg/detail/rpc_resp_msg__rosidl_typesupport_introspection_cpp.hpp
[4.750s] -- Up-to-date symlink: /home/booster/Workspace/robocup_demo/install/booster_msgs/share/booster_msgs/environment/pythonpath.sh
[4.750s] -- Up-to-date symlink: /home/booster/Workspace/robocup_demo/install/booster_msgs/share/booster_msgs/environment/pythonpath.dsv
[4.751s] -- Up-to-date symlink: /home/booster/Workspace/robocup_demo/install/booster_msgs/local/lib/python3.10/dist-packages/booster_msgs-0.0.0-py3.10.egg-info/PKG-INFO
[4.751s] -- Up-to-date symlink: /home/booster/Workspace/robocup_demo/install/booster_msgs/local/lib/python3.10/dist-packages/booster_msgs-0.0.0-py3.10.egg-info/SOURCES.txt
[4.751s] -- Up-to-date symlink: /home/booster/Workspace/robocup_demo/install/booster_msgs/local/lib/python3.10/dist-packages/booster_msgs-0.0.0-py3.10.egg-info/dependency_links.txt
[4.751s] -- Up-to-date symlink: /home/booster/Workspace/robocup_demo/install/booster_msgs/local/lib/python3.10/dist-packages/booster_msgs-0.0.0-py3.10.egg-info/top_level.txt
[4.752s] -- Up-to-date symlink: /home/booster/Workspace/robocup_demo/install/booster_msgs/local/lib/python3.10/dist-packages/booster_msgs/__init__.py
[4.753s] -- Up-to-date symlink: /home/booster/Workspace/robocup_demo/install/booster_msgs/local/lib/python3.10/dist-packages/booster_msgs/_booster_msgs_s.ep.rosidl_typesupport_c.c
[4.753s] -- Up-to-date symlink: /home/booster/Workspace/robocup_demo/install/booster_msgs/local/lib/python3.10/dist-packages/booster_msgs/_booster_msgs_s.ep.rosidl_typesupport_fastrtps_c.c
[4.756s] -- Up-to-date symlink: /home/booster/Workspace/robocup_demo/install/booster_msgs/local/lib/python3.10/dist-packages/booster_msgs/_booster_msgs_s.ep.rosidl_typesupport_introspection_c.c
[4.756s] -- Up-to-date symlink: /home/booster/Workspace/robocup_demo/install/booster_msgs/local/lib/python3.10/dist-packages/booster_msgs/booster_msgs_s__rosidl_typesupport_c.cpython-310-aarch64-linux-gnu.so
[4.756s] -- Up-to-date symlink: /home/booster/Workspace/robocup_demo/install/booster_msgs/local/lib/python3.10/dist-packages/booster_msgs/booster_msgs_s__rosidl_typesupport_fastrtps_c.cpython-310-aarch64-linux-gnu.so
[4.756s] -- Up-to-date symlink: /home/booster/Workspace/robocup_demo/install/booster_msgs/local/lib/python3.10/dist-packages/booster_msgs/booster_msgs_s__rosidl_typesupport_introspection_c.cpython-310-aarch64-linux-gnu.so
[4.756s] -- Up-to-date symlink: /home/booster/Workspace/robocup_demo/install/booster_msgs/local/lib/python3.10/dist-packages/booster_msgs/libbooster_msgs__rosidl_generator_py.so
[4.757s] -- Up-to-date symlink: /home/booster/Workspace/robocup_demo/install/booster_msgs/local/lib/python3.10/dist-packages/booster_msgs/msg/__init__.py
[4.765s] -- Up-to-date symlink: /home/booster/Workspace/robocup_demo/install/booster_msgs/local/lib/python3.10/dist-packages/booster_msgs/msg/_binary_data.py
[4.765s] -- Up-to-date symlink: /home/booster/Workspace/robocup_demo/install/booster_msgs/local/lib/python3.10/dist-packages/booster_msgs/msg/_binary_data_s.c
[4.766s] -- Up-to-date symlink: /home/booster/Workspace/robocup_demo/install/booster_msgs/local/lib/python3.10/dist-packages/booster_msgs/msg/_rpc_req_msg.py
[4.766s] -- Up-to-date symlink: /home/booster/Workspace/robocup_demo/install/booster_msgs/local/lib/python3.10/dist-packages/booster_msgs/msg/_rpc_req_msg_s.c
[4.766s] -- Up-to-date symlink: /home/booster/Workspace/robocup_demo/install/booster_msgs/local/lib/python3.10/dist-packages/booster_msgs/msg/_rpc_resp_msg.py
[4.766s] -- Up-to-date symlink: /home/booster/Workspace/robocup_demo/install/booster_msgs/local/lib/python3.10/dist-packages/booster_msgs/msg/_rpc_resp_msg_s.c
[4.766s] -- Up-to-date symlink: /home/booster/Workspace/robocup_demo/install/booster_msgs/local/lib/python3.10/dist-packages/booster_msgs/booster_msgs_s__rosidl_typesupport_fastrtps_c.cpython-310-aarch64-linux-gnu.so
[4.769s] -- Up-to-date symlink: /home/booster/Workspace/robocup_demo/install/booster_msgs/local/lib/python3.10/dist-packages/booster_msgs/booster_msgs_s__rosidl_typesupport_introspection_c.cpython-310-aarch64-linux-gnu.so
[4.775s] -- Up-to-date symlink: /home/booster/Workspace/robocup_demo/install/booster_msgs/local/lib/python3.10/dist-packages/booster_msgs/booster_msgs_s__rosidl_typesupport_c.cpython-310-aarch64-linux-gnu.so
[4.775s] -- Up-to-date symlink: /home/booster/Workspace/robocup_demo/install/booster_msgs/share/booster_msgs/msg/BinaryData.idl
[4.776s] -- Up-to-date symlink: /home/booster/Workspace/robocup_demo/install/booster_msgs/share/booster_msgs/msg/RpcReqMsg.idl
[4.776s] -- Up-to-date symlink: /home/booster/Workspace/robocup_demo/install/booster_msgs/share/booster_msgs/msg/RpcRespMsg.idl
[4.778s] -- Up-to-date symlink: /home/booster/Workspace/robocup_demo/install/booster_msgs/share/booster_msgs/msg/BinaryData.msg
[4.779s] -- Up-to-date symlink: /home/booster/Workspace/robocup_demo/install/booster_msgs/share/booster_msgs/msg/RpcReqMsg.msg
[4.779s] -- Up-to-date symlink: /home/booster/Workspace/robocup_demo/install/booster_msgs/share/booster_msgs/msg/RpcRespMsg.msg
[4.781s] -- Up-to-date symlink: /home/booster/Workspace/robocup_demo/install/booster_msgs/share/ament_index/resource_index/package_run_dependencies/booster_msgs
[4.782s] -- Up-to-date symlink: /home/booster/Workspace/robocup_demo/install/booster_msgs/share/ament_index/resource_index/parent_prefix_path/booster_msgs
[4.785s] -- Up-to-date symlink: /home/booster/Workspace/robocup_demo/install/booster_msgs/share/booster_msgs/environment/ament_prefix_path.sh
[4.791s] -- Up-to-date symlink: /home/booster/Workspace/robocup_demo/install/booster_msgs/share/booster_msgs/environment/ament_prefix_path.dsv
[4.792s] -- Up-to-date symlink: /home/booster/Workspace/robocup_demo/install/booster_msgs/share/booster_msgs/environment/path.sh
[4.798s] -- Up-to-date symlink: /home/booster/Workspace/robocup_demo/install/booster_msgs/share/booster_msgs/environment/path.dsv
[4.801s] -- Up-to-date symlink: /home/booster/Workspace/robocup_demo/install/booster_msgs/share/booster_msgs/local_setup.bash
[4.801s] -- Up-to-date symlink: /home/booster/Workspace/robocup_demo/install/booster_msgs/share/booster_msgs/local_setup.sh
[4.802s] -- Up-to-date symlink: /home/booster/Workspace/robocup_demo/install/booster_msgs/share/booster_msgs/local_setup.zsh
[4.802s] -- Up-to-date symlink: /home/booster/Workspace/robocup_demo/install/booster_msgs/share/booster_msgs/local_setup.dsv
[4.802s] -- Symlinking: /home/booster/Workspace/robocup_demo/install/booster_msgs/share/booster_msgs/package.dsv
[4.834s] -- Up-to-date symlink: /home/booster/Workspace/robocup_demo/install/booster_msgs/share/ament_index/resource_index/packages/booster_msgs
[4.834s] -- Up-to-date symlink: /home/booster/Workspace/robocup_demo/install/booster_msgs/share/booster_msgs/cmake/rosidl_cmake-extras.cmake
[4.834s] -- Up-to-date symlink: /home/booster/Workspace/robocup_demo/install/booster_msgs/share/booster_msgs/cmake/ament_cmake_export_include_directories-extras.cmake
[4.834s] -- Up-to-date symlink: /home/booster/Workspace/robocup_demo/install/booster_msgs/share/booster_msgs/cmake/ament_cmake_export_libraries-extras.cmake
[4.835s] -- Up-to-date symlink: /home/booster/Workspace/robocup_demo/install/booster_msgs/share/booster_msgs/cmake/ament_cmake_export_targets-extras.cmake
[4.835s] -- Up-to-date symlink: /home/booster/Workspace/robocup_demo/install/booster_msgs/share/booster_msgs/cmake/rosidl_cmake_export_typesupport_targets-extras.cmake
[4.835s] -- Up-to-date symlink: /home/booster/Workspace/robocup_demo/install/booster_msgs/share/booster_msgs/cmake/ament_cmake_export_dependencies-extras.cmake
[4.835s] -- Up-to-date symlink: /home/booster/Workspace/robocup_demo/install/booster_msgs/share/booster_msgs/cmake/rosidl_cmake_export_typesupport_libraries-extras.cmake
[4.835s] -- Up-to-date symlink: /home/booster/Workspace/robocup_demo/install/booster_msgs/share/booster_msgs/cmake/booster_msgsConfig.cmake
[4.835s] -- Up-to-date symlink: /home/booster/Workspace/robocup_demo/install/booster_msgs/share/booster_msgs/cmake/booster_msgsConfig-version.cmake
[4.835s] -- Up-to-date symlink: /home/booster/Workspace/robocup_demo/install/booster_msgs/share/booster_msgs/package.xml
[4.836s] -- Up-to-date: /home/booster/Workspace/robocup_demo/install/booster_msgs/lib/libbooster_msgs__rosidl_generator_c.so
[4.836s] -- Up-to-date: /home/booster/Workspace/robocup_demo/install/booster_msgs/lib/libbooster_msgs__rosidl_typesupport_fastrtps_c.so
[4.836s] -- Up-to-date: /home/booster/Workspace/robocup_demo/install/booster_msgs/lib/libbooster_msgs__rosidl_typesupport_introspection_c.so
[4.836s] -- Up-to-date: /home/booster/Workspace/robocup_demo/install/booster_msgs/lib/libbooster_msgs__rosidl_typesupport_c.so
[4.836s] -- Up-to-date: /home/booster/Workspace/robocup_demo/install/booster_msgs/lib/libbooster_msgs__rosidl_typesupport_fastrtps_cpp.so
[4.837s] -- Up-to-date: /home/booster/Workspace/robocup_demo/install/booster_msgs/lib/libbooster_msgs__rosidl_typesupport_introspection_cpp.so
[4.837s] -- Up-to-date: /home/booster/Workspace/robocup_demo/install/booster_msgs/lib/libbooster_msgs__rosidl_typesupport_cpp.so
[5.033s] Listing '/home/booster/Workspace/robocup_demo/install/booster_msgs/local/lib/python3.10/dist-packages/booster_msgs'...
[5.034s] Listing '/home/booster/Workspace/robocup_demo/install/booster_msgs/local/lib/python3.10/dist-packages/booster_msgs/msg'...
[5.057s] -- Up-to-date: /home/booster/Workspace/robocup_demo/install/booster_msgs/lib/libbooster_msgs__rosidl_generator_py.so
[5.058s] -- Up-to-date: /home/booster/Workspace/robocup_demo/install/booster_msgs/share/booster_msgs/cmake/export_booster_msgs__rosidl_generator_cExport.cmake
[5.058s] -- Up-to-date: /home/booster/Workspace/robocup_demo/install/booster_msgs/share/booster_msgs/cmake/export_booster_msgs__rosidl_generator_cExport-noconfig.cmake
[5.058s] -- Up-to-date: /home/booster/Workspace/robocup_demo/install/booster_msgs/share/booster_msgs/cmake/export_booster_msgs__rosidl_typesupport_fastrtps_cExport.cmake
[5.058s] -- Up-to-date: /home/booster/Workspace/robocup_demo/install/booster_msgs/share/booster_msgs/cmake/export_booster_msgs__rosidl_typesupport_fastrtps_cExport-noconfig.cmake
[5.059s] -- Up-to-date: /home/booster/Workspace/robocup_demo/install/booster_msgs/share/booster_msgs/cmake/booster_msgs__rosidl_typesupport_introspection_cExport.cmake
[5.059s] -- Up-to-date: /home/booster/Workspace/robocup_demo/install/booster_msgs/share/booster_msgs/cmake/booster_msgs__rosidl_typesupport_introspection_cExport-noconfig.cmake
[5.059s] -- Up-to-date: /home/booster/Workspace/robocup_demo/install/booster_msgs/share/booster_msgs/cmake/booster_msgs__rosidl_typesupport_cExport.cmake
[5.059s] -- Up-to-date: /home/booster/Workspace/robocup_demo/install/booster_msgs/share/booster_msgs/cmake/booster_msgs__rosidl_typesupport_cExport-noconfig.cmake
[5.060s] -- Up-to-date: /home/booster/Workspace/robocup_demo/install/booster_msgs/share/booster_msgs/cmake/export_booster_msgs__rosidl_generator_cppExport.cmake
[5.060s] -- Up-to-date: /home/booster/Workspace/robocup_demo/install/booster_msgs/share/booster_msgs/cmake/export_booster_msgs__rosidl_typesupport_fastrtps_cppExport.cmake
[5.060s] -- Up-to-date: /home/booster/Workspace/robocup_demo/install/booster_msgs/share/booster_msgs/cmake/export_booster_msgs__rosidl_typesupport_fastrtps_cppExport-noconfig.cmake
[5.060s] -- Up-to-date: /home/booster/Workspace/robocup_demo/install/booster_msgs/share/booster_msgs/cmake/booster_msgs__rosidl_typesupport_introspection_cppExport.cmake
[5.060s] -- Up-to-date: /home/booster/Workspace/robocup_demo/install/booster_msgs/share/booster_msgs/cmake/booster_msgs__rosidl_typesupport_introspection_cppExport-noconfig.cmake
[5.060s] -- Up-to-date: /home/booster/Workspace/robocup_demo/install/booster_msgs/share/booster_msgs/cmake/booster_msgs__rosidl_typesupport_cppExport.cmake
[5.060s] -- Up-to-date: /home/booster/Workspace/robocup_demo/install/booster_msgs/share/booster_msgs/cmake/booster_msgs__rosidl_typesupport_cppExport-noconfig.cmake
[5.060s] -- Up-to-date: /home/booster/Workspace/robocup_demo/install/booster_msgs/share/booster_msgs/cmake/export_booster_msgs__rosidl_generator_pyExport.cmake
[5.060s] -- Up-to-date: /home/booster/Workspace/robocup_demo/install/booster_msgs/share/booster_msgs/cmake/export_booster_msgs__rosidl_generator_pyExport-noconfig.cmake
[5.073s] Invoked command in '/home/booster/Workspace/robocup_demo/build/booster_msgs' returned '0': CMAKE_PREFIX_PATH=/opt/ros/humble /usr/bin/cmake --install /home/booster/Workspace/robocup_demo/build/booster_msgs
