[ 27%] Built target yolov8_trt
[ 42%] Built target booster_vision_base
[ 48%] Built target yolov8_seg
[ 57%] Built target booster_vision_calibration
[ 63%] Built target yolov8_det
[ 72%] Built target yolov8_model
[ 78%] Built target booster_vision_pose_estimator
[ 81%] [32m[1mLinking CXX executable vision_node[0m
[ 90%] Built target vision_node
[100%] Built target calibration_node
-- Install configuration: ""
-- Execute custom install script
-- Up-to-date symlink: /home/booster/Workspace/robocup_demo/install/vision/lib/libbooster_vision_base.so
-- Up-to-date symlink: /home/booster/Workspace/robocup_demo/install/vision/lib/libyolov8_trt.so
-- Up-to-date symlink: /home/booster/Workspace/robocup_demo/install/vision/lib/vision/yolov8_det
-- Up-to-date symlink: /home/booster/Workspace/robocup_demo/install/vision/lib/vision/yolov8_seg
-- Up-to-date symlink: /home/booster/Workspace/robocup_demo/install/vision/lib/libyolov8_model.so
-- Up-to-date symlink: /home/booster/Workspace/robocup_demo/install/vision/lib/libbooster_vision_pose_estimator.so
-- Up-to-date symlink: /home/booster/Workspace/robocup_demo/install/vision/lib/vision/calibration_node
-- Up-to-date symlink: /home/booster/Workspace/robocup_demo/install/vision/lib/libbooster_vision_calibration.so
-- Up-to-date symlink: /home/booster/Workspace/robocup_demo/install/vision/lib/vision/vision_node
-- Up-to-date symlink: /home/booster/Workspace/robocup_demo/install/vision/share/vision/launch/launch.py
-- Up-to-date symlink: /home/booster/Workspace/robocup_demo/install/vision/share/vision/config/field.yaml
-- Up-to-date symlink: /home/booster/Workspace/robocup_demo/install/vision/share/vision/config/vision.yaml
-- Up-to-date symlink: /home/booster/Workspace/robocup_demo/install/vision/share/vision/model/backup_bad_engines/best_orin.engine
-- Up-to-date symlink: /home/booster/Workspace/robocup_demo/install/vision/share/vision/model/backup_bad_local_models/best_digua_10.3.engine
-- Up-to-date symlink: /home/booster/Workspace/robocup_demo/install/vision/share/vision/model/backup_bad_local_models/best_digua_1223_10.3.engine
-- Up-to-date symlink: /home/booster/Workspace/robocup_demo/install/vision/share/vision/model/backup_bad_local_models/best_digua_second_10.3.engine
-- Up-to-date symlink: /home/booster/Workspace/robocup_demo/install/vision/share/vision/model/backup_bad_local_models/sim_data_det_0126.onnx
-- Up-to-date symlink: /home/booster/Workspace/robocup_demo/install/vision/share/vision/model/backup_bad_local_models/sim_data_seg_0126.onnx
-- Up-to-date symlink: /home/booster/Workspace/robocup_demo/install/vision/share/vision/model/best_orin.engine
-- Up-to-date symlink: /home/booster/Workspace/robocup_demo/install/vision/share/vision/model/best_orin_10.3.engine
-- Up-to-date symlink: /home/booster/Workspace/robocup_demo/install/vision/share/vision/model/best_seg_orin.engine
-- Up-to-date symlink: /home/booster/Workspace/robocup_demo/install/vision/share/vision/model/best_seg_orin_10.3.engine
-- Up-to-date symlink: /home/booster/Workspace/robocup_demo/install/vision/share/vision/model/k1_realsense_10.3.engine
-- Up-to-date symlink: /home/booster/Workspace/robocup_demo/install/vision/share/ament_index/resource_index/package_run_dependencies/vision
-- Up-to-date symlink: /home/booster/Workspace/robocup_demo/install/vision/share/ament_index/resource_index/parent_prefix_path/vision
-- Up-to-date symlink: /home/booster/Workspace/robocup_demo/install/vision/share/vision/environment/ament_prefix_path.sh
-- Up-to-date symlink: /home/booster/Workspace/robocup_demo/install/vision/share/vision/environment/ament_prefix_path.dsv
-- Up-to-date symlink: /home/booster/Workspace/robocup_demo/install/vision/share/vision/environment/path.sh
-- Up-to-date symlink: /home/booster/Workspace/robocup_demo/install/vision/share/vision/environment/path.dsv
-- Up-to-date symlink: /home/booster/Workspace/robocup_demo/install/vision/share/vision/local_setup.bash
-- Up-to-date symlink: /home/booster/Workspace/robocup_demo/install/vision/share/vision/local_setup.sh
-- Up-to-date symlink: /home/booster/Workspace/robocup_demo/install/vision/share/vision/local_setup.zsh
-- Up-to-date symlink: /home/booster/Workspace/robocup_demo/install/vision/share/vision/local_setup.dsv
-- Symlinking: /home/booster/Workspace/robocup_demo/install/vision/share/vision/package.dsv
-- Up-to-date symlink: /home/booster/Workspace/robocup_demo/install/vision/share/ament_index/resource_index/packages/vision
-- Up-to-date symlink: /home/booster/Workspace/robocup_demo/install/vision/share/vision/cmake/ament_cmake_export_include_directories-extras.cmake
-- Up-to-date symlink: /home/booster/Workspace/robocup_demo/install/vision/share/vision/cmake/visionConfig.cmake
-- Up-to-date symlink: /home/booster/Workspace/robocup_demo/install/vision/share/vision/cmake/visionConfig-version.cmake
-- Up-to-date symlink: /home/booster/Workspace/robocup_demo/install/vision/share/vision/package.xml
-- Up-to-date: /home/booster/Workspace/robocup_demo/install/vision/lib
-- Up-to-date: /home/booster/Workspace/robocup_demo/install/vision/lib/install
-- Up-to-date: /home/booster/Workspace/robocup_demo/install/vision/lib/libceres.so.2.2.0
-- Up-to-date: /home/booster/Workspace/robocup_demo/install/vision/lib/log
-- Up-to-date: /home/booster/Workspace/robocup_demo/install/vision/lib/log/build_2026-04-02_11-00-54
-- Up-to-date: /home/booster/Workspace/robocup_demo/install/vision/lib/log/latest_build
-- Up-to-date: /home/booster/Workspace/robocup_demo/install/vision/lib/log/latest
-- Up-to-date: /home/booster/Workspace/robocup_demo/install/vision/lib/cmake
-- Up-to-date: /home/booster/Workspace/robocup_demo/install/vision/lib/cmake/Ceres
-- Up-to-date: /home/booster/Workspace/robocup_demo/install/vision/lib/libceres.so.4
-- Up-to-date: /home/booster/Workspace/robocup_demo/install/vision/lib/build
-- Up-to-date: /home/booster/Workspace/robocup_demo/install/vision/lib/libceres.so
