[0.124s] Invoking command in '/home/booster/Workspace/robocup_demo/build/vision': AMENT_PREFIX_PATH=/home/booster/Workspace/robocup_demo/install/vision_interface:${AMENT_PREFIX_PATH} CMAKE_PREFIX_PATH=/home/booster/Workspace/robocup_demo/install/vision_interface:/opt/ros/humble LD_LIBRARY_PATH=/home/booster/Workspace/robocup_demo/install/vision_interface/lib:/opt/ros/humble/opt/rviz_ogre_vendor/lib:/opt/ros/humble/lib/aarch64-linux-gnu:/opt/ros/humble/lib:/usr/local/cuda/lib64 PYTHONPATH=/home/booster/Workspace/robocup_demo/install/vision_interface/local/lib/python3.10/dist-packages:${PYTHONPATH} /usr/bin/cmake --build /home/booster/Workspace/robocup_demo/build/vision -- -j5 -l5
[0.401s] [ 27%] Built target yolov8_trt
[0.620s] [ 42%] Built target booster_vision_base
[0.691s] [ 48%] Built target yolov8_seg
[0.779s] [ 57%] Built target booster_vision_calibration
[0.862s] [ 63%] Built target yolov8_det
[0.936s] [ 72%] Built target yolov8_model
[1.012s] [ 78%] Built target booster_vision_pose_estimator
[1.133s] [ 81%] [32m[1mLinking CXX executable vision_node[0m
[8.502s] [ 90%] Built target vision_node
[8.573s] [100%] Built target calibration_node
[8.607s] Invoked command in '/home/booster/Workspace/robocup_demo/build/vision' returned '0': AMENT_PREFIX_PATH=/home/booster/Workspace/robocup_demo/install/vision_interface:${AMENT_PREFIX_PATH} CMAKE_PREFIX_PATH=/home/booster/Workspace/robocup_demo/install/vision_interface:/opt/ros/humble LD_LIBRARY_PATH=/home/booster/Workspace/robocup_demo/install/vision_interface/lib:/opt/ros/humble/opt/rviz_ogre_vendor/lib:/opt/ros/humble/lib/aarch64-linux-gnu:/opt/ros/humble/lib:/usr/local/cuda/lib64 PYTHONPATH=/home/booster/Workspace/robocup_demo/install/vision_interface/local/lib/python3.10/dist-packages:${PYTHONPATH} /usr/bin/cmake --build /home/booster/Workspace/robocup_demo/build/vision -- -j5 -l5
[8.611s] Invoking command in '/home/booster/Workspace/robocup_demo/build/vision': AMENT_PREFIX_PATH=/home/booster/Workspace/robocup_demo/install/vision_interface:${AMENT_PREFIX_PATH} CMAKE_PREFIX_PATH=/home/booster/Workspace/robocup_demo/install/vision_interface:/opt/ros/humble LD_LIBRARY_PATH=/home/booster/Workspace/robocup_demo/install/vision_interface/lib:/opt/ros/humble/opt/rviz_ogre_vendor/lib:/opt/ros/humble/lib/aarch64-linux-gnu:/opt/ros/humble/lib:/usr/local/cuda/lib64 PYTHONPATH=/home/booster/Workspace/robocup_demo/install/vision_interface/local/lib/python3.10/dist-packages:${PYTHONPATH} /usr/bin/cmake --install /home/booster/Workspace/robocup_demo/build/vision
[8.632s] -- Install configuration: ""
[8.632s] -- Execute custom install script
[8.632s] -- Up-to-date symlink: /home/booster/Workspace/robocup_demo/install/vision/lib/libbooster_vision_base.so
[8.632s] -- Up-to-date symlink: /home/booster/Workspace/robocup_demo/install/vision/lib/libyolov8_trt.so
[8.633s] -- Up-to-date symlink: /home/booster/Workspace/robocup_demo/install/vision/lib/vision/yolov8_det
[8.633s] -- Up-to-date symlink: /home/booster/Workspace/robocup_demo/install/vision/lib/vision/yolov8_seg
[8.634s] -- Up-to-date symlink: /home/booster/Workspace/robocup_demo/install/vision/lib/libyolov8_model.so
[8.634s] -- Up-to-date symlink: /home/booster/Workspace/robocup_demo/install/vision/lib/libbooster_vision_pose_estimator.so
[8.635s] -- Up-to-date symlink: /home/booster/Workspace/robocup_demo/install/vision/lib/vision/calibration_node
[8.636s] -- Up-to-date symlink: /home/booster/Workspace/robocup_demo/install/vision/lib/libbooster_vision_calibration.so
[8.636s] -- Up-to-date symlink: /home/booster/Workspace/robocup_demo/install/vision/lib/vision/vision_node
[8.637s] -- Up-to-date symlink: /home/booster/Workspace/robocup_demo/install/vision/share/vision/launch/launch.py
[8.637s] -- Up-to-date symlink: /home/booster/Workspace/robocup_demo/install/vision/share/vision/config/field.yaml
[8.638s] -- Up-to-date symlink: /home/booster/Workspace/robocup_demo/install/vision/share/vision/config/vision.yaml
[8.638s] -- Up-to-date symlink: /home/booster/Workspace/robocup_demo/install/vision/share/vision/model/backup_bad_engines/best_orin.engine
[8.638s] -- Up-to-date symlink: /home/booster/Workspace/robocup_demo/install/vision/share/vision/model/backup_bad_local_models/best_digua_10.3.engine
[8.639s] -- Up-to-date symlink: /home/booster/Workspace/robocup_demo/install/vision/share/vision/model/backup_bad_local_models/best_digua_1223_10.3.engine
[8.639s] -- Up-to-date symlink: /home/booster/Workspace/robocup_demo/install/vision/share/vision/model/backup_bad_local_models/best_digua_second_10.3.engine
[8.639s] -- Up-to-date symlink: /home/booster/Workspace/robocup_demo/install/vision/share/vision/model/backup_bad_local_models/sim_data_det_0126.onnx
[8.640s] -- Up-to-date symlink: /home/booster/Workspace/robocup_demo/install/vision/share/vision/model/backup_bad_local_models/sim_data_seg_0126.onnx
[8.640s] -- Up-to-date symlink: /home/booster/Workspace/robocup_demo/install/vision/share/vision/model/best_orin.engine
[8.640s] -- Up-to-date symlink: /home/booster/Workspace/robocup_demo/install/vision/share/vision/model/best_orin_10.3.engine
[8.640s] -- Up-to-date symlink: /home/booster/Workspace/robocup_demo/install/vision/share/vision/model/best_seg_orin.engine
[8.641s] -- Up-to-date symlink: /home/booster/Workspace/robocup_demo/install/vision/share/vision/model/best_seg_orin_10.3.engine
[8.641s] -- Up-to-date symlink: /home/booster/Workspace/robocup_demo/install/vision/share/vision/model/k1_realsense_10.3.engine
[8.641s] -- Up-to-date symlink: /home/booster/Workspace/robocup_demo/install/vision/share/ament_index/resource_index/package_run_dependencies/vision
[8.641s] -- Up-to-date symlink: /home/booster/Workspace/robocup_demo/install/vision/share/ament_index/resource_index/parent_prefix_path/vision
[8.641s] -- Up-to-date symlink: /home/booster/Workspace/robocup_demo/install/vision/share/vision/environment/ament_prefix_path.sh
[8.642s] -- Up-to-date symlink: /home/booster/Workspace/robocup_demo/install/vision/share/vision/environment/ament_prefix_path.dsv
[8.642s] -- Up-to-date symlink: /home/booster/Workspace/robocup_demo/install/vision/share/vision/environment/path.sh
[8.642s] -- Up-to-date symlink: /home/booster/Workspace/robocup_demo/install/vision/share/vision/environment/path.dsv
[8.643s] -- Up-to-date symlink: /home/booster/Workspace/robocup_demo/install/vision/share/vision/local_setup.bash
[8.643s] -- Up-to-date symlink: /home/booster/Workspace/robocup_demo/install/vision/share/vision/local_setup.sh
[8.643s] -- Up-to-date symlink: /home/booster/Workspace/robocup_demo/install/vision/share/vision/local_setup.zsh
[8.643s] -- Up-to-date symlink: /home/booster/Workspace/robocup_demo/install/vision/share/vision/local_setup.dsv
[8.644s] -- Symlinking: /home/booster/Workspace/robocup_demo/install/vision/share/vision/package.dsv
[8.669s] -- Up-to-date symlink: /home/booster/Workspace/robocup_demo/install/vision/share/ament_index/resource_index/packages/vision
[8.670s] -- Up-to-date symlink: /home/booster/Workspace/robocup_demo/install/vision/share/vision/cmake/ament_cmake_export_include_directories-extras.cmake
[8.670s] -- Up-to-date symlink: /home/booster/Workspace/robocup_demo/install/vision/share/vision/cmake/visionConfig.cmake
[8.670s] -- Up-to-date symlink: /home/booster/Workspace/robocup_demo/install/vision/share/vision/cmake/visionConfig-version.cmake
[8.670s] -- Up-to-date symlink: /home/booster/Workspace/robocup_demo/install/vision/share/vision/package.xml
[8.673s] -- Up-to-date: /home/booster/Workspace/robocup_demo/install/vision/lib
[8.673s] -- Up-to-date: /home/booster/Workspace/robocup_demo/install/vision/lib/install
[8.673s] -- Up-to-date: /home/booster/Workspace/robocup_demo/install/vision/lib/libceres.so.2.2.0
[8.673s] -- Up-to-date: /home/booster/Workspace/robocup_demo/install/vision/lib/log
[8.673s] -- Up-to-date: /home/booster/Workspace/robocup_demo/install/vision/lib/log/build_2026-04-02_11-00-54
[8.673s] -- Up-to-date: /home/booster/Workspace/robocup_demo/install/vision/lib/log/latest_build
[8.673s] -- Up-to-date: /home/booster/Workspace/robocup_demo/install/vision/lib/log/latest
[8.674s] -- Up-to-date: /home/booster/Workspace/robocup_demo/install/vision/lib/cmake
[8.674s] -- Up-to-date: /home/booster/Workspace/robocup_demo/install/vision/lib/cmake/Ceres
[8.675s] -- Up-to-date: /home/booster/Workspace/robocup_demo/install/vision/lib/libceres.so.4
[8.676s] -- Up-to-date: /home/booster/Workspace/robocup_demo/install/vision/lib/build
[8.676s] -- Up-to-date: /home/booster/Workspace/robocup_demo/install/vision/lib/libceres.so
[8.684s] Invoked command in '/home/booster/Workspace/robocup_demo/build/vision' returned '0': AMENT_PREFIX_PATH=/home/booster/Workspace/robocup_demo/install/vision_interface:${AMENT_PREFIX_PATH} CMAKE_PREFIX_PATH=/home/booster/Workspace/robocup_demo/install/vision_interface:/opt/ros/humble LD_LIBRARY_PATH=/home/booster/Workspace/robocup_demo/install/vision_interface/lib:/opt/ros/humble/opt/rviz_ogre_vendor/lib:/opt/ros/humble/lib/aarch64-linux-gnu:/opt/ros/humble/lib:/usr/local/cuda/lib64 PYTHONPATH=/home/booster/Workspace/robocup_demo/install/vision_interface/local/lib/python3.10/dist-packages:${PYTHONPATH} /usr/bin/cmake --install /home/booster/Workspace/robocup_demo/build/vision
