[0.047s] Invoking command in '/home/booster/Workspace/robocup_demo/build/game_controller_interface': CMAKE_PREFIX_PATH=/opt/ros/humble /usr/bin/cmake --build /home/booster/Workspace/robocup_demo/build/game_controller_interface -- -j5 -l5
[0.250s] [  2%] Built target game_controller_interface__cpp
[0.360s] [  2%] Built target ament_cmake_python_symlink_game_controller_interface
[0.448s] [ 12%] Built target game_controller_interface__rosidl_typesupport_introspection_cpp
[1.496s] running egg_info
[1.498s] writing game_controller_interface.egg-info/PKG-INFO
[1.498s] writing dependency_links to game_controller_interface.egg-info/dependency_links.txt
[1.499s] writing top-level names to game_controller_interface.egg-info/top_level.txt
[1.509s] reading manifest file 'game_controller_interface.egg-info/SOURCES.txt'
[1.509s] writing manifest file 'game_controller_interface.egg-info/SOURCES.txt'
[1.679s] [ 12%] Built target ament_cmake_python_build_game_controller_interface_egg
[1.751s] [ 23%] Built target game_controller_interface__rosidl_typesupport_fastrtps_cpp
[1.827s] [ 34%] Built target game_controller_interface__rosidl_typesupport_cpp
[1.887s] [ 44%] Built target game_controller_interface__rosidl_generator_c
[1.959s] [ 55%] Built target game_controller_interface__rosidl_typesupport_fastrtps_c
[2.037s] [ 65%] Built target game_controller_interface__rosidl_typesupport_c
[2.142s] [ 76%] Built target game_controller_interface__rosidl_typesupport_introspection_c
[2.255s] [ 76%] Built target game_controller_interface
[2.333s] [ 78%] Built target game_controller_interface__py
[2.408s] [ 87%] Built target game_controller_interface__rosidl_generator_py
[2.531s] [ 91%] Built target game_controller_interface__rosidl_typesupport_fastrtps_c__pyext
[2.646s] [ 95%] Built target game_controller_interface__rosidl_typesupport_c__pyext
[2.779s] [100%] Built target game_controller_interface__rosidl_typesupport_introspection_c__pyext
[2.842s] Invoked command in '/home/booster/Workspace/robocup_demo/build/game_controller_interface' returned '0': CMAKE_PREFIX_PATH=/opt/ros/humble /usr/bin/cmake --build /home/booster/Workspace/robocup_demo/build/game_controller_interface -- -j5 -l5
[2.843s] Invoking command in '/home/booster/Workspace/robocup_demo/build/game_controller_interface': CMAKE_PREFIX_PATH=/opt/ros/humble /usr/bin/cmake --install /home/booster/Workspace/robocup_demo/build/game_controller_interface
[2.886s] -- Install configuration: ""
[2.890s] -- Execute custom install script
[2.892s] -- Up-to-date symlink: /home/booster/Workspace/robocup_demo/install/game_controller_interface/share/ament_index/resource_index/rosidl_interfaces/game_controller_interface
[2.893s] -- Up-to-date symlink: /home/booster/Workspace/robocup_demo/install/game_controller_interface/include/game_controller_interface/game_controller_interface/msg/detail/game_control_data__functions.h
[2.895s] -- Up-to-date symlink: /home/booster/Workspace/robocup_demo/install/game_controller_interface/include/game_controller_interface/game_controller_interface/msg/detail/game_control_data__struct.h
[2.895s] -- Up-to-date symlink: /home/booster/Workspace/robocup_demo/install/game_controller_interface/include/game_controller_interface/game_controller_interface/msg/detail/game_control_data__type_support.h
[2.896s] -- Up-to-date symlink: /home/booster/Workspace/robocup_demo/install/game_controller_interface/include/game_controller_interface/game_controller_interface/msg/detail/robot_info__functions.h
[2.896s] -- Up-to-date symlink: /home/booster/Workspace/robocup_demo/install/game_controller_interface/include/game_controller_interface/game_controller_interface/msg/detail/robot_info__struct.h
[2.897s] -- Up-to-date symlink: /home/booster/Workspace/robocup_demo/install/game_controller_interface/include/game_controller_interface/game_controller_interface/msg/detail/robot_info__type_support.h
[2.898s] -- Up-to-date symlink: /home/booster/Workspace/robocup_demo/install/game_controller_interface/include/game_controller_interface/game_controller_interface/msg/detail/team_info__functions.h
[2.900s] -- Up-to-date symlink: /home/booster/Workspace/robocup_demo/install/game_controller_interface/include/game_controller_interface/game_controller_interface/msg/detail/team_info__struct.h
[2.901s] -- Up-to-date symlink: /home/booster/Workspace/robocup_demo/install/game_controller_interface/include/game_controller_interface/game_controller_interface/msg/detail/team_info__type_support.h
[2.902s] -- Up-to-date symlink: /home/booster/Workspace/robocup_demo/install/game_controller_interface/include/game_controller_interface/game_controller_interface/msg/game_control_data.h
[2.904s] -- Up-to-date symlink: /home/booster/Workspace/robocup_demo/install/game_controller_interface/include/game_controller_interface/game_controller_interface/msg/robot_info.h
[2.906s] -- Up-to-date symlink: /home/booster/Workspace/robocup_demo/install/game_controller_interface/include/game_controller_interface/game_controller_interface/msg/rosidl_generator_c__visibility_control.h
[2.906s] -- Up-to-date symlink: /home/booster/Workspace/robocup_demo/install/game_controller_interface/include/game_controller_interface/game_controller_interface/msg/team_info.h
[2.909s] -- Up-to-date symlink: /home/booster/Workspace/robocup_demo/install/game_controller_interface/share/game_controller_interface/environment/library_path.sh
[2.911s] -- Up-to-date symlink: /home/booster/Workspace/robocup_demo/install/game_controller_interface/share/game_controller_interface/environment/library_path.dsv
[2.915s] -- Up-to-date symlink: /home/booster/Workspace/robocup_demo/install/game_controller_interface/include/game_controller_interface/game_controller_interface/msg/detail/game_control_data__rosidl_typesupport_fastrtps_c.h
[2.916s] -- Up-to-date symlink: /home/booster/Workspace/robocup_demo/install/game_controller_interface/include/game_controller_interface/game_controller_interface/msg/detail/robot_info__rosidl_typesupport_fastrtps_c.h
[2.917s] -- Up-to-date symlink: /home/booster/Workspace/robocup_demo/install/game_controller_interface/include/game_controller_interface/game_controller_interface/msg/detail/team_info__rosidl_typesupport_fastrtps_c.h
[2.922s] -- Up-to-date symlink: /home/booster/Workspace/robocup_demo/install/game_controller_interface/include/game_controller_interface/game_controller_interface/msg/rosidl_typesupport_fastrtps_c__visibility_control.h
[2.933s] -- Up-to-date symlink: /home/booster/Workspace/robocup_demo/install/game_controller_interface/include/game_controller_interface/game_controller_interface/msg/detail/game_control_data__builder.hpp
[2.935s] -- Up-to-date symlink: /home/booster/Workspace/robocup_demo/install/game_controller_interface/include/game_controller_interface/game_controller_interface/msg/detail/game_control_data__struct.hpp
[2.937s] -- Up-to-date symlink: /home/booster/Workspace/robocup_demo/install/game_controller_interface/include/game_controller_interface/game_controller_interface/msg/detail/game_control_data__traits.hpp
[2.938s] -- Up-to-date symlink: /home/booster/Workspace/robocup_demo/install/game_controller_interface/include/game_controller_interface/game_controller_interface/msg/detail/game_control_data__type_support.hpp
[2.971s] -- Up-to-date symlink: /home/booster/Workspace/robocup_demo/install/game_controller_interface/include/game_controller_interface/game_controller_interface/msg/detail/robot_info__builder.hpp
[2.977s] -- Up-to-date symlink: /home/booster/Workspace/robocup_demo/install/game_controller_interface/include/game_controller_interface/game_controller_interface/msg/detail/robot_info__struct.hpp
[2.977s] -- Up-to-date symlink: /home/booster/Workspace/robocup_demo/install/game_controller_interface/include/game_controller_interface/game_controller_interface/msg/detail/robot_info__traits.hpp
[2.977s] -- Up-to-date symlink: /home/booster/Workspace/robocup_demo/install/game_controller_interface/include/game_controller_interface/game_controller_interface/msg/detail/robot_info__type_support.hpp
[2.977s] -- Up-to-date symlink: /home/booster/Workspace/robocup_demo/install/game_controller_interface/include/game_controller_interface/game_controller_interface/msg/detail/team_info__builder.hpp
[2.981s] -- Up-to-date symlink: /home/booster/Workspace/robocup_demo/install/game_controller_interface/include/game_controller_interface/game_controller_interface/msg/detail/team_info__struct.hpp
[2.981s] -- Up-to-date symlink: /home/booster/Workspace/robocup_demo/install/game_controller_interface/include/game_controller_interface/game_controller_interface/msg/detail/team_info__traits.hpp
[2.981s] -- Up-to-date symlink: /home/booster/Workspace/robocup_demo/install/game_controller_interface/include/game_controller_interface/game_controller_interface/msg/detail/team_info__type_support.hpp
[2.981s] -- Up-to-date symlink: /home/booster/Workspace/robocup_demo/install/game_controller_interface/include/game_controller_interface/game_controller_interface/msg/game_control_data.hpp
[2.986s] -- Up-to-date symlink: /home/booster/Workspace/robocup_demo/install/game_controller_interface/include/game_controller_interface/game_controller_interface/msg/robot_info.hpp
[2.987s] -- Up-to-date symlink: /home/booster/Workspace/robocup_demo/install/game_controller_interface/include/game_controller_interface/game_controller_interface/msg/rosidl_generator_cpp__visibility_control.hpp
[2.987s] -- Up-to-date symlink: /home/booster/Workspace/robocup_demo/install/game_controller_interface/include/game_controller_interface/game_controller_interface/msg/team_info.hpp
[2.991s] -- Up-to-date symlink: /home/booster/Workspace/robocup_demo/install/game_controller_interface/include/game_controller_interface/game_controller_interface/msg/detail/game_control_data__rosidl_typesupport_fastrtps_cpp.hpp
[2.991s] -- Up-to-date symlink: /home/booster/Workspace/robocup_demo/install/game_controller_interface/include/game_controller_interface/game_controller_interface/msg/detail/robot_info__rosidl_typesupport_fastrtps_cpp.hpp
[2.991s] -- Up-to-date symlink: /home/booster/Workspace/robocup_demo/install/game_controller_interface/include/game_controller_interface/game_controller_interface/msg/detail/team_info__rosidl_typesupport_fastrtps_cpp.hpp
[2.994s] -- Up-to-date symlink: /home/booster/Workspace/robocup_demo/install/game_controller_interface/include/game_controller_interface/game_controller_interface/msg/rosidl_typesupport_fastrtps_cpp__visibility_control.h
[2.998s] -- Up-to-date symlink: /home/booster/Workspace/robocup_demo/install/game_controller_interface/include/game_controller_interface/game_controller_interface/msg/detail/game_control_data__rosidl_typesupport_introspection_c.h
[2.999s] -- Up-to-date symlink: /home/booster/Workspace/robocup_demo/install/game_controller_interface/include/game_controller_interface/game_controller_interface/msg/detail/robot_info__rosidl_typesupport_introspection_c.h
[3.000s] -- Up-to-date symlink: /home/booster/Workspace/robocup_demo/install/game_controller_interface/include/game_controller_interface/game_controller_interface/msg/detail/team_info__rosidl_typesupport_introspection_c.h
[3.004s] -- Up-to-date symlink: /home/booster/Workspace/robocup_demo/install/game_controller_interface/include/game_controller_interface/game_controller_interface/msg/rosidl_typesupport_introspection_c__visibility_control.h
[3.010s] -- Up-to-date symlink: /home/booster/Workspace/robocup_demo/install/game_controller_interface/include/game_controller_interface/game_controller_interface/msg/detail/game_control_data__rosidl_typesupport_introspection_cpp.hpp
[3.018s] -- Up-to-date symlink: /home/booster/Workspace/robocup_demo/install/game_controller_interface/include/game_controller_interface/game_controller_interface/msg/detail/robot_info__rosidl_typesupport_introspection_cpp.hpp
[3.018s] -- Up-to-date symlink: /home/booster/Workspace/robocup_demo/install/game_controller_interface/include/game_controller_interface/game_controller_interface/msg/detail/team_info__rosidl_typesupport_introspection_cpp.hpp
[3.018s] -- Up-to-date symlink: /home/booster/Workspace/robocup_demo/install/game_controller_interface/share/game_controller_interface/environment/pythonpath.sh
[3.018s] -- Up-to-date symlink: /home/booster/Workspace/robocup_demo/install/game_controller_interface/share/game_controller_interface/environment/pythonpath.dsv
[3.019s] -- Up-to-date symlink: /home/booster/Workspace/robocup_demo/install/game_controller_interface/local/lib/python3.10/dist-packages/game_controller_interface-1.0.0-py3.10.egg-info/PKG-INFO
[3.019s] -- Up-to-date symlink: /home/booster/Workspace/robocup_demo/install/game_controller_interface/local/lib/python3.10/dist-packages/game_controller_interface-1.0.0-py3.10.egg-info/SOURCES.txt
[3.020s] -- Up-to-date symlink: /home/booster/Workspace/robocup_demo/install/game_controller_interface/local/lib/python3.10/dist-packages/game_controller_interface-1.0.0-py3.10.egg-info/dependency_links.txt
[3.020s] -- Up-to-date symlink: /home/booster/Workspace/robocup_demo/install/game_controller_interface/local/lib/python3.10/dist-packages/game_controller_interface-1.0.0-py3.10.egg-info/top_level.txt
[3.020s] -- Up-to-date symlink: /home/booster/Workspace/robocup_demo/install/game_controller_interface/local/lib/python3.10/dist-packages/game_controller_interface/__init__.py
[3.020s] -- Up-to-date symlink: /home/booster/Workspace/robocup_demo/install/game_controller_interface/local/lib/python3.10/dist-packages/game_controller_interface/_game_controller_interface_s.ep.rosidl_typesupport_c.c
[3.021s] -- Up-to-date symlink: /home/booster/Workspace/robocup_demo/install/game_controller_interface/local/lib/python3.10/dist-packages/game_controller_interface/_game_controller_interface_s.ep.rosidl_typesupport_fastrtps_c.c
[3.021s] -- Up-to-date symlink: /home/booster/Workspace/robocup_demo/install/game_controller_interface/local/lib/python3.10/dist-packages/game_controller_interface/_game_controller_interface_s.ep.rosidl_typesupport_introspection_c.c
[3.023s] -- Up-to-date symlink: /home/booster/Workspace/robocup_demo/install/game_controller_interface/local/lib/python3.10/dist-packages/game_controller_interface/game_controller_interface_s__rosidl_typesupport_c.cpython-310-aarch64-linux-gnu.so
[3.025s] -- Up-to-date symlink: /home/booster/Workspace/robocup_demo/install/game_controller_interface/local/lib/python3.10/dist-packages/game_controller_interface/game_controller_interface_s__rosidl_typesupport_fastrtps_c.cpython-310-aarch64-linux-gnu.so
[3.028s] -- Up-to-date symlink: /home/booster/Workspace/robocup_demo/install/game_controller_interface/local/lib/python3.10/dist-packages/game_controller_interface/game_controller_interface_s__rosidl_typesupport_introspection_c.cpython-310-aarch64-linux-gnu.so
[3.032s] -- Up-to-date symlink: /home/booster/Workspace/robocup_demo/install/game_controller_interface/local/lib/python3.10/dist-packages/game_controller_interface/libgame_controller_interface__rosidl_generator_py.so
[3.032s] -- Up-to-date symlink: /home/booster/Workspace/robocup_demo/install/game_controller_interface/local/lib/python3.10/dist-packages/game_controller_interface/msg/__init__.py
[3.058s] -- Up-to-date symlink: /home/booster/Workspace/robocup_demo/install/game_controller_interface/local/lib/python3.10/dist-packages/game_controller_interface/msg/_game_control_data.py
[3.059s] -- Up-to-date symlink: /home/booster/Workspace/robocup_demo/install/game_controller_interface/local/lib/python3.10/dist-packages/game_controller_interface/msg/_game_control_data_s.c
[3.059s] -- Up-to-date symlink: /home/booster/Workspace/robocup_demo/install/game_controller_interface/local/lib/python3.10/dist-packages/game_controller_interface/msg/_robot_info.py
[3.060s] -- Up-to-date symlink: /home/booster/Workspace/robocup_demo/install/game_controller_interface/local/lib/python3.10/dist-packages/game_controller_interface/msg/_robot_info_s.c
[3.060s] -- Up-to-date symlink: /home/booster/Workspace/robocup_demo/install/game_controller_interface/local/lib/python3.10/dist-packages/game_controller_interface/msg/_team_info.py
[3.060s] -- Up-to-date symlink: /home/booster/Workspace/robocup_demo/install/game_controller_interface/local/lib/python3.10/dist-packages/game_controller_interface/msg/_team_info_s.c
[3.078s] -- Up-to-date symlink: /home/booster/Workspace/robocup_demo/install/game_controller_interface/local/lib/python3.10/dist-packages/game_controller_interface/game_controller_interface_s__rosidl_typesupport_fastrtps_c.cpython-310-aarch64-linux-gnu.so
[3.078s] -- Up-to-date symlink: /home/booster/Workspace/robocup_demo/install/game_controller_interface/local/lib/python3.10/dist-packages/game_controller_interface/game_controller_interface_s__rosidl_typesupport_introspection_c.cpython-310-aarch64-linux-gnu.so
[3.095s] -- Up-to-date symlink: /home/booster/Workspace/robocup_demo/install/game_controller_interface/local/lib/python3.10/dist-packages/game_controller_interface/game_controller_interface_s__rosidl_typesupport_c.cpython-310-aarch64-linux-gnu.so
[3.096s] -- Up-to-date symlink: /home/booster/Workspace/robocup_demo/install/game_controller_interface/share/game_controller_interface/msg/GameControlData.idl
[3.096s] -- Up-to-date symlink: /home/booster/Workspace/robocup_demo/install/game_controller_interface/share/game_controller_interface/msg/RobotInfo.idl
[3.096s] -- Up-to-date symlink: /home/booster/Workspace/robocup_demo/install/game_controller_interface/share/game_controller_interface/msg/TeamInfo.idl
[3.098s] -- Up-to-date symlink: /home/booster/Workspace/robocup_demo/install/game_controller_interface/share/game_controller_interface/msg/GameControlData.msg
[3.099s] -- Up-to-date symlink: /home/booster/Workspace/robocup_demo/install/game_controller_interface/share/game_controller_interface/msg/RobotInfo.msg
[3.100s] -- Up-to-date symlink: /home/booster/Workspace/robocup_demo/install/game_controller_interface/share/game_controller_interface/msg/TeamInfo.msg
[3.100s] -- Up-to-date symlink: /home/booster/Workspace/robocup_demo/install/game_controller_interface/share/ament_index/resource_index/package_run_dependencies/game_controller_interface
[3.101s] -- Up-to-date symlink: /home/booster/Workspace/robocup_demo/install/game_controller_interface/share/ament_index/resource_index/parent_prefix_path/game_controller_interface
[3.102s] -- Up-to-date symlink: /home/booster/Workspace/robocup_demo/install/game_controller_interface/share/game_controller_interface/environment/ament_prefix_path.sh
[3.102s] -- Up-to-date symlink: /home/booster/Workspace/robocup_demo/install/game_controller_interface/share/game_controller_interface/environment/ament_prefix_path.dsv
[3.102s] -- Up-to-date symlink: /home/booster/Workspace/robocup_demo/install/game_controller_interface/share/game_controller_interface/environment/path.sh
[3.103s] -- Up-to-date symlink: /home/booster/Workspace/robocup_demo/install/game_controller_interface/share/game_controller_interface/environment/path.dsv
[3.103s] -- Up-to-date symlink: /home/booster/Workspace/robocup_demo/install/game_controller_interface/share/game_controller_interface/local_setup.bash
[3.105s] -- Up-to-date symlink: /home/booster/Workspace/robocup_demo/install/game_controller_interface/share/game_controller_interface/local_setup.sh
[3.107s] -- Up-to-date symlink: /home/booster/Workspace/robocup_demo/install/game_controller_interface/share/game_controller_interface/local_setup.zsh
[3.108s] -- Up-to-date symlink: /home/booster/Workspace/robocup_demo/install/game_controller_interface/share/game_controller_interface/local_setup.dsv
[3.108s] -- Symlinking: /home/booster/Workspace/robocup_demo/install/game_controller_interface/share/game_controller_interface/package.dsv
[3.108s] -- Up-to-date symlink: /home/booster/Workspace/robocup_demo/install/game_controller_interface/share/ament_index/resource_index/packages/game_controller_interface
[3.109s] -- Up-to-date symlink: /home/booster/Workspace/robocup_demo/install/game_controller_interface/share/game_controller_interface/cmake/rosidl_cmake-extras.cmake
[3.109s] -- Up-to-date symlink: /home/booster/Workspace/robocup_demo/install/game_controller_interface/share/game_controller_interface/cmake/ament_cmake_export_include_directories-extras.cmake
[3.109s] -- Up-to-date symlink: /home/booster/Workspace/robocup_demo/install/game_controller_interface/share/game_controller_interface/cmake/ament_cmake_export_libraries-extras.cmake
[3.111s] -- Up-to-date symlink: /home/booster/Workspace/robocup_demo/install/game_controller_interface/share/game_controller_interface/cmake/ament_cmake_export_targets-extras.cmake
[3.112s] -- Up-to-date symlink: /home/booster/Workspace/robocup_demo/install/game_controller_interface/share/game_controller_interface/cmake/rosidl_cmake_export_typesupport_targets-extras.cmake
[3.112s] -- Up-to-date symlink: /home/booster/Workspace/robocup_demo/install/game_controller_interface/share/game_controller_interface/cmake/ament_cmake_export_dependencies-extras.cmake
[3.113s] -- Up-to-date symlink: /home/booster/Workspace/robocup_demo/install/game_controller_interface/share/game_controller_interface/cmake/rosidl_cmake_export_typesupport_libraries-extras.cmake
[3.113s] -- Up-to-date symlink: /home/booster/Workspace/robocup_demo/install/game_controller_interface/share/game_controller_interface/cmake/game_controller_interfaceConfig.cmake
[3.113s] -- Up-to-date symlink: /home/booster/Workspace/robocup_demo/install/game_controller_interface/share/game_controller_interface/cmake/game_controller_interfaceConfig-version.cmake
[3.113s] -- Up-to-date symlink: /home/booster/Workspace/robocup_demo/install/game_controller_interface/share/game_controller_interface/package.xml
[3.118s] -- Up-to-date: /home/booster/Workspace/robocup_demo/install/game_controller_interface/lib/libgame_controller_interface__rosidl_generator_c.so
[3.118s] -- Up-to-date: /home/booster/Workspace/robocup_demo/install/game_controller_interface/lib/libgame_controller_interface__rosidl_typesupport_fastrtps_c.so
[3.118s] -- Up-to-date: /home/booster/Workspace/robocup_demo/install/game_controller_interface/lib/libgame_controller_interface__rosidl_typesupport_fastrtps_cpp.so
[3.118s] -- Up-to-date: /home/booster/Workspace/robocup_demo/install/game_controller_interface/lib/libgame_controller_interface__rosidl_typesupport_introspection_c.so
[3.118s] -- Up-to-date: /home/booster/Workspace/robocup_demo/install/game_controller_interface/lib/libgame_controller_interface__rosidl_typesupport_c.so
[3.119s] -- Up-to-date: /home/booster/Workspace/robocup_demo/install/game_controller_interface/lib/libgame_controller_interface__rosidl_typesupport_introspection_cpp.so
[3.120s] -- Up-to-date: /home/booster/Workspace/robocup_demo/install/game_controller_interface/lib/libgame_controller_interface__rosidl_typesupport_cpp.so
[3.192s] Listing '/home/booster/Workspace/robocup_demo/install/game_controller_interface/local/lib/python3.10/dist-packages/game_controller_interface'...
[3.192s] Listing '/home/booster/Workspace/robocup_demo/install/game_controller_interface/local/lib/python3.10/dist-packages/game_controller_interface/msg'...
[3.213s] -- Up-to-date: /home/booster/Workspace/robocup_demo/install/game_controller_interface/lib/libgame_controller_interface__rosidl_generator_py.so
[3.215s] -- Up-to-date: /home/booster/Workspace/robocup_demo/install/game_controller_interface/share/game_controller_interface/cmake/export_game_controller_interface__rosidl_generator_cExport.cmake
[3.216s] -- Up-to-date: /home/booster/Workspace/robocup_demo/install/game_controller_interface/share/game_controller_interface/cmake/export_game_controller_interface__rosidl_generator_cExport-noconfig.cmake
[3.216s] -- Up-to-date: /home/booster/Workspace/robocup_demo/install/game_controller_interface/share/game_controller_interface/cmake/export_game_controller_interface__rosidl_typesupport_fastrtps_cExport.cmake
[3.218s] -- Up-to-date: /home/booster/Workspace/robocup_demo/install/game_controller_interface/share/game_controller_interface/cmake/export_game_controller_interface__rosidl_typesupport_fastrtps_cExport-noconfig.cmake
[3.218s] -- Up-to-date: /home/booster/Workspace/robocup_demo/install/game_controller_interface/share/game_controller_interface/cmake/export_game_controller_interface__rosidl_generator_cppExport.cmake
[3.221s] -- Up-to-date: /home/booster/Workspace/robocup_demo/install/game_controller_interface/share/game_controller_interface/cmake/export_game_controller_interface__rosidl_typesupport_fastrtps_cppExport.cmake
[3.223s] -- Up-to-date: /home/booster/Workspace/robocup_demo/install/game_controller_interface/share/game_controller_interface/cmake/export_game_controller_interface__rosidl_typesupport_fastrtps_cppExport-noconfig.cmake
[3.223s] -- Up-to-date: /home/booster/Workspace/robocup_demo/install/game_controller_interface/share/game_controller_interface/cmake/game_controller_interface__rosidl_typesupport_introspection_cExport.cmake
[3.224s] -- Up-to-date: /home/booster/Workspace/robocup_demo/install/game_controller_interface/share/game_controller_interface/cmake/game_controller_interface__rosidl_typesupport_introspection_cExport-noconfig.cmake
[3.225s] -- Up-to-date: /home/booster/Workspace/robocup_demo/install/game_controller_interface/share/game_controller_interface/cmake/game_controller_interface__rosidl_typesupport_cExport.cmake
[3.225s] -- Up-to-date: /home/booster/Workspace/robocup_demo/install/game_controller_interface/share/game_controller_interface/cmake/game_controller_interface__rosidl_typesupport_cExport-noconfig.cmake
[3.226s] -- Up-to-date: /home/booster/Workspace/robocup_demo/install/game_controller_interface/share/game_controller_interface/cmake/game_controller_interface__rosidl_typesupport_introspection_cppExport.cmake
[3.226s] -- Up-to-date: /home/booster/Workspace/robocup_demo/install/game_controller_interface/share/game_controller_interface/cmake/game_controller_interface__rosidl_typesupport_introspection_cppExport-noconfig.cmake
[3.227s] -- Up-to-date: /home/booster/Workspace/robocup_demo/install/game_controller_interface/share/game_controller_interface/cmake/game_controller_interface__rosidl_typesupport_cppExport.cmake
[3.228s] -- Up-to-date: /home/booster/Workspace/robocup_demo/install/game_controller_interface/share/game_controller_interface/cmake/game_controller_interface__rosidl_typesupport_cppExport-noconfig.cmake
[3.230s] -- Up-to-date: /home/booster/Workspace/robocup_demo/install/game_controller_interface/share/game_controller_interface/cmake/export_game_controller_interface__rosidl_generator_pyExport.cmake
[3.230s] -- Up-to-date: /home/booster/Workspace/robocup_demo/install/game_controller_interface/share/game_controller_interface/cmake/export_game_controller_interface__rosidl_generator_pyExport-noconfig.cmake
[3.248s] Invoked command in '/home/booster/Workspace/robocup_demo/build/game_controller_interface' returned '0': CMAKE_PREFIX_PATH=/opt/ros/humble /usr/bin/cmake --install /home/booster/Workspace/robocup_demo/build/game_controller_interface
