[0.174s] Invoking command in '/home/booster/Workspace/robocup_demo/build/detection_converter': AMENT_PREFIX_PATH=/home/booster/Workspace/robocup_demo/install/vision_interface:${AMENT_PREFIX_PATH} CMAKE_PREFIX_PATH=/home/booster/Workspace/robocup_demo/install/vision_interface:/opt/ros/humble LD_LIBRARY_PATH=/home/booster/Workspace/robocup_demo/install/vision_interface/lib:/opt/ros/humble/opt/rviz_ogre_vendor/lib:/opt/ros/humble/lib/aarch64-linux-gnu:/opt/ros/humble/lib:/usr/local/cuda/lib64 PYTHONPATH=/home/booster/Workspace/robocup_demo/install/vision_interface/local/lib/python3.10/dist-packages:${PYTHONPATH} /usr/bin/cmake --build /home/booster/Workspace/robocup_demo/build/detection_converter -- -j5 -l5
[0.431s] Built target ament_cmake_python_symlink_detection_converter
[1.159s] running egg_info
[1.163s] writing detection_converter.egg-info/PKG-INFO
[1.163s] writing dependency_links to detection_converter.egg-info/dependency_links.txt
[1.164s] writing top-level names to detection_converter.egg-info/top_level.txt
[1.171s] reading manifest file 'detection_converter.egg-info/SOURCES.txt'
[1.177s] writing manifest file 'detection_converter.egg-info/SOURCES.txt'
[1.418s] Built target ament_cmake_python_build_detection_converter_egg
[1.542s] Invoked command in '/home/booster/Workspace/robocup_demo/build/detection_converter' returned '0': AMENT_PREFIX_PATH=/home/booster/Workspace/robocup_demo/install/vision_interface:${AMENT_PREFIX_PATH} CMAKE_PREFIX_PATH=/home/booster/Workspace/robocup_demo/install/vision_interface:/opt/ros/humble LD_LIBRARY_PATH=/home/booster/Workspace/robocup_demo/install/vision_interface/lib:/opt/ros/humble/opt/rviz_ogre_vendor/lib:/opt/ros/humble/lib/aarch64-linux-gnu:/opt/ros/humble/lib:/usr/local/cuda/lib64 PYTHONPATH=/home/booster/Workspace/robocup_demo/install/vision_interface/local/lib/python3.10/dist-packages:${PYTHONPATH} /usr/bin/cmake --build /home/booster/Workspace/robocup_demo/build/detection_converter -- -j5 -l5
[1.545s] Invoking command in '/home/booster/Workspace/robocup_demo/build/detection_converter': AMENT_PREFIX_PATH=/home/booster/Workspace/robocup_demo/install/vision_interface:${AMENT_PREFIX_PATH} CMAKE_PREFIX_PATH=/home/booster/Workspace/robocup_demo/install/vision_interface:/opt/ros/humble LD_LIBRARY_PATH=/home/booster/Workspace/robocup_demo/install/vision_interface/lib:/opt/ros/humble/opt/rviz_ogre_vendor/lib:/opt/ros/humble/lib/aarch64-linux-gnu:/opt/ros/humble/lib:/usr/local/cuda/lib64 PYTHONPATH=/home/booster/Workspace/robocup_demo/install/vision_interface/local/lib/python3.10/dist-packages:${PYTHONPATH} /usr/bin/cmake --install /home/booster/Workspace/robocup_demo/build/detection_converter
[1.604s] -- Install configuration: ""
[1.607s] -- Execute custom install script
[1.607s] -- Up-to-date symlink: /home/booster/Workspace/robocup_demo/install/detection_converter/share/detection_converter/environment/pythonpath.sh
[1.611s] -- Up-to-date symlink: /home/booster/Workspace/robocup_demo/install/detection_converter/share/detection_converter/environment/pythonpath.dsv
[1.616s] -- Up-to-date symlink: /home/booster/Workspace/robocup_demo/install/detection_converter/local/lib/python3.10/dist-packages/detection_converter-1.0.0-py3.10.egg-info/PKG-INFO
[1.616s] -- Up-to-date symlink: /home/booster/Workspace/robocup_demo/install/detection_converter/local/lib/python3.10/dist-packages/detection_converter-1.0.0-py3.10.egg-info/SOURCES.txt
[1.616s] -- Up-to-date symlink: /home/booster/Workspace/robocup_demo/install/detection_converter/local/lib/python3.10/dist-packages/detection_converter-1.0.0-py3.10.egg-info/dependency_links.txt
[1.616s] -- Up-to-date symlink: /home/booster/Workspace/robocup_demo/install/detection_converter/local/lib/python3.10/dist-packages/detection_converter-1.0.0-py3.10.egg-info/top_level.txt
[1.618s] -- Up-to-date symlink: /home/booster/Workspace/robocup_demo/install/detection_converter/local/lib/python3.10/dist-packages/detection_converter/__init__.py
[1.624s] -- Up-to-date symlink: /home/booster/Workspace/robocup_demo/install/detection_converter/lib/detection_converter/detection_converter_node.py
[1.626s] -- Up-to-date symlink: /home/booster/Workspace/robocup_demo/install/detection_converter/share/detection_converter//launch/detection_converter.launch.py
[1.627s] -- Up-to-date symlink: /home/booster/Workspace/robocup_demo/install/detection_converter/share/ament_index/resource_index/package_run_dependencies/detection_converter
[1.627s] -- Up-to-date symlink: /home/booster/Workspace/robocup_demo/install/detection_converter/share/ament_index/resource_index/parent_prefix_path/detection_converter
[1.628s] -- Up-to-date symlink: /home/booster/Workspace/robocup_demo/install/detection_converter/share/detection_converter/environment/ament_prefix_path.sh
[1.629s] -- Up-to-date symlink: /home/booster/Workspace/robocup_demo/install/detection_converter/share/detection_converter/environment/ament_prefix_path.dsv
[1.629s] -- Up-to-date symlink: /home/booster/Workspace/robocup_demo/install/detection_converter/share/detection_converter/environment/path.sh
[1.629s] -- Up-to-date symlink: /home/booster/Workspace/robocup_demo/install/detection_converter/share/detection_converter/environment/path.dsv
[1.640s] -- Up-to-date symlink: /home/booster/Workspace/robocup_demo/install/detection_converter/share/detection_converter/local_setup.bash
[1.642s] -- Up-to-date symlink: /home/booster/Workspace/robocup_demo/install/detection_converter/share/detection_converter/local_setup.sh
[1.642s] -- Up-to-date symlink: /home/booster/Workspace/robocup_demo/install/detection_converter/share/detection_converter/local_setup.zsh
[1.642s] -- Up-to-date symlink: /home/booster/Workspace/robocup_demo/install/detection_converter/share/detection_converter/local_setup.dsv
[1.643s] -- Symlinking: /home/booster/Workspace/robocup_demo/install/detection_converter/share/detection_converter/package.dsv
[1.692s] -- Up-to-date symlink: /home/booster/Workspace/robocup_demo/install/detection_converter/share/ament_index/resource_index/packages/detection_converter
[1.693s] -- Up-to-date symlink: /home/booster/Workspace/robocup_demo/install/detection_converter/share/detection_converter/cmake/detection_converterConfig.cmake
[1.693s] -- Up-to-date symlink: /home/booster/Workspace/robocup_demo/install/detection_converter/share/detection_converter/cmake/detection_converterConfig-version.cmake
[1.693s] -- Up-to-date symlink: /home/booster/Workspace/robocup_demo/install/detection_converter/share/detection_converter/package.xml
[1.782s] Listing '/home/booster/Workspace/robocup_demo/install/detection_converter/local/lib/python3.10/dist-packages/detection_converter'...
[1.822s] Invoked command in '/home/booster/Workspace/robocup_demo/build/detection_converter' returned '0': AMENT_PREFIX_PATH=/home/booster/Workspace/robocup_demo/install/vision_interface:${AMENT_PREFIX_PATH} CMAKE_PREFIX_PATH=/home/booster/Workspace/robocup_demo/install/vision_interface:/opt/ros/humble LD_LIBRARY_PATH=/home/booster/Workspace/robocup_demo/install/vision_interface/lib:/opt/ros/humble/opt/rviz_ogre_vendor/lib:/opt/ros/humble/lib/aarch64-linux-gnu:/opt/ros/humble/lib:/usr/local/cuda/lib64 PYTHONPATH=/home/booster/Workspace/robocup_demo/install/vision_interface/local/lib/python3.10/dist-packages:${PYTHONPATH} /usr/bin/cmake --install /home/booster/Workspace/robocup_demo/build/detection_converter
