[0.066s] Invoking command in '/home/booster/Workspace/robocup_demo/build/brain': AMENT_PREFIX_PATH=/home/booster/Workspace/robocup_demo/install/vision_interface:/home/booster/Workspace/robocup_demo/install/game_controller_interface:/home/booster/Workspace/robocup_demo/install/booster_msgs:/home/booster/Workspace/robocup_demo/install/booster_interface:${AMENT_PREFIX_PATH} CMAKE_PREFIX_PATH=/home/booster/Workspace/robocup_demo/install/vision_interface:/home/booster/Workspace/robocup_demo/install/game_controller_interface:/home/booster/Workspace/robocup_demo/install/booster_msgs:/home/booster/Workspace/robocup_demo/install/booster_interface:/opt/ros/humble LD_LIBRARY_PATH=/home/booster/Workspace/robocup_demo/install/vision_interface/lib:/home/booster/Workspace/robocup_demo/install/game_controller_interface/lib:/home/booster/Workspace/robocup_demo/install/booster_msgs/lib:/home/booster/Workspace/robocup_demo/install/booster_interface/lib:/opt/ros/humble/opt/rviz_ogre_vendor/lib:/opt/ros/humble/lib/aarch64-linux-gnu:/opt/ros/humble/lib:/usr/local/cuda/lib64 PYTHONPATH=/home/booster/Workspace/robocup_demo/install/vision_interface/local/lib/python3.10/dist-packages:/home/booster/Workspace/robocup_demo/install/game_controller_interface/local/lib/python3.10/dist-packages:/home/booster/Workspace/robocup_demo/install/booster_msgs/local/lib/python3.10/dist-packages:/home/booster/Workspace/robocup_demo/install/booster_interface/local/lib/python3.10/dist-packages:${PYTHONPATH} /usr/bin/cmake --build /home/booster/Workspace/robocup_demo/build/brain -- -j5 -l5
[0.331s] [  2%] Built target brain__cpp
[0.443s] [  2%] Built target ament_cmake_python_symlink_brain
[0.529s] [  9%] Built target brain__rosidl_typesupport_introspection_cpp
[1.496s] running egg_info
[1.499s] writing brain.egg-info/PKG-INFO
[1.501s] writing dependency_links to brain.egg-info/dependency_links.txt
[1.504s] writing top-level names to brain.egg-info/top_level.txt
[1.521s] reading manifest file 'brain.egg-info/SOURCES.txt'
[1.524s] writing manifest file 'brain.egg-info/SOURCES.txt'
[1.707s] [  9%] Built target ament_cmake_python_build_brain_egg
[1.785s] [ 16%] Built target brain__rosidl_typesupport_fastrtps_cpp
[1.877s] [ 23%] Built target brain__rosidl_typesupport_cpp
[1.980s] [ 30%] Built target brain__rosidl_generator_c
[2.095s] [35m[1mConsolidate compiler generated dependencies of target brain_node[0m
[2.279s] [ 33%] [32mBuilding CXX object CMakeFiles/brain_node.dir/src/brain.cpp.o[0m
[198.980s] [ 35%] [32mBuilding CXX object CMakeFiles/brain_node.dir/src/brain_communication.cpp.o[0m
[246.663s] [ 38%] [32mBuilding CXX object CMakeFiles/brain_node.dir/src/brain_log.cpp.o[0m
[299.137s] [ 40%] [32mBuilding CXX object CMakeFiles/brain_node.dir/src/brain_tree.cpp.o[0m
[352.920s] [ 42%] [32mBuilding CXX object CMakeFiles/brain_node.dir/src/locator.cpp.o[0m
[407.842s] [ 45%] [32mBuilding CXX object CMakeFiles/brain_node.dir/src/main.cpp.o[0m
[498.975s] [ 47%] [32mBuilding CXX object CMakeFiles/brain_node.dir/src/robot_client.cpp.o[0m
[559.000s] [ 50%] [32m[1mLinking CXX executable brain_node[0m
[573.673s] [ 57%] Built target brain_node
[573.816s] [ 64%] Built target brain__rosidl_typesupport_c
[573.947s] [ 71%] Built target brain__rosidl_typesupport_introspection_c
[574.015s] [ 78%] Built target brain__rosidl_typesupport_fastrtps_c
[574.093s] [ 78%] Built target brain
[574.141s] [ 80%] Built target brain__py
[574.232s] [ 85%] Built target brain__rosidl_generator_py
[574.377s] [ 90%] Built target brain__rosidl_typesupport_fastrtps_c__pyext
[574.432s] [ 95%] Built target brain__rosidl_typesupport_c__pyext
[574.477s] [100%] Built target brain__rosidl_typesupport_introspection_c__pyext
[574.518s] Invoked command in '/home/booster/Workspace/robocup_demo/build/brain' returned '0': AMENT_PREFIX_PATH=/home/booster/Workspace/robocup_demo/install/vision_interface:/home/booster/Workspace/robocup_demo/install/game_controller_interface:/home/booster/Workspace/robocup_demo/install/booster_msgs:/home/booster/Workspace/robocup_demo/install/booster_interface:${AMENT_PREFIX_PATH} CMAKE_PREFIX_PATH=/home/booster/Workspace/robocup_demo/install/vision_interface:/home/booster/Workspace/robocup_demo/install/game_controller_interface:/home/booster/Workspace/robocup_demo/install/booster_msgs:/home/booster/Workspace/robocup_demo/install/booster_interface:/opt/ros/humble LD_LIBRARY_PATH=/home/booster/Workspace/robocup_demo/install/vision_interface/lib:/home/booster/Workspace/robocup_demo/install/game_controller_interface/lib:/home/booster/Workspace/robocup_demo/install/booster_msgs/lib:/home/booster/Workspace/robocup_demo/install/booster_interface/lib:/opt/ros/humble/opt/rviz_ogre_vendor/lib:/opt/ros/humble/lib/aarch64-linux-gnu:/opt/ros/humble/lib:/usr/local/cuda/lib64 PYTHONPATH=/home/booster/Workspace/robocup_demo/install/vision_interface/local/lib/python3.10/dist-packages:/home/booster/Workspace/robocup_demo/install/game_controller_interface/local/lib/python3.10/dist-packages:/home/booster/Workspace/robocup_demo/install/booster_msgs/local/lib/python3.10/dist-packages:/home/booster/Workspace/robocup_demo/install/booster_interface/local/lib/python3.10/dist-packages:${PYTHONPATH} /usr/bin/cmake --build /home/booster/Workspace/robocup_demo/build/brain -- -j5 -l5
[574.520s] Invoking command in '/home/booster/Workspace/robocup_demo/build/brain': AMENT_PREFIX_PATH=/home/booster/Workspace/robocup_demo/install/vision_interface:/home/booster/Workspace/robocup_demo/install/game_controller_interface:/home/booster/Workspace/robocup_demo/install/booster_msgs:/home/booster/Workspace/robocup_demo/install/booster_interface:${AMENT_PREFIX_PATH} CMAKE_PREFIX_PATH=/home/booster/Workspace/robocup_demo/install/vision_interface:/home/booster/Workspace/robocup_demo/install/game_controller_interface:/home/booster/Workspace/robocup_demo/install/booster_msgs:/home/booster/Workspace/robocup_demo/install/booster_interface:/opt/ros/humble LD_LIBRARY_PATH=/home/booster/Workspace/robocup_demo/install/vision_interface/lib:/home/booster/Workspace/robocup_demo/install/game_controller_interface/lib:/home/booster/Workspace/robocup_demo/install/booster_msgs/lib:/home/booster/Workspace/robocup_demo/install/booster_interface/lib:/opt/ros/humble/opt/rviz_ogre_vendor/lib:/opt/ros/humble/lib/aarch64-linux-gnu:/opt/ros/humble/lib:/usr/local/cuda/lib64 PYTHONPATH=/home/booster/Workspace/robocup_demo/install/vision_interface/local/lib/python3.10/dist-packages:/home/booster/Workspace/robocup_demo/install/game_controller_interface/local/lib/python3.10/dist-packages:/home/booster/Workspace/robocup_demo/install/booster_msgs/local/lib/python3.10/dist-packages:/home/booster/Workspace/robocup_demo/install/booster_interface/local/lib/python3.10/dist-packages:${PYTHONPATH} /usr/bin/cmake --install /home/booster/Workspace/robocup_demo/build/brain
[574.553s] -- Install configuration: ""
[574.555s] -- Execute custom install script
[574.557s] -- Up-to-date symlink: /home/booster/Workspace/robocup_demo/install/brain/share/ament_index/resource_index/rosidl_interfaces/brain
[574.560s] -- Up-to-date symlink: /home/booster/Workspace/robocup_demo/install/brain/include/brain/brain/msg/detail/kick__functions.h
[574.560s] -- Up-to-date symlink: /home/booster/Workspace/robocup_demo/install/brain/include/brain/brain/msg/detail/kick__struct.h
[574.561s] -- Up-to-date symlink: /home/booster/Workspace/robocup_demo/install/brain/include/brain/brain/msg/detail/kick__type_support.h
[574.561s] -- Up-to-date symlink: /home/booster/Workspace/robocup_demo/install/brain/include/brain/brain/msg/kick.h
[574.561s] -- Up-to-date symlink: /home/booster/Workspace/robocup_demo/install/brain/include/brain/brain/msg/rosidl_generator_c__visibility_control.h
[574.562s] -- Up-to-date symlink: /home/booster/Workspace/robocup_demo/install/brain/share/brain/environment/library_path.sh
[574.562s] -- Up-to-date symlink: /home/booster/Workspace/robocup_demo/install/brain/share/brain/environment/library_path.dsv
[574.565s] -- Up-to-date symlink: /home/booster/Workspace/robocup_demo/install/brain/include/brain/brain/msg/detail/kick__rosidl_typesupport_fastrtps_c.h
[574.565s] -- Up-to-date symlink: /home/booster/Workspace/robocup_demo/install/brain/include/brain/brain/msg/rosidl_typesupport_fastrtps_c__visibility_control.h
[574.567s] -- Up-to-date symlink: /home/booster/Workspace/robocup_demo/install/brain/include/brain/brain/msg/detail/kick__builder.hpp
[574.568s] -- Up-to-date symlink: /home/booster/Workspace/robocup_demo/install/brain/include/brain/brain/msg/detail/kick__struct.hpp
[574.569s] -- Up-to-date symlink: /home/booster/Workspace/robocup_demo/install/brain/include/brain/brain/msg/detail/kick__traits.hpp
[574.569s] -- Up-to-date symlink: /home/booster/Workspace/robocup_demo/install/brain/include/brain/brain/msg/detail/kick__type_support.hpp
[574.570s] -- Up-to-date symlink: /home/booster/Workspace/robocup_demo/install/brain/include/brain/brain/msg/kick.hpp
[574.570s] -- Up-to-date symlink: /home/booster/Workspace/robocup_demo/install/brain/include/brain/brain/msg/rosidl_generator_cpp__visibility_control.hpp
[574.573s] -- Up-to-date symlink: /home/booster/Workspace/robocup_demo/install/brain/include/brain/brain/msg/detail/kick__rosidl_typesupport_fastrtps_cpp.hpp
[574.574s] -- Up-to-date symlink: /home/booster/Workspace/robocup_demo/install/brain/include/brain/brain/msg/rosidl_typesupport_fastrtps_cpp__visibility_control.h
[574.574s] -- Up-to-date symlink: /home/booster/Workspace/robocup_demo/install/brain/include/brain/brain/msg/detail/kick__rosidl_typesupport_introspection_c.h
[574.575s] -- Up-to-date symlink: /home/booster/Workspace/robocup_demo/install/brain/include/brain/brain/msg/rosidl_typesupport_introspection_c__visibility_control.h
[574.579s] -- Up-to-date symlink: /home/booster/Workspace/robocup_demo/install/brain/include/brain/brain/msg/detail/kick__rosidl_typesupport_introspection_cpp.hpp
[574.579s] -- Up-to-date symlink: /home/booster/Workspace/robocup_demo/install/brain/share/brain/environment/pythonpath.sh
[574.579s] -- Up-to-date symlink: /home/booster/Workspace/robocup_demo/install/brain/share/brain/environment/pythonpath.dsv
[574.582s] -- Up-to-date symlink: /home/booster/Workspace/robocup_demo/install/brain/local/lib/python3.10/dist-packages/brain-0.0.0-py3.10.egg-info/PKG-INFO
[574.582s] -- Up-to-date symlink: /home/booster/Workspace/robocup_demo/install/brain/local/lib/python3.10/dist-packages/brain-0.0.0-py3.10.egg-info/SOURCES.txt
[574.582s] -- Up-to-date symlink: /home/booster/Workspace/robocup_demo/install/brain/local/lib/python3.10/dist-packages/brain-0.0.0-py3.10.egg-info/dependency_links.txt
[574.582s] -- Up-to-date symlink: /home/booster/Workspace/robocup_demo/install/brain/local/lib/python3.10/dist-packages/brain-0.0.0-py3.10.egg-info/top_level.txt
[574.583s] -- Up-to-date symlink: /home/booster/Workspace/robocup_demo/install/brain/local/lib/python3.10/dist-packages/brain/__init__.py
[574.588s] -- Up-to-date symlink: /home/booster/Workspace/robocup_demo/install/brain/local/lib/python3.10/dist-packages/brain/_brain_s.ep.rosidl_typesupport_c.c
[574.589s] -- Up-to-date symlink: /home/booster/Workspace/robocup_demo/install/brain/local/lib/python3.10/dist-packages/brain/_brain_s.ep.rosidl_typesupport_fastrtps_c.c
[574.589s] -- Up-to-date symlink: /home/booster/Workspace/robocup_demo/install/brain/local/lib/python3.10/dist-packages/brain/_brain_s.ep.rosidl_typesupport_introspection_c.c
[574.589s] -- Up-to-date symlink: /home/booster/Workspace/robocup_demo/install/brain/local/lib/python3.10/dist-packages/brain/brain_s__rosidl_typesupport_c.cpython-310-aarch64-linux-gnu.so
[574.589s] -- Up-to-date symlink: /home/booster/Workspace/robocup_demo/install/brain/local/lib/python3.10/dist-packages/brain/brain_s__rosidl_typesupport_fastrtps_c.cpython-310-aarch64-linux-gnu.so
[574.589s] -- Up-to-date symlink: /home/booster/Workspace/robocup_demo/install/brain/local/lib/python3.10/dist-packages/brain/brain_s__rosidl_typesupport_introspection_c.cpython-310-aarch64-linux-gnu.so
[574.589s] -- Up-to-date symlink: /home/booster/Workspace/robocup_demo/install/brain/local/lib/python3.10/dist-packages/brain/libbrain__rosidl_generator_py.so
[574.589s] -- Up-to-date symlink: /home/booster/Workspace/robocup_demo/install/brain/local/lib/python3.10/dist-packages/brain/msg/__init__.py
[574.589s] -- Up-to-date symlink: /home/booster/Workspace/robocup_demo/install/brain/local/lib/python3.10/dist-packages/brain/msg/_kick.py
[574.590s] -- Up-to-date symlink: /home/booster/Workspace/robocup_demo/install/brain/local/lib/python3.10/dist-packages/brain/msg/_kick_s.c
[574.590s] -- Up-to-date symlink: /home/booster/Workspace/robocup_demo/install/brain/local/lib/python3.10/dist-packages/brain/brain_s__rosidl_typesupport_fastrtps_c.cpython-310-aarch64-linux-gnu.so
[574.590s] -- Up-to-date symlink: /home/booster/Workspace/robocup_demo/install/brain/local/lib/python3.10/dist-packages/brain/brain_s__rosidl_typesupport_introspection_c.cpython-310-aarch64-linux-gnu.so
[574.590s] -- Up-to-date symlink: /home/booster/Workspace/robocup_demo/install/brain/local/lib/python3.10/dist-packages/brain/brain_s__rosidl_typesupport_c.cpython-310-aarch64-linux-gnu.so
[574.590s] -- Up-to-date symlink: /home/booster/Workspace/robocup_demo/install/brain/share/brain/msg/Kick.idl
[574.590s] -- Up-to-date symlink: /home/booster/Workspace/robocup_demo/install/brain/share/brain/msg/Kick.msg
[574.590s] -- Up-to-date symlink: /home/booster/Workspace/robocup_demo/install/brain/lib/brain/brain_node
[574.591s] -- Up-to-date symlink: /home/booster/Workspace/robocup_demo/install/brain/share/brain/launch/launch.py
[574.591s] -- Up-to-date symlink: /home/booster/Workspace/robocup_demo/install/brain/share/brain/config/config.yaml
[574.591s] -- Up-to-date symlink: /home/booster/Workspace/robocup_demo/install/brain/share/brain/behavior_trees/game.xml
[574.593s] -- Up-to-date symlink: /home/booster/Workspace/robocup_demo/install/brain/share/brain/behavior_trees/subtrees/subtree_auto_standup_and_locate.xml
[574.593s] -- Up-to-date symlink: /home/booster/Workspace/robocup_demo/install/brain/share/brain/behavior_trees/subtrees/subtree_cam_find_and_track_ball.xml
[574.593s] -- Up-to-date symlink: /home/booster/Workspace/robocup_demo/install/brain/share/brain/behavior_trees/subtrees/subtree_find_ball.xml
[574.594s] -- Up-to-date symlink: /home/booster/Workspace/robocup_demo/install/brain/share/brain/behavior_trees/subtrees/subtree_goal_keeper_freekick.xml
[574.594s] -- Up-to-date symlink: /home/booster/Workspace/robocup_demo/install/brain/share/brain/behavior_trees/subtrees/subtree_goal_keeper_play.xml
[574.594s] -- Up-to-date symlink: /home/booster/Workspace/robocup_demo/install/brain/share/brain/behavior_trees/subtrees/subtree_locate.xml
[574.594s] -- Up-to-date symlink: /home/booster/Workspace/robocup_demo/install/brain/share/brain/behavior_trees/subtrees/subtree_striker_freekick.xml
[574.594s] -- Up-to-date symlink: /home/booster/Workspace/robocup_demo/install/brain/share/brain/behavior_trees/subtrees/subtree_striker_play.xml
[574.613s] -- Up-to-date symlink: /home/booster/Workspace/robocup_demo/install/brain/share/ament_index/resource_index/package_run_dependencies/brain
[574.613s] -- Up-to-date symlink: /home/booster/Workspace/robocup_demo/install/brain/share/ament_index/resource_index/parent_prefix_path/brain
[574.614s] -- Up-to-date symlink: /home/booster/Workspace/robocup_demo/install/brain/share/brain/environment/ament_prefix_path.sh
[574.614s] -- Up-to-date symlink: /home/booster/Workspace/robocup_demo/install/brain/share/brain/environment/ament_prefix_path.dsv
[574.614s] -- Up-to-date symlink: /home/booster/Workspace/robocup_demo/install/brain/share/brain/environment/path.sh
[574.614s] -- Up-to-date symlink: /home/booster/Workspace/robocup_demo/install/brain/share/brain/environment/path.dsv
[574.614s] -- Up-to-date symlink: /home/booster/Workspace/robocup_demo/install/brain/share/brain/local_setup.bash
[574.614s] -- Up-to-date symlink: /home/booster/Workspace/robocup_demo/install/brain/share/brain/local_setup.sh
[574.615s] -- Up-to-date symlink: /home/booster/Workspace/robocup_demo/install/brain/share/brain/local_setup.zsh
[574.615s] -- Up-to-date symlink: /home/booster/Workspace/robocup_demo/install/brain/share/brain/local_setup.dsv
[574.615s] -- Symlinking: /home/booster/Workspace/robocup_demo/install/brain/share/brain/package.dsv
[574.665s] -- Up-to-date symlink: /home/booster/Workspace/robocup_demo/install/brain/share/ament_index/resource_index/packages/brain
[574.667s] -- Up-to-date symlink: /home/booster/Workspace/robocup_demo/install/brain/share/brain/cmake/rosidl_cmake-extras.cmake
[574.667s] -- Up-to-date symlink: /home/booster/Workspace/robocup_demo/install/brain/share/brain/cmake/ament_cmake_export_dependencies-extras.cmake
[574.668s] -- Up-to-date symlink: /home/booster/Workspace/robocup_demo/install/brain/share/brain/cmake/ament_cmake_export_include_directories-extras.cmake
[574.668s] -- Up-to-date symlink: /home/booster/Workspace/robocup_demo/install/brain/share/brain/cmake/ament_cmake_export_libraries-extras.cmake
[574.668s] -- Up-to-date symlink: /home/booster/Workspace/robocup_demo/install/brain/share/brain/cmake/ament_cmake_export_targets-extras.cmake
[574.668s] -- Up-to-date symlink: /home/booster/Workspace/robocup_demo/install/brain/share/brain/cmake/rosidl_cmake_export_typesupport_targets-extras.cmake
[574.668s] -- Up-to-date symlink: /home/booster/Workspace/robocup_demo/install/brain/share/brain/cmake/rosidl_cmake_export_typesupport_libraries-extras.cmake
[574.668s] -- Up-to-date symlink: /home/booster/Workspace/robocup_demo/install/brain/share/brain/cmake/brainConfig.cmake
[574.668s] -- Up-to-date symlink: /home/booster/Workspace/robocup_demo/install/brain/share/brain/cmake/brainConfig-version.cmake
[574.668s] -- Up-to-date symlink: /home/booster/Workspace/robocup_demo/install/brain/share/brain/package.xml
[574.668s] -- Up-to-date: /home/booster/Workspace/robocup_demo/install/brain/lib/libbrain__rosidl_generator_c.so
[574.669s] -- Up-to-date: /home/booster/Workspace/robocup_demo/install/brain/lib/libbrain__rosidl_typesupport_fastrtps_c.so
[574.669s] -- Up-to-date: /home/booster/Workspace/robocup_demo/install/brain/lib/libbrain__rosidl_typesupport_fastrtps_cpp.so
[574.669s] -- Up-to-date: /home/booster/Workspace/robocup_demo/install/brain/lib/libbrain__rosidl_typesupport_introspection_c.so
[574.669s] -- Up-to-date: /home/booster/Workspace/robocup_demo/install/brain/lib/libbrain__rosidl_typesupport_c.so
[574.669s] -- Up-to-date: /home/booster/Workspace/robocup_demo/install/brain/lib/libbrain__rosidl_typesupport_introspection_cpp.so
[574.669s] -- Up-to-date: /home/booster/Workspace/robocup_demo/install/brain/lib/libbrain__rosidl_typesupport_cpp.so
[574.925s] Listing '/home/booster/Workspace/robocup_demo/install/brain/local/lib/python3.10/dist-packages/brain'...
[574.926s] Listing '/home/booster/Workspace/robocup_demo/install/brain/local/lib/python3.10/dist-packages/brain/msg'...
[575.040s] -- Up-to-date: /home/booster/Workspace/robocup_demo/install/brain/lib/libbrain__rosidl_generator_py.so
[575.041s] -- Up-to-date: /home/booster/Workspace/robocup_demo/install/brain/share/brain/cmake/export_brain__rosidl_generator_cExport.cmake
[575.041s] -- Up-to-date: /home/booster/Workspace/robocup_demo/install/brain/share/brain/cmake/export_brain__rosidl_generator_cExport-noconfig.cmake
[575.041s] -- Up-to-date: /home/booster/Workspace/robocup_demo/install/brain/share/brain/cmake/export_brain__rosidl_typesupport_fastrtps_cExport.cmake
[575.041s] -- Up-to-date: /home/booster/Workspace/robocup_demo/install/brain/share/brain/cmake/export_brain__rosidl_typesupport_fastrtps_cExport-noconfig.cmake
[575.042s] -- Up-to-date: /home/booster/Workspace/robocup_demo/install/brain/share/brain/cmake/export_brain__rosidl_generator_cppExport.cmake
[575.042s] -- Up-to-date: /home/booster/Workspace/robocup_demo/install/brain/share/brain/cmake/export_brain__rosidl_typesupport_fastrtps_cppExport.cmake
[575.042s] -- Up-to-date: /home/booster/Workspace/robocup_demo/install/brain/share/brain/cmake/export_brain__rosidl_typesupport_fastrtps_cppExport-noconfig.cmake
[575.042s] -- Up-to-date: /home/booster/Workspace/robocup_demo/install/brain/share/brain/cmake/brain__rosidl_typesupport_introspection_cExport.cmake
[575.042s] -- Up-to-date: /home/booster/Workspace/robocup_demo/install/brain/share/brain/cmake/brain__rosidl_typesupport_introspection_cExport-noconfig.cmake
[575.042s] -- Up-to-date: /home/booster/Workspace/robocup_demo/install/brain/share/brain/cmake/brain__rosidl_typesupport_cExport.cmake
[575.042s] -- Up-to-date: /home/booster/Workspace/robocup_demo/install/brain/share/brain/cmake/brain__rosidl_typesupport_cExport-noconfig.cmake
[575.042s] -- Up-to-date: /home/booster/Workspace/robocup_demo/install/brain/share/brain/cmake/brain__rosidl_typesupport_introspection_cppExport.cmake
[575.042s] -- Up-to-date: /home/booster/Workspace/robocup_demo/install/brain/share/brain/cmake/brain__rosidl_typesupport_introspection_cppExport-noconfig.cmake
[575.043s] -- Up-to-date: /home/booster/Workspace/robocup_demo/install/brain/share/brain/cmake/brain__rosidl_typesupport_cppExport.cmake
[575.043s] -- Up-to-date: /home/booster/Workspace/robocup_demo/install/brain/share/brain/cmake/brain__rosidl_typesupport_cppExport-noconfig.cmake
[575.043s] -- Up-to-date: /home/booster/Workspace/robocup_demo/install/brain/share/brain/cmake/export_brain__rosidl_generator_pyExport.cmake
[575.043s] -- Up-to-date: /home/booster/Workspace/robocup_demo/install/brain/share/brain/cmake/export_brain__rosidl_generator_pyExport-noconfig.cmake
[575.057s] Invoked command in '/home/booster/Workspace/robocup_demo/build/brain' returned '0': AMENT_PREFIX_PATH=/home/booster/Workspace/robocup_demo/install/vision_interface:/home/booster/Workspace/robocup_demo/install/game_controller_interface:/home/booster/Workspace/robocup_demo/install/booster_msgs:/home/booster/Workspace/robocup_demo/install/booster_interface:${AMENT_PREFIX_PATH} CMAKE_PREFIX_PATH=/home/booster/Workspace/robocup_demo/install/vision_interface:/home/booster/Workspace/robocup_demo/install/game_controller_interface:/home/booster/Workspace/robocup_demo/install/booster_msgs:/home/booster/Workspace/robocup_demo/install/booster_interface:/opt/ros/humble LD_LIBRARY_PATH=/home/booster/Workspace/robocup_demo/install/vision_interface/lib:/home/booster/Workspace/robocup_demo/install/game_controller_interface/lib:/home/booster/Workspace/robocup_demo/install/booster_msgs/lib:/home/booster/Workspace/robocup_demo/install/booster_interface/lib:/opt/ros/humble/opt/rviz_ogre_vendor/lib:/opt/ros/humble/lib/aarch64-linux-gnu:/opt/ros/humble/lib:/usr/local/cuda/lib64 PYTHONPATH=/home/booster/Workspace/robocup_demo/install/vision_interface/local/lib/python3.10/dist-packages:/home/booster/Workspace/robocup_demo/install/game_controller_interface/local/lib/python3.10/dist-packages:/home/booster/Workspace/robocup_demo/install/booster_msgs/local/lib/python3.10/dist-packages:/home/booster/Workspace/robocup_demo/install/booster_interface/local/lib/python3.10/dist-packages:${PYTHONPATH} /usr/bin/cmake --install /home/booster/Workspace/robocup_demo/build/brain
