[0.082s] Invoking command in '/home/booster/Workspace/robocup_demo/build/brain': AMENT_PREFIX_PATH=/home/booster/Workspace/robocup_demo/install/vision_interface:/home/booster/Workspace/robocup_demo/install/game_controller_interface:/home/booster/Workspace/robocup_demo/install/booster_msgs:/home/booster/Workspace/robocup_demo/install/booster_interface:${AMENT_PREFIX_PATH} CMAKE_PREFIX_PATH=/home/booster/Workspace/robocup_demo/install/vision_interface:/home/booster/Workspace/robocup_demo/install/game_controller_interface:/home/booster/Workspace/robocup_demo/install/booster_msgs:/home/booster/Workspace/robocup_demo/install/booster_interface:/opt/ros/humble LD_LIBRARY_PATH=/home/booster/Workspace/robocup_demo/install/vision_interface/lib:/home/booster/Workspace/robocup_demo/install/game_controller_interface/lib:/home/booster/Workspace/robocup_demo/install/booster_msgs/lib:/home/booster/Workspace/robocup_demo/install/booster_interface/lib:/opt/ros/humble/opt/rviz_ogre_vendor/lib:/opt/ros/humble/lib/aarch64-linux-gnu:/opt/ros/humble/lib:/usr/local/cuda/lib64 PYTHONPATH=/home/booster/Workspace/robocup_demo/install/vision_interface/local/lib/python3.10/dist-packages:/home/booster/Workspace/robocup_demo/install/game_controller_interface/local/lib/python3.10/dist-packages:/home/booster/Workspace/robocup_demo/install/booster_msgs/local/lib/python3.10/dist-packages:/home/booster/Workspace/robocup_demo/install/booster_interface/local/lib/python3.10/dist-packages:${PYTHONPATH} /usr/bin/cmake --build /home/booster/Workspace/robocup_demo/build/brain -- -j5 -l5
[0.389s] [  2%] Built target brain__cpp
[0.555s] [  2%] Built target ament_cmake_python_symlink_brain
[0.659s] [  9%] Built target brain__rosidl_typesupport_introspection_cpp
[1.733s] running egg_info
[1.737s] writing brain.egg-info/PKG-INFO
[1.737s] writing dependency_links to brain.egg-info/dependency_links.txt
[1.738s] writing top-level names to brain.egg-info/top_level.txt
[1.746s] reading manifest file 'brain.egg-info/SOURCES.txt'
[1.750s] writing manifest file 'brain.egg-info/SOURCES.txt'
[1.900s] [  9%] Built target ament_cmake_python_build_brain_egg
[1.990s] [ 16%] Built target brain__rosidl_typesupport_fastrtps_cpp
[2.070s] [ 23%] Built target brain__rosidl_typesupport_cpp
[2.138s] [ 30%] Built target brain__rosidl_generator_c
[2.285s] [ 57%] Built target brain_node
[2.363s] [ 64%] Built target brain__rosidl_typesupport_c
[2.443s] [ 71%] Built target brain__rosidl_typesupport_introspection_c
[2.522s] [ 78%] Built target brain__rosidl_typesupport_fastrtps_c
[2.608s] [ 78%] Built target brain
[2.664s] [ 80%] Built target brain__py
[2.741s] [ 85%] Built target brain__rosidl_generator_py
[2.813s] [ 90%] Built target brain__rosidl_typesupport_fastrtps_c__pyext
[2.872s] [ 95%] Built target brain__rosidl_typesupport_c__pyext
[2.954s] [100%] Built target brain__rosidl_typesupport_introspection_c__pyext
[2.985s] Invoked command in '/home/booster/Workspace/robocup_demo/build/brain' returned '0': AMENT_PREFIX_PATH=/home/booster/Workspace/robocup_demo/install/vision_interface:/home/booster/Workspace/robocup_demo/install/game_controller_interface:/home/booster/Workspace/robocup_demo/install/booster_msgs:/home/booster/Workspace/robocup_demo/install/booster_interface:${AMENT_PREFIX_PATH} CMAKE_PREFIX_PATH=/home/booster/Workspace/robocup_demo/install/vision_interface:/home/booster/Workspace/robocup_demo/install/game_controller_interface:/home/booster/Workspace/robocup_demo/install/booster_msgs:/home/booster/Workspace/robocup_demo/install/booster_interface:/opt/ros/humble LD_LIBRARY_PATH=/home/booster/Workspace/robocup_demo/install/vision_interface/lib:/home/booster/Workspace/robocup_demo/install/game_controller_interface/lib:/home/booster/Workspace/robocup_demo/install/booster_msgs/lib:/home/booster/Workspace/robocup_demo/install/booster_interface/lib:/opt/ros/humble/opt/rviz_ogre_vendor/lib:/opt/ros/humble/lib/aarch64-linux-gnu:/opt/ros/humble/lib:/usr/local/cuda/lib64 PYTHONPATH=/home/booster/Workspace/robocup_demo/install/vision_interface/local/lib/python3.10/dist-packages:/home/booster/Workspace/robocup_demo/install/game_controller_interface/local/lib/python3.10/dist-packages:/home/booster/Workspace/robocup_demo/install/booster_msgs/local/lib/python3.10/dist-packages:/home/booster/Workspace/robocup_demo/install/booster_interface/local/lib/python3.10/dist-packages:${PYTHONPATH} /usr/bin/cmake --build /home/booster/Workspace/robocup_demo/build/brain -- -j5 -l5
[2.991s] Invoking command in '/home/booster/Workspace/robocup_demo/build/brain': AMENT_PREFIX_PATH=/home/booster/Workspace/robocup_demo/install/vision_interface:/home/booster/Workspace/robocup_demo/install/game_controller_interface:/home/booster/Workspace/robocup_demo/install/booster_msgs:/home/booster/Workspace/robocup_demo/install/booster_interface:${AMENT_PREFIX_PATH} CMAKE_PREFIX_PATH=/home/booster/Workspace/robocup_demo/install/vision_interface:/home/booster/Workspace/robocup_demo/install/game_controller_interface:/home/booster/Workspace/robocup_demo/install/booster_msgs:/home/booster/Workspace/robocup_demo/install/booster_interface:/opt/ros/humble LD_LIBRARY_PATH=/home/booster/Workspace/robocup_demo/install/vision_interface/lib:/home/booster/Workspace/robocup_demo/install/game_controller_interface/lib:/home/booster/Workspace/robocup_demo/install/booster_msgs/lib:/home/booster/Workspace/robocup_demo/install/booster_interface/lib:/opt/ros/humble/opt/rviz_ogre_vendor/lib:/opt/ros/humble/lib/aarch64-linux-gnu:/opt/ros/humble/lib:/usr/local/cuda/lib64 PYTHONPATH=/home/booster/Workspace/robocup_demo/install/vision_interface/local/lib/python3.10/dist-packages:/home/booster/Workspace/robocup_demo/install/game_controller_interface/local/lib/python3.10/dist-packages:/home/booster/Workspace/robocup_demo/install/booster_msgs/local/lib/python3.10/dist-packages:/home/booster/Workspace/robocup_demo/install/booster_interface/local/lib/python3.10/dist-packages:${PYTHONPATH} /usr/bin/cmake --install /home/booster/Workspace/robocup_demo/build/brain
[3.037s] -- Install configuration: ""
[3.039s] -- Execute custom install script
[3.041s] -- Up-to-date symlink: /home/booster/Workspace/robocup_demo/install/brain/share/ament_index/resource_index/rosidl_interfaces/brain
[3.044s] -- Up-to-date symlink: /home/booster/Workspace/robocup_demo/install/brain/include/brain/brain/msg/detail/kick__functions.h
[3.044s] -- Up-to-date symlink: /home/booster/Workspace/robocup_demo/install/brain/include/brain/brain/msg/detail/kick__struct.h
[3.055s] -- Up-to-date symlink: /home/booster/Workspace/robocup_demo/install/brain/include/brain/brain/msg/detail/kick__type_support.h
[3.056s] -- Up-to-date symlink: /home/booster/Workspace/robocup_demo/install/brain/include/brain/brain/msg/kick.h
[3.058s] -- Up-to-date symlink: /home/booster/Workspace/robocup_demo/install/brain/include/brain/brain/msg/rosidl_generator_c__visibility_control.h
[3.058s] -- Up-to-date symlink: /home/booster/Workspace/robocup_demo/install/brain/share/brain/environment/library_path.sh
[3.058s] -- Up-to-date symlink: /home/booster/Workspace/robocup_demo/install/brain/share/brain/environment/library_path.dsv
[3.059s] -- Up-to-date symlink: /home/booster/Workspace/robocup_demo/install/brain/include/brain/brain/msg/detail/kick__rosidl_typesupport_fastrtps_c.h
[3.059s] -- Up-to-date symlink: /home/booster/Workspace/robocup_demo/install/brain/include/brain/brain/msg/rosidl_typesupport_fastrtps_c__visibility_control.h
[3.060s] -- Up-to-date symlink: /home/booster/Workspace/robocup_demo/install/brain/include/brain/brain/msg/detail/kick__builder.hpp
[3.060s] -- Up-to-date symlink: /home/booster/Workspace/robocup_demo/install/brain/include/brain/brain/msg/detail/kick__struct.hpp
[3.060s] -- Up-to-date symlink: /home/booster/Workspace/robocup_demo/install/brain/include/brain/brain/msg/detail/kick__traits.hpp
[3.061s] -- Up-to-date symlink: /home/booster/Workspace/robocup_demo/install/brain/include/brain/brain/msg/detail/kick__type_support.hpp
[3.061s] -- Up-to-date symlink: /home/booster/Workspace/robocup_demo/install/brain/include/brain/brain/msg/kick.hpp
[3.061s] -- Up-to-date symlink: /home/booster/Workspace/robocup_demo/install/brain/include/brain/brain/msg/rosidl_generator_cpp__visibility_control.hpp
[3.062s] -- Up-to-date symlink: /home/booster/Workspace/robocup_demo/install/brain/include/brain/brain/msg/detail/kick__rosidl_typesupport_fastrtps_cpp.hpp
[3.063s] -- Up-to-date symlink: /home/booster/Workspace/robocup_demo/install/brain/include/brain/brain/msg/rosidl_typesupport_fastrtps_cpp__visibility_control.h
[3.064s] -- Up-to-date symlink: /home/booster/Workspace/robocup_demo/install/brain/include/brain/brain/msg/detail/kick__rosidl_typesupport_introspection_c.h
[3.064s] -- Up-to-date symlink: /home/booster/Workspace/robocup_demo/install/brain/include/brain/brain/msg/rosidl_typesupport_introspection_c__visibility_control.h
[3.065s] -- Up-to-date symlink: /home/booster/Workspace/robocup_demo/install/brain/include/brain/brain/msg/detail/kick__rosidl_typesupport_introspection_cpp.hpp
[3.066s] -- Up-to-date symlink: /home/booster/Workspace/robocup_demo/install/brain/share/brain/environment/pythonpath.sh
[3.066s] -- Up-to-date symlink: /home/booster/Workspace/robocup_demo/install/brain/share/brain/environment/pythonpath.dsv
[3.066s] -- Up-to-date symlink: /home/booster/Workspace/robocup_demo/install/brain/local/lib/python3.10/dist-packages/brain-0.0.0-py3.10.egg-info/PKG-INFO
[3.067s] -- Up-to-date symlink: /home/booster/Workspace/robocup_demo/install/brain/local/lib/python3.10/dist-packages/brain-0.0.0-py3.10.egg-info/SOURCES.txt
[3.067s] -- Up-to-date symlink: /home/booster/Workspace/robocup_demo/install/brain/local/lib/python3.10/dist-packages/brain-0.0.0-py3.10.egg-info/dependency_links.txt
[3.067s] -- Up-to-date symlink: /home/booster/Workspace/robocup_demo/install/brain/local/lib/python3.10/dist-packages/brain-0.0.0-py3.10.egg-info/top_level.txt
[3.069s] -- Up-to-date symlink: /home/booster/Workspace/robocup_demo/install/brain/local/lib/python3.10/dist-packages/brain/__init__.py
[3.069s] -- Up-to-date symlink: /home/booster/Workspace/robocup_demo/install/brain/local/lib/python3.10/dist-packages/brain/_brain_s.ep.rosidl_typesupport_c.c
[3.069s] -- Up-to-date symlink: /home/booster/Workspace/robocup_demo/install/brain/local/lib/python3.10/dist-packages/brain/_brain_s.ep.rosidl_typesupport_fastrtps_c.c
[3.070s] -- Up-to-date symlink: /home/booster/Workspace/robocup_demo/install/brain/local/lib/python3.10/dist-packages/brain/_brain_s.ep.rosidl_typesupport_introspection_c.c
[3.070s] -- Up-to-date symlink: /home/booster/Workspace/robocup_demo/install/brain/local/lib/python3.10/dist-packages/brain/brain_s__rosidl_typesupport_c.cpython-310-aarch64-linux-gnu.so
[3.070s] -- Up-to-date symlink: /home/booster/Workspace/robocup_demo/install/brain/local/lib/python3.10/dist-packages/brain/brain_s__rosidl_typesupport_fastrtps_c.cpython-310-aarch64-linux-gnu.so
[3.071s] -- Up-to-date symlink: /home/booster/Workspace/robocup_demo/install/brain/local/lib/python3.10/dist-packages/brain/brain_s__rosidl_typesupport_introspection_c.cpython-310-aarch64-linux-gnu.so
[3.071s] -- Up-to-date symlink: /home/booster/Workspace/robocup_demo/install/brain/local/lib/python3.10/dist-packages/brain/libbrain__rosidl_generator_py.so
[3.071s] -- Up-to-date symlink: /home/booster/Workspace/robocup_demo/install/brain/local/lib/python3.10/dist-packages/brain/msg/__init__.py
[3.072s] -- Up-to-date symlink: /home/booster/Workspace/robocup_demo/install/brain/local/lib/python3.10/dist-packages/brain/msg/_kick.py
[3.072s] -- Up-to-date symlink: /home/booster/Workspace/robocup_demo/install/brain/local/lib/python3.10/dist-packages/brain/msg/_kick_s.c
[3.073s] -- Up-to-date symlink: /home/booster/Workspace/robocup_demo/install/brain/local/lib/python3.10/dist-packages/brain/brain_s__rosidl_typesupport_fastrtps_c.cpython-310-aarch64-linux-gnu.so
[3.073s] -- Up-to-date symlink: /home/booster/Workspace/robocup_demo/install/brain/local/lib/python3.10/dist-packages/brain/brain_s__rosidl_typesupport_introspection_c.cpython-310-aarch64-linux-gnu.so
[3.074s] -- Up-to-date symlink: /home/booster/Workspace/robocup_demo/install/brain/local/lib/python3.10/dist-packages/brain/brain_s__rosidl_typesupport_c.cpython-310-aarch64-linux-gnu.so
[3.074s] -- Up-to-date symlink: /home/booster/Workspace/robocup_demo/install/brain/share/brain/msg/Kick.idl
[3.075s] -- Up-to-date symlink: /home/booster/Workspace/robocup_demo/install/brain/share/brain/msg/Kick.msg
[3.076s] -- Up-to-date symlink: /home/booster/Workspace/robocup_demo/install/brain/lib/brain/brain_node
[3.076s] -- Up-to-date symlink: /home/booster/Workspace/robocup_demo/install/brain/share/brain/launch/launch.py
[3.077s] -- Up-to-date symlink: /home/booster/Workspace/robocup_demo/install/brain/share/brain/config/config.yaml
[3.078s] -- Up-to-date symlink: /home/booster/Workspace/robocup_demo/install/brain/share/brain/behavior_trees/game.xml
[3.078s] -- Up-to-date symlink: /home/booster/Workspace/robocup_demo/install/brain/share/brain/behavior_trees/subtrees/subtree_auto_standup_and_locate.xml
[3.078s] -- Up-to-date symlink: /home/booster/Workspace/robocup_demo/install/brain/share/brain/behavior_trees/subtrees/subtree_cam_find_and_track_ball.xml
[3.078s] -- Up-to-date symlink: /home/booster/Workspace/robocup_demo/install/brain/share/brain/behavior_trees/subtrees/subtree_find_ball.xml
[3.079s] -- Up-to-date symlink: /home/booster/Workspace/robocup_demo/install/brain/share/brain/behavior_trees/subtrees/subtree_goal_keeper_freekick.xml
[3.079s] -- Up-to-date symlink: /home/booster/Workspace/robocup_demo/install/brain/share/brain/behavior_trees/subtrees/subtree_goal_keeper_play.xml
[3.079s] -- Up-to-date symlink: /home/booster/Workspace/robocup_demo/install/brain/share/brain/behavior_trees/subtrees/subtree_locate.xml
[3.080s] -- Up-to-date symlink: /home/booster/Workspace/robocup_demo/install/brain/share/brain/behavior_trees/subtrees/subtree_striker_freekick.xml
[3.080s] -- Up-to-date symlink: /home/booster/Workspace/robocup_demo/install/brain/share/brain/behavior_trees/subtrees/subtree_striker_play.xml
[3.081s] -- Up-to-date symlink: /home/booster/Workspace/robocup_demo/install/brain/share/ament_index/resource_index/package_run_dependencies/brain
[3.081s] -- Up-to-date symlink: /home/booster/Workspace/robocup_demo/install/brain/share/ament_index/resource_index/parent_prefix_path/brain
[3.082s] -- Up-to-date symlink: /home/booster/Workspace/robocup_demo/install/brain/share/brain/environment/ament_prefix_path.sh
[3.082s] -- Up-to-date symlink: /home/booster/Workspace/robocup_demo/install/brain/share/brain/environment/ament_prefix_path.dsv
[3.082s] -- Up-to-date symlink: /home/booster/Workspace/robocup_demo/install/brain/share/brain/environment/path.sh
[3.082s] -- Up-to-date symlink: /home/booster/Workspace/robocup_demo/install/brain/share/brain/environment/path.dsv
[3.083s] -- Up-to-date symlink: /home/booster/Workspace/robocup_demo/install/brain/share/brain/local_setup.bash
[3.083s] -- Up-to-date symlink: /home/booster/Workspace/robocup_demo/install/brain/share/brain/local_setup.sh
[3.083s] -- Up-to-date symlink: /home/booster/Workspace/robocup_demo/install/brain/share/brain/local_setup.zsh
[3.084s] -- Up-to-date symlink: /home/booster/Workspace/robocup_demo/install/brain/share/brain/local_setup.dsv
[3.084s] -- Symlinking: /home/booster/Workspace/robocup_demo/install/brain/share/brain/package.dsv
[3.121s] -- Up-to-date symlink: /home/booster/Workspace/robocup_demo/install/brain/share/ament_index/resource_index/packages/brain
[3.121s] -- Up-to-date symlink: /home/booster/Workspace/robocup_demo/install/brain/share/brain/cmake/rosidl_cmake-extras.cmake
[3.121s] -- Up-to-date symlink: /home/booster/Workspace/robocup_demo/install/brain/share/brain/cmake/ament_cmake_export_dependencies-extras.cmake
[3.121s] -- Up-to-date symlink: /home/booster/Workspace/robocup_demo/install/brain/share/brain/cmake/ament_cmake_export_include_directories-extras.cmake
[3.121s] -- Up-to-date symlink: /home/booster/Workspace/robocup_demo/install/brain/share/brain/cmake/ament_cmake_export_libraries-extras.cmake
[3.122s] -- Up-to-date symlink: /home/booster/Workspace/robocup_demo/install/brain/share/brain/cmake/ament_cmake_export_targets-extras.cmake
[3.122s] -- Up-to-date symlink: /home/booster/Workspace/robocup_demo/install/brain/share/brain/cmake/rosidl_cmake_export_typesupport_targets-extras.cmake
[3.122s] -- Up-to-date symlink: /home/booster/Workspace/robocup_demo/install/brain/share/brain/cmake/rosidl_cmake_export_typesupport_libraries-extras.cmake
[3.122s] -- Up-to-date symlink: /home/booster/Workspace/robocup_demo/install/brain/share/brain/cmake/brainConfig.cmake
[3.123s] -- Up-to-date symlink: /home/booster/Workspace/robocup_demo/install/brain/share/brain/cmake/brainConfig-version.cmake
[3.123s] -- Up-to-date symlink: /home/booster/Workspace/robocup_demo/install/brain/share/brain/package.xml
[3.124s] -- Up-to-date: /home/booster/Workspace/robocup_demo/install/brain/lib/libbrain__rosidl_generator_c.so
[3.124s] -- Up-to-date: /home/booster/Workspace/robocup_demo/install/brain/lib/libbrain__rosidl_typesupport_fastrtps_c.so
[3.125s] -- Up-to-date: /home/booster/Workspace/robocup_demo/install/brain/lib/libbrain__rosidl_typesupport_fastrtps_cpp.so
[3.125s] -- Up-to-date: /home/booster/Workspace/robocup_demo/install/brain/lib/libbrain__rosidl_typesupport_introspection_c.so
[3.126s] -- Up-to-date: /home/booster/Workspace/robocup_demo/install/brain/lib/libbrain__rosidl_typesupport_c.so
[3.126s] -- Up-to-date: /home/booster/Workspace/robocup_demo/install/brain/lib/libbrain__rosidl_typesupport_introspection_cpp.so
[3.127s] -- Up-to-date: /home/booster/Workspace/robocup_demo/install/brain/lib/libbrain__rosidl_typesupport_cpp.so
[3.250s] Listing '/home/booster/Workspace/robocup_demo/install/brain/local/lib/python3.10/dist-packages/brain'...
[3.250s] Listing '/home/booster/Workspace/robocup_demo/install/brain/local/lib/python3.10/dist-packages/brain/msg'...
[3.270s] -- Up-to-date: /home/booster/Workspace/robocup_demo/install/brain/lib/libbrain__rosidl_generator_py.so
[3.272s] -- Up-to-date: /home/booster/Workspace/robocup_demo/install/brain/share/brain/cmake/export_brain__rosidl_generator_cExport.cmake
[3.272s] -- Up-to-date: /home/booster/Workspace/robocup_demo/install/brain/share/brain/cmake/export_brain__rosidl_generator_cExport-noconfig.cmake
[3.273s] -- Up-to-date: /home/booster/Workspace/robocup_demo/install/brain/share/brain/cmake/export_brain__rosidl_typesupport_fastrtps_cExport.cmake
[3.274s] -- Up-to-date: /home/booster/Workspace/robocup_demo/install/brain/share/brain/cmake/export_brain__rosidl_typesupport_fastrtps_cExport-noconfig.cmake
[3.274s] -- Up-to-date: /home/booster/Workspace/robocup_demo/install/brain/share/brain/cmake/export_brain__rosidl_generator_cppExport.cmake
[3.275s] -- Up-to-date: /home/booster/Workspace/robocup_demo/install/brain/share/brain/cmake/export_brain__rosidl_typesupport_fastrtps_cppExport.cmake
[3.275s] -- Up-to-date: /home/booster/Workspace/robocup_demo/install/brain/share/brain/cmake/export_brain__rosidl_typesupport_fastrtps_cppExport-noconfig.cmake
[3.277s] -- Up-to-date: /home/booster/Workspace/robocup_demo/install/brain/share/brain/cmake/brain__rosidl_typesupport_introspection_cExport.cmake
[3.277s] -- Up-to-date: /home/booster/Workspace/robocup_demo/install/brain/share/brain/cmake/brain__rosidl_typesupport_introspection_cExport-noconfig.cmake
[3.278s] -- Up-to-date: /home/booster/Workspace/robocup_demo/install/brain/share/brain/cmake/brain__rosidl_typesupport_cExport.cmake
[3.278s] -- Up-to-date: /home/booster/Workspace/robocup_demo/install/brain/share/brain/cmake/brain__rosidl_typesupport_cExport-noconfig.cmake
[3.279s] -- Up-to-date: /home/booster/Workspace/robocup_demo/install/brain/share/brain/cmake/brain__rosidl_typesupport_introspection_cppExport.cmake
[3.279s] -- Up-to-date: /home/booster/Workspace/robocup_demo/install/brain/share/brain/cmake/brain__rosidl_typesupport_introspection_cppExport-noconfig.cmake
[3.279s] -- Up-to-date: /home/booster/Workspace/robocup_demo/install/brain/share/brain/cmake/brain__rosidl_typesupport_cppExport.cmake
[3.279s] -- Up-to-date: /home/booster/Workspace/robocup_demo/install/brain/share/brain/cmake/brain__rosidl_typesupport_cppExport-noconfig.cmake
[3.280s] -- Up-to-date: /home/booster/Workspace/robocup_demo/install/brain/share/brain/cmake/export_brain__rosidl_generator_pyExport.cmake
[3.280s] -- Up-to-date: /home/booster/Workspace/robocup_demo/install/brain/share/brain/cmake/export_brain__rosidl_generator_pyExport-noconfig.cmake
[3.288s] Invoked command in '/home/booster/Workspace/robocup_demo/build/brain' returned '0': AMENT_PREFIX_PATH=/home/booster/Workspace/robocup_demo/install/vision_interface:/home/booster/Workspace/robocup_demo/install/game_controller_interface:/home/booster/Workspace/robocup_demo/install/booster_msgs:/home/booster/Workspace/robocup_demo/install/booster_interface:${AMENT_PREFIX_PATH} CMAKE_PREFIX_PATH=/home/booster/Workspace/robocup_demo/install/vision_interface:/home/booster/Workspace/robocup_demo/install/game_controller_interface:/home/booster/Workspace/robocup_demo/install/booster_msgs:/home/booster/Workspace/robocup_demo/install/booster_interface:/opt/ros/humble LD_LIBRARY_PATH=/home/booster/Workspace/robocup_demo/install/vision_interface/lib:/home/booster/Workspace/robocup_demo/install/game_controller_interface/lib:/home/booster/Workspace/robocup_demo/install/booster_msgs/lib:/home/booster/Workspace/robocup_demo/install/booster_interface/lib:/opt/ros/humble/opt/rviz_ogre_vendor/lib:/opt/ros/humble/lib/aarch64-linux-gnu:/opt/ros/humble/lib:/usr/local/cuda/lib64 PYTHONPATH=/home/booster/Workspace/robocup_demo/install/vision_interface/local/lib/python3.10/dist-packages:/home/booster/Workspace/robocup_demo/install/game_controller_interface/local/lib/python3.10/dist-packages:/home/booster/Workspace/robocup_demo/install/booster_msgs/local/lib/python3.10/dist-packages:/home/booster/Workspace/robocup_demo/install/booster_interface/local/lib/python3.10/dist-packages:${PYTHONPATH} /usr/bin/cmake --install /home/booster/Workspace/robocup_demo/build/brain
