[0.074s] Invoking command in '/home/booster/Workspace/robocup_demo/build/booster_msgs': CMAKE_PREFIX_PATH=/opt/ros/humble /usr/bin/cmake --build /home/booster/Workspace/robocup_demo/build/booster_msgs -- -j5 -l5
[0.288s] [  2%] Built target booster_msgs__cpp
[0.409s] [  2%] Built target ament_cmake_python_symlink_booster_msgs
[0.516s] [ 12%] Built target booster_msgs__rosidl_typesupport_introspection_cpp
[1.114s] running egg_info
[1.116s] writing booster_msgs.egg-info/PKG-INFO
[1.117s] writing dependency_links to booster_msgs.egg-info/dependency_links.txt
[1.117s] writing top-level names to booster_msgs.egg-info/top_level.txt
[1.132s] reading manifest file 'booster_msgs.egg-info/SOURCES.txt'
[1.135s] writing manifest file 'booster_msgs.egg-info/SOURCES.txt'
[1.337s] [ 12%] Built target ament_cmake_python_build_booster_msgs_egg
[1.387s] [ 23%] Built target booster_msgs__rosidl_typesupport_fastrtps_cpp
[1.437s] [ 34%] Built target booster_msgs__rosidl_typesupport_cpp
[1.485s] [ 44%] Built target booster_msgs__rosidl_generator_c
[1.535s] [ 55%] Built target booster_msgs__rosidl_typesupport_fastrtps_c
[1.581s] [ 65%] Built target booster_msgs__rosidl_typesupport_c
[1.663s] [ 76%] Built target booster_msgs__rosidl_typesupport_introspection_c
[1.727s] [ 76%] Built target booster_msgs
[1.771s] [ 78%] Built target booster_msgs__py
[1.826s] [ 87%] Built target booster_msgs__rosidl_generator_py
[1.929s] [ 91%] Built target booster_msgs__rosidl_typesupport_fastrtps_c__pyext
[2.030s] [ 95%] Built target booster_msgs__rosidl_typesupport_c__pyext
[2.173s] [100%] Built target booster_msgs__rosidl_typesupport_introspection_c__pyext
[2.246s] Invoked command in '/home/booster/Workspace/robocup_demo/build/booster_msgs' returned '0': CMAKE_PREFIX_PATH=/opt/ros/humble /usr/bin/cmake --build /home/booster/Workspace/robocup_demo/build/booster_msgs -- -j5 -l5
[2.298s] Invoking command in '/home/booster/Workspace/robocup_demo/build/booster_msgs': CMAKE_PREFIX_PATH=/opt/ros/humble /usr/bin/cmake --install /home/booster/Workspace/robocup_demo/build/booster_msgs
[2.327s] -- Install configuration: ""
[2.332s] -- Execute custom install script
[2.332s] -- Up-to-date symlink: /home/booster/Workspace/robocup_demo/install/booster_msgs/share/ament_index/resource_index/rosidl_interfaces/booster_msgs
[2.335s] -- Up-to-date symlink: /home/booster/Workspace/robocup_demo/install/booster_msgs/include/booster_msgs/booster_msgs/msg/binary_data.h
[2.335s] -- Up-to-date symlink: /home/booster/Workspace/robocup_demo/install/booster_msgs/include/booster_msgs/booster_msgs/msg/detail/binary_data__functions.h
[2.335s] -- Up-to-date symlink: /home/booster/Workspace/robocup_demo/install/booster_msgs/include/booster_msgs/booster_msgs/msg/detail/binary_data__struct.h
[2.335s] -- Up-to-date symlink: /home/booster/Workspace/robocup_demo/install/booster_msgs/include/booster_msgs/booster_msgs/msg/detail/binary_data__type_support.h
[2.336s] -- Up-to-date symlink: /home/booster/Workspace/robocup_demo/install/booster_msgs/include/booster_msgs/booster_msgs/msg/detail/rpc_req_msg__functions.h
[2.336s] -- Up-to-date symlink: /home/booster/Workspace/robocup_demo/install/booster_msgs/include/booster_msgs/booster_msgs/msg/detail/rpc_req_msg__struct.h
[2.336s] -- Up-to-date symlink: /home/booster/Workspace/robocup_demo/install/booster_msgs/include/booster_msgs/booster_msgs/msg/detail/rpc_req_msg__type_support.h
[2.336s] -- Up-to-date symlink: /home/booster/Workspace/robocup_demo/install/booster_msgs/include/booster_msgs/booster_msgs/msg/detail/rpc_resp_msg__functions.h
[2.336s] -- Up-to-date symlink: /home/booster/Workspace/robocup_demo/install/booster_msgs/include/booster_msgs/booster_msgs/msg/detail/rpc_resp_msg__struct.h
[2.337s] -- Up-to-date symlink: /home/booster/Workspace/robocup_demo/install/booster_msgs/include/booster_msgs/booster_msgs/msg/detail/rpc_resp_msg__type_support.h
[2.337s] -- Up-to-date symlink: /home/booster/Workspace/robocup_demo/install/booster_msgs/include/booster_msgs/booster_msgs/msg/rosidl_generator_c__visibility_control.h
[2.339s] -- Up-to-date symlink: /home/booster/Workspace/robocup_demo/install/booster_msgs/include/booster_msgs/booster_msgs/msg/rpc_req_msg.h
[2.339s] -- Up-to-date symlink: /home/booster/Workspace/robocup_demo/install/booster_msgs/include/booster_msgs/booster_msgs/msg/rpc_resp_msg.h
[2.339s] -- Up-to-date symlink: /home/booster/Workspace/robocup_demo/install/booster_msgs/share/booster_msgs/environment/library_path.sh
[2.339s] -- Up-to-date symlink: /home/booster/Workspace/robocup_demo/install/booster_msgs/share/booster_msgs/environment/library_path.dsv
[2.341s] -- Up-to-date symlink: /home/booster/Workspace/robocup_demo/install/booster_msgs/include/booster_msgs/booster_msgs/msg/detail/binary_data__rosidl_typesupport_fastrtps_c.h
[2.341s] -- Up-to-date symlink: /home/booster/Workspace/robocup_demo/install/booster_msgs/include/booster_msgs/booster_msgs/msg/detail/rpc_req_msg__rosidl_typesupport_fastrtps_c.h
[2.342s] -- Up-to-date symlink: /home/booster/Workspace/robocup_demo/install/booster_msgs/include/booster_msgs/booster_msgs/msg/detail/rpc_resp_msg__rosidl_typesupport_fastrtps_c.h
[2.342s] -- Up-to-date symlink: /home/booster/Workspace/robocup_demo/install/booster_msgs/include/booster_msgs/booster_msgs/msg/rosidl_typesupport_fastrtps_c__visibility_control.h
[2.342s] -- Up-to-date symlink: /home/booster/Workspace/robocup_demo/install/booster_msgs/include/booster_msgs/booster_msgs/msg/detail/binary_data__rosidl_typesupport_introspection_c.h
[2.342s] -- Up-to-date symlink: /home/booster/Workspace/robocup_demo/install/booster_msgs/include/booster_msgs/booster_msgs/msg/detail/rpc_req_msg__rosidl_typesupport_introspection_c.h
[2.342s] -- Up-to-date symlink: /home/booster/Workspace/robocup_demo/install/booster_msgs/include/booster_msgs/booster_msgs/msg/detail/rpc_resp_msg__rosidl_typesupport_introspection_c.h
[2.343s] -- Up-to-date symlink: /home/booster/Workspace/robocup_demo/install/booster_msgs/include/booster_msgs/booster_msgs/msg/rosidl_typesupport_introspection_c__visibility_control.h
[2.346s] -- Up-to-date symlink: /home/booster/Workspace/robocup_demo/install/booster_msgs/include/booster_msgs/booster_msgs/msg/binary_data.hpp
[2.346s] -- Up-to-date symlink: /home/booster/Workspace/robocup_demo/install/booster_msgs/include/booster_msgs/booster_msgs/msg/detail/binary_data__builder.hpp
[2.346s] -- Up-to-date symlink: /home/booster/Workspace/robocup_demo/install/booster_msgs/include/booster_msgs/booster_msgs/msg/detail/binary_data__struct.hpp
[2.346s] -- Up-to-date symlink: /home/booster/Workspace/robocup_demo/install/booster_msgs/include/booster_msgs/booster_msgs/msg/detail/binary_data__traits.hpp
[2.346s] -- Up-to-date symlink: /home/booster/Workspace/robocup_demo/install/booster_msgs/include/booster_msgs/booster_msgs/msg/detail/binary_data__type_support.hpp
[2.346s] -- Up-to-date symlink: /home/booster/Workspace/robocup_demo/install/booster_msgs/include/booster_msgs/booster_msgs/msg/detail/rpc_req_msg__builder.hpp
[2.346s] -- Up-to-date symlink: /home/booster/Workspace/robocup_demo/install/booster_msgs/include/booster_msgs/booster_msgs/msg/detail/rpc_req_msg__struct.hpp
[2.347s] -- Up-to-date symlink: /home/booster/Workspace/robocup_demo/install/booster_msgs/include/booster_msgs/booster_msgs/msg/detail/rpc_req_msg__traits.hpp
[2.348s] -- Up-to-date symlink: /home/booster/Workspace/robocup_demo/install/booster_msgs/include/booster_msgs/booster_msgs/msg/detail/rpc_req_msg__type_support.hpp
[2.348s] -- Up-to-date symlink: /home/booster/Workspace/robocup_demo/install/booster_msgs/include/booster_msgs/booster_msgs/msg/detail/rpc_resp_msg__builder.hpp
[2.348s] -- Up-to-date symlink: /home/booster/Workspace/robocup_demo/install/booster_msgs/include/booster_msgs/booster_msgs/msg/detail/rpc_resp_msg__struct.hpp
[2.349s] -- Up-to-date symlink: /home/booster/Workspace/robocup_demo/install/booster_msgs/include/booster_msgs/booster_msgs/msg/detail/rpc_resp_msg__traits.hpp
[2.351s] -- Up-to-date symlink: /home/booster/Workspace/robocup_demo/install/booster_msgs/include/booster_msgs/booster_msgs/msg/detail/rpc_resp_msg__type_support.hpp
[2.351s] -- Up-to-date symlink: /home/booster/Workspace/robocup_demo/install/booster_msgs/include/booster_msgs/booster_msgs/msg/rosidl_generator_cpp__visibility_control.hpp
[2.351s] -- Up-to-date symlink: /home/booster/Workspace/robocup_demo/install/booster_msgs/include/booster_msgs/booster_msgs/msg/rpc_req_msg.hpp
[2.352s] -- Up-to-date symlink: /home/booster/Workspace/robocup_demo/install/booster_msgs/include/booster_msgs/booster_msgs/msg/rpc_resp_msg.hpp
[2.354s] -- Up-to-date symlink: /home/booster/Workspace/robocup_demo/install/booster_msgs/include/booster_msgs/booster_msgs/msg/detail/binary_data__rosidl_typesupport_fastrtps_cpp.hpp
[2.355s] -- Up-to-date symlink: /home/booster/Workspace/robocup_demo/install/booster_msgs/include/booster_msgs/booster_msgs/msg/detail/rpc_req_msg__rosidl_typesupport_fastrtps_cpp.hpp
[2.355s] -- Up-to-date symlink: /home/booster/Workspace/robocup_demo/install/booster_msgs/include/booster_msgs/booster_msgs/msg/detail/rpc_resp_msg__rosidl_typesupport_fastrtps_cpp.hpp
[2.356s] -- Up-to-date symlink: /home/booster/Workspace/robocup_demo/install/booster_msgs/include/booster_msgs/booster_msgs/msg/rosidl_typesupport_fastrtps_cpp__visibility_control.h
[2.356s] -- Up-to-date symlink: /home/booster/Workspace/robocup_demo/install/booster_msgs/include/booster_msgs/booster_msgs/msg/detail/binary_data__rosidl_typesupport_introspection_cpp.hpp
[2.356s] -- Up-to-date symlink: /home/booster/Workspace/robocup_demo/install/booster_msgs/include/booster_msgs/booster_msgs/msg/detail/rpc_req_msg__rosidl_typesupport_introspection_cpp.hpp
[2.356s] -- Up-to-date symlink: /home/booster/Workspace/robocup_demo/install/booster_msgs/include/booster_msgs/booster_msgs/msg/detail/rpc_resp_msg__rosidl_typesupport_introspection_cpp.hpp
[2.364s] -- Up-to-date symlink: /home/booster/Workspace/robocup_demo/install/booster_msgs/share/booster_msgs/environment/pythonpath.sh
[2.364s] -- Up-to-date symlink: /home/booster/Workspace/robocup_demo/install/booster_msgs/share/booster_msgs/environment/pythonpath.dsv
[2.364s] -- Up-to-date symlink: /home/booster/Workspace/robocup_demo/install/booster_msgs/local/lib/python3.10/dist-packages/booster_msgs-0.0.0-py3.10.egg-info/PKG-INFO
[2.364s] -- Up-to-date symlink: /home/booster/Workspace/robocup_demo/install/booster_msgs/local/lib/python3.10/dist-packages/booster_msgs-0.0.0-py3.10.egg-info/SOURCES.txt
[2.364s] -- Up-to-date symlink: /home/booster/Workspace/robocup_demo/install/booster_msgs/local/lib/python3.10/dist-packages/booster_msgs-0.0.0-py3.10.egg-info/dependency_links.txt
[2.364s] -- Up-to-date symlink: /home/booster/Workspace/robocup_demo/install/booster_msgs/local/lib/python3.10/dist-packages/booster_msgs-0.0.0-py3.10.egg-info/top_level.txt
[2.364s] -- Up-to-date symlink: /home/booster/Workspace/robocup_demo/install/booster_msgs/local/lib/python3.10/dist-packages/booster_msgs/__init__.py
[2.365s] -- Up-to-date symlink: /home/booster/Workspace/robocup_demo/install/booster_msgs/local/lib/python3.10/dist-packages/booster_msgs/_booster_msgs_s.ep.rosidl_typesupport_c.c
[2.365s] -- Up-to-date symlink: /home/booster/Workspace/robocup_demo/install/booster_msgs/local/lib/python3.10/dist-packages/booster_msgs/_booster_msgs_s.ep.rosidl_typesupport_fastrtps_c.c
[2.365s] -- Up-to-date symlink: /home/booster/Workspace/robocup_demo/install/booster_msgs/local/lib/python3.10/dist-packages/booster_msgs/_booster_msgs_s.ep.rosidl_typesupport_introspection_c.c
[2.365s] -- Up-to-date symlink: /home/booster/Workspace/robocup_demo/install/booster_msgs/local/lib/python3.10/dist-packages/booster_msgs/booster_msgs_s__rosidl_typesupport_c.cpython-310-aarch64-linux-gnu.so
[2.365s] -- Up-to-date symlink: /home/booster/Workspace/robocup_demo/install/booster_msgs/local/lib/python3.10/dist-packages/booster_msgs/booster_msgs_s__rosidl_typesupport_fastrtps_c.cpython-310-aarch64-linux-gnu.so
[2.365s] -- Up-to-date symlink: /home/booster/Workspace/robocup_demo/install/booster_msgs/local/lib/python3.10/dist-packages/booster_msgs/booster_msgs_s__rosidl_typesupport_introspection_c.cpython-310-aarch64-linux-gnu.so
[2.366s] -- Up-to-date symlink: /home/booster/Workspace/robocup_demo/install/booster_msgs/local/lib/python3.10/dist-packages/booster_msgs/libbooster_msgs__rosidl_generator_py.so
[2.368s] -- Up-to-date symlink: /home/booster/Workspace/robocup_demo/install/booster_msgs/local/lib/python3.10/dist-packages/booster_msgs/msg/__init__.py
[2.369s] -- Up-to-date symlink: /home/booster/Workspace/robocup_demo/install/booster_msgs/local/lib/python3.10/dist-packages/booster_msgs/msg/_binary_data.py
[2.369s] -- Up-to-date symlink: /home/booster/Workspace/robocup_demo/install/booster_msgs/local/lib/python3.10/dist-packages/booster_msgs/msg/_binary_data_s.c
[2.370s] -- Up-to-date symlink: /home/booster/Workspace/robocup_demo/install/booster_msgs/local/lib/python3.10/dist-packages/booster_msgs/msg/_rpc_req_msg.py
[2.371s] -- Up-to-date symlink: /home/booster/Workspace/robocup_demo/install/booster_msgs/local/lib/python3.10/dist-packages/booster_msgs/msg/_rpc_req_msg_s.c
[2.371s] -- Up-to-date symlink: /home/booster/Workspace/robocup_demo/install/booster_msgs/local/lib/python3.10/dist-packages/booster_msgs/msg/_rpc_resp_msg.py
[2.373s] -- Up-to-date symlink: /home/booster/Workspace/robocup_demo/install/booster_msgs/local/lib/python3.10/dist-packages/booster_msgs/msg/_rpc_resp_msg_s.c
[2.374s] -- Up-to-date symlink: /home/booster/Workspace/robocup_demo/install/booster_msgs/local/lib/python3.10/dist-packages/booster_msgs/booster_msgs_s__rosidl_typesupport_fastrtps_c.cpython-310-aarch64-linux-gnu.so
[2.375s] -- Up-to-date symlink: /home/booster/Workspace/robocup_demo/install/booster_msgs/local/lib/python3.10/dist-packages/booster_msgs/booster_msgs_s__rosidl_typesupport_introspection_c.cpython-310-aarch64-linux-gnu.so
[2.377s] -- Up-to-date symlink: /home/booster/Workspace/robocup_demo/install/booster_msgs/local/lib/python3.10/dist-packages/booster_msgs/booster_msgs_s__rosidl_typesupport_c.cpython-310-aarch64-linux-gnu.so
[2.378s] -- Up-to-date symlink: /home/booster/Workspace/robocup_demo/install/booster_msgs/share/booster_msgs/msg/BinaryData.idl
[2.378s] -- Up-to-date symlink: /home/booster/Workspace/robocup_demo/install/booster_msgs/share/booster_msgs/msg/RpcReqMsg.idl
[2.379s] -- Up-to-date symlink: /home/booster/Workspace/robocup_demo/install/booster_msgs/share/booster_msgs/msg/RpcRespMsg.idl
[2.379s] -- Up-to-date symlink: /home/booster/Workspace/robocup_demo/install/booster_msgs/share/booster_msgs/msg/BinaryData.msg
[2.380s] -- Up-to-date symlink: /home/booster/Workspace/robocup_demo/install/booster_msgs/share/booster_msgs/msg/RpcReqMsg.msg
[2.382s] -- Up-to-date symlink: /home/booster/Workspace/robocup_demo/install/booster_msgs/share/booster_msgs/msg/RpcRespMsg.msg
[2.382s] -- Up-to-date symlink: /home/booster/Workspace/robocup_demo/install/booster_msgs/share/ament_index/resource_index/package_run_dependencies/booster_msgs
[2.383s] -- Up-to-date symlink: /home/booster/Workspace/robocup_demo/install/booster_msgs/share/ament_index/resource_index/parent_prefix_path/booster_msgs
[2.383s] -- Up-to-date symlink: /home/booster/Workspace/robocup_demo/install/booster_msgs/share/booster_msgs/environment/ament_prefix_path.sh
[2.384s] -- Up-to-date symlink: /home/booster/Workspace/robocup_demo/install/booster_msgs/share/booster_msgs/environment/ament_prefix_path.dsv
[2.384s] -- Up-to-date symlink: /home/booster/Workspace/robocup_demo/install/booster_msgs/share/booster_msgs/environment/path.sh
[2.385s] -- Up-to-date symlink: /home/booster/Workspace/robocup_demo/install/booster_msgs/share/booster_msgs/environment/path.dsv
[2.387s] -- Up-to-date symlink: /home/booster/Workspace/robocup_demo/install/booster_msgs/share/booster_msgs/local_setup.bash
[2.388s] -- Up-to-date symlink: /home/booster/Workspace/robocup_demo/install/booster_msgs/share/booster_msgs/local_setup.sh
[2.389s] -- Up-to-date symlink: /home/booster/Workspace/robocup_demo/install/booster_msgs/share/booster_msgs/local_setup.zsh
[2.390s] -- Up-to-date symlink: /home/booster/Workspace/robocup_demo/install/booster_msgs/share/booster_msgs/local_setup.dsv
[2.391s] -- Symlinking: /home/booster/Workspace/robocup_demo/install/booster_msgs/share/booster_msgs/package.dsv
[2.468s] -- Up-to-date symlink: /home/booster/Workspace/robocup_demo/install/booster_msgs/share/ament_index/resource_index/packages/booster_msgs
[2.468s] -- Up-to-date symlink: /home/booster/Workspace/robocup_demo/install/booster_msgs/share/booster_msgs/cmake/rosidl_cmake-extras.cmake
[2.468s] -- Up-to-date symlink: /home/booster/Workspace/robocup_demo/install/booster_msgs/share/booster_msgs/cmake/ament_cmake_export_include_directories-extras.cmake
[2.468s] -- Up-to-date symlink: /home/booster/Workspace/robocup_demo/install/booster_msgs/share/booster_msgs/cmake/ament_cmake_export_libraries-extras.cmake
[2.468s] -- Up-to-date symlink: /home/booster/Workspace/robocup_demo/install/booster_msgs/share/booster_msgs/cmake/ament_cmake_export_targets-extras.cmake
[2.472s] -- Up-to-date symlink: /home/booster/Workspace/robocup_demo/install/booster_msgs/share/booster_msgs/cmake/rosidl_cmake_export_typesupport_targets-extras.cmake
[2.472s] -- Up-to-date symlink: /home/booster/Workspace/robocup_demo/install/booster_msgs/share/booster_msgs/cmake/ament_cmake_export_dependencies-extras.cmake
[2.473s] -- Up-to-date symlink: /home/booster/Workspace/robocup_demo/install/booster_msgs/share/booster_msgs/cmake/rosidl_cmake_export_typesupport_libraries-extras.cmake
[2.473s] -- Up-to-date symlink: /home/booster/Workspace/robocup_demo/install/booster_msgs/share/booster_msgs/cmake/booster_msgsConfig.cmake
[2.473s] -- Up-to-date symlink: /home/booster/Workspace/robocup_demo/install/booster_msgs/share/booster_msgs/cmake/booster_msgsConfig-version.cmake
[2.474s] -- Up-to-date symlink: /home/booster/Workspace/robocup_demo/install/booster_msgs/share/booster_msgs/package.xml
[2.476s] -- Up-to-date: /home/booster/Workspace/robocup_demo/install/booster_msgs/lib/libbooster_msgs__rosidl_generator_c.so
[2.479s] -- Up-to-date: /home/booster/Workspace/robocup_demo/install/booster_msgs/lib/libbooster_msgs__rosidl_typesupport_fastrtps_c.so
[2.481s] -- Up-to-date: /home/booster/Workspace/robocup_demo/install/booster_msgs/lib/libbooster_msgs__rosidl_typesupport_introspection_c.so
[2.483s] -- Up-to-date: /home/booster/Workspace/robocup_demo/install/booster_msgs/lib/libbooster_msgs__rosidl_typesupport_c.so
[2.486s] -- Up-to-date: /home/booster/Workspace/robocup_demo/install/booster_msgs/lib/libbooster_msgs__rosidl_typesupport_fastrtps_cpp.so
[2.490s] -- Up-to-date: /home/booster/Workspace/robocup_demo/install/booster_msgs/lib/libbooster_msgs__rosidl_typesupport_introspection_cpp.so
[2.493s] -- Up-to-date: /home/booster/Workspace/robocup_demo/install/booster_msgs/lib/libbooster_msgs__rosidl_typesupport_cpp.so
[2.790s] Listing '/home/booster/Workspace/robocup_demo/install/booster_msgs/local/lib/python3.10/dist-packages/booster_msgs'...
[2.790s] Listing '/home/booster/Workspace/robocup_demo/install/booster_msgs/local/lib/python3.10/dist-packages/booster_msgs/msg'...
[2.841s] -- Up-to-date: /home/booster/Workspace/robocup_demo/install/booster_msgs/lib/libbooster_msgs__rosidl_generator_py.so
[2.843s] -- Up-to-date: /home/booster/Workspace/robocup_demo/install/booster_msgs/share/booster_msgs/cmake/export_booster_msgs__rosidl_generator_cExport.cmake
[2.846s] -- Up-to-date: /home/booster/Workspace/robocup_demo/install/booster_msgs/share/booster_msgs/cmake/export_booster_msgs__rosidl_generator_cExport-noconfig.cmake
[2.848s] -- Up-to-date: /home/booster/Workspace/robocup_demo/install/booster_msgs/share/booster_msgs/cmake/export_booster_msgs__rosidl_typesupport_fastrtps_cExport.cmake
[2.848s] -- Up-to-date: /home/booster/Workspace/robocup_demo/install/booster_msgs/share/booster_msgs/cmake/export_booster_msgs__rosidl_typesupport_fastrtps_cExport-noconfig.cmake
[2.850s] -- Up-to-date: /home/booster/Workspace/robocup_demo/install/booster_msgs/share/booster_msgs/cmake/booster_msgs__rosidl_typesupport_introspection_cExport.cmake
[2.850s] -- Up-to-date: /home/booster/Workspace/robocup_demo/install/booster_msgs/share/booster_msgs/cmake/booster_msgs__rosidl_typesupport_introspection_cExport-noconfig.cmake
[2.853s] -- Up-to-date: /home/booster/Workspace/robocup_demo/install/booster_msgs/share/booster_msgs/cmake/booster_msgs__rosidl_typesupport_cExport.cmake
[2.856s] -- Up-to-date: /home/booster/Workspace/robocup_demo/install/booster_msgs/share/booster_msgs/cmake/booster_msgs__rosidl_typesupport_cExport-noconfig.cmake
[2.858s] -- Up-to-date: /home/booster/Workspace/robocup_demo/install/booster_msgs/share/booster_msgs/cmake/export_booster_msgs__rosidl_generator_cppExport.cmake
[2.860s] -- Up-to-date: /home/booster/Workspace/robocup_demo/install/booster_msgs/share/booster_msgs/cmake/export_booster_msgs__rosidl_typesupport_fastrtps_cppExport.cmake
[2.861s] -- Up-to-date: /home/booster/Workspace/robocup_demo/install/booster_msgs/share/booster_msgs/cmake/export_booster_msgs__rosidl_typesupport_fastrtps_cppExport-noconfig.cmake
[2.862s] -- Up-to-date: /home/booster/Workspace/robocup_demo/install/booster_msgs/share/booster_msgs/cmake/booster_msgs__rosidl_typesupport_introspection_cppExport.cmake
[2.863s] -- Up-to-date: /home/booster/Workspace/robocup_demo/install/booster_msgs/share/booster_msgs/cmake/booster_msgs__rosidl_typesupport_introspection_cppExport-noconfig.cmake
[2.865s] -- Up-to-date: /home/booster/Workspace/robocup_demo/install/booster_msgs/share/booster_msgs/cmake/booster_msgs__rosidl_typesupport_cppExport.cmake
[2.865s] -- Up-to-date: /home/booster/Workspace/robocup_demo/install/booster_msgs/share/booster_msgs/cmake/booster_msgs__rosidl_typesupport_cppExport-noconfig.cmake
[2.867s] -- Up-to-date: /home/booster/Workspace/robocup_demo/install/booster_msgs/share/booster_msgs/cmake/export_booster_msgs__rosidl_generator_pyExport.cmake
[2.868s] -- Up-to-date: /home/booster/Workspace/robocup_demo/install/booster_msgs/share/booster_msgs/cmake/export_booster_msgs__rosidl_generator_pyExport-noconfig.cmake
[2.882s] Invoked command in '/home/booster/Workspace/robocup_demo/build/booster_msgs' returned '0': CMAKE_PREFIX_PATH=/opt/ros/humble /usr/bin/cmake --install /home/booster/Workspace/robocup_demo/build/booster_msgs
