[0.147s] Invoking command in '/home/booster/Workspace/robocup_demo/build/detection_converter': AMENT_PREFIX_PATH=/home/booster/Workspace/robocup_demo/install/vision_interface:${AMENT_PREFIX_PATH} CMAKE_PREFIX_PATH=/home/booster/Workspace/robocup_demo/install/vision_interface:/opt/ros/humble LD_LIBRARY_PATH=/home/booster/Workspace/robocup_demo/install/vision_interface/lib:/opt/ros/humble/opt/rviz_ogre_vendor/lib:/opt/ros/humble/lib/aarch64-linux-gnu:/opt/ros/humble/lib:/usr/local/cuda/lib64 PYTHONPATH=/home/booster/Workspace/robocup_demo/install/vision_interface/local/lib/python3.10/dist-packages:${PYTHONPATH} /usr/bin/cmake --build /home/booster/Workspace/robocup_demo/build/detection_converter -- -j5 -l5
[0.373s] Built target ament_cmake_python_symlink_detection_converter
[1.176s] running egg_info
[1.178s] writing detection_converter.egg-info/PKG-INFO
[1.179s] writing dependency_links to detection_converter.egg-info/dependency_links.txt
[1.179s] writing top-level names to detection_converter.egg-info/top_level.txt
[1.186s] reading manifest file 'detection_converter.egg-info/SOURCES.txt'
[1.188s] writing manifest file 'detection_converter.egg-info/SOURCES.txt'
[1.309s] Built target ament_cmake_python_build_detection_converter_egg
[1.340s] Invoked command in '/home/booster/Workspace/robocup_demo/build/detection_converter' returned '0': AMENT_PREFIX_PATH=/home/booster/Workspace/robocup_demo/install/vision_interface:${AMENT_PREFIX_PATH} CMAKE_PREFIX_PATH=/home/booster/Workspace/robocup_demo/install/vision_interface:/opt/ros/humble LD_LIBRARY_PATH=/home/booster/Workspace/robocup_demo/install/vision_interface/lib:/opt/ros/humble/opt/rviz_ogre_vendor/lib:/opt/ros/humble/lib/aarch64-linux-gnu:/opt/ros/humble/lib:/usr/local/cuda/lib64 PYTHONPATH=/home/booster/Workspace/robocup_demo/install/vision_interface/local/lib/python3.10/dist-packages:${PYTHONPATH} /usr/bin/cmake --build /home/booster/Workspace/robocup_demo/build/detection_converter -- -j5 -l5
[1.350s] Invoking command in '/home/booster/Workspace/robocup_demo/build/detection_converter': AMENT_PREFIX_PATH=/home/booster/Workspace/robocup_demo/install/vision_interface:${AMENT_PREFIX_PATH} CMAKE_PREFIX_PATH=/home/booster/Workspace/robocup_demo/install/vision_interface:/opt/ros/humble LD_LIBRARY_PATH=/home/booster/Workspace/robocup_demo/install/vision_interface/lib:/opt/ros/humble/opt/rviz_ogre_vendor/lib:/opt/ros/humble/lib/aarch64-linux-gnu:/opt/ros/humble/lib:/usr/local/cuda/lib64 PYTHONPATH=/home/booster/Workspace/robocup_demo/install/vision_interface/local/lib/python3.10/dist-packages:${PYTHONPATH} /usr/bin/cmake --install /home/booster/Workspace/robocup_demo/build/detection_converter
[1.383s] -- Install configuration: ""
[1.387s] -- Execute custom install script
[1.387s] -- Up-to-date symlink: /home/booster/Workspace/robocup_demo/install/detection_converter/share/detection_converter/environment/pythonpath.sh
[1.387s] -- Up-to-date symlink: /home/booster/Workspace/robocup_demo/install/detection_converter/share/detection_converter/environment/pythonpath.dsv
[1.388s] -- Up-to-date symlink: /home/booster/Workspace/robocup_demo/install/detection_converter/local/lib/python3.10/dist-packages/detection_converter-1.0.0-py3.10.egg-info/PKG-INFO
[1.388s] -- Up-to-date symlink: /home/booster/Workspace/robocup_demo/install/detection_converter/local/lib/python3.10/dist-packages/detection_converter-1.0.0-py3.10.egg-info/SOURCES.txt
[1.388s] -- Up-to-date symlink: /home/booster/Workspace/robocup_demo/install/detection_converter/local/lib/python3.10/dist-packages/detection_converter-1.0.0-py3.10.egg-info/dependency_links.txt
[1.388s] -- Up-to-date symlink: /home/booster/Workspace/robocup_demo/install/detection_converter/local/lib/python3.10/dist-packages/detection_converter-1.0.0-py3.10.egg-info/top_level.txt
[1.388s] -- Up-to-date symlink: /home/booster/Workspace/robocup_demo/install/detection_converter/local/lib/python3.10/dist-packages/detection_converter/__init__.py
[1.389s] -- Up-to-date symlink: /home/booster/Workspace/robocup_demo/install/detection_converter/lib/detection_converter/detection_converter_node.py
[1.389s] -- Up-to-date symlink: /home/booster/Workspace/robocup_demo/install/detection_converter/share/detection_converter//launch/detection_converter.launch.py
[1.392s] -- Up-to-date symlink: /home/booster/Workspace/robocup_demo/install/detection_converter/share/ament_index/resource_index/package_run_dependencies/detection_converter
[1.393s] -- Up-to-date symlink: /home/booster/Workspace/robocup_demo/install/detection_converter/share/ament_index/resource_index/parent_prefix_path/detection_converter
[1.393s] -- Up-to-date symlink: /home/booster/Workspace/robocup_demo/install/detection_converter/share/detection_converter/environment/ament_prefix_path.sh
[1.393s] -- Up-to-date symlink: /home/booster/Workspace/robocup_demo/install/detection_converter/share/detection_converter/environment/ament_prefix_path.dsv
[1.395s] -- Up-to-date symlink: /home/booster/Workspace/robocup_demo/install/detection_converter/share/detection_converter/environment/path.sh
[1.396s] -- Up-to-date symlink: /home/booster/Workspace/robocup_demo/install/detection_converter/share/detection_converter/environment/path.dsv
[1.396s] -- Up-to-date symlink: /home/booster/Workspace/robocup_demo/install/detection_converter/share/detection_converter/local_setup.bash
[1.396s] -- Up-to-date symlink: /home/booster/Workspace/robocup_demo/install/detection_converter/share/detection_converter/local_setup.sh
[1.396s] -- Up-to-date symlink: /home/booster/Workspace/robocup_demo/install/detection_converter/share/detection_converter/local_setup.zsh
[1.397s] -- Up-to-date symlink: /home/booster/Workspace/robocup_demo/install/detection_converter/share/detection_converter/local_setup.dsv
[1.397s] -- Symlinking: /home/booster/Workspace/robocup_demo/install/detection_converter/share/detection_converter/package.dsv
[1.446s] -- Up-to-date symlink: /home/booster/Workspace/robocup_demo/install/detection_converter/share/ament_index/resource_index/packages/detection_converter
[1.446s] -- Up-to-date symlink: /home/booster/Workspace/robocup_demo/install/detection_converter/share/detection_converter/cmake/detection_converterConfig.cmake
[1.446s] -- Up-to-date symlink: /home/booster/Workspace/robocup_demo/install/detection_converter/share/detection_converter/cmake/detection_converterConfig-version.cmake
[1.446s] -- Up-to-date symlink: /home/booster/Workspace/robocup_demo/install/detection_converter/share/detection_converter/package.xml
[1.604s] Listing '/home/booster/Workspace/robocup_demo/install/detection_converter/local/lib/python3.10/dist-packages/detection_converter'...
[1.640s] Invoked command in '/home/booster/Workspace/robocup_demo/build/detection_converter' returned '0': AMENT_PREFIX_PATH=/home/booster/Workspace/robocup_demo/install/vision_interface:${AMENT_PREFIX_PATH} CMAKE_PREFIX_PATH=/home/booster/Workspace/robocup_demo/install/vision_interface:/opt/ros/humble LD_LIBRARY_PATH=/home/booster/Workspace/robocup_demo/install/vision_interface/lib:/opt/ros/humble/opt/rviz_ogre_vendor/lib:/opt/ros/humble/lib/aarch64-linux-gnu:/opt/ros/humble/lib:/usr/local/cuda/lib64 PYTHONPATH=/home/booster/Workspace/robocup_demo/install/vision_interface/local/lib/python3.10/dist-packages:${PYTHONPATH} /usr/bin/cmake --install /home/booster/Workspace/robocup_demo/build/detection_converter
