[0.033s] Invoking command in '/home/booster/Workspace/robocup_demo/build/game_controller': AMENT_PREFIX_PATH=/home/booster/Workspace/robocup_demo/install/game_controller_interface:${AMENT_PREFIX_PATH} CMAKE_PREFIX_PATH=/home/booster/Workspace/robocup_demo/install/game_controller_interface:/opt/ros/humble LD_LIBRARY_PATH=/home/booster/Workspace/robocup_demo/install/game_controller_interface/lib:/opt/ros/humble/opt/rviz_ogre_vendor/lib:/opt/ros/humble/lib/aarch64-linux-gnu:/opt/ros/humble/lib:/usr/local/cuda/lib64 PYTHONPATH=/home/booster/Workspace/robocup_demo/install/game_controller_interface/local/lib/python3.10/dist-packages:${PYTHONPATH} /usr/bin/cmake /home/booster/Workspace/robocup_demo/src/game_controller -DAMENT_CMAKE_SYMLINK_INSTALL=1 -DCMAKE_INSTALL_PREFIX=/home/booster/Workspace/robocup_demo/install/game_controller
[0.213s] -- The C compiler identification is GNU 11.4.0
[0.361s] -- The CXX compiler identification is GNU 11.4.0
[0.397s] -- Detecting C compiler ABI info
[0.569s] -- Detecting C compiler ABI info - done
[0.591s] -- Check for working C compiler: /usr/bin/cc - skipped
[0.596s] -- Detecting C compile features
[0.601s] -- Detecting C compile features - done
[0.616s] -- Detecting CXX compiler ABI info
[0.912s] -- Detecting CXX compiler ABI info - done
[0.941s] -- Check for working CXX compiler: /usr/bin/c++ - skipped
[0.946s] -- Detecting CXX compile features
[0.948s] -- Detecting CXX compile features - done
[0.960s] -- Found ament_cmake: 1.3.11 (/opt/ros/humble/share/ament_cmake/cmake)
[1.645s] -- Found Python3: /usr/bin/python3 (found version "3.10.12") found components: Interpreter 
[1.874s] -- Override CMake install command with custom implementation using symlinks instead of copying resources
[2.030s] -- Found rclcpp: 16.0.12 (/opt/ros/humble/share/rclcpp/cmake)
[2.136s] -- Found rosidl_generator_c: 3.1.6 (/opt/ros/humble/share/rosidl_generator_c/cmake)
[2.152s] -- Found rosidl_adapter: 3.1.6 (/opt/ros/humble/share/rosidl_adapter/cmake)
[2.175s] -- Found rosidl_generator_cpp: 3.1.6 (/opt/ros/humble/share/rosidl_generator_cpp/cmake)
[2.208s] -- Using all available rosidl_typesupport_c: rosidl_typesupport_fastrtps_c;rosidl_typesupport_introspection_c
[2.250s] -- Using all available rosidl_typesupport_cpp: rosidl_typesupport_fastrtps_cpp;rosidl_typesupport_introspection_cpp
[2.377s] -- Found rmw_implementation_cmake: 6.1.2 (/opt/ros/humble/share/rmw_implementation_cmake/cmake)
[2.384s] -- Found rmw_fastrtps_cpp: 6.2.7 (/opt/ros/humble/share/rmw_fastrtps_cpp/cmake)
[2.776s] -- Found OpenSSL: /usr/lib/aarch64-linux-gnu/libcrypto.so (found version "3.0.2")  
[2.906s] -- Found FastRTPS: /opt/ros/humble/include  
[3.040s] -- Using RMW implementation 'rmw_fastrtps_cpp' as default
[3.072s] -- Looking for pthread.h
[3.357s] -- Looking for pthread.h - found
[3.358s] -- Performing Test CMAKE_HAVE_LIBC_PTHREAD
[3.548s] -- Performing Test CMAKE_HAVE_LIBC_PTHREAD - Success
[3.551s] -- Found Threads: TRUE  
[3.718s] -- Found game_controller_interface: 1.0.0 (/home/booster/Workspace/robocup_demo/install/game_controller_interface/share/game_controller_interface/cmake)
[4.140s] -- Configuring done
[4.171s] -- Generating done
[4.185s] -- Build files have been written to: /home/booster/Workspace/robocup_demo/build/game_controller
[4.232s] Invoked command in '/home/booster/Workspace/robocup_demo/build/game_controller' returned '0': AMENT_PREFIX_PATH=/home/booster/Workspace/robocup_demo/install/game_controller_interface:${AMENT_PREFIX_PATH} CMAKE_PREFIX_PATH=/home/booster/Workspace/robocup_demo/install/game_controller_interface:/opt/ros/humble LD_LIBRARY_PATH=/home/booster/Workspace/robocup_demo/install/game_controller_interface/lib:/opt/ros/humble/opt/rviz_ogre_vendor/lib:/opt/ros/humble/lib/aarch64-linux-gnu:/opt/ros/humble/lib:/usr/local/cuda/lib64 PYTHONPATH=/home/booster/Workspace/robocup_demo/install/game_controller_interface/local/lib/python3.10/dist-packages:${PYTHONPATH} /usr/bin/cmake /home/booster/Workspace/robocup_demo/src/game_controller -DAMENT_CMAKE_SYMLINK_INSTALL=1 -DCMAKE_INSTALL_PREFIX=/home/booster/Workspace/robocup_demo/install/game_controller
[4.236s] Invoking command in '/home/booster/Workspace/robocup_demo/build/game_controller': AMENT_PREFIX_PATH=/home/booster/Workspace/robocup_demo/install/game_controller_interface:${AMENT_PREFIX_PATH} CMAKE_PREFIX_PATH=/home/booster/Workspace/robocup_demo/install/game_controller_interface:/opt/ros/humble LD_LIBRARY_PATH=/home/booster/Workspace/robocup_demo/install/game_controller_interface/lib:/opt/ros/humble/opt/rviz_ogre_vendor/lib:/opt/ros/humble/lib/aarch64-linux-gnu:/opt/ros/humble/lib:/usr/local/cuda/lib64 PYTHONPATH=/home/booster/Workspace/robocup_demo/install/game_controller_interface/local/lib/python3.10/dist-packages:${PYTHONPATH} /usr/bin/cmake --build /home/booster/Workspace/robocup_demo/build/game_controller -- -j5 -l5
[4.493s] [ 33%] [32mBuilding CXX object CMakeFiles/game_controller_node.dir/src/main.cpp.o[0m
[16.610s] [ 66%] [32mBuilding CXX object CMakeFiles/game_controller_node.dir/src/game_controller_node.cpp.o[0m
[32.488s] [100%] [32m[1mLinking CXX executable game_controller_node[0m
[33.226s] [100%] Built target game_controller_node
[33.271s] Invoked command in '/home/booster/Workspace/robocup_demo/build/game_controller' returned '0': AMENT_PREFIX_PATH=/home/booster/Workspace/robocup_demo/install/game_controller_interface:${AMENT_PREFIX_PATH} CMAKE_PREFIX_PATH=/home/booster/Workspace/robocup_demo/install/game_controller_interface:/opt/ros/humble LD_LIBRARY_PATH=/home/booster/Workspace/robocup_demo/install/game_controller_interface/lib:/opt/ros/humble/opt/rviz_ogre_vendor/lib:/opt/ros/humble/lib/aarch64-linux-gnu:/opt/ros/humble/lib:/usr/local/cuda/lib64 PYTHONPATH=/home/booster/Workspace/robocup_demo/install/game_controller_interface/local/lib/python3.10/dist-packages:${PYTHONPATH} /usr/bin/cmake --build /home/booster/Workspace/robocup_demo/build/game_controller -- -j5 -l5
[33.277s] Invoking command in '/home/booster/Workspace/robocup_demo/build/game_controller': AMENT_PREFIX_PATH=/home/booster/Workspace/robocup_demo/install/game_controller_interface:${AMENT_PREFIX_PATH} CMAKE_PREFIX_PATH=/home/booster/Workspace/robocup_demo/install/game_controller_interface:/opt/ros/humble LD_LIBRARY_PATH=/home/booster/Workspace/robocup_demo/install/game_controller_interface/lib:/opt/ros/humble/opt/rviz_ogre_vendor/lib:/opt/ros/humble/lib/aarch64-linux-gnu:/opt/ros/humble/lib:/usr/local/cuda/lib64 PYTHONPATH=/home/booster/Workspace/robocup_demo/install/game_controller_interface/local/lib/python3.10/dist-packages:${PYTHONPATH} /usr/bin/cmake --install /home/booster/Workspace/robocup_demo/build/game_controller
[33.314s] -- Install configuration: ""
[33.315s] -- Execute custom install script
[33.320s] -- Symlinking: /home/booster/Workspace/robocup_demo/install/game_controller/share/game_controller/launch/launch.py
[33.366s] -- Symlinking: /home/booster/Workspace/robocup_demo/install/game_controller/lib/game_controller/game_controller_node
[33.411s] -- Symlinking: /home/booster/Workspace/robocup_demo/install/game_controller/share/ament_index/resource_index/package_run_dependencies/game_controller
[33.443s] -- Symlinking: /home/booster/Workspace/robocup_demo/install/game_controller/share/ament_index/resource_index/parent_prefix_path/game_controller
[33.489s] -- Symlinking: /home/booster/Workspace/robocup_demo/install/game_controller/share/game_controller/environment/ament_prefix_path.sh
[33.523s] -- Symlinking: /home/booster/Workspace/robocup_demo/install/game_controller/share/game_controller/environment/ament_prefix_path.dsv
[33.592s] -- Symlinking: /home/booster/Workspace/robocup_demo/install/game_controller/share/game_controller/environment/path.sh
[33.631s] -- Symlinking: /home/booster/Workspace/robocup_demo/install/game_controller/share/game_controller/environment/path.dsv
[33.664s] -- Symlinking: /home/booster/Workspace/robocup_demo/install/game_controller/share/game_controller/local_setup.bash
[33.695s] -- Symlinking: /home/booster/Workspace/robocup_demo/install/game_controller/share/game_controller/local_setup.sh
[33.727s] -- Symlinking: /home/booster/Workspace/robocup_demo/install/game_controller/share/game_controller/local_setup.zsh
[33.747s] -- Symlinking: /home/booster/Workspace/robocup_demo/install/game_controller/share/game_controller/local_setup.dsv
[33.769s] -- Symlinking: /home/booster/Workspace/robocup_demo/install/game_controller/share/game_controller/package.dsv
[33.788s] -- Symlinking: /home/booster/Workspace/robocup_demo/install/game_controller/share/ament_index/resource_index/packages/game_controller
[33.811s] -- Symlinking: /home/booster/Workspace/robocup_demo/install/game_controller/share/game_controller/cmake/game_controllerConfig.cmake
[33.829s] -- Symlinking: /home/booster/Workspace/robocup_demo/install/game_controller/share/game_controller/cmake/game_controllerConfig-version.cmake
[33.852s] -- Symlinking: /home/booster/Workspace/robocup_demo/install/game_controller/share/game_controller/package.xml
[33.880s] Invoked command in '/home/booster/Workspace/robocup_demo/build/game_controller' returned '0': AMENT_PREFIX_PATH=/home/booster/Workspace/robocup_demo/install/game_controller_interface:${AMENT_PREFIX_PATH} CMAKE_PREFIX_PATH=/home/booster/Workspace/robocup_demo/install/game_controller_interface:/opt/ros/humble LD_LIBRARY_PATH=/home/booster/Workspace/robocup_demo/install/game_controller_interface/lib:/opt/ros/humble/opt/rviz_ogre_vendor/lib:/opt/ros/humble/lib/aarch64-linux-gnu:/opt/ros/humble/lib:/usr/local/cuda/lib64 PYTHONPATH=/home/booster/Workspace/robocup_demo/install/game_controller_interface/local/lib/python3.10/dist-packages:${PYTHONPATH} /usr/bin/cmake --install /home/booster/Workspace/robocup_demo/build/game_controller
