[0.038s] Invoking command in '/home/booster/Workspace/robocup_demo/build/detection_converter': AMENT_PREFIX_PATH=/home/booster/Workspace/robocup_demo/install/vision_interface:${AMENT_PREFIX_PATH} CMAKE_PREFIX_PATH=/home/booster/Workspace/robocup_demo/install/vision_interface:/opt/ros/humble LD_LIBRARY_PATH=/home/booster/Workspace/robocup_demo/install/vision_interface/lib:/opt/ros/humble/opt/rviz_ogre_vendor/lib:/opt/ros/humble/lib/aarch64-linux-gnu:/opt/ros/humble/lib:/usr/local/cuda/lib64 PYTHONPATH=/home/booster/Workspace/robocup_demo/install/vision_interface/local/lib/python3.10/dist-packages:${PYTHONPATH} /usr/bin/cmake /home/booster/Workspace/robocup_demo/src/detection_converter -DAMENT_CMAKE_SYMLINK_INSTALL=1 -DCMAKE_INSTALL_PREFIX=/home/booster/Workspace/robocup_demo/install/detection_converter
[0.288s] -- The C compiler identification is GNU 11.4.0
[0.477s] -- The CXX compiler identification is GNU 11.4.0
[0.508s] -- Detecting C compiler ABI info
[0.817s] -- Detecting C compiler ABI info - done
[0.839s] -- Check for working C compiler: /usr/bin/cc - skipped
[0.841s] -- Detecting C compile features
[0.843s] -- Detecting C compile features - done
[0.862s] -- Detecting CXX compiler ABI info
[1.062s] -- Detecting CXX compiler ABI info - done
[1.077s] -- Check for working CXX compiler: /usr/bin/c++ - skipped
[1.078s] -- Detecting CXX compile features
[1.079s] -- Detecting CXX compile features - done
[1.088s] -- Found ament_cmake: 1.3.11 (/opt/ros/humble/share/ament_cmake/cmake)
[1.627s] -- Found Python3: /usr/bin/python3 (found version "3.10.12") found components: Interpreter 
[1.869s] -- Override CMake install command with custom implementation using symlinks instead of copying resources
[1.966s] -- Found rclpy: 3.3.16 (/opt/ros/humble/share/rclpy/cmake)
[1.970s] -- Found std_msgs: 4.8.0 (/opt/ros/humble/share/std_msgs/cmake)
[2.063s] -- Found rosidl_generator_c: 3.1.6 (/opt/ros/humble/share/rosidl_generator_c/cmake)
[2.075s] -- Found rosidl_adapter: 3.1.6 (/opt/ros/humble/share/rosidl_adapter/cmake)
[2.112s] -- Found rosidl_generator_cpp: 3.1.6 (/opt/ros/humble/share/rosidl_generator_cpp/cmake)
[2.160s] -- Using all available rosidl_typesupport_c: rosidl_typesupport_fastrtps_c;rosidl_typesupport_introspection_c
[2.209s] -- Using all available rosidl_typesupport_cpp: rosidl_typesupport_fastrtps_cpp;rosidl_typesupport_introspection_cpp
[2.288s] -- Found vision_interface: 1.0.0 (/home/booster/Workspace/robocup_demo/install/vision_interface/share/vision_interface/cmake)
[2.798s] -- Found ament_lint_auto: 0.12.12 (/opt/ros/humble/share/ament_lint_auto/cmake)
[3.112s] -- Added test 'copyright' to check source files copyright and LICENSE
[3.116s] -- Added test 'flake8' to check Python code syntax and style conventions
[3.117s] -- Added test 'lint_cmake' to check CMake code style
[3.118s] -- Added test 'pep257' to check Python code against some of the docstring style conventions in PEP 257
[3.119s] -- Added test 'xmllint' to check XML markup files
[3.122s] -- Configuring done
[3.147s] -- Generating done
[3.151s] -- Build files have been written to: /home/booster/Workspace/robocup_demo/build/detection_converter
[3.175s] Invoked command in '/home/booster/Workspace/robocup_demo/build/detection_converter' returned '0': AMENT_PREFIX_PATH=/home/booster/Workspace/robocup_demo/install/vision_interface:${AMENT_PREFIX_PATH} CMAKE_PREFIX_PATH=/home/booster/Workspace/robocup_demo/install/vision_interface:/opt/ros/humble LD_LIBRARY_PATH=/home/booster/Workspace/robocup_demo/install/vision_interface/lib:/opt/ros/humble/opt/rviz_ogre_vendor/lib:/opt/ros/humble/lib/aarch64-linux-gnu:/opt/ros/humble/lib:/usr/local/cuda/lib64 PYTHONPATH=/home/booster/Workspace/robocup_demo/install/vision_interface/local/lib/python3.10/dist-packages:${PYTHONPATH} /usr/bin/cmake /home/booster/Workspace/robocup_demo/src/detection_converter -DAMENT_CMAKE_SYMLINK_INSTALL=1 -DCMAKE_INSTALL_PREFIX=/home/booster/Workspace/robocup_demo/install/detection_converter
[3.196s] Invoking command in '/home/booster/Workspace/robocup_demo/build/detection_converter': AMENT_PREFIX_PATH=/home/booster/Workspace/robocup_demo/install/vision_interface:${AMENT_PREFIX_PATH} CMAKE_PREFIX_PATH=/home/booster/Workspace/robocup_demo/install/vision_interface:/opt/ros/humble LD_LIBRARY_PATH=/home/booster/Workspace/robocup_demo/install/vision_interface/lib:/opt/ros/humble/opt/rviz_ogre_vendor/lib:/opt/ros/humble/lib/aarch64-linux-gnu:/opt/ros/humble/lib:/usr/local/cuda/lib64 PYTHONPATH=/home/booster/Workspace/robocup_demo/install/vision_interface/local/lib/python3.10/dist-packages:${PYTHONPATH} /usr/bin/cmake --build /home/booster/Workspace/robocup_demo/build/detection_converter -- -j5 -l5
[3.406s] Built target ament_cmake_python_symlink_detection_converter
[4.281s] running egg_info
[4.284s] creating detection_converter.egg-info
[4.286s] writing detection_converter.egg-info/PKG-INFO
[4.288s] writing dependency_links to detection_converter.egg-info/dependency_links.txt
[4.290s] writing top-level names to detection_converter.egg-info/top_level.txt
[4.293s] writing manifest file 'detection_converter.egg-info/SOURCES.txt'
[4.302s] reading manifest file 'detection_converter.egg-info/SOURCES.txt'
[4.305s] writing manifest file 'detection_converter.egg-info/SOURCES.txt'
[4.498s] Built target ament_cmake_python_build_detection_converter_egg
[4.571s] Invoked command in '/home/booster/Workspace/robocup_demo/build/detection_converter' returned '0': AMENT_PREFIX_PATH=/home/booster/Workspace/robocup_demo/install/vision_interface:${AMENT_PREFIX_PATH} CMAKE_PREFIX_PATH=/home/booster/Workspace/robocup_demo/install/vision_interface:/opt/ros/humble LD_LIBRARY_PATH=/home/booster/Workspace/robocup_demo/install/vision_interface/lib:/opt/ros/humble/opt/rviz_ogre_vendor/lib:/opt/ros/humble/lib/aarch64-linux-gnu:/opt/ros/humble/lib:/usr/local/cuda/lib64 PYTHONPATH=/home/booster/Workspace/robocup_demo/install/vision_interface/local/lib/python3.10/dist-packages:${PYTHONPATH} /usr/bin/cmake --build /home/booster/Workspace/robocup_demo/build/detection_converter -- -j5 -l5
[4.572s] Invoking command in '/home/booster/Workspace/robocup_demo/build/detection_converter': AMENT_PREFIX_PATH=/home/booster/Workspace/robocup_demo/install/vision_interface:${AMENT_PREFIX_PATH} CMAKE_PREFIX_PATH=/home/booster/Workspace/robocup_demo/install/vision_interface:/opt/ros/humble LD_LIBRARY_PATH=/home/booster/Workspace/robocup_demo/install/vision_interface/lib:/opt/ros/humble/opt/rviz_ogre_vendor/lib:/opt/ros/humble/lib/aarch64-linux-gnu:/opt/ros/humble/lib:/usr/local/cuda/lib64 PYTHONPATH=/home/booster/Workspace/robocup_demo/install/vision_interface/local/lib/python3.10/dist-packages:${PYTHONPATH} /usr/bin/cmake --install /home/booster/Workspace/robocup_demo/build/detection_converter
[4.601s] -- Install configuration: ""
[4.601s] -- Execute custom install script
[4.602s] -- Symlinking: /home/booster/Workspace/robocup_demo/install/detection_converter/share/detection_converter/environment/pythonpath.sh
[4.661s] -- Symlinking: /home/booster/Workspace/robocup_demo/install/detection_converter/share/detection_converter/environment/pythonpath.dsv
[4.698s] -- Symlinking: /home/booster/Workspace/robocup_demo/install/detection_converter/local/lib/python3.10/dist-packages/detection_converter-1.0.0-py3.10.egg-info/PKG-INFO
[4.751s] -- Symlinking: /home/booster/Workspace/robocup_demo/install/detection_converter/local/lib/python3.10/dist-packages/detection_converter-1.0.0-py3.10.egg-info/SOURCES.txt
[4.776s] -- Symlinking: /home/booster/Workspace/robocup_demo/install/detection_converter/local/lib/python3.10/dist-packages/detection_converter-1.0.0-py3.10.egg-info/dependency_links.txt
[4.817s] -- Symlinking: /home/booster/Workspace/robocup_demo/install/detection_converter/local/lib/python3.10/dist-packages/detection_converter-1.0.0-py3.10.egg-info/top_level.txt
[4.839s] -- Symlinking: /home/booster/Workspace/robocup_demo/install/detection_converter/local/lib/python3.10/dist-packages/detection_converter/__init__.py
[4.877s] -- Symlinking: /home/booster/Workspace/robocup_demo/install/detection_converter/lib/detection_converter/detection_converter_node.py
[4.919s] -- Symlinking: /home/booster/Workspace/robocup_demo/install/detection_converter/share/detection_converter//launch/detection_converter.launch.py
[4.969s] -- Symlinking: /home/booster/Workspace/robocup_demo/install/detection_converter/share/ament_index/resource_index/package_run_dependencies/detection_converter
[5.015s] -- Symlinking: /home/booster/Workspace/robocup_demo/install/detection_converter/share/ament_index/resource_index/parent_prefix_path/detection_converter
[5.065s] -- Symlinking: /home/booster/Workspace/robocup_demo/install/detection_converter/share/detection_converter/environment/ament_prefix_path.sh
[5.127s] -- Symlinking: /home/booster/Workspace/robocup_demo/install/detection_converter/share/detection_converter/environment/ament_prefix_path.dsv
[5.165s] -- Symlinking: /home/booster/Workspace/robocup_demo/install/detection_converter/share/detection_converter/environment/path.sh
[5.201s] -- Symlinking: /home/booster/Workspace/robocup_demo/install/detection_converter/share/detection_converter/environment/path.dsv
[5.225s] -- Symlinking: /home/booster/Workspace/robocup_demo/install/detection_converter/share/detection_converter/local_setup.bash
[5.245s] -- Symlinking: /home/booster/Workspace/robocup_demo/install/detection_converter/share/detection_converter/local_setup.sh
[5.272s] -- Symlinking: /home/booster/Workspace/robocup_demo/install/detection_converter/share/detection_converter/local_setup.zsh
[5.313s] -- Symlinking: /home/booster/Workspace/robocup_demo/install/detection_converter/share/detection_converter/local_setup.dsv
[5.335s] -- Symlinking: /home/booster/Workspace/robocup_demo/install/detection_converter/share/detection_converter/package.dsv
[5.356s] -- Symlinking: /home/booster/Workspace/robocup_demo/install/detection_converter/share/ament_index/resource_index/packages/detection_converter
[5.379s] -- Symlinking: /home/booster/Workspace/robocup_demo/install/detection_converter/share/detection_converter/cmake/detection_converterConfig.cmake
[5.416s] -- Symlinking: /home/booster/Workspace/robocup_demo/install/detection_converter/share/detection_converter/cmake/detection_converterConfig-version.cmake
[5.443s] -- Symlinking: /home/booster/Workspace/robocup_demo/install/detection_converter/share/detection_converter/package.xml
[5.569s] Listing '/home/booster/Workspace/robocup_demo/install/detection_converter/local/lib/python3.10/dist-packages/detection_converter'...
[5.569s] Compiling '/home/booster/Workspace/robocup_demo/install/detection_converter/local/lib/python3.10/dist-packages/detection_converter/__init__.py'...
[5.608s] Invoked command in '/home/booster/Workspace/robocup_demo/build/detection_converter' returned '0': AMENT_PREFIX_PATH=/home/booster/Workspace/robocup_demo/install/vision_interface:${AMENT_PREFIX_PATH} CMAKE_PREFIX_PATH=/home/booster/Workspace/robocup_demo/install/vision_interface:/opt/ros/humble LD_LIBRARY_PATH=/home/booster/Workspace/robocup_demo/install/vision_interface/lib:/opt/ros/humble/opt/rviz_ogre_vendor/lib:/opt/ros/humble/lib/aarch64-linux-gnu:/opt/ros/humble/lib:/usr/local/cuda/lib64 PYTHONPATH=/home/booster/Workspace/robocup_demo/install/vision_interface/local/lib/python3.10/dist-packages:${PYTHONPATH} /usr/bin/cmake --install /home/booster/Workspace/robocup_demo/build/detection_converter
