[0.058s] Invoking command in '/home/booster/Workspace/robocup_demo/build/vision_interface': CMAKE_PREFIX_PATH=/opt/ros/humble /usr/bin/cmake --build /home/booster/Workspace/robocup_demo/build/vision_interface -- -j5 -l5
[0.265s] [  0%] Built target vision_interface__cpp
[0.377s] [  0%] Built target ament_cmake_python_symlink_vision_interface
[0.508s] [ 12%] Built target vision_interface__rosidl_typesupport_introspection_cpp
[1.054s] running egg_info
[1.056s] writing vision_interface.egg-info/PKG-INFO
[1.056s] writing dependency_links to vision_interface.egg-info/dependency_links.txt
[1.057s] writing top-level names to vision_interface.egg-info/top_level.txt
[1.065s] reading manifest file 'vision_interface.egg-info/SOURCES.txt'
[1.067s] writing manifest file 'vision_interface.egg-info/SOURCES.txt'
[1.160s] [ 12%] Built target ament_cmake_python_build_vision_interface_egg
[1.219s] [ 23%] Built target vision_interface__rosidl_typesupport_fastrtps_cpp
[1.308s] [ 35%] Built target vision_interface__rosidl_typesupport_cpp
[1.422s] [ 47%] Built target vision_interface__rosidl_generator_c
[1.568s] [ 59%] Built target vision_interface__rosidl_typesupport_fastrtps_c
[1.659s] [ 70%] Built target vision_interface__rosidl_typesupport_c
[1.742s] [ 82%] Built target vision_interface__rosidl_typesupport_introspection_c
[1.825s] [ 82%] Built target vision_interface
[1.881s] [ 83%] Built target vision_interface__py
[1.986s] [ 94%] Built target vision_interface__rosidl_generator_py
[2.088s] [ 96%] Built target vision_interface__rosidl_typesupport_fastrtps_c__pyext
[2.155s] [ 98%] Built target vision_interface__rosidl_typesupport_c__pyext
[2.211s] [100%] Built target vision_interface__rosidl_typesupport_introspection_c__pyext
[2.248s] Invoked command in '/home/booster/Workspace/robocup_demo/build/vision_interface' returned '0': CMAKE_PREFIX_PATH=/opt/ros/humble /usr/bin/cmake --build /home/booster/Workspace/robocup_demo/build/vision_interface -- -j5 -l5
[2.286s] Invoking command in '/home/booster/Workspace/robocup_demo/build/vision_interface': CMAKE_PREFIX_PATH=/opt/ros/humble /usr/bin/cmake --install /home/booster/Workspace/robocup_demo/build/vision_interface
[2.305s] -- Install configuration: ""
[2.308s] -- Execute custom install script
[2.310s] -- Up-to-date symlink: /home/booster/Workspace/robocup_demo/install/vision_interface/share/ament_index/resource_index/rosidl_interfaces/vision_interface
[2.315s] -- Up-to-date symlink: /home/booster/Workspace/robocup_demo/install/vision_interface/include/vision_interface/vision_interface/msg/ball.h
[2.316s] -- Up-to-date symlink: /home/booster/Workspace/robocup_demo/install/vision_interface/include/vision_interface/vision_interface/msg/cal_param.h
[2.316s] -- Up-to-date symlink: /home/booster/Workspace/robocup_demo/install/vision_interface/include/vision_interface/vision_interface/msg/detail/ball__functions.h
[2.318s] -- Up-to-date symlink: /home/booster/Workspace/robocup_demo/install/vision_interface/include/vision_interface/vision_interface/msg/detail/ball__struct.h
[2.320s] -- Up-to-date symlink: /home/booster/Workspace/robocup_demo/install/vision_interface/include/vision_interface/vision_interface/msg/detail/ball__type_support.h
[2.321s] -- Up-to-date symlink: /home/booster/Workspace/robocup_demo/install/vision_interface/include/vision_interface/vision_interface/msg/detail/cal_param__functions.h
[2.321s] -- Up-to-date symlink: /home/booster/Workspace/robocup_demo/install/vision_interface/include/vision_interface/vision_interface/msg/detail/cal_param__struct.h
[2.321s] -- Up-to-date symlink: /home/booster/Workspace/robocup_demo/install/vision_interface/include/vision_interface/vision_interface/msg/detail/cal_param__type_support.h
[2.321s] -- Up-to-date symlink: /home/booster/Workspace/robocup_demo/install/vision_interface/include/vision_interface/vision_interface/msg/detail/detected_object__functions.h
[2.321s] -- Up-to-date symlink: /home/booster/Workspace/robocup_demo/install/vision_interface/include/vision_interface/vision_interface/msg/detail/detected_object__struct.h
[2.322s] -- Up-to-date symlink: /home/booster/Workspace/robocup_demo/install/vision_interface/include/vision_interface/vision_interface/msg/detail/detected_object__type_support.h
[2.322s] -- Up-to-date symlink: /home/booster/Workspace/robocup_demo/install/vision_interface/include/vision_interface/vision_interface/msg/detail/detections__functions.h
[2.322s] -- Up-to-date symlink: /home/booster/Workspace/robocup_demo/install/vision_interface/include/vision_interface/vision_interface/msg/detail/detections__struct.h
[2.322s] -- Up-to-date symlink: /home/booster/Workspace/robocup_demo/install/vision_interface/include/vision_interface/vision_interface/msg/detail/detections__type_support.h
[2.322s] -- Up-to-date symlink: /home/booster/Workspace/robocup_demo/install/vision_interface/include/vision_interface/vision_interface/msg/detail/detections_track__functions.h
[2.322s] -- Up-to-date symlink: /home/booster/Workspace/robocup_demo/install/vision_interface/include/vision_interface/vision_interface/msg/detail/detections_track__struct.h
[2.323s] -- Up-to-date symlink: /home/booster/Workspace/robocup_demo/install/vision_interface/include/vision_interface/vision_interface/msg/detail/detections_track__type_support.h
[2.323s] -- Up-to-date symlink: /home/booster/Workspace/robocup_demo/install/vision_interface/include/vision_interface/vision_interface/msg/detail/image_head_position__functions.h
[2.324s] -- Up-to-date symlink: /home/booster/Workspace/robocup_demo/install/vision_interface/include/vision_interface/vision_interface/msg/detail/image_head_position__struct.h
[2.324s] -- Up-to-date symlink: /home/booster/Workspace/robocup_demo/install/vision_interface/include/vision_interface/vision_interface/msg/detail/image_head_position__type_support.h
[2.324s] -- Up-to-date symlink: /home/booster/Workspace/robocup_demo/install/vision_interface/include/vision_interface/vision_interface/msg/detail/line_segments__functions.h
[2.325s] -- Up-to-date symlink: /home/booster/Workspace/robocup_demo/install/vision_interface/include/vision_interface/vision_interface/msg/detail/line_segments__struct.h
[2.325s] -- Up-to-date symlink: /home/booster/Workspace/robocup_demo/install/vision_interface/include/vision_interface/vision_interface/msg/detail/line_segments__type_support.h
[2.326s] -- Up-to-date symlink: /home/booster/Workspace/robocup_demo/install/vision_interface/include/vision_interface/vision_interface/msg/detail/segmentation_line__functions.h
[2.326s] -- Up-to-date symlink: /home/booster/Workspace/robocup_demo/install/vision_interface/include/vision_interface/vision_interface/msg/detail/segmentation_line__struct.h
[2.326s] -- Up-to-date symlink: /home/booster/Workspace/robocup_demo/install/vision_interface/include/vision_interface/vision_interface/msg/detail/segmentation_line__type_support.h
[2.327s] -- Up-to-date symlink: /home/booster/Workspace/robocup_demo/install/vision_interface/include/vision_interface/vision_interface/msg/detail/segmentation_point__functions.h
[2.328s] -- Up-to-date symlink: /home/booster/Workspace/robocup_demo/install/vision_interface/include/vision_interface/vision_interface/msg/detail/segmentation_point__struct.h
[2.328s] -- Up-to-date symlink: /home/booster/Workspace/robocup_demo/install/vision_interface/include/vision_interface/vision_interface/msg/detail/segmentation_point__type_support.h
[2.329s] -- Up-to-date symlink: /home/booster/Workspace/robocup_demo/install/vision_interface/include/vision_interface/vision_interface/msg/detail/segmentation_result__functions.h
[2.329s] -- Up-to-date symlink: /home/booster/Workspace/robocup_demo/install/vision_interface/include/vision_interface/vision_interface/msg/detail/segmentation_result__struct.h
[2.330s] -- Up-to-date symlink: /home/booster/Workspace/robocup_demo/install/vision_interface/include/vision_interface/vision_interface/msg/detail/segmentation_result__type_support.h
[2.331s] -- Up-to-date symlink: /home/booster/Workspace/robocup_demo/install/vision_interface/include/vision_interface/vision_interface/msg/detected_object.h
[2.332s] -- Up-to-date symlink: /home/booster/Workspace/robocup_demo/install/vision_interface/include/vision_interface/vision_interface/msg/detections.h
[2.332s] -- Up-to-date symlink: /home/booster/Workspace/robocup_demo/install/vision_interface/include/vision_interface/vision_interface/msg/detections_track.h
[2.332s] -- Up-to-date symlink: /home/booster/Workspace/robocup_demo/install/vision_interface/include/vision_interface/vision_interface/msg/image_head_position.h
[2.332s] -- Up-to-date symlink: /home/booster/Workspace/robocup_demo/install/vision_interface/include/vision_interface/vision_interface/msg/line_segments.h
[2.333s] -- Up-to-date symlink: /home/booster/Workspace/robocup_demo/install/vision_interface/include/vision_interface/vision_interface/msg/rosidl_generator_c__visibility_control.h
[2.334s] -- Up-to-date symlink: /home/booster/Workspace/robocup_demo/install/vision_interface/include/vision_interface/vision_interface/msg/segmentation_line.h
[2.335s] -- Up-to-date symlink: /home/booster/Workspace/robocup_demo/install/vision_interface/include/vision_interface/vision_interface/msg/segmentation_point.h
[2.335s] -- Up-to-date symlink: /home/booster/Workspace/robocup_demo/install/vision_interface/include/vision_interface/vision_interface/msg/segmentation_result.h
[2.335s] -- Up-to-date symlink: /home/booster/Workspace/robocup_demo/install/vision_interface/share/vision_interface/environment/library_path.sh
[2.336s] -- Up-to-date symlink: /home/booster/Workspace/robocup_demo/install/vision_interface/share/vision_interface/environment/library_path.dsv
[2.338s] -- Up-to-date symlink: /home/booster/Workspace/robocup_demo/install/vision_interface/include/vision_interface/vision_interface/msg/detail/ball__rosidl_typesupport_fastrtps_c.h
[2.340s] -- Up-to-date symlink: /home/booster/Workspace/robocup_demo/install/vision_interface/include/vision_interface/vision_interface/msg/detail/cal_param__rosidl_typesupport_fastrtps_c.h
[2.342s] -- Up-to-date symlink: /home/booster/Workspace/robocup_demo/install/vision_interface/include/vision_interface/vision_interface/msg/detail/detected_object__rosidl_typesupport_fastrtps_c.h
[2.343s] -- Up-to-date symlink: /home/booster/Workspace/robocup_demo/install/vision_interface/include/vision_interface/vision_interface/msg/detail/detections__rosidl_typesupport_fastrtps_c.h
[2.347s] -- Up-to-date symlink: /home/booster/Workspace/robocup_demo/install/vision_interface/include/vision_interface/vision_interface/msg/detail/detections_track__rosidl_typesupport_fastrtps_c.h
[2.350s] -- Up-to-date symlink: /home/booster/Workspace/robocup_demo/install/vision_interface/include/vision_interface/vision_interface/msg/detail/image_head_position__rosidl_typesupport_fastrtps_c.h
[2.351s] -- Up-to-date symlink: /home/booster/Workspace/robocup_demo/install/vision_interface/include/vision_interface/vision_interface/msg/detail/line_segments__rosidl_typesupport_fastrtps_c.h
[2.352s] -- Up-to-date symlink: /home/booster/Workspace/robocup_demo/install/vision_interface/include/vision_interface/vision_interface/msg/detail/segmentation_line__rosidl_typesupport_fastrtps_c.h
[2.353s] -- Up-to-date symlink: /home/booster/Workspace/robocup_demo/install/vision_interface/include/vision_interface/vision_interface/msg/detail/segmentation_point__rosidl_typesupport_fastrtps_c.h
[2.354s] -- Up-to-date symlink: /home/booster/Workspace/robocup_demo/install/vision_interface/include/vision_interface/vision_interface/msg/detail/segmentation_result__rosidl_typesupport_fastrtps_c.h
[2.355s] -- Up-to-date symlink: /home/booster/Workspace/robocup_demo/install/vision_interface/include/vision_interface/vision_interface/msg/rosidl_typesupport_fastrtps_c__visibility_control.h
[2.357s] -- Up-to-date symlink: /home/booster/Workspace/robocup_demo/install/vision_interface/include/vision_interface/vision_interface/msg/ball.hpp
[2.358s] -- Up-to-date symlink: /home/booster/Workspace/robocup_demo/install/vision_interface/include/vision_interface/vision_interface/msg/cal_param.hpp
[2.358s] -- Up-to-date symlink: /home/booster/Workspace/robocup_demo/install/vision_interface/include/vision_interface/vision_interface/msg/detail/ball__builder.hpp
[2.359s] -- Up-to-date symlink: /home/booster/Workspace/robocup_demo/install/vision_interface/include/vision_interface/vision_interface/msg/detail/ball__struct.hpp
[2.360s] -- Up-to-date symlink: /home/booster/Workspace/robocup_demo/install/vision_interface/include/vision_interface/vision_interface/msg/detail/ball__traits.hpp
[2.361s] -- Up-to-date symlink: /home/booster/Workspace/robocup_demo/install/vision_interface/include/vision_interface/vision_interface/msg/detail/ball__type_support.hpp
[2.362s] -- Up-to-date symlink: /home/booster/Workspace/robocup_demo/install/vision_interface/include/vision_interface/vision_interface/msg/detail/cal_param__builder.hpp
[2.362s] -- Up-to-date symlink: /home/booster/Workspace/robocup_demo/install/vision_interface/include/vision_interface/vision_interface/msg/detail/cal_param__struct.hpp
[2.363s] -- Up-to-date symlink: /home/booster/Workspace/robocup_demo/install/vision_interface/include/vision_interface/vision_interface/msg/detail/cal_param__traits.hpp
[2.364s] -- Up-to-date symlink: /home/booster/Workspace/robocup_demo/install/vision_interface/include/vision_interface/vision_interface/msg/detail/cal_param__type_support.hpp
[2.365s] -- Up-to-date symlink: /home/booster/Workspace/robocup_demo/install/vision_interface/include/vision_interface/vision_interface/msg/detail/detected_object__builder.hpp
[2.366s] -- Up-to-date symlink: /home/booster/Workspace/robocup_demo/install/vision_interface/include/vision_interface/vision_interface/msg/detail/detected_object__struct.hpp
[2.368s] -- Up-to-date symlink: /home/booster/Workspace/robocup_demo/install/vision_interface/include/vision_interface/vision_interface/msg/detail/detected_object__traits.hpp
[2.369s] -- Up-to-date symlink: /home/booster/Workspace/robocup_demo/install/vision_interface/include/vision_interface/vision_interface/msg/detail/detected_object__type_support.hpp
[2.371s] -- Up-to-date symlink: /home/booster/Workspace/robocup_demo/install/vision_interface/include/vision_interface/vision_interface/msg/detail/detections__builder.hpp
[2.374s] -- Up-to-date symlink: /home/booster/Workspace/robocup_demo/install/vision_interface/include/vision_interface/vision_interface/msg/detail/detections__struct.hpp
[2.385s] -- Up-to-date symlink: /home/booster/Workspace/robocup_demo/install/vision_interface/include/vision_interface/vision_interface/msg/detail/detections__traits.hpp
[2.386s] -- Up-to-date symlink: /home/booster/Workspace/robocup_demo/install/vision_interface/include/vision_interface/vision_interface/msg/detail/detections__type_support.hpp
[2.387s] -- Up-to-date symlink: /home/booster/Workspace/robocup_demo/install/vision_interface/include/vision_interface/vision_interface/msg/detail/detections_track__builder.hpp
[2.387s] -- Up-to-date symlink: /home/booster/Workspace/robocup_demo/install/vision_interface/include/vision_interface/vision_interface/msg/detail/detections_track__struct.hpp
[2.387s] -- Up-to-date symlink: /home/booster/Workspace/robocup_demo/install/vision_interface/include/vision_interface/vision_interface/msg/detail/detections_track__traits.hpp
[2.387s] -- Up-to-date symlink: /home/booster/Workspace/robocup_demo/install/vision_interface/include/vision_interface/vision_interface/msg/detail/detections_track__type_support.hpp
[2.387s] -- Up-to-date symlink: /home/booster/Workspace/robocup_demo/install/vision_interface/include/vision_interface/vision_interface/msg/detail/image_head_position__builder.hpp
[2.387s] -- Up-to-date symlink: /home/booster/Workspace/robocup_demo/install/vision_interface/include/vision_interface/vision_interface/msg/detail/image_head_position__struct.hpp
[2.389s] -- Up-to-date symlink: /home/booster/Workspace/robocup_demo/install/vision_interface/include/vision_interface/vision_interface/msg/detail/image_head_position__traits.hpp
[2.390s] -- Up-to-date symlink: /home/booster/Workspace/robocup_demo/install/vision_interface/include/vision_interface/vision_interface/msg/detail/image_head_position__type_support.hpp
[2.391s] -- Up-to-date symlink: /home/booster/Workspace/robocup_demo/install/vision_interface/include/vision_interface/vision_interface/msg/detail/line_segments__builder.hpp
[2.391s] -- Up-to-date symlink: /home/booster/Workspace/robocup_demo/install/vision_interface/include/vision_interface/vision_interface/msg/detail/line_segments__struct.hpp
[2.391s] -- Up-to-date symlink: /home/booster/Workspace/robocup_demo/install/vision_interface/include/vision_interface/vision_interface/msg/detail/line_segments__traits.hpp
[2.391s] -- Up-to-date symlink: /home/booster/Workspace/robocup_demo/install/vision_interface/include/vision_interface/vision_interface/msg/detail/line_segments__type_support.hpp
[2.391s] -- Up-to-date symlink: /home/booster/Workspace/robocup_demo/install/vision_interface/include/vision_interface/vision_interface/msg/detail/segmentation_line__builder.hpp
[2.392s] -- Up-to-date symlink: /home/booster/Workspace/robocup_demo/install/vision_interface/include/vision_interface/vision_interface/msg/detail/segmentation_line__struct.hpp
[2.392s] -- Up-to-date symlink: /home/booster/Workspace/robocup_demo/install/vision_interface/include/vision_interface/vision_interface/msg/detail/segmentation_line__traits.hpp
[2.392s] -- Up-to-date symlink: /home/booster/Workspace/robocup_demo/install/vision_interface/include/vision_interface/vision_interface/msg/detail/segmentation_line__type_support.hpp
[2.393s] -- Up-to-date symlink: /home/booster/Workspace/robocup_demo/install/vision_interface/include/vision_interface/vision_interface/msg/detail/segmentation_point__builder.hpp
[2.394s] -- Up-to-date symlink: /home/booster/Workspace/robocup_demo/install/vision_interface/include/vision_interface/vision_interface/msg/detail/segmentation_point__struct.hpp
[2.394s] -- Up-to-date symlink: /home/booster/Workspace/robocup_demo/install/vision_interface/include/vision_interface/vision_interface/msg/detail/segmentation_point__traits.hpp
[2.395s] -- Up-to-date symlink: /home/booster/Workspace/robocup_demo/install/vision_interface/include/vision_interface/vision_interface/msg/detail/segmentation_point__type_support.hpp
[2.395s] -- Up-to-date symlink: /home/booster/Workspace/robocup_demo/install/vision_interface/include/vision_interface/vision_interface/msg/detail/segmentation_result__builder.hpp
[2.395s] -- Up-to-date symlink: /home/booster/Workspace/robocup_demo/install/vision_interface/include/vision_interface/vision_interface/msg/detail/segmentation_result__struct.hpp
[2.395s] -- Up-to-date symlink: /home/booster/Workspace/robocup_demo/install/vision_interface/include/vision_interface/vision_interface/msg/detail/segmentation_result__traits.hpp
[2.395s] -- Up-to-date symlink: /home/booster/Workspace/robocup_demo/install/vision_interface/include/vision_interface/vision_interface/msg/detail/segmentation_result__type_support.hpp
[2.395s] -- Up-to-date symlink: /home/booster/Workspace/robocup_demo/install/vision_interface/include/vision_interface/vision_interface/msg/detected_object.hpp
[2.395s] -- Up-to-date symlink: /home/booster/Workspace/robocup_demo/install/vision_interface/include/vision_interface/vision_interface/msg/detections.hpp
[2.396s] -- Up-to-date symlink: /home/booster/Workspace/robocup_demo/install/vision_interface/include/vision_interface/vision_interface/msg/detections_track.hpp
[2.396s] -- Up-to-date symlink: /home/booster/Workspace/robocup_demo/install/vision_interface/include/vision_interface/vision_interface/msg/image_head_position.hpp
[2.396s] -- Up-to-date symlink: /home/booster/Workspace/robocup_demo/install/vision_interface/include/vision_interface/vision_interface/msg/line_segments.hpp
[2.397s] -- Up-to-date symlink: /home/booster/Workspace/robocup_demo/install/vision_interface/include/vision_interface/vision_interface/msg/rosidl_generator_cpp__visibility_control.hpp
[2.397s] -- Up-to-date symlink: /home/booster/Workspace/robocup_demo/install/vision_interface/include/vision_interface/vision_interface/msg/segmentation_line.hpp
[2.398s] -- Up-to-date symlink: /home/booster/Workspace/robocup_demo/install/vision_interface/include/vision_interface/vision_interface/msg/segmentation_point.hpp
[2.398s] -- Up-to-date symlink: /home/booster/Workspace/robocup_demo/install/vision_interface/include/vision_interface/vision_interface/msg/segmentation_result.hpp
[2.400s] -- Up-to-date symlink: /home/booster/Workspace/robocup_demo/install/vision_interface/include/vision_interface/vision_interface/msg/detail/ball__rosidl_typesupport_fastrtps_cpp.hpp
[2.402s] -- Up-to-date symlink: /home/booster/Workspace/robocup_demo/install/vision_interface/include/vision_interface/vision_interface/msg/detail/cal_param__rosidl_typesupport_fastrtps_cpp.hpp
[2.403s] -- Up-to-date symlink: /home/booster/Workspace/robocup_demo/install/vision_interface/include/vision_interface/vision_interface/msg/detail/detected_object__rosidl_typesupport_fastrtps_cpp.hpp
[2.403s] -- Up-to-date symlink: /home/booster/Workspace/robocup_demo/install/vision_interface/include/vision_interface/vision_interface/msg/detail/detections__rosidl_typesupport_fastrtps_cpp.hpp
[2.405s] -- Up-to-date symlink: /home/booster/Workspace/robocup_demo/install/vision_interface/include/vision_interface/vision_interface/msg/detail/detections_track__rosidl_typesupport_fastrtps_cpp.hpp
[2.406s] -- Up-to-date symlink: /home/booster/Workspace/robocup_demo/install/vision_interface/include/vision_interface/vision_interface/msg/detail/image_head_position__rosidl_typesupport_fastrtps_cpp.hpp
[2.408s] -- Up-to-date symlink: /home/booster/Workspace/robocup_demo/install/vision_interface/include/vision_interface/vision_interface/msg/detail/line_segments__rosidl_typesupport_fastrtps_cpp.hpp
[2.410s] -- Up-to-date symlink: /home/booster/Workspace/robocup_demo/install/vision_interface/include/vision_interface/vision_interface/msg/detail/segmentation_line__rosidl_typesupport_fastrtps_cpp.hpp
[2.412s] -- Up-to-date symlink: /home/booster/Workspace/robocup_demo/install/vision_interface/include/vision_interface/vision_interface/msg/detail/segmentation_point__rosidl_typesupport_fastrtps_cpp.hpp
[2.415s] -- Up-to-date symlink: /home/booster/Workspace/robocup_demo/install/vision_interface/include/vision_interface/vision_interface/msg/detail/segmentation_result__rosidl_typesupport_fastrtps_cpp.hpp
[2.416s] -- Up-to-date symlink: /home/booster/Workspace/robocup_demo/install/vision_interface/include/vision_interface/vision_interface/msg/rosidl_typesupport_fastrtps_cpp__visibility_control.h
[2.418s] -- Up-to-date symlink: /home/booster/Workspace/robocup_demo/install/vision_interface/include/vision_interface/vision_interface/msg/detail/ball__rosidl_typesupport_introspection_c.h
[2.420s] -- Up-to-date symlink: /home/booster/Workspace/robocup_demo/install/vision_interface/include/vision_interface/vision_interface/msg/detail/cal_param__rosidl_typesupport_introspection_c.h
[2.420s] -- Up-to-date symlink: /home/booster/Workspace/robocup_demo/install/vision_interface/include/vision_interface/vision_interface/msg/detail/detected_object__rosidl_typesupport_introspection_c.h
[2.421s] -- Up-to-date symlink: /home/booster/Workspace/robocup_demo/install/vision_interface/include/vision_interface/vision_interface/msg/detail/detections__rosidl_typesupport_introspection_c.h
[2.422s] -- Up-to-date symlink: /home/booster/Workspace/robocup_demo/install/vision_interface/include/vision_interface/vision_interface/msg/detail/detections_track__rosidl_typesupport_introspection_c.h
[2.423s] -- Up-to-date symlink: /home/booster/Workspace/robocup_demo/install/vision_interface/include/vision_interface/vision_interface/msg/detail/image_head_position__rosidl_typesupport_introspection_c.h
[2.424s] -- Up-to-date symlink: /home/booster/Workspace/robocup_demo/install/vision_interface/include/vision_interface/vision_interface/msg/detail/line_segments__rosidl_typesupport_introspection_c.h
[2.424s] -- Up-to-date symlink: /home/booster/Workspace/robocup_demo/install/vision_interface/include/vision_interface/vision_interface/msg/detail/segmentation_line__rosidl_typesupport_introspection_c.h
[2.425s] -- Up-to-date symlink: /home/booster/Workspace/robocup_demo/install/vision_interface/include/vision_interface/vision_interface/msg/detail/segmentation_point__rosidl_typesupport_introspection_c.h
[2.426s] -- Up-to-date symlink: /home/booster/Workspace/robocup_demo/install/vision_interface/include/vision_interface/vision_interface/msg/detail/segmentation_result__rosidl_typesupport_introspection_c.h
[2.426s] -- Up-to-date symlink: /home/booster/Workspace/robocup_demo/install/vision_interface/include/vision_interface/vision_interface/msg/rosidl_typesupport_introspection_c__visibility_control.h
[2.428s] -- Up-to-date symlink: /home/booster/Workspace/robocup_demo/install/vision_interface/include/vision_interface/vision_interface/msg/detail/ball__rosidl_typesupport_introspection_cpp.hpp
[2.429s] -- Up-to-date symlink: /home/booster/Workspace/robocup_demo/install/vision_interface/include/vision_interface/vision_interface/msg/detail/cal_param__rosidl_typesupport_introspection_cpp.hpp
[2.430s] -- Up-to-date symlink: /home/booster/Workspace/robocup_demo/install/vision_interface/include/vision_interface/vision_interface/msg/detail/detected_object__rosidl_typesupport_introspection_cpp.hpp
[2.430s] -- Up-to-date symlink: /home/booster/Workspace/robocup_demo/install/vision_interface/include/vision_interface/vision_interface/msg/detail/detections__rosidl_typesupport_introspection_cpp.hpp
[2.430s] -- Up-to-date symlink: /home/booster/Workspace/robocup_demo/install/vision_interface/include/vision_interface/vision_interface/msg/detail/detections_track__rosidl_typesupport_introspection_cpp.hpp
[2.431s] -- Up-to-date symlink: /home/booster/Workspace/robocup_demo/install/vision_interface/include/vision_interface/vision_interface/msg/detail/image_head_position__rosidl_typesupport_introspection_cpp.hpp
[2.432s] -- Up-to-date symlink: /home/booster/Workspace/robocup_demo/install/vision_interface/include/vision_interface/vision_interface/msg/detail/line_segments__rosidl_typesupport_introspection_cpp.hpp
[2.432s] -- Up-to-date symlink: /home/booster/Workspace/robocup_demo/install/vision_interface/include/vision_interface/vision_interface/msg/detail/segmentation_line__rosidl_typesupport_introspection_cpp.hpp
[2.432s] -- Up-to-date symlink: /home/booster/Workspace/robocup_demo/install/vision_interface/include/vision_interface/vision_interface/msg/detail/segmentation_point__rosidl_typesupport_introspection_cpp.hpp
[2.433s] -- Up-to-date symlink: /home/booster/Workspace/robocup_demo/install/vision_interface/include/vision_interface/vision_interface/msg/detail/segmentation_result__rosidl_typesupport_introspection_cpp.hpp
[2.433s] -- Up-to-date symlink: /home/booster/Workspace/robocup_demo/install/vision_interface/share/vision_interface/environment/pythonpath.sh
[2.446s] -- Up-to-date symlink: /home/booster/Workspace/robocup_demo/install/vision_interface/share/vision_interface/environment/pythonpath.dsv
[2.448s] -- Up-to-date symlink: /home/booster/Workspace/robocup_demo/install/vision_interface/local/lib/python3.10/dist-packages/vision_interface-1.0.0-py3.10.egg-info/PKG-INFO
[2.449s] -- Up-to-date symlink: /home/booster/Workspace/robocup_demo/install/vision_interface/local/lib/python3.10/dist-packages/vision_interface-1.0.0-py3.10.egg-info/SOURCES.txt
[2.449s] -- Up-to-date symlink: /home/booster/Workspace/robocup_demo/install/vision_interface/local/lib/python3.10/dist-packages/vision_interface-1.0.0-py3.10.egg-info/dependency_links.txt
[2.450s] -- Up-to-date symlink: /home/booster/Workspace/robocup_demo/install/vision_interface/local/lib/python3.10/dist-packages/vision_interface-1.0.0-py3.10.egg-info/top_level.txt
[2.451s] -- Up-to-date symlink: /home/booster/Workspace/robocup_demo/install/vision_interface/local/lib/python3.10/dist-packages/vision_interface/__init__.py
[2.451s] -- Up-to-date symlink: /home/booster/Workspace/robocup_demo/install/vision_interface/local/lib/python3.10/dist-packages/vision_interface/_vision_interface_s.ep.rosidl_typesupport_c.c
[2.459s] -- Up-to-date symlink: /home/booster/Workspace/robocup_demo/install/vision_interface/local/lib/python3.10/dist-packages/vision_interface/_vision_interface_s.ep.rosidl_typesupport_fastrtps_c.c
[2.460s] -- Up-to-date symlink: /home/booster/Workspace/robocup_demo/install/vision_interface/local/lib/python3.10/dist-packages/vision_interface/_vision_interface_s.ep.rosidl_typesupport_introspection_c.c
[2.460s] -- Up-to-date symlink: /home/booster/Workspace/robocup_demo/install/vision_interface/local/lib/python3.10/dist-packages/vision_interface/libvision_interface__rosidl_generator_py.so
[2.461s] -- Up-to-date symlink: /home/booster/Workspace/robocup_demo/install/vision_interface/local/lib/python3.10/dist-packages/vision_interface/msg/__init__.py
[2.462s] -- Up-to-date symlink: /home/booster/Workspace/robocup_demo/install/vision_interface/local/lib/python3.10/dist-packages/vision_interface/msg/_ball.py
[2.462s] -- Up-to-date symlink: /home/booster/Workspace/robocup_demo/install/vision_interface/local/lib/python3.10/dist-packages/vision_interface/msg/_ball_s.c
[2.462s] -- Up-to-date symlink: /home/booster/Workspace/robocup_demo/install/vision_interface/local/lib/python3.10/dist-packages/vision_interface/msg/_cal_param.py
[2.463s] -- Up-to-date symlink: /home/booster/Workspace/robocup_demo/install/vision_interface/local/lib/python3.10/dist-packages/vision_interface/msg/_cal_param_s.c
[2.463s] -- Up-to-date symlink: /home/booster/Workspace/robocup_demo/install/vision_interface/local/lib/python3.10/dist-packages/vision_interface/msg/_detected_object.py
[2.464s] -- Up-to-date symlink: /home/booster/Workspace/robocup_demo/install/vision_interface/local/lib/python3.10/dist-packages/vision_interface/msg/_detected_object_s.c
[2.464s] -- Up-to-date symlink: /home/booster/Workspace/robocup_demo/install/vision_interface/local/lib/python3.10/dist-packages/vision_interface/msg/_detections.py
[2.465s] -- Up-to-date symlink: /home/booster/Workspace/robocup_demo/install/vision_interface/local/lib/python3.10/dist-packages/vision_interface/msg/_detections_s.c
[2.466s] -- Up-to-date symlink: /home/booster/Workspace/robocup_demo/install/vision_interface/local/lib/python3.10/dist-packages/vision_interface/msg/_detections_track.py
[2.466s] -- Up-to-date symlink: /home/booster/Workspace/robocup_demo/install/vision_interface/local/lib/python3.10/dist-packages/vision_interface/msg/_detections_track_s.c
[2.468s] -- Up-to-date symlink: /home/booster/Workspace/robocup_demo/install/vision_interface/local/lib/python3.10/dist-packages/vision_interface/msg/_image_head_position.py
[2.469s] -- Up-to-date symlink: /home/booster/Workspace/robocup_demo/install/vision_interface/local/lib/python3.10/dist-packages/vision_interface/msg/_image_head_position_s.c
[2.470s] -- Up-to-date symlink: /home/booster/Workspace/robocup_demo/install/vision_interface/local/lib/python3.10/dist-packages/vision_interface/msg/_line_segments.py
[2.470s] -- Up-to-date symlink: /home/booster/Workspace/robocup_demo/install/vision_interface/local/lib/python3.10/dist-packages/vision_interface/msg/_line_segments_s.c
[2.471s] -- Up-to-date symlink: /home/booster/Workspace/robocup_demo/install/vision_interface/local/lib/python3.10/dist-packages/vision_interface/msg/_segmentation_line.py
[2.471s] -- Up-to-date symlink: /home/booster/Workspace/robocup_demo/install/vision_interface/local/lib/python3.10/dist-packages/vision_interface/msg/_segmentation_line_s.c
[2.472s] -- Up-to-date symlink: /home/booster/Workspace/robocup_demo/install/vision_interface/local/lib/python3.10/dist-packages/vision_interface/msg/_segmentation_point.py
[2.472s] -- Up-to-date symlink: /home/booster/Workspace/robocup_demo/install/vision_interface/local/lib/python3.10/dist-packages/vision_interface/msg/_segmentation_point_s.c
[2.472s] -- Up-to-date symlink: /home/booster/Workspace/robocup_demo/install/vision_interface/local/lib/python3.10/dist-packages/vision_interface/msg/_segmentation_result.py
[2.474s] -- Up-to-date symlink: /home/booster/Workspace/robocup_demo/install/vision_interface/local/lib/python3.10/dist-packages/vision_interface/msg/_segmentation_result_s.c
[2.494s] -- Up-to-date symlink: /home/booster/Workspace/robocup_demo/install/vision_interface/local/lib/python3.10/dist-packages/vision_interface/vision_interface_s__rosidl_typesupport_c.cpython-310-aarch64-linux-gnu.so
[2.503s] -- Up-to-date symlink: /home/booster/Workspace/robocup_demo/install/vision_interface/local/lib/python3.10/dist-packages/vision_interface/vision_interface_s__rosidl_typesupport_fastrtps_c.cpython-310-aarch64-linux-gnu.so
[2.506s] -- Up-to-date symlink: /home/booster/Workspace/robocup_demo/install/vision_interface/local/lib/python3.10/dist-packages/vision_interface/vision_interface_s__rosidl_typesupport_introspection_c.cpython-310-aarch64-linux-gnu.so
[2.509s] -- Up-to-date symlink: /home/booster/Workspace/robocup_demo/install/vision_interface/local/lib/python3.10/dist-packages/vision_interface/vision_interface_s__rosidl_typesupport_fastrtps_c.cpython-310-aarch64-linux-gnu.so
[2.516s] -- Up-to-date symlink: /home/booster/Workspace/robocup_demo/install/vision_interface/local/lib/python3.10/dist-packages/vision_interface/vision_interface_s__rosidl_typesupport_introspection_c.cpython-310-aarch64-linux-gnu.so
[2.518s] -- Up-to-date symlink: /home/booster/Workspace/robocup_demo/install/vision_interface/local/lib/python3.10/dist-packages/vision_interface/vision_interface_s__rosidl_typesupport_c.cpython-310-aarch64-linux-gnu.so
[2.519s] -- Up-to-date symlink: /home/booster/Workspace/robocup_demo/install/vision_interface/share/vision_interface/msg/DetectedObject.idl
[2.521s] -- Up-to-date symlink: /home/booster/Workspace/robocup_demo/install/vision_interface/share/vision_interface/msg/Detections.idl
[2.524s] -- Up-to-date symlink: /home/booster/Workspace/robocup_demo/install/vision_interface/share/vision_interface/msg/LineSegments.idl
[2.524s] -- Up-to-date symlink: /home/booster/Workspace/robocup_demo/install/vision_interface/share/vision_interface/msg/CalParam.idl
[2.525s] -- Up-to-date symlink: /home/booster/Workspace/robocup_demo/install/vision_interface/share/vision_interface/msg/DetectionsTrack.idl
[2.525s] -- Up-to-date symlink: /home/booster/Workspace/robocup_demo/install/vision_interface/share/vision_interface/msg/SegmentationPoint.idl
[2.527s] -- Up-to-date symlink: /home/booster/Workspace/robocup_demo/install/vision_interface/share/vision_interface/msg/SegmentationLine.idl
[2.528s] -- Up-to-date symlink: /home/booster/Workspace/robocup_demo/install/vision_interface/share/vision_interface/msg/SegmentationResult.idl
[2.530s] -- Up-to-date symlink: /home/booster/Workspace/robocup_demo/install/vision_interface/share/vision_interface/msg/ImageHeadPosition.idl
[2.530s] -- Up-to-date symlink: /home/booster/Workspace/robocup_demo/install/vision_interface/share/vision_interface/msg/Ball.idl
[2.531s] -- Up-to-date symlink: /home/booster/Workspace/robocup_demo/install/vision_interface/share/vision_interface/msg/DetectedObject.msg
[2.532s] -- Up-to-date symlink: /home/booster/Workspace/robocup_demo/install/vision_interface/share/vision_interface/msg/Detections.msg
[2.532s] -- Up-to-date symlink: /home/booster/Workspace/robocup_demo/install/vision_interface/share/vision_interface/msg/LineSegments.msg
[2.533s] -- Up-to-date symlink: /home/booster/Workspace/robocup_demo/install/vision_interface/share/vision_interface/msg/CalParam.msg
[2.534s] -- Up-to-date symlink: /home/booster/Workspace/robocup_demo/install/vision_interface/share/vision_interface/msg/DetectionsTrack.msg
[2.534s] -- Up-to-date symlink: /home/booster/Workspace/robocup_demo/install/vision_interface/share/vision_interface/msg/SegmentationPoint.msg
[2.535s] -- Up-to-date symlink: /home/booster/Workspace/robocup_demo/install/vision_interface/share/vision_interface/msg/SegmentationLine.msg
[2.535s] -- Up-to-date symlink: /home/booster/Workspace/robocup_demo/install/vision_interface/share/vision_interface/msg/SegmentationResult.msg
[2.537s] -- Up-to-date symlink: /home/booster/Workspace/robocup_demo/install/vision_interface/share/vision_interface/msg/ImageHeadPosition.msg
[2.538s] -- Up-to-date symlink: /home/booster/Workspace/robocup_demo/install/vision_interface/share/vision_interface/msg/Ball.msg
[2.546s] -- Up-to-date symlink: /home/booster/Workspace/robocup_demo/install/vision_interface/share/ament_index/resource_index/package_run_dependencies/vision_interface
[2.550s] -- Up-to-date symlink: /home/booster/Workspace/robocup_demo/install/vision_interface/share/ament_index/resource_index/parent_prefix_path/vision_interface
[2.551s] -- Up-to-date symlink: /home/booster/Workspace/robocup_demo/install/vision_interface/share/vision_interface/environment/ament_prefix_path.sh
[2.553s] -- Up-to-date symlink: /home/booster/Workspace/robocup_demo/install/vision_interface/share/vision_interface/environment/ament_prefix_path.dsv
[2.554s] -- Up-to-date symlink: /home/booster/Workspace/robocup_demo/install/vision_interface/share/vision_interface/environment/path.sh
[2.555s] -- Up-to-date symlink: /home/booster/Workspace/robocup_demo/install/vision_interface/share/vision_interface/environment/path.dsv
[2.556s] -- Up-to-date symlink: /home/booster/Workspace/robocup_demo/install/vision_interface/share/vision_interface/local_setup.bash
[2.556s] -- Up-to-date symlink: /home/booster/Workspace/robocup_demo/install/vision_interface/share/vision_interface/local_setup.sh
[2.556s] -- Up-to-date symlink: /home/booster/Workspace/robocup_demo/install/vision_interface/share/vision_interface/local_setup.zsh
[2.557s] -- Up-to-date symlink: /home/booster/Workspace/robocup_demo/install/vision_interface/share/vision_interface/local_setup.dsv
[2.557s] -- Symlinking: /home/booster/Workspace/robocup_demo/install/vision_interface/share/vision_interface/package.dsv
[2.584s] -- Up-to-date symlink: /home/booster/Workspace/robocup_demo/install/vision_interface/share/ament_index/resource_index/packages/vision_interface
[2.584s] -- Up-to-date symlink: /home/booster/Workspace/robocup_demo/install/vision_interface/share/vision_interface/cmake/rosidl_cmake-extras.cmake
[2.585s] -- Up-to-date symlink: /home/booster/Workspace/robocup_demo/install/vision_interface/share/vision_interface/cmake/ament_cmake_export_dependencies-extras.cmake
[2.585s] -- Up-to-date symlink: /home/booster/Workspace/robocup_demo/install/vision_interface/share/vision_interface/cmake/ament_cmake_export_include_directories-extras.cmake
[2.585s] -- Up-to-date symlink: /home/booster/Workspace/robocup_demo/install/vision_interface/share/vision_interface/cmake/ament_cmake_export_libraries-extras.cmake
[2.585s] -- Up-to-date symlink: /home/booster/Workspace/robocup_demo/install/vision_interface/share/vision_interface/cmake/ament_cmake_export_targets-extras.cmake
[2.585s] -- Up-to-date symlink: /home/booster/Workspace/robocup_demo/install/vision_interface/share/vision_interface/cmake/rosidl_cmake_export_typesupport_targets-extras.cmake
[2.586s] -- Up-to-date symlink: /home/booster/Workspace/robocup_demo/install/vision_interface/share/vision_interface/cmake/rosidl_cmake_export_typesupport_libraries-extras.cmake
[2.586s] -- Up-to-date symlink: /home/booster/Workspace/robocup_demo/install/vision_interface/share/vision_interface/cmake/vision_interfaceConfig.cmake
[2.586s] -- Up-to-date symlink: /home/booster/Workspace/robocup_demo/install/vision_interface/share/vision_interface/cmake/vision_interfaceConfig-version.cmake
[2.587s] -- Up-to-date symlink: /home/booster/Workspace/robocup_demo/install/vision_interface/share/vision_interface/package.xml
[2.587s] -- Up-to-date: /home/booster/Workspace/robocup_demo/install/vision_interface/lib/libvision_interface__rosidl_generator_c.so
[2.587s] -- Up-to-date: /home/booster/Workspace/robocup_demo/install/vision_interface/lib/libvision_interface__rosidl_typesupport_fastrtps_c.so
[2.587s] -- Up-to-date: /home/booster/Workspace/robocup_demo/install/vision_interface/lib/libvision_interface__rosidl_typesupport_fastrtps_cpp.so
[2.588s] -- Up-to-date: /home/booster/Workspace/robocup_demo/install/vision_interface/lib/libvision_interface__rosidl_typesupport_introspection_c.so
[2.588s] -- Up-to-date: /home/booster/Workspace/robocup_demo/install/vision_interface/lib/libvision_interface__rosidl_typesupport_c.so
[2.589s] -- Up-to-date: /home/booster/Workspace/robocup_demo/install/vision_interface/lib/libvision_interface__rosidl_typesupport_introspection_cpp.so
[2.589s] -- Up-to-date: /home/booster/Workspace/robocup_demo/install/vision_interface/lib/libvision_interface__rosidl_typesupport_cpp.so
[2.690s] Listing '/home/booster/Workspace/robocup_demo/install/vision_interface/local/lib/python3.10/dist-packages/vision_interface'...
[2.690s] Listing '/home/booster/Workspace/robocup_demo/install/vision_interface/local/lib/python3.10/dist-packages/vision_interface/msg'...
[2.717s] -- Up-to-date: /home/booster/Workspace/robocup_demo/install/vision_interface/lib/libvision_interface__rosidl_generator_py.so
[2.717s] -- Up-to-date: /home/booster/Workspace/robocup_demo/install/vision_interface/share/vision_interface/cmake/export_vision_interface__rosidl_generator_cExport.cmake
[2.718s] -- Up-to-date: /home/booster/Workspace/robocup_demo/install/vision_interface/share/vision_interface/cmake/export_vision_interface__rosidl_generator_cExport-noconfig.cmake
[2.719s] -- Up-to-date: /home/booster/Workspace/robocup_demo/install/vision_interface/share/vision_interface/cmake/export_vision_interface__rosidl_typesupport_fastrtps_cExport.cmake
[2.719s] -- Up-to-date: /home/booster/Workspace/robocup_demo/install/vision_interface/share/vision_interface/cmake/export_vision_interface__rosidl_typesupport_fastrtps_cExport-noconfig.cmake
[2.720s] -- Up-to-date: /home/booster/Workspace/robocup_demo/install/vision_interface/share/vision_interface/cmake/export_vision_interface__rosidl_generator_cppExport.cmake
[2.720s] -- Up-to-date: /home/booster/Workspace/robocup_demo/install/vision_interface/share/vision_interface/cmake/export_vision_interface__rosidl_typesupport_fastrtps_cppExport.cmake
[2.721s] -- Up-to-date: /home/booster/Workspace/robocup_demo/install/vision_interface/share/vision_interface/cmake/export_vision_interface__rosidl_typesupport_fastrtps_cppExport-noconfig.cmake
[2.721s] -- Up-to-date: /home/booster/Workspace/robocup_demo/install/vision_interface/share/vision_interface/cmake/vision_interface__rosidl_typesupport_introspection_cExport.cmake
[2.721s] -- Up-to-date: /home/booster/Workspace/robocup_demo/install/vision_interface/share/vision_interface/cmake/vision_interface__rosidl_typesupport_introspection_cExport-noconfig.cmake
[2.721s] -- Up-to-date: /home/booster/Workspace/robocup_demo/install/vision_interface/share/vision_interface/cmake/vision_interface__rosidl_typesupport_cExport.cmake
[2.721s] -- Up-to-date: /home/booster/Workspace/robocup_demo/install/vision_interface/share/vision_interface/cmake/vision_interface__rosidl_typesupport_cExport-noconfig.cmake
[2.722s] -- Up-to-date: /home/booster/Workspace/robocup_demo/install/vision_interface/share/vision_interface/cmake/vision_interface__rosidl_typesupport_introspection_cppExport.cmake
[2.722s] -- Up-to-date: /home/booster/Workspace/robocup_demo/install/vision_interface/share/vision_interface/cmake/vision_interface__rosidl_typesupport_introspection_cppExport-noconfig.cmake
[2.722s] -- Up-to-date: /home/booster/Workspace/robocup_demo/install/vision_interface/share/vision_interface/cmake/vision_interface__rosidl_typesupport_cppExport.cmake
[2.724s] -- Up-to-date: /home/booster/Workspace/robocup_demo/install/vision_interface/share/vision_interface/cmake/vision_interface__rosidl_typesupport_cppExport-noconfig.cmake
[2.725s] -- Up-to-date: /home/booster/Workspace/robocup_demo/install/vision_interface/share/vision_interface/cmake/export_vision_interface__rosidl_generator_pyExport.cmake
[2.725s] -- Up-to-date: /home/booster/Workspace/robocup_demo/install/vision_interface/share/vision_interface/cmake/export_vision_interface__rosidl_generator_pyExport-noconfig.cmake
[2.735s] Invoked command in '/home/booster/Workspace/robocup_demo/build/vision_interface' returned '0': CMAKE_PREFIX_PATH=/opt/ros/humble /usr/bin/cmake --install /home/booster/Workspace/robocup_demo/build/vision_interface
