[0.060s] Invoking command in '/home/booster/Workspace/robocup_demo/build/brain': AMENT_PREFIX_PATH=/home/booster/Workspace/robocup_demo/install/vision_interface:/home/booster/Workspace/robocup_demo/install/game_controller_interface:/home/booster/Workspace/robocup_demo/install/booster_msgs:/home/booster/Workspace/robocup_demo/install/booster_interface:${AMENT_PREFIX_PATH} CMAKE_PREFIX_PATH=/home/booster/Workspace/robocup_demo/install/vision_interface:/home/booster/Workspace/robocup_demo/install/game_controller_interface:/home/booster/Workspace/robocup_demo/install/booster_msgs:/home/booster/Workspace/robocup_demo/install/booster_interface:/opt/ros/humble LD_LIBRARY_PATH=/home/booster/Workspace/robocup_demo/install/vision_interface/lib:/home/booster/Workspace/robocup_demo/install/game_controller_interface/lib:/home/booster/Workspace/robocup_demo/install/booster_msgs/lib:/home/booster/Workspace/robocup_demo/install/booster_interface/lib:/opt/ros/humble/opt/rviz_ogre_vendor/lib:/opt/ros/humble/lib/aarch64-linux-gnu:/opt/ros/humble/lib:/usr/local/cuda/lib64 PYTHONPATH=/home/booster/Workspace/robocup_demo/install/vision_interface/local/lib/python3.10/dist-packages:/home/booster/Workspace/robocup_demo/install/game_controller_interface/local/lib/python3.10/dist-packages:/home/booster/Workspace/robocup_demo/install/booster_msgs/local/lib/python3.10/dist-packages:/home/booster/Workspace/robocup_demo/install/booster_interface/local/lib/python3.10/dist-packages:${PYTHONPATH} /usr/bin/cmake /home/booster/Workspace/robocup_demo/src/brain -DAMENT_CMAKE_SYMLINK_INSTALL=1 -DCMAKE_INSTALL_PREFIX=/home/booster/Workspace/robocup_demo/install/brain
[0.266s] -- The C compiler identification is GNU 11.4.0
[0.434s] -- The CXX compiler identification is GNU 11.4.0
[0.452s] -- Detecting C compiler ABI info
[0.629s] -- Detecting C compiler ABI info - done
[0.644s] -- Check for working C compiler: /usr/bin/cc - skipped
[0.644s] -- Detecting C compile features
[0.644s] -- Detecting C compile features - done
[0.651s] -- Detecting CXX compiler ABI info
[0.828s] -- Detecting CXX compiler ABI info - done
[0.839s] -- Check for working CXX compiler: /usr/bin/c++ - skipped
[0.839s] -- Detecting CXX compile features
[0.840s] -- Detecting CXX compile features - done
[0.846s] -- Found ament_cmake: 1.3.11 (/opt/ros/humble/share/ament_cmake/cmake)
[1.218s] -- Found Python3: /usr/bin/python3 (found version "3.10.12") found components: Interpreter 
[1.381s] -- Override CMake install command with custom implementation using symlinks instead of copying resources
[1.442s] -- Found rclcpp: 16.0.12 (/opt/ros/humble/share/rclcpp/cmake)
[1.565s] -- Found rosidl_generator_c: 3.1.6 (/opt/ros/humble/share/rosidl_generator_c/cmake)
[1.576s] -- Found rosidl_adapter: 3.1.6 (/opt/ros/humble/share/rosidl_adapter/cmake)
[1.601s] -- Found rosidl_generator_cpp: 3.1.6 (/opt/ros/humble/share/rosidl_generator_cpp/cmake)
[1.635s] -- Using all available rosidl_typesupport_c: rosidl_typesupport_fastrtps_c;rosidl_typesupport_introspection_c
[1.679s] -- Using all available rosidl_typesupport_cpp: rosidl_typesupport_fastrtps_cpp;rosidl_typesupport_introspection_cpp
[1.796s] -- Found rmw_implementation_cmake: 6.1.2 (/opt/ros/humble/share/rmw_implementation_cmake/cmake)
[1.803s] -- Found rmw_fastrtps_cpp: 6.2.7 (/opt/ros/humble/share/rmw_fastrtps_cpp/cmake)
[2.154s] -- Found OpenSSL: /usr/lib/aarch64-linux-gnu/libcrypto.so (found version "3.0.2")  
[2.254s] -- Found FastRTPS: /opt/ros/humble/include  
[2.406s] -- Using RMW implementation 'rmw_fastrtps_cpp' as default
[2.454s] -- Looking for pthread.h
[2.751s] -- Looking for pthread.h - found
[2.754s] -- Performing Test CMAKE_HAVE_LIBC_PTHREAD
[3.006s] -- Performing Test CMAKE_HAVE_LIBC_PTHREAD - Success
[3.008s] -- Found Threads: TRUE  
[3.128s] -- Found sensor_msgs: 4.8.0 (/opt/ros/humble/share/sensor_msgs/cmake)
[3.204s] -- Found nav_msgs: 4.8.0 (/opt/ros/humble/share/nav_msgs/cmake)
[3.269s] -- Found diagnostic_msgs: 4.8.0 (/opt/ros/humble/share/diagnostic_msgs/cmake)
[3.303s] -- Found behaviortree_cpp: 4.8.3 (/opt/ros/humble/share/behaviortree_cpp/cmake)
[3.316s] -- Found visualization_msgs: 4.8.0 (/opt/ros/humble/share/visualization_msgs/cmake)
[3.376s] -- Found booster_interface: 0.0.0 (/home/booster/Workspace/robocup_demo/install/booster_interface/share/booster_interface/cmake)
[3.404s] -- Found game_controller_interface: 1.0.0 (/home/booster/Workspace/robocup_demo/install/game_controller_interface/share/game_controller_interface/cmake)
[3.423s] -- Found vision_interface: 1.0.0 (/home/booster/Workspace/robocup_demo/install/vision_interface/share/vision_interface/cmake)
[3.464s] -- Found booster_msgs: 0.0.0 (/home/booster/Workspace/robocup_demo/install/booster_msgs/share/booster_msgs/cmake)
[3.484s] -- Found rosidl_default_generators: 1.2.0 (/opt/ros/humble/share/rosidl_default_generators/cmake)
[3.511s] -- Found OpenCV: /usr (found version "4.8.0") 
[3.523s] -- Found tf2: 0.25.13 (/opt/ros/humble/share/tf2/cmake)
[3.550s] -- Found tf2_ros: 0.25.13 (/opt/ros/humble/share/tf2_ros/cmake)
[3.799s] -- Found tf2_geometry_msgs: 0.25.13 (/opt/ros/humble/share/tf2_geometry_msgs/cmake)
[3.829s] -- Found eigen3_cmake_module: 0.1.1 (/opt/ros/humble/share/eigen3_cmake_module/cmake)
[3.834s] -- Found Eigen3: TRUE (found version "3.4.0") 
[3.837s] -- Ensuring Eigen3 include directory is part of orocos-kdl CMake target
[4.829s] -- Found ament_cmake_ros: 0.10.0 (/opt/ros/humble/share/ament_cmake_ros/cmake)
[5.934s] -- Using all available rosidl_typesupport_c: rosidl_typesupport_fastrtps_c;rosidl_typesupport_introspection_c
[6.474s] -- Using all available rosidl_typesupport_cpp: rosidl_typesupport_fastrtps_cpp;rosidl_typesupport_introspection_cpp
[6.566s] -- Found PythonInterp: /usr/bin/python3 (found suitable version "3.10.12", minimum required is "3.6") 
[6.569s] -- Found python_cmake_module: 0.10.0 (/opt/ros/humble/share/python_cmake_module/cmake)
[6.661s] -- Found PythonLibs: /usr/lib/aarch64-linux-gnu/libpython3.10.so (found suitable version "3.10.12", minimum required is "3.5") 
[6.662s] -- Using PYTHON_EXECUTABLE: /usr/bin/python3
[6.662s] -- Using PYTHON_INCLUDE_DIRS: /usr/include/python3.10
[6.663s] -- Using PYTHON_LIBRARIES: /usr/lib/aarch64-linux-gnu/libpython3.10.so
[6.726s] -- Found PythonExtra: .so  
[7.082s] -- Using numpy include directory: /home/booster/.local/lib/python3.10/site-packages/numpy/core/include
[7.115s] -- Found ament_lint_auto: 0.12.12 (/opt/ros/humble/share/ament_lint_auto/cmake)
[7.161s] -- Added test 'cppcheck' to perform static code analysis on C / C++ code
[7.170s] -- Configured cppcheck include dirs: $<BUILD_INTERFACE:/home/booster/Workspace/robocup_demo/src/brain/include>
[7.170s] -- Configured cppcheck exclude dirs and/or files: 
[7.172s] -- Added test 'flake8' to check Python code syntax and style conventions
[7.174s] -- Added test 'lint_cmake' to check CMake code style
[7.175s] -- Added test 'pep257' to check Python code against some of the docstring style conventions in PEP 257
[7.178s] -- Added test 'uncrustify' to check C / C++ code style
[7.179s] -- Configured uncrustify additional arguments: 
[7.180s] -- Added test 'xmllint' to check XML markup files
[7.191s] -- Configuring done
[7.303s] -- Generating done
[7.335s] -- Build files have been written to: /home/booster/Workspace/robocup_demo/build/brain
[7.388s] Invoked command in '/home/booster/Workspace/robocup_demo/build/brain' returned '0': AMENT_PREFIX_PATH=/home/booster/Workspace/robocup_demo/install/vision_interface:/home/booster/Workspace/robocup_demo/install/game_controller_interface:/home/booster/Workspace/robocup_demo/install/booster_msgs:/home/booster/Workspace/robocup_demo/install/booster_interface:${AMENT_PREFIX_PATH} CMAKE_PREFIX_PATH=/home/booster/Workspace/robocup_demo/install/vision_interface:/home/booster/Workspace/robocup_demo/install/game_controller_interface:/home/booster/Workspace/robocup_demo/install/booster_msgs:/home/booster/Workspace/robocup_demo/install/booster_interface:/opt/ros/humble LD_LIBRARY_PATH=/home/booster/Workspace/robocup_demo/install/vision_interface/lib:/home/booster/Workspace/robocup_demo/install/game_controller_interface/lib:/home/booster/Workspace/robocup_demo/install/booster_msgs/lib:/home/booster/Workspace/robocup_demo/install/booster_interface/lib:/opt/ros/humble/opt/rviz_ogre_vendor/lib:/opt/ros/humble/lib/aarch64-linux-gnu:/opt/ros/humble/lib:/usr/local/cuda/lib64 PYTHONPATH=/home/booster/Workspace/robocup_demo/install/vision_interface/local/lib/python3.10/dist-packages:/home/booster/Workspace/robocup_demo/install/game_controller_interface/local/lib/python3.10/dist-packages:/home/booster/Workspace/robocup_demo/install/booster_msgs/local/lib/python3.10/dist-packages:/home/booster/Workspace/robocup_demo/install/booster_interface/local/lib/python3.10/dist-packages:${PYTHONPATH} /usr/bin/cmake /home/booster/Workspace/robocup_demo/src/brain -DAMENT_CMAKE_SYMLINK_INSTALL=1 -DCMAKE_INSTALL_PREFIX=/home/booster/Workspace/robocup_demo/install/brain
[7.389s] Invoking command in '/home/booster/Workspace/robocup_demo/build/brain': AMENT_PREFIX_PATH=/home/booster/Workspace/robocup_demo/install/vision_interface:/home/booster/Workspace/robocup_demo/install/game_controller_interface:/home/booster/Workspace/robocup_demo/install/booster_msgs:/home/booster/Workspace/robocup_demo/install/booster_interface:${AMENT_PREFIX_PATH} CMAKE_PREFIX_PATH=/home/booster/Workspace/robocup_demo/install/vision_interface:/home/booster/Workspace/robocup_demo/install/game_controller_interface:/home/booster/Workspace/robocup_demo/install/booster_msgs:/home/booster/Workspace/robocup_demo/install/booster_interface:/opt/ros/humble LD_LIBRARY_PATH=/home/booster/Workspace/robocup_demo/install/vision_interface/lib:/home/booster/Workspace/robocup_demo/install/game_controller_interface/lib:/home/booster/Workspace/robocup_demo/install/booster_msgs/lib:/home/booster/Workspace/robocup_demo/install/booster_interface/lib:/opt/ros/humble/opt/rviz_ogre_vendor/lib:/opt/ros/humble/lib/aarch64-linux-gnu:/opt/ros/humble/lib:/usr/local/cuda/lib64 PYTHONPATH=/home/booster/Workspace/robocup_demo/install/vision_interface/local/lib/python3.10/dist-packages:/home/booster/Workspace/robocup_demo/install/game_controller_interface/local/lib/python3.10/dist-packages:/home/booster/Workspace/robocup_demo/install/booster_msgs/local/lib/python3.10/dist-packages:/home/booster/Workspace/robocup_demo/install/booster_interface/local/lib/python3.10/dist-packages:${PYTHONPATH} /usr/bin/cmake --build /home/booster/Workspace/robocup_demo/build/brain -- -j5 -l5
[7.518s] [  2%] [34m[1mGenerating C++ code for ROS interfaces[0m
[8.254s] [  2%] Built target brain__cpp
[8.363s] [  2%] Built target ament_cmake_python_symlink_brain
[8.398s] [  4%] [34m[1mGenerating C++ introspection for ROS interfaces[0m
[9.329s] [  7%] [32mBuilding CXX object CMakeFiles/brain__rosidl_typesupport_introspection_cpp.dir/rosidl_typesupport_introspection_cpp/brain/msg/detail/kick__type_support.cpp.o[0m
[10.257s] [  9%] [32m[1mLinking CXX shared library libbrain__rosidl_typesupport_introspection_cpp.so[0m
[10.424s] [  9%] Built target brain__rosidl_typesupport_introspection_cpp
[10.927s] running egg_info
[10.928s] creating brain.egg-info
[10.928s] writing brain.egg-info/PKG-INFO
[10.929s] writing dependency_links to brain.egg-info/dependency_links.txt
[10.929s] writing top-level names to brain.egg-info/top_level.txt
[10.929s] writing manifest file 'brain.egg-info/SOURCES.txt'
[10.934s] reading manifest file 'brain.egg-info/SOURCES.txt'
[10.934s] writing manifest file 'brain.egg-info/SOURCES.txt'
[11.017s] [  9%] Built target ament_cmake_python_build_brain_egg
[11.036s] [ 11%] [34m[1mGenerating C++ type support for eProsima Fast-RTPS[0m
[11.914s] [ 14%] [32mBuilding CXX object CMakeFiles/brain__rosidl_typesupport_fastrtps_cpp.dir/rosidl_typesupport_fastrtps_cpp/brain/msg/detail/dds_fastrtps/kick__type_support.cpp.o[0m
[12.853s] [ 16%] [32m[1mLinking CXX shared library libbrain__rosidl_typesupport_fastrtps_cpp.so[0m
[13.110s] [ 16%] Built target brain__rosidl_typesupport_fastrtps_cpp
[13.142s] [ 19%] [34m[1mGenerating C++ type support dispatch for ROS interfaces[0m
[13.758s] [ 21%] [32mBuilding CXX object CMakeFiles/brain__rosidl_typesupport_cpp.dir/rosidl_typesupport_cpp/brain/msg/kick__type_support.cpp.o[0m
[14.691s] [ 23%] [32m[1mLinking CXX shared library libbrain__rosidl_typesupport_cpp.so[0m
[14.800s] [ 23%] Built target brain__rosidl_typesupport_cpp
[14.860s] [ 26%] [34m[1mGenerating C code for ROS interfaces[0m
[15.877s] [ 28%] [32mBuilding C object CMakeFiles/brain__rosidl_generator_c.dir/rosidl_generator_c/brain/msg/detail/kick__functions.c.o[0m
[16.046s] [ 30%] [32m[1mLinking C shared library libbrain__rosidl_generator_c.so[0m
[16.169s] [ 30%] Built target brain__rosidl_generator_c
[16.213s] [ 33%] [32mBuilding CXX object CMakeFiles/brain_node.dir/src/brain.cpp.o[0m
[153.448s] [ 35%] [32mBuilding CXX object CMakeFiles/brain_node.dir/src/brain_communication.cpp.o[0m
[183.639s] [ 38%] [32mBuilding CXX object CMakeFiles/brain_node.dir/src/brain_config.cpp.o[0m
[197.579s] [ 40%] [32mBuilding CXX object CMakeFiles/brain_node.dir/src/brain_data.cpp.o[0m
[212.056s] [ 42%] [32mBuilding CXX object CMakeFiles/brain_node.dir/src/brain_log.cpp.o[0m
[249.245s] [ 45%] [32mBuilding CXX object CMakeFiles/brain_node.dir/src/brain_tree.cpp.o[0m
[283.940s] [ 47%] [32mBuilding CXX object CMakeFiles/brain_node.dir/src/locator.cpp.o[0m
[323.819s] [ 50%] [32mBuilding CXX object CMakeFiles/brain_node.dir/src/main.cpp.o[0m
[381.156s] [ 52%] [32mBuilding CXX object CMakeFiles/brain_node.dir/src/robot_client.cpp.o[0m
[415.199s] [ 54%] [32mBuilding CXX object CMakeFiles/brain_node.dir/src/visualization_publisher.cpp.o[0m
[431.658s] [ 57%] [32m[1mLinking CXX executable brain_node[0m
[443.497s] [ 57%] Built target brain_node
[443.526s] [ 59%] [34m[1mGenerating C type support dispatch for ROS interfaces[0m
[444.145s] [ 61%] [32mBuilding CXX object CMakeFiles/brain__rosidl_typesupport_c.dir/rosidl_typesupport_c/brain/msg/kick__type_support.cpp.o[0m
[444.234s] [ 64%] [32m[1mLinking CXX shared library libbrain__rosidl_typesupport_c.so[0m
[444.322s] [ 64%] Built target brain__rosidl_typesupport_c
[444.353s] [ 66%] [34m[1mGenerating C introspection for ROS interfaces[0m
[445.114s] [ 69%] [32mBuilding C object CMakeFiles/brain__rosidl_typesupport_introspection_c.dir/rosidl_typesupport_introspection_c/brain/msg/detail/kick__type_support.c.o[0m
[445.206s] [ 71%] [32m[1mLinking C shared library libbrain__rosidl_typesupport_introspection_c.so[0m
[445.301s] [ 71%] Built target brain__rosidl_typesupport_introspection_c
[445.329s] [ 73%] [34m[1mGenerating C type support for eProsima Fast-RTPS[0m
[445.994s] [ 76%] [32mBuilding CXX object CMakeFiles/brain__rosidl_typesupport_fastrtps_c.dir/rosidl_typesupport_fastrtps_c/brain/msg/detail/kick__type_support_c.cpp.o[0m
[446.852s] [ 78%] [32m[1mLinking CXX shared library libbrain__rosidl_typesupport_fastrtps_c.so[0m
[447.070s] [ 78%] Built target brain__rosidl_typesupport_fastrtps_c
[447.124s] [ 78%] Built target brain
[447.172s] [ 80%] [34m[1mGenerating Python code for ROS interfaces[0m
[448.105s] [ 80%] Built target brain__py
[448.164s] [ 83%] [32mBuilding C object CMakeFiles/brain__rosidl_generator_py.dir/rosidl_generator_py/brain/msg/_kick_s.c.o[0m
[448.469s] [ 85%] [32m[1mLinking C shared library rosidl_generator_py/brain/libbrain__rosidl_generator_py.so[0m
[448.571s] [ 85%] Built target brain__rosidl_generator_py
[448.622s] [ 88%] [32mBuilding C object CMakeFiles/brain__rosidl_typesupport_fastrtps_c__pyext.dir/rosidl_generator_py/brain/_brain_s.ep.rosidl_typesupport_fastrtps_c.c.o[0m
[448.846s] [ 90%] [32m[1mLinking C shared library rosidl_generator_py/brain/brain_s__rosidl_typesupport_fastrtps_c.cpython-310-aarch64-linux-gnu.so[0m
[448.951s] [ 90%] Built target brain__rosidl_typesupport_fastrtps_c__pyext
[449.001s] [ 92%] [32mBuilding C object CMakeFiles/brain__rosidl_typesupport_c__pyext.dir/rosidl_generator_py/brain/_brain_s.ep.rosidl_typesupport_c.c.o[0m
[449.241s] [ 95%] [32m[1mLinking C shared library rosidl_generator_py/brain/brain_s__rosidl_typesupport_c.cpython-310-aarch64-linux-gnu.so[0m
[449.337s] [ 95%] Built target brain__rosidl_typesupport_c__pyext
[449.389s] [ 97%] [32mBuilding C object CMakeFiles/brain__rosidl_typesupport_introspection_c__pyext.dir/rosidl_generator_py/brain/_brain_s.ep.rosidl_typesupport_introspection_c.c.o[0m
[449.629s] [100%] [32m[1mLinking C shared library rosidl_generator_py/brain/brain_s__rosidl_typesupport_introspection_c.cpython-310-aarch64-linux-gnu.so[0m
[449.737s] [100%] Built target brain__rosidl_typesupport_introspection_c__pyext
[449.769s] Invoked command in '/home/booster/Workspace/robocup_demo/build/brain' returned '0': AMENT_PREFIX_PATH=/home/booster/Workspace/robocup_demo/install/vision_interface:/home/booster/Workspace/robocup_demo/install/game_controller_interface:/home/booster/Workspace/robocup_demo/install/booster_msgs:/home/booster/Workspace/robocup_demo/install/booster_interface:${AMENT_PREFIX_PATH} CMAKE_PREFIX_PATH=/home/booster/Workspace/robocup_demo/install/vision_interface:/home/booster/Workspace/robocup_demo/install/game_controller_interface:/home/booster/Workspace/robocup_demo/install/booster_msgs:/home/booster/Workspace/robocup_demo/install/booster_interface:/opt/ros/humble LD_LIBRARY_PATH=/home/booster/Workspace/robocup_demo/install/vision_interface/lib:/home/booster/Workspace/robocup_demo/install/game_controller_interface/lib:/home/booster/Workspace/robocup_demo/install/booster_msgs/lib:/home/booster/Workspace/robocup_demo/install/booster_interface/lib:/opt/ros/humble/opt/rviz_ogre_vendor/lib:/opt/ros/humble/lib/aarch64-linux-gnu:/opt/ros/humble/lib:/usr/local/cuda/lib64 PYTHONPATH=/home/booster/Workspace/robocup_demo/install/vision_interface/local/lib/python3.10/dist-packages:/home/booster/Workspace/robocup_demo/install/game_controller_interface/local/lib/python3.10/dist-packages:/home/booster/Workspace/robocup_demo/install/booster_msgs/local/lib/python3.10/dist-packages:/home/booster/Workspace/robocup_demo/install/booster_interface/local/lib/python3.10/dist-packages:${PYTHONPATH} /usr/bin/cmake --build /home/booster/Workspace/robocup_demo/build/brain -- -j5 -l5
[449.773s] Invoking command in '/home/booster/Workspace/robocup_demo/build/brain': AMENT_PREFIX_PATH=/home/booster/Workspace/robocup_demo/install/vision_interface:/home/booster/Workspace/robocup_demo/install/game_controller_interface:/home/booster/Workspace/robocup_demo/install/booster_msgs:/home/booster/Workspace/robocup_demo/install/booster_interface:${AMENT_PREFIX_PATH} CMAKE_PREFIX_PATH=/home/booster/Workspace/robocup_demo/install/vision_interface:/home/booster/Workspace/robocup_demo/install/game_controller_interface:/home/booster/Workspace/robocup_demo/install/booster_msgs:/home/booster/Workspace/robocup_demo/install/booster_interface:/opt/ros/humble LD_LIBRARY_PATH=/home/booster/Workspace/robocup_demo/install/vision_interface/lib:/home/booster/Workspace/robocup_demo/install/game_controller_interface/lib:/home/booster/Workspace/robocup_demo/install/booster_msgs/lib:/home/booster/Workspace/robocup_demo/install/booster_interface/lib:/opt/ros/humble/opt/rviz_ogre_vendor/lib:/opt/ros/humble/lib/aarch64-linux-gnu:/opt/ros/humble/lib:/usr/local/cuda/lib64 PYTHONPATH=/home/booster/Workspace/robocup_demo/install/vision_interface/local/lib/python3.10/dist-packages:/home/booster/Workspace/robocup_demo/install/game_controller_interface/local/lib/python3.10/dist-packages:/home/booster/Workspace/robocup_demo/install/booster_msgs/local/lib/python3.10/dist-packages:/home/booster/Workspace/robocup_demo/install/booster_interface/local/lib/python3.10/dist-packages:${PYTHONPATH} /usr/bin/cmake --install /home/booster/Workspace/robocup_demo/build/brain
[449.796s] -- Install configuration: ""
[449.797s] -- Execute custom install script
[449.798s] -- Symlinking: /home/booster/Workspace/robocup_demo/install/brain/share/ament_index/resource_index/rosidl_interfaces/brain
[449.822s] -- Symlinking: /home/booster/Workspace/robocup_demo/install/brain/include/brain/brain/msg/detail/kick__functions.h
[449.847s] -- Symlinking: /home/booster/Workspace/robocup_demo/install/brain/include/brain/brain/msg/detail/kick__struct.h
[449.873s] -- Symlinking: /home/booster/Workspace/robocup_demo/install/brain/include/brain/brain/msg/detail/kick__type_support.h
[449.897s] -- Symlinking: /home/booster/Workspace/robocup_demo/install/brain/include/brain/brain/msg/kick.h
[449.920s] -- Symlinking: /home/booster/Workspace/robocup_demo/install/brain/include/brain/brain/msg/rosidl_generator_c__visibility_control.h
[449.943s] -- Symlinking: /home/booster/Workspace/robocup_demo/install/brain/share/brain/environment/library_path.sh
[449.965s] -- Symlinking: /home/booster/Workspace/robocup_demo/install/brain/share/brain/environment/library_path.dsv
[449.986s] -- Symlinking: /home/booster/Workspace/robocup_demo/install/brain/include/brain/brain/msg/detail/kick__rosidl_typesupport_fastrtps_c.h
[450.008s] -- Symlinking: /home/booster/Workspace/robocup_demo/install/brain/include/brain/brain/msg/rosidl_typesupport_fastrtps_c__visibility_control.h
[450.033s] -- Symlinking: /home/booster/Workspace/robocup_demo/install/brain/include/brain/brain/msg/detail/kick__builder.hpp
[450.061s] -- Symlinking: /home/booster/Workspace/robocup_demo/install/brain/include/brain/brain/msg/detail/kick__struct.hpp
[450.078s] -- Symlinking: /home/booster/Workspace/robocup_demo/install/brain/include/brain/brain/msg/detail/kick__traits.hpp
[450.105s] -- Symlinking: /home/booster/Workspace/robocup_demo/install/brain/include/brain/brain/msg/detail/kick__type_support.hpp
[450.125s] -- Symlinking: /home/booster/Workspace/robocup_demo/install/brain/include/brain/brain/msg/kick.hpp
[450.150s] -- Symlinking: /home/booster/Workspace/robocup_demo/install/brain/include/brain/brain/msg/rosidl_generator_cpp__visibility_control.hpp
[450.177s] -- Symlinking: /home/booster/Workspace/robocup_demo/install/brain/include/brain/brain/msg/detail/kick__rosidl_typesupport_fastrtps_cpp.hpp
[450.205s] -- Symlinking: /home/booster/Workspace/robocup_demo/install/brain/include/brain/brain/msg/rosidl_typesupport_fastrtps_cpp__visibility_control.h
[450.230s] -- Symlinking: /home/booster/Workspace/robocup_demo/install/brain/include/brain/brain/msg/detail/kick__rosidl_typesupport_introspection_c.h
[450.259s] -- Symlinking: /home/booster/Workspace/robocup_demo/install/brain/include/brain/brain/msg/rosidl_typesupport_introspection_c__visibility_control.h
[450.289s] -- Symlinking: /home/booster/Workspace/robocup_demo/install/brain/include/brain/brain/msg/detail/kick__rosidl_typesupport_introspection_cpp.hpp
[450.313s] -- Symlinking: /home/booster/Workspace/robocup_demo/install/brain/share/brain/environment/pythonpath.sh
[450.340s] -- Symlinking: /home/booster/Workspace/robocup_demo/install/brain/share/brain/environment/pythonpath.dsv
[450.363s] -- Symlinking: /home/booster/Workspace/robocup_demo/install/brain/local/lib/python3.10/dist-packages/brain-0.0.0-py3.10.egg-info/PKG-INFO
[450.385s] -- Symlinking: /home/booster/Workspace/robocup_demo/install/brain/local/lib/python3.10/dist-packages/brain-0.0.0-py3.10.egg-info/SOURCES.txt
[450.409s] -- Symlinking: /home/booster/Workspace/robocup_demo/install/brain/local/lib/python3.10/dist-packages/brain-0.0.0-py3.10.egg-info/dependency_links.txt
[450.434s] -- Symlinking: /home/booster/Workspace/robocup_demo/install/brain/local/lib/python3.10/dist-packages/brain-0.0.0-py3.10.egg-info/top_level.txt
[450.462s] -- Symlinking: /home/booster/Workspace/robocup_demo/install/brain/local/lib/python3.10/dist-packages/brain/__init__.py
[450.480s] -- Symlinking: /home/booster/Workspace/robocup_demo/install/brain/local/lib/python3.10/dist-packages/brain/_brain_s.ep.rosidl_typesupport_c.c
[450.501s] -- Symlinking: /home/booster/Workspace/robocup_demo/install/brain/local/lib/python3.10/dist-packages/brain/_brain_s.ep.rosidl_typesupport_fastrtps_c.c
[450.519s] -- Symlinking: /home/booster/Workspace/robocup_demo/install/brain/local/lib/python3.10/dist-packages/brain/_brain_s.ep.rosidl_typesupport_introspection_c.c
[450.544s] -- Symlinking: /home/booster/Workspace/robocup_demo/install/brain/local/lib/python3.10/dist-packages/brain/brain_s__rosidl_typesupport_c.cpython-310-aarch64-linux-gnu.so
[450.571s] -- Symlinking: /home/booster/Workspace/robocup_demo/install/brain/local/lib/python3.10/dist-packages/brain/brain_s__rosidl_typesupport_fastrtps_c.cpython-310-aarch64-linux-gnu.so
[450.590s] -- Symlinking: /home/booster/Workspace/robocup_demo/install/brain/local/lib/python3.10/dist-packages/brain/brain_s__rosidl_typesupport_introspection_c.cpython-310-aarch64-linux-gnu.so
[450.633s] -- Symlinking: /home/booster/Workspace/robocup_demo/install/brain/local/lib/python3.10/dist-packages/brain/libbrain__rosidl_generator_py.so
[450.652s] -- Symlinking: /home/booster/Workspace/robocup_demo/install/brain/local/lib/python3.10/dist-packages/brain/msg/__init__.py
[450.676s] -- Symlinking: /home/booster/Workspace/robocup_demo/install/brain/local/lib/python3.10/dist-packages/brain/msg/_kick.py
[450.701s] -- Symlinking: /home/booster/Workspace/robocup_demo/install/brain/local/lib/python3.10/dist-packages/brain/msg/_kick_s.c
[450.723s] -- Up-to-date symlink: /home/booster/Workspace/robocup_demo/install/brain/local/lib/python3.10/dist-packages/brain/brain_s__rosidl_typesupport_fastrtps_c.cpython-310-aarch64-linux-gnu.so
[450.723s] -- Up-to-date symlink: /home/booster/Workspace/robocup_demo/install/brain/local/lib/python3.10/dist-packages/brain/brain_s__rosidl_typesupport_introspection_c.cpython-310-aarch64-linux-gnu.so
[450.723s] -- Up-to-date symlink: /home/booster/Workspace/robocup_demo/install/brain/local/lib/python3.10/dist-packages/brain/brain_s__rosidl_typesupport_c.cpython-310-aarch64-linux-gnu.so
[450.724s] -- Symlinking: /home/booster/Workspace/robocup_demo/install/brain/share/brain/msg/Kick.idl
[450.747s] -- Symlinking: /home/booster/Workspace/robocup_demo/install/brain/share/brain/msg/Kick.msg
[450.772s] -- Symlinking: /home/booster/Workspace/robocup_demo/install/brain/lib/brain/brain_node
[450.795s] -- Symlinking: /home/booster/Workspace/robocup_demo/install/brain/share/brain/launch/launch.py
[450.829s] -- Symlinking: /home/booster/Workspace/robocup_demo/install/brain/share/brain/config/config.yaml
[450.859s] -- Symlinking: /home/booster/Workspace/robocup_demo/install/brain/share/brain/behavior_trees/game.xml
[450.890s] -- Symlinking: /home/booster/Workspace/robocup_demo/install/brain/share/brain/behavior_trees/subtrees/subtree_auto_standup_and_locate.xml
[450.919s] -- Symlinking: /home/booster/Workspace/robocup_demo/install/brain/share/brain/behavior_trees/subtrees/subtree_cam_find_and_track_ball.xml
[450.943s] -- Symlinking: /home/booster/Workspace/robocup_demo/install/brain/share/brain/behavior_trees/subtrees/subtree_find_ball.xml
[450.968s] -- Symlinking: /home/booster/Workspace/robocup_demo/install/brain/share/brain/behavior_trees/subtrees/subtree_goal_keeper_freekick.xml
[450.996s] -- Symlinking: /home/booster/Workspace/robocup_demo/install/brain/share/brain/behavior_trees/subtrees/subtree_goal_keeper_play.xml
[451.024s] -- Symlinking: /home/booster/Workspace/robocup_demo/install/brain/share/brain/behavior_trees/subtrees/subtree_locate.xml
[451.047s] -- Symlinking: /home/booster/Workspace/robocup_demo/install/brain/share/brain/behavior_trees/subtrees/subtree_striker_freekick.xml
[451.077s] -- Symlinking: /home/booster/Workspace/robocup_demo/install/brain/share/brain/behavior_trees/subtrees/subtree_striker_play.xml
[451.104s] -- Symlinking: /home/booster/Workspace/robocup_demo/install/brain/share/ament_index/resource_index/package_run_dependencies/brain
[451.128s] -- Symlinking: /home/booster/Workspace/robocup_demo/install/brain/share/ament_index/resource_index/parent_prefix_path/brain
[451.154s] -- Symlinking: /home/booster/Workspace/robocup_demo/install/brain/share/brain/environment/ament_prefix_path.sh
[451.190s] -- Symlinking: /home/booster/Workspace/robocup_demo/install/brain/share/brain/environment/ament_prefix_path.dsv
[451.213s] -- Symlinking: /home/booster/Workspace/robocup_demo/install/brain/share/brain/environment/path.sh
[451.234s] -- Symlinking: /home/booster/Workspace/robocup_demo/install/brain/share/brain/environment/path.dsv
[451.256s] -- Symlinking: /home/booster/Workspace/robocup_demo/install/brain/share/brain/local_setup.bash
[451.279s] -- Symlinking: /home/booster/Workspace/robocup_demo/install/brain/share/brain/local_setup.sh
[451.301s] -- Symlinking: /home/booster/Workspace/robocup_demo/install/brain/share/brain/local_setup.zsh
[451.339s] -- Symlinking: /home/booster/Workspace/robocup_demo/install/brain/share/brain/local_setup.dsv
[451.365s] -- Symlinking: /home/booster/Workspace/robocup_demo/install/brain/share/brain/package.dsv
[451.383s] -- Symlinking: /home/booster/Workspace/robocup_demo/install/brain/share/ament_index/resource_index/packages/brain
[451.420s] -- Symlinking: /home/booster/Workspace/robocup_demo/install/brain/share/brain/cmake/rosidl_cmake-extras.cmake
[451.446s] -- Symlinking: /home/booster/Workspace/robocup_demo/install/brain/share/brain/cmake/ament_cmake_export_dependencies-extras.cmake
[451.473s] -- Symlinking: /home/booster/Workspace/robocup_demo/install/brain/share/brain/cmake/ament_cmake_export_include_directories-extras.cmake
[451.508s] -- Symlinking: /home/booster/Workspace/robocup_demo/install/brain/share/brain/cmake/ament_cmake_export_libraries-extras.cmake
[451.532s] -- Symlinking: /home/booster/Workspace/robocup_demo/install/brain/share/brain/cmake/ament_cmake_export_targets-extras.cmake
[451.566s] -- Symlinking: /home/booster/Workspace/robocup_demo/install/brain/share/brain/cmake/rosidl_cmake_export_typesupport_targets-extras.cmake
[451.592s] -- Symlinking: /home/booster/Workspace/robocup_demo/install/brain/share/brain/cmake/rosidl_cmake_export_typesupport_libraries-extras.cmake
[451.618s] -- Symlinking: /home/booster/Workspace/robocup_demo/install/brain/share/brain/cmake/brainConfig.cmake
[451.640s] -- Symlinking: /home/booster/Workspace/robocup_demo/install/brain/share/brain/cmake/brainConfig-version.cmake
[451.665s] -- Symlinking: /home/booster/Workspace/robocup_demo/install/brain/share/brain/package.xml
[451.688s] -- Installing: /home/booster/Workspace/robocup_demo/install/brain/lib/libbrain__rosidl_generator_c.so
[451.688s] -- Set runtime path of "/home/booster/Workspace/robocup_demo/install/brain/lib/libbrain__rosidl_generator_c.so" to ""
[451.692s] -- Installing: /home/booster/Workspace/robocup_demo/install/brain/lib/libbrain__rosidl_typesupport_fastrtps_c.so
[451.692s] -- Set runtime path of "/home/booster/Workspace/robocup_demo/install/brain/lib/libbrain__rosidl_typesupport_fastrtps_c.so" to ""
[451.693s] -- Installing: /home/booster/Workspace/robocup_demo/install/brain/lib/libbrain__rosidl_typesupport_fastrtps_cpp.so
[451.693s] -- Set runtime path of "/home/booster/Workspace/robocup_demo/install/brain/lib/libbrain__rosidl_typesupport_fastrtps_cpp.so" to ""
[451.693s] -- Installing: /home/booster/Workspace/robocup_demo/install/brain/lib/libbrain__rosidl_typesupport_introspection_c.so
[451.696s] -- Set runtime path of "/home/booster/Workspace/robocup_demo/install/brain/lib/libbrain__rosidl_typesupport_introspection_c.so" to ""
[451.696s] -- Installing: /home/booster/Workspace/robocup_demo/install/brain/lib/libbrain__rosidl_typesupport_c.so
[451.696s] -- Set runtime path of "/home/booster/Workspace/robocup_demo/install/brain/lib/libbrain__rosidl_typesupport_c.so" to ""
[451.696s] -- Installing: /home/booster/Workspace/robocup_demo/install/brain/lib/libbrain__rosidl_typesupport_introspection_cpp.so
[451.697s] -- Set runtime path of "/home/booster/Workspace/robocup_demo/install/brain/lib/libbrain__rosidl_typesupport_introspection_cpp.so" to ""
[451.697s] -- Installing: /home/booster/Workspace/robocup_demo/install/brain/lib/libbrain__rosidl_typesupport_cpp.so
[451.697s] -- Set runtime path of "/home/booster/Workspace/robocup_demo/install/brain/lib/libbrain__rosidl_typesupport_cpp.so" to ""
[451.786s] Listing '/home/booster/Workspace/robocup_demo/install/brain/local/lib/python3.10/dist-packages/brain'...
[451.786s] Compiling '/home/booster/Workspace/robocup_demo/install/brain/local/lib/python3.10/dist-packages/brain/__init__.py'...
[451.786s] Listing '/home/booster/Workspace/robocup_demo/install/brain/local/lib/python3.10/dist-packages/brain/msg'...
[451.786s] Compiling '/home/booster/Workspace/robocup_demo/install/brain/local/lib/python3.10/dist-packages/brain/msg/__init__.py'...
[451.787s] Compiling '/home/booster/Workspace/robocup_demo/install/brain/local/lib/python3.10/dist-packages/brain/msg/_kick.py'...
[451.810s] -- Installing: /home/booster/Workspace/robocup_demo/install/brain/lib/libbrain__rosidl_generator_py.so
[451.811s] -- Set runtime path of "/home/booster/Workspace/robocup_demo/install/brain/lib/libbrain__rosidl_generator_py.so" to ""
[451.811s] -- Installing: /home/booster/Workspace/robocup_demo/install/brain/share/brain/cmake/export_brain__rosidl_generator_cExport.cmake
[451.817s] -- Installing: /home/booster/Workspace/robocup_demo/install/brain/share/brain/cmake/export_brain__rosidl_generator_cExport-noconfig.cmake
[451.817s] -- Installing: /home/booster/Workspace/robocup_demo/install/brain/share/brain/cmake/export_brain__rosidl_typesupport_fastrtps_cExport.cmake
[451.817s] -- Installing: /home/booster/Workspace/robocup_demo/install/brain/share/brain/cmake/export_brain__rosidl_typesupport_fastrtps_cExport-noconfig.cmake
[451.817s] -- Installing: /home/booster/Workspace/robocup_demo/install/brain/share/brain/cmake/export_brain__rosidl_generator_cppExport.cmake
[451.817s] -- Installing: /home/booster/Workspace/robocup_demo/install/brain/share/brain/cmake/export_brain__rosidl_typesupport_fastrtps_cppExport.cmake
[451.817s] -- Installing: /home/booster/Workspace/robocup_demo/install/brain/share/brain/cmake/export_brain__rosidl_typesupport_fastrtps_cppExport-noconfig.cmake
[451.817s] -- Installing: /home/booster/Workspace/robocup_demo/install/brain/share/brain/cmake/brain__rosidl_typesupport_introspection_cExport.cmake
[451.817s] -- Installing: /home/booster/Workspace/robocup_demo/install/brain/share/brain/cmake/brain__rosidl_typesupport_introspection_cExport-noconfig.cmake
[451.818s] -- Installing: /home/booster/Workspace/robocup_demo/install/brain/share/brain/cmake/brain__rosidl_typesupport_cExport.cmake
[451.818s] -- Installing: /home/booster/Workspace/robocup_demo/install/brain/share/brain/cmake/brain__rosidl_typesupport_cExport-noconfig.cmake
[451.818s] -- Installing: /home/booster/Workspace/robocup_demo/install/brain/share/brain/cmake/brain__rosidl_typesupport_introspection_cppExport.cmake
[451.818s] -- Installing: /home/booster/Workspace/robocup_demo/install/brain/share/brain/cmake/brain__rosidl_typesupport_introspection_cppExport-noconfig.cmake
[451.818s] -- Installing: /home/booster/Workspace/robocup_demo/install/brain/share/brain/cmake/brain__rosidl_typesupport_cppExport.cmake
[451.818s] -- Installing: /home/booster/Workspace/robocup_demo/install/brain/share/brain/cmake/brain__rosidl_typesupport_cppExport-noconfig.cmake
[451.818s] -- Installing: /home/booster/Workspace/robocup_demo/install/brain/share/brain/cmake/export_brain__rosidl_generator_pyExport.cmake
[451.818s] -- Installing: /home/booster/Workspace/robocup_demo/install/brain/share/brain/cmake/export_brain__rosidl_generator_pyExport-noconfig.cmake
[451.824s] Invoked command in '/home/booster/Workspace/robocup_demo/build/brain' returned '0': AMENT_PREFIX_PATH=/home/booster/Workspace/robocup_demo/install/vision_interface:/home/booster/Workspace/robocup_demo/install/game_controller_interface:/home/booster/Workspace/robocup_demo/install/booster_msgs:/home/booster/Workspace/robocup_demo/install/booster_interface:${AMENT_PREFIX_PATH} CMAKE_PREFIX_PATH=/home/booster/Workspace/robocup_demo/install/vision_interface:/home/booster/Workspace/robocup_demo/install/game_controller_interface:/home/booster/Workspace/robocup_demo/install/booster_msgs:/home/booster/Workspace/robocup_demo/install/booster_interface:/opt/ros/humble LD_LIBRARY_PATH=/home/booster/Workspace/robocup_demo/install/vision_interface/lib:/home/booster/Workspace/robocup_demo/install/game_controller_interface/lib:/home/booster/Workspace/robocup_demo/install/booster_msgs/lib:/home/booster/Workspace/robocup_demo/install/booster_interface/lib:/opt/ros/humble/opt/rviz_ogre_vendor/lib:/opt/ros/humble/lib/aarch64-linux-gnu:/opt/ros/humble/lib:/usr/local/cuda/lib64 PYTHONPATH=/home/booster/Workspace/robocup_demo/install/vision_interface/local/lib/python3.10/dist-packages:/home/booster/Workspace/robocup_demo/install/game_controller_interface/local/lib/python3.10/dist-packages:/home/booster/Workspace/robocup_demo/install/booster_msgs/local/lib/python3.10/dist-packages:/home/booster/Workspace/robocup_demo/install/booster_interface/local/lib/python3.10/dist-packages:${PYTHONPATH} /usr/bin/cmake --install /home/booster/Workspace/robocup_demo/build/brain
