[0.049s] Invoking command in '/home/booster/Workspace/robocup_demo/build/game_controller_interface': CMAKE_PREFIX_PATH=/opt/ros/humble /usr/bin/cmake --build /home/booster/Workspace/robocup_demo/build/game_controller_interface -- -j5 -l5
[0.287s] [  2%] Built target game_controller_interface__cpp
[0.375s] [  2%] Built target ament_cmake_python_symlink_game_controller_interface
[0.473s] [ 12%] Built target game_controller_interface__rosidl_typesupport_introspection_cpp
[1.383s] running egg_info
[1.386s] writing game_controller_interface.egg-info/PKG-INFO
[1.387s] writing dependency_links to game_controller_interface.egg-info/dependency_links.txt
[1.388s] writing top-level names to game_controller_interface.egg-info/top_level.txt
[1.397s] reading manifest file 'game_controller_interface.egg-info/SOURCES.txt'
[1.410s] writing manifest file 'game_controller_interface.egg-info/SOURCES.txt'
[1.586s] [ 12%] Built target ament_cmake_python_build_game_controller_interface_egg
[1.679s] [ 23%] Built target game_controller_interface__rosidl_typesupport_fastrtps_cpp
[1.777s] [ 34%] Built target game_controller_interface__rosidl_typesupport_cpp
[1.866s] [ 44%] Built target game_controller_interface__rosidl_generator_c
[1.985s] [ 55%] Built target game_controller_interface__rosidl_typesupport_fastrtps_c
[2.088s] [ 65%] Built target game_controller_interface__rosidl_typesupport_c
[2.186s] [ 76%] Built target game_controller_interface__rosidl_typesupport_introspection_c
[2.340s] [ 76%] Built target game_controller_interface
[2.445s] [ 78%] Built target game_controller_interface__py
[2.566s] [ 87%] Built target game_controller_interface__rosidl_generator_py
[2.682s] [ 91%] Built target game_controller_interface__rosidl_typesupport_fastrtps_c__pyext
[2.822s] [ 95%] Built target game_controller_interface__rosidl_typesupport_c__pyext
[2.883s] [100%] Built target game_controller_interface__rosidl_typesupport_introspection_c__pyext
[2.908s] Invoked command in '/home/booster/Workspace/robocup_demo/build/game_controller_interface' returned '0': CMAKE_PREFIX_PATH=/opt/ros/humble /usr/bin/cmake --build /home/booster/Workspace/robocup_demo/build/game_controller_interface -- -j5 -l5
[2.909s] Invoking command in '/home/booster/Workspace/robocup_demo/build/game_controller_interface': CMAKE_PREFIX_PATH=/opt/ros/humble /usr/bin/cmake --install /home/booster/Workspace/robocup_demo/build/game_controller_interface
[2.971s] -- Install configuration: ""
[2.971s] -- Execute custom install script
[2.975s] -- Up-to-date symlink: /home/booster/Workspace/robocup_demo/install/game_controller_interface/share/ament_index/resource_index/rosidl_interfaces/game_controller_interface
[2.976s] -- Up-to-date symlink: /home/booster/Workspace/robocup_demo/install/game_controller_interface/include/game_controller_interface/game_controller_interface/msg/detail/game_control_data__functions.h
[2.976s] -- Up-to-date symlink: /home/booster/Workspace/robocup_demo/install/game_controller_interface/include/game_controller_interface/game_controller_interface/msg/detail/game_control_data__struct.h
[2.977s] -- Up-to-date symlink: /home/booster/Workspace/robocup_demo/install/game_controller_interface/include/game_controller_interface/game_controller_interface/msg/detail/game_control_data__type_support.h
[2.977s] -- Up-to-date symlink: /home/booster/Workspace/robocup_demo/install/game_controller_interface/include/game_controller_interface/game_controller_interface/msg/detail/robot_info__functions.h
[2.978s] -- Up-to-date symlink: /home/booster/Workspace/robocup_demo/install/game_controller_interface/include/game_controller_interface/game_controller_interface/msg/detail/robot_info__struct.h
[2.981s] -- Up-to-date symlink: /home/booster/Workspace/robocup_demo/install/game_controller_interface/include/game_controller_interface/game_controller_interface/msg/detail/robot_info__type_support.h
[2.981s] -- Up-to-date symlink: /home/booster/Workspace/robocup_demo/install/game_controller_interface/include/game_controller_interface/game_controller_interface/msg/detail/team_info__functions.h
[2.982s] -- Up-to-date symlink: /home/booster/Workspace/robocup_demo/install/game_controller_interface/include/game_controller_interface/game_controller_interface/msg/detail/team_info__struct.h
[2.982s] -- Up-to-date symlink: /home/booster/Workspace/robocup_demo/install/game_controller_interface/include/game_controller_interface/game_controller_interface/msg/detail/team_info__type_support.h
[2.982s] -- Up-to-date symlink: /home/booster/Workspace/robocup_demo/install/game_controller_interface/include/game_controller_interface/game_controller_interface/msg/game_control_data.h
[2.983s] -- Up-to-date symlink: /home/booster/Workspace/robocup_demo/install/game_controller_interface/include/game_controller_interface/game_controller_interface/msg/robot_info.h
[2.983s] -- Up-to-date symlink: /home/booster/Workspace/robocup_demo/install/game_controller_interface/include/game_controller_interface/game_controller_interface/msg/rosidl_generator_c__visibility_control.h
[2.984s] -- Up-to-date symlink: /home/booster/Workspace/robocup_demo/install/game_controller_interface/include/game_controller_interface/game_controller_interface/msg/team_info.h
[2.984s] -- Up-to-date symlink: /home/booster/Workspace/robocup_demo/install/game_controller_interface/share/game_controller_interface/environment/library_path.sh
[2.986s] -- Up-to-date symlink: /home/booster/Workspace/robocup_demo/install/game_controller_interface/share/game_controller_interface/environment/library_path.dsv
[2.986s] -- Up-to-date symlink: /home/booster/Workspace/robocup_demo/install/game_controller_interface/include/game_controller_interface/game_controller_interface/msg/detail/game_control_data__rosidl_typesupport_fastrtps_c.h
[2.986s] -- Up-to-date symlink: /home/booster/Workspace/robocup_demo/install/game_controller_interface/include/game_controller_interface/game_controller_interface/msg/detail/robot_info__rosidl_typesupport_fastrtps_c.h
[2.986s] -- Up-to-date symlink: /home/booster/Workspace/robocup_demo/install/game_controller_interface/include/game_controller_interface/game_controller_interface/msg/detail/team_info__rosidl_typesupport_fastrtps_c.h
[2.986s] -- Up-to-date symlink: /home/booster/Workspace/robocup_demo/install/game_controller_interface/include/game_controller_interface/game_controller_interface/msg/rosidl_typesupport_fastrtps_c__visibility_control.h
[2.987s] -- Up-to-date symlink: /home/booster/Workspace/robocup_demo/install/game_controller_interface/include/game_controller_interface/game_controller_interface/msg/detail/game_control_data__builder.hpp
[2.987s] -- Up-to-date symlink: /home/booster/Workspace/robocup_demo/install/game_controller_interface/include/game_controller_interface/game_controller_interface/msg/detail/game_control_data__struct.hpp
[2.987s] -- Up-to-date symlink: /home/booster/Workspace/robocup_demo/install/game_controller_interface/include/game_controller_interface/game_controller_interface/msg/detail/game_control_data__traits.hpp
[2.987s] -- Up-to-date symlink: /home/booster/Workspace/robocup_demo/install/game_controller_interface/include/game_controller_interface/game_controller_interface/msg/detail/game_control_data__type_support.hpp
[2.987s] -- Up-to-date symlink: /home/booster/Workspace/robocup_demo/install/game_controller_interface/include/game_controller_interface/game_controller_interface/msg/detail/robot_info__builder.hpp
[2.987s] -- Up-to-date symlink: /home/booster/Workspace/robocup_demo/install/game_controller_interface/include/game_controller_interface/game_controller_interface/msg/detail/robot_info__struct.hpp
[2.988s] -- Up-to-date symlink: /home/booster/Workspace/robocup_demo/install/game_controller_interface/include/game_controller_interface/game_controller_interface/msg/detail/robot_info__traits.hpp
[2.988s] -- Up-to-date symlink: /home/booster/Workspace/robocup_demo/install/game_controller_interface/include/game_controller_interface/game_controller_interface/msg/detail/robot_info__type_support.hpp
[2.988s] -- Up-to-date symlink: /home/booster/Workspace/robocup_demo/install/game_controller_interface/include/game_controller_interface/game_controller_interface/msg/detail/team_info__builder.hpp
[2.988s] -- Up-to-date symlink: /home/booster/Workspace/robocup_demo/install/game_controller_interface/include/game_controller_interface/game_controller_interface/msg/detail/team_info__struct.hpp
[2.988s] -- Up-to-date symlink: /home/booster/Workspace/robocup_demo/install/game_controller_interface/include/game_controller_interface/game_controller_interface/msg/detail/team_info__traits.hpp
[2.989s] -- Up-to-date symlink: /home/booster/Workspace/robocup_demo/install/game_controller_interface/include/game_controller_interface/game_controller_interface/msg/detail/team_info__type_support.hpp
[2.989s] -- Up-to-date symlink: /home/booster/Workspace/robocup_demo/install/game_controller_interface/include/game_controller_interface/game_controller_interface/msg/game_control_data.hpp
[2.989s] -- Up-to-date symlink: /home/booster/Workspace/robocup_demo/install/game_controller_interface/include/game_controller_interface/game_controller_interface/msg/robot_info.hpp
[2.989s] -- Up-to-date symlink: /home/booster/Workspace/robocup_demo/install/game_controller_interface/include/game_controller_interface/game_controller_interface/msg/rosidl_generator_cpp__visibility_control.hpp
[2.990s] -- Up-to-date symlink: /home/booster/Workspace/robocup_demo/install/game_controller_interface/include/game_controller_interface/game_controller_interface/msg/team_info.hpp
[2.990s] -- Up-to-date symlink: /home/booster/Workspace/robocup_demo/install/game_controller_interface/include/game_controller_interface/game_controller_interface/msg/detail/game_control_data__rosidl_typesupport_fastrtps_cpp.hpp
[2.990s] -- Up-to-date symlink: /home/booster/Workspace/robocup_demo/install/game_controller_interface/include/game_controller_interface/game_controller_interface/msg/detail/robot_info__rosidl_typesupport_fastrtps_cpp.hpp
[2.990s] -- Up-to-date symlink: /home/booster/Workspace/robocup_demo/install/game_controller_interface/include/game_controller_interface/game_controller_interface/msg/detail/team_info__rosidl_typesupport_fastrtps_cpp.hpp
[2.990s] -- Up-to-date symlink: /home/booster/Workspace/robocup_demo/install/game_controller_interface/include/game_controller_interface/game_controller_interface/msg/rosidl_typesupport_fastrtps_cpp__visibility_control.h
[3.002s] -- Up-to-date symlink: /home/booster/Workspace/robocup_demo/install/game_controller_interface/include/game_controller_interface/game_controller_interface/msg/detail/game_control_data__rosidl_typesupport_introspection_c.h
[3.002s] -- Up-to-date symlink: /home/booster/Workspace/robocup_demo/install/game_controller_interface/include/game_controller_interface/game_controller_interface/msg/detail/robot_info__rosidl_typesupport_introspection_c.h
[3.003s] -- Up-to-date symlink: /home/booster/Workspace/robocup_demo/install/game_controller_interface/include/game_controller_interface/game_controller_interface/msg/detail/team_info__rosidl_typesupport_introspection_c.h
[3.003s] -- Up-to-date symlink: /home/booster/Workspace/robocup_demo/install/game_controller_interface/include/game_controller_interface/game_controller_interface/msg/rosidl_typesupport_introspection_c__visibility_control.h
[3.005s] -- Up-to-date symlink: /home/booster/Workspace/robocup_demo/install/game_controller_interface/include/game_controller_interface/game_controller_interface/msg/detail/game_control_data__rosidl_typesupport_introspection_cpp.hpp
[3.005s] -- Up-to-date symlink: /home/booster/Workspace/robocup_demo/install/game_controller_interface/include/game_controller_interface/game_controller_interface/msg/detail/robot_info__rosidl_typesupport_introspection_cpp.hpp
[3.006s] -- Up-to-date symlink: /home/booster/Workspace/robocup_demo/install/game_controller_interface/include/game_controller_interface/game_controller_interface/msg/detail/team_info__rosidl_typesupport_introspection_cpp.hpp
[3.007s] -- Up-to-date symlink: /home/booster/Workspace/robocup_demo/install/game_controller_interface/share/game_controller_interface/environment/pythonpath.sh
[3.010s] -- Up-to-date symlink: /home/booster/Workspace/robocup_demo/install/game_controller_interface/share/game_controller_interface/environment/pythonpath.dsv
[3.011s] -- Up-to-date symlink: /home/booster/Workspace/robocup_demo/install/game_controller_interface/local/lib/python3.10/dist-packages/game_controller_interface-1.0.0-py3.10.egg-info/PKG-INFO
[3.015s] -- Up-to-date symlink: /home/booster/Workspace/robocup_demo/install/game_controller_interface/local/lib/python3.10/dist-packages/game_controller_interface-1.0.0-py3.10.egg-info/SOURCES.txt
[3.017s] -- Up-to-date symlink: /home/booster/Workspace/robocup_demo/install/game_controller_interface/local/lib/python3.10/dist-packages/game_controller_interface-1.0.0-py3.10.egg-info/dependency_links.txt
[3.017s] -- Up-to-date symlink: /home/booster/Workspace/robocup_demo/install/game_controller_interface/local/lib/python3.10/dist-packages/game_controller_interface-1.0.0-py3.10.egg-info/top_level.txt
[3.019s] -- Up-to-date symlink: /home/booster/Workspace/robocup_demo/install/game_controller_interface/local/lib/python3.10/dist-packages/game_controller_interface/__init__.py
[3.020s] -- Up-to-date symlink: /home/booster/Workspace/robocup_demo/install/game_controller_interface/local/lib/python3.10/dist-packages/game_controller_interface/_game_controller_interface_s.ep.rosidl_typesupport_c.c
[3.020s] -- Up-to-date symlink: /home/booster/Workspace/robocup_demo/install/game_controller_interface/local/lib/python3.10/dist-packages/game_controller_interface/_game_controller_interface_s.ep.rosidl_typesupport_fastrtps_c.c
[3.021s] -- Up-to-date symlink: /home/booster/Workspace/robocup_demo/install/game_controller_interface/local/lib/python3.10/dist-packages/game_controller_interface/_game_controller_interface_s.ep.rosidl_typesupport_introspection_c.c
[3.022s] -- Up-to-date symlink: /home/booster/Workspace/robocup_demo/install/game_controller_interface/local/lib/python3.10/dist-packages/game_controller_interface/game_controller_interface_s__rosidl_typesupport_c.cpython-310-aarch64-linux-gnu.so
[3.023s] -- Up-to-date symlink: /home/booster/Workspace/robocup_demo/install/game_controller_interface/local/lib/python3.10/dist-packages/game_controller_interface/game_controller_interface_s__rosidl_typesupport_fastrtps_c.cpython-310-aarch64-linux-gnu.so
[3.023s] -- Up-to-date symlink: /home/booster/Workspace/robocup_demo/install/game_controller_interface/local/lib/python3.10/dist-packages/game_controller_interface/game_controller_interface_s__rosidl_typesupport_introspection_c.cpython-310-aarch64-linux-gnu.so
[3.024s] -- Up-to-date symlink: /home/booster/Workspace/robocup_demo/install/game_controller_interface/local/lib/python3.10/dist-packages/game_controller_interface/libgame_controller_interface__rosidl_generator_py.so
[3.024s] -- Up-to-date symlink: /home/booster/Workspace/robocup_demo/install/game_controller_interface/local/lib/python3.10/dist-packages/game_controller_interface/msg/__init__.py
[3.024s] -- Up-to-date symlink: /home/booster/Workspace/robocup_demo/install/game_controller_interface/local/lib/python3.10/dist-packages/game_controller_interface/msg/_game_control_data.py
[3.024s] -- Up-to-date symlink: /home/booster/Workspace/robocup_demo/install/game_controller_interface/local/lib/python3.10/dist-packages/game_controller_interface/msg/_game_control_data_s.c
[3.032s] -- Up-to-date symlink: /home/booster/Workspace/robocup_demo/install/game_controller_interface/local/lib/python3.10/dist-packages/game_controller_interface/msg/_robot_info.py
[3.034s] -- Up-to-date symlink: /home/booster/Workspace/robocup_demo/install/game_controller_interface/local/lib/python3.10/dist-packages/game_controller_interface/msg/_robot_info_s.c
[3.034s] -- Up-to-date symlink: /home/booster/Workspace/robocup_demo/install/game_controller_interface/local/lib/python3.10/dist-packages/game_controller_interface/msg/_team_info.py
[3.038s] -- Up-to-date symlink: /home/booster/Workspace/robocup_demo/install/game_controller_interface/local/lib/python3.10/dist-packages/game_controller_interface/msg/_team_info_s.c
[3.038s] -- Up-to-date symlink: /home/booster/Workspace/robocup_demo/install/game_controller_interface/local/lib/python3.10/dist-packages/game_controller_interface/game_controller_interface_s__rosidl_typesupport_fastrtps_c.cpython-310-aarch64-linux-gnu.so
[3.040s] -- Up-to-date symlink: /home/booster/Workspace/robocup_demo/install/game_controller_interface/local/lib/python3.10/dist-packages/game_controller_interface/game_controller_interface_s__rosidl_typesupport_introspection_c.cpython-310-aarch64-linux-gnu.so
[3.040s] -- Up-to-date symlink: /home/booster/Workspace/robocup_demo/install/game_controller_interface/local/lib/python3.10/dist-packages/game_controller_interface/game_controller_interface_s__rosidl_typesupport_c.cpython-310-aarch64-linux-gnu.so
[3.040s] -- Up-to-date symlink: /home/booster/Workspace/robocup_demo/install/game_controller_interface/share/game_controller_interface/msg/GameControlData.idl
[3.041s] -- Up-to-date symlink: /home/booster/Workspace/robocup_demo/install/game_controller_interface/share/game_controller_interface/msg/RobotInfo.idl
[3.041s] -- Up-to-date symlink: /home/booster/Workspace/robocup_demo/install/game_controller_interface/share/game_controller_interface/msg/TeamInfo.idl
[3.041s] -- Up-to-date symlink: /home/booster/Workspace/robocup_demo/install/game_controller_interface/share/game_controller_interface/msg/GameControlData.msg
[3.042s] -- Up-to-date symlink: /home/booster/Workspace/robocup_demo/install/game_controller_interface/share/game_controller_interface/msg/RobotInfo.msg
[3.042s] -- Up-to-date symlink: /home/booster/Workspace/robocup_demo/install/game_controller_interface/share/game_controller_interface/msg/TeamInfo.msg
[3.042s] -- Up-to-date symlink: /home/booster/Workspace/robocup_demo/install/game_controller_interface/share/ament_index/resource_index/package_run_dependencies/game_controller_interface
[3.042s] -- Up-to-date symlink: /home/booster/Workspace/robocup_demo/install/game_controller_interface/share/ament_index/resource_index/parent_prefix_path/game_controller_interface
[3.042s] -- Up-to-date symlink: /home/booster/Workspace/robocup_demo/install/game_controller_interface/share/game_controller_interface/environment/ament_prefix_path.sh
[3.042s] -- Up-to-date symlink: /home/booster/Workspace/robocup_demo/install/game_controller_interface/share/game_controller_interface/environment/ament_prefix_path.dsv
[3.042s] -- Up-to-date symlink: /home/booster/Workspace/robocup_demo/install/game_controller_interface/share/game_controller_interface/environment/path.sh
[3.042s] -- Up-to-date symlink: /home/booster/Workspace/robocup_demo/install/game_controller_interface/share/game_controller_interface/environment/path.dsv
[3.042s] -- Up-to-date symlink: /home/booster/Workspace/robocup_demo/install/game_controller_interface/share/game_controller_interface/local_setup.bash
[3.042s] -- Up-to-date symlink: /home/booster/Workspace/robocup_demo/install/game_controller_interface/share/game_controller_interface/local_setup.sh
[3.043s] -- Up-to-date symlink: /home/booster/Workspace/robocup_demo/install/game_controller_interface/share/game_controller_interface/local_setup.zsh
[3.043s] -- Up-to-date symlink: /home/booster/Workspace/robocup_demo/install/game_controller_interface/share/game_controller_interface/local_setup.dsv
[3.043s] -- Symlinking: /home/booster/Workspace/robocup_demo/install/game_controller_interface/share/game_controller_interface/package.dsv
[3.066s] -- Up-to-date symlink: /home/booster/Workspace/robocup_demo/install/game_controller_interface/share/ament_index/resource_index/packages/game_controller_interface
[3.067s] -- Up-to-date symlink: /home/booster/Workspace/robocup_demo/install/game_controller_interface/share/game_controller_interface/cmake/rosidl_cmake-extras.cmake
[3.067s] -- Up-to-date symlink: /home/booster/Workspace/robocup_demo/install/game_controller_interface/share/game_controller_interface/cmake/ament_cmake_export_include_directories-extras.cmake
[3.068s] -- Up-to-date symlink: /home/booster/Workspace/robocup_demo/install/game_controller_interface/share/game_controller_interface/cmake/ament_cmake_export_libraries-extras.cmake
[3.068s] -- Up-to-date symlink: /home/booster/Workspace/robocup_demo/install/game_controller_interface/share/game_controller_interface/cmake/ament_cmake_export_targets-extras.cmake
[3.068s] -- Up-to-date symlink: /home/booster/Workspace/robocup_demo/install/game_controller_interface/share/game_controller_interface/cmake/rosidl_cmake_export_typesupport_targets-extras.cmake
[3.069s] -- Up-to-date symlink: /home/booster/Workspace/robocup_demo/install/game_controller_interface/share/game_controller_interface/cmake/ament_cmake_export_dependencies-extras.cmake
[3.070s] -- Up-to-date symlink: /home/booster/Workspace/robocup_demo/install/game_controller_interface/share/game_controller_interface/cmake/rosidl_cmake_export_typesupport_libraries-extras.cmake
[3.070s] -- Up-to-date symlink: /home/booster/Workspace/robocup_demo/install/game_controller_interface/share/game_controller_interface/cmake/game_controller_interfaceConfig.cmake
[3.070s] -- Up-to-date symlink: /home/booster/Workspace/robocup_demo/install/game_controller_interface/share/game_controller_interface/cmake/game_controller_interfaceConfig-version.cmake
[3.072s] -- Up-to-date symlink: /home/booster/Workspace/robocup_demo/install/game_controller_interface/share/game_controller_interface/package.xml
[3.072s] -- Up-to-date: /home/booster/Workspace/robocup_demo/install/game_controller_interface/lib/libgame_controller_interface__rosidl_generator_c.so
[3.072s] -- Up-to-date: /home/booster/Workspace/robocup_demo/install/game_controller_interface/lib/libgame_controller_interface__rosidl_typesupport_fastrtps_c.so
[3.072s] -- Up-to-date: /home/booster/Workspace/robocup_demo/install/game_controller_interface/lib/libgame_controller_interface__rosidl_typesupport_fastrtps_cpp.so
[3.072s] -- Up-to-date: /home/booster/Workspace/robocup_demo/install/game_controller_interface/lib/libgame_controller_interface__rosidl_typesupport_introspection_c.so
[3.072s] -- Up-to-date: /home/booster/Workspace/robocup_demo/install/game_controller_interface/lib/libgame_controller_interface__rosidl_typesupport_c.so
[3.072s] -- Up-to-date: /home/booster/Workspace/robocup_demo/install/game_controller_interface/lib/libgame_controller_interface__rosidl_typesupport_introspection_cpp.so
[3.072s] -- Up-to-date: /home/booster/Workspace/robocup_demo/install/game_controller_interface/lib/libgame_controller_interface__rosidl_typesupport_cpp.so
[3.229s] Listing '/home/booster/Workspace/robocup_demo/install/game_controller_interface/local/lib/python3.10/dist-packages/game_controller_interface'...
[3.230s] Listing '/home/booster/Workspace/robocup_demo/install/game_controller_interface/local/lib/python3.10/dist-packages/game_controller_interface/msg'...
[3.251s] -- Up-to-date: /home/booster/Workspace/robocup_demo/install/game_controller_interface/lib/libgame_controller_interface__rosidl_generator_py.so
[3.252s] -- Up-to-date: /home/booster/Workspace/robocup_demo/install/game_controller_interface/share/game_controller_interface/cmake/export_game_controller_interface__rosidl_generator_cExport.cmake
[3.252s] -- Up-to-date: /home/booster/Workspace/robocup_demo/install/game_controller_interface/share/game_controller_interface/cmake/export_game_controller_interface__rosidl_generator_cExport-noconfig.cmake
[3.252s] -- Up-to-date: /home/booster/Workspace/robocup_demo/install/game_controller_interface/share/game_controller_interface/cmake/export_game_controller_interface__rosidl_typesupport_fastrtps_cExport.cmake
[3.252s] -- Up-to-date: /home/booster/Workspace/robocup_demo/install/game_controller_interface/share/game_controller_interface/cmake/export_game_controller_interface__rosidl_typesupport_fastrtps_cExport-noconfig.cmake
[3.253s] -- Up-to-date: /home/booster/Workspace/robocup_demo/install/game_controller_interface/share/game_controller_interface/cmake/export_game_controller_interface__rosidl_generator_cppExport.cmake
[3.253s] -- Up-to-date: /home/booster/Workspace/robocup_demo/install/game_controller_interface/share/game_controller_interface/cmake/export_game_controller_interface__rosidl_typesupport_fastrtps_cppExport.cmake
[3.254s] -- Up-to-date: /home/booster/Workspace/robocup_demo/install/game_controller_interface/share/game_controller_interface/cmake/export_game_controller_interface__rosidl_typesupport_fastrtps_cppExport-noconfig.cmake
[3.254s] -- Up-to-date: /home/booster/Workspace/robocup_demo/install/game_controller_interface/share/game_controller_interface/cmake/game_controller_interface__rosidl_typesupport_introspection_cExport.cmake
[3.254s] -- Up-to-date: /home/booster/Workspace/robocup_demo/install/game_controller_interface/share/game_controller_interface/cmake/game_controller_interface__rosidl_typesupport_introspection_cExport-noconfig.cmake
[3.255s] -- Up-to-date: /home/booster/Workspace/robocup_demo/install/game_controller_interface/share/game_controller_interface/cmake/game_controller_interface__rosidl_typesupport_cExport.cmake
[3.255s] -- Up-to-date: /home/booster/Workspace/robocup_demo/install/game_controller_interface/share/game_controller_interface/cmake/game_controller_interface__rosidl_typesupport_cExport-noconfig.cmake
[3.255s] -- Up-to-date: /home/booster/Workspace/robocup_demo/install/game_controller_interface/share/game_controller_interface/cmake/game_controller_interface__rosidl_typesupport_introspection_cppExport.cmake
[3.255s] -- Up-to-date: /home/booster/Workspace/robocup_demo/install/game_controller_interface/share/game_controller_interface/cmake/game_controller_interface__rosidl_typesupport_introspection_cppExport-noconfig.cmake
[3.255s] -- Up-to-date: /home/booster/Workspace/robocup_demo/install/game_controller_interface/share/game_controller_interface/cmake/game_controller_interface__rosidl_typesupport_cppExport.cmake
[3.255s] -- Up-to-date: /home/booster/Workspace/robocup_demo/install/game_controller_interface/share/game_controller_interface/cmake/game_controller_interface__rosidl_typesupport_cppExport-noconfig.cmake
[3.255s] -- Up-to-date: /home/booster/Workspace/robocup_demo/install/game_controller_interface/share/game_controller_interface/cmake/export_game_controller_interface__rosidl_generator_pyExport.cmake
[3.255s] -- Up-to-date: /home/booster/Workspace/robocup_demo/install/game_controller_interface/share/game_controller_interface/cmake/export_game_controller_interface__rosidl_generator_pyExport-noconfig.cmake
[3.260s] Invoked command in '/home/booster/Workspace/robocup_demo/build/game_controller_interface' returned '0': CMAKE_PREFIX_PATH=/opt/ros/humble /usr/bin/cmake --install /home/booster/Workspace/robocup_demo/build/game_controller_interface
