[0.058s] Invoking command in '/home/booster/Workspace/robocup_demo/build/game_controller': AMENT_PREFIX_PATH=/home/booster/Workspace/robocup_demo/install/game_controller_interface:${AMENT_PREFIX_PATH} CMAKE_PREFIX_PATH=/home/booster/Workspace/robocup_demo/install/game_controller_interface:/opt/ros/humble LD_LIBRARY_PATH=/home/booster/Workspace/robocup_demo/install/game_controller_interface/lib:/opt/ros/humble/opt/rviz_ogre_vendor/lib:/opt/ros/humble/lib/aarch64-linux-gnu:/opt/ros/humble/lib:/usr/local/cuda/lib64 PYTHONPATH=/home/booster/Workspace/robocup_demo/install/game_controller_interface/local/lib/python3.10/dist-packages:${PYTHONPATH} /usr/bin/cmake --build /home/booster/Workspace/robocup_demo/build/game_controller -- -j5 -l5
[0.302s] [100%] Built target game_controller_node
[0.333s] Invoked command in '/home/booster/Workspace/robocup_demo/build/game_controller' returned '0': AMENT_PREFIX_PATH=/home/booster/Workspace/robocup_demo/install/game_controller_interface:${AMENT_PREFIX_PATH} CMAKE_PREFIX_PATH=/home/booster/Workspace/robocup_demo/install/game_controller_interface:/opt/ros/humble LD_LIBRARY_PATH=/home/booster/Workspace/robocup_demo/install/game_controller_interface/lib:/opt/ros/humble/opt/rviz_ogre_vendor/lib:/opt/ros/humble/lib/aarch64-linux-gnu:/opt/ros/humble/lib:/usr/local/cuda/lib64 PYTHONPATH=/home/booster/Workspace/robocup_demo/install/game_controller_interface/local/lib/python3.10/dist-packages:${PYTHONPATH} /usr/bin/cmake --build /home/booster/Workspace/robocup_demo/build/game_controller -- -j5 -l5
[0.340s] Invoking command in '/home/booster/Workspace/robocup_demo/build/game_controller': AMENT_PREFIX_PATH=/home/booster/Workspace/robocup_demo/install/game_controller_interface:${AMENT_PREFIX_PATH} CMAKE_PREFIX_PATH=/home/booster/Workspace/robocup_demo/install/game_controller_interface:/opt/ros/humble LD_LIBRARY_PATH=/home/booster/Workspace/robocup_demo/install/game_controller_interface/lib:/opt/ros/humble/opt/rviz_ogre_vendor/lib:/opt/ros/humble/lib/aarch64-linux-gnu:/opt/ros/humble/lib:/usr/local/cuda/lib64 PYTHONPATH=/home/booster/Workspace/robocup_demo/install/game_controller_interface/local/lib/python3.10/dist-packages:${PYTHONPATH} /usr/bin/cmake --install /home/booster/Workspace/robocup_demo/build/game_controller
[0.356s] -- Install configuration: ""
[0.357s] -- Execute custom install script
[0.358s] -- Up-to-date symlink: /home/booster/Workspace/robocup_demo/install/game_controller/share/game_controller/launch/launch.py
[0.358s] -- Up-to-date symlink: /home/booster/Workspace/robocup_demo/install/game_controller/lib/game_controller/game_controller_node
[0.358s] -- Up-to-date symlink: /home/booster/Workspace/robocup_demo/install/game_controller/share/ament_index/resource_index/package_run_dependencies/game_controller
[0.359s] -- Up-to-date symlink: /home/booster/Workspace/robocup_demo/install/game_controller/share/ament_index/resource_index/parent_prefix_path/game_controller
[0.359s] -- Up-to-date symlink: /home/booster/Workspace/robocup_demo/install/game_controller/share/game_controller/environment/ament_prefix_path.sh
[0.359s] -- Up-to-date symlink: /home/booster/Workspace/robocup_demo/install/game_controller/share/game_controller/environment/ament_prefix_path.dsv
[0.360s] -- Up-to-date symlink: /home/booster/Workspace/robocup_demo/install/game_controller/share/game_controller/environment/path.sh
[0.360s] -- Up-to-date symlink: /home/booster/Workspace/robocup_demo/install/game_controller/share/game_controller/environment/path.dsv
[0.360s] -- Up-to-date symlink: /home/booster/Workspace/robocup_demo/install/game_controller/share/game_controller/local_setup.bash
[0.360s] -- Up-to-date symlink: /home/booster/Workspace/robocup_demo/install/game_controller/share/game_controller/local_setup.sh
[0.361s] -- Up-to-date symlink: /home/booster/Workspace/robocup_demo/install/game_controller/share/game_controller/local_setup.zsh
[0.361s] -- Up-to-date symlink: /home/booster/Workspace/robocup_demo/install/game_controller/share/game_controller/local_setup.dsv
[0.361s] -- Symlinking: /home/booster/Workspace/robocup_demo/install/game_controller/share/game_controller/package.dsv
[0.382s] -- Up-to-date symlink: /home/booster/Workspace/robocup_demo/install/game_controller/share/ament_index/resource_index/packages/game_controller
[0.382s] -- Up-to-date symlink: /home/booster/Workspace/robocup_demo/install/game_controller/share/game_controller/cmake/game_controllerConfig.cmake
[0.382s] -- Up-to-date symlink: /home/booster/Workspace/robocup_demo/install/game_controller/share/game_controller/cmake/game_controllerConfig-version.cmake
[0.382s] -- Up-to-date symlink: /home/booster/Workspace/robocup_demo/install/game_controller/share/game_controller/package.xml
[0.389s] Invoked command in '/home/booster/Workspace/robocup_demo/build/game_controller' returned '0': AMENT_PREFIX_PATH=/home/booster/Workspace/robocup_demo/install/game_controller_interface:${AMENT_PREFIX_PATH} CMAKE_PREFIX_PATH=/home/booster/Workspace/robocup_demo/install/game_controller_interface:/opt/ros/humble LD_LIBRARY_PATH=/home/booster/Workspace/robocup_demo/install/game_controller_interface/lib:/opt/ros/humble/opt/rviz_ogre_vendor/lib:/opt/ros/humble/lib/aarch64-linux-gnu:/opt/ros/humble/lib:/usr/local/cuda/lib64 PYTHONPATH=/home/booster/Workspace/robocup_demo/install/game_controller_interface/local/lib/python3.10/dist-packages:${PYTHONPATH} /usr/bin/cmake --install /home/booster/Workspace/robocup_demo/build/game_controller
