[0.044s] Invoking command in '/home/booster/Workspace/robocup_demo/build/game_controller_interface': CMAKE_PREFIX_PATH=/opt/ros/humble /usr/bin/cmake --build /home/booster/Workspace/robocup_demo/build/game_controller_interface -- -j5 -l5
[0.310s] [  2%] Built target game_controller_interface__cpp
[0.452s] [  2%] Built target ament_cmake_python_symlink_game_controller_interface
[0.569s] [ 12%] Built target game_controller_interface__rosidl_typesupport_introspection_cpp
[1.495s] running egg_info
[1.498s] writing game_controller_interface.egg-info/PKG-INFO
[1.499s] writing dependency_links to game_controller_interface.egg-info/dependency_links.txt
[1.500s] writing top-level names to game_controller_interface.egg-info/top_level.txt
[1.507s] reading manifest file 'game_controller_interface.egg-info/SOURCES.txt'
[1.512s] writing manifest file 'game_controller_interface.egg-info/SOURCES.txt'
[1.688s] [ 12%] Built target ament_cmake_python_build_game_controller_interface_egg
[1.813s] [ 23%] Built target game_controller_interface__rosidl_typesupport_fastrtps_cpp
[1.860s] [ 34%] Built target game_controller_interface__rosidl_typesupport_cpp
[1.978s] [ 44%] Built target game_controller_interface__rosidl_generator_c
[2.059s] [ 55%] Built target game_controller_interface__rosidl_typesupport_fastrtps_c
[2.169s] [ 65%] Built target game_controller_interface__rosidl_typesupport_c
[2.255s] [ 76%] Built target game_controller_interface__rosidl_typesupport_introspection_c
[2.331s] [ 76%] Built target game_controller_interface
[2.420s] [ 78%] Built target game_controller_interface__py
[2.505s] [ 87%] Built target game_controller_interface__rosidl_generator_py
[2.580s] [ 91%] Built target game_controller_interface__rosidl_typesupport_fastrtps_c__pyext
[2.713s] [ 95%] Built target game_controller_interface__rosidl_typesupport_c__pyext
[2.795s] [100%] Built target game_controller_interface__rosidl_typesupport_introspection_c__pyext
[2.844s] Invoked command in '/home/booster/Workspace/robocup_demo/build/game_controller_interface' returned '0': CMAKE_PREFIX_PATH=/opt/ros/humble /usr/bin/cmake --build /home/booster/Workspace/robocup_demo/build/game_controller_interface -- -j5 -l5
[2.871s] Invoking command in '/home/booster/Workspace/robocup_demo/build/game_controller_interface': CMAKE_PREFIX_PATH=/opt/ros/humble /usr/bin/cmake --install /home/booster/Workspace/robocup_demo/build/game_controller_interface
[2.918s] -- Install configuration: ""
[2.918s] -- Execute custom install script
[2.919s] -- Up-to-date symlink: /home/booster/Workspace/robocup_demo/install/game_controller_interface/share/ament_index/resource_index/rosidl_interfaces/game_controller_interface
[2.920s] -- Up-to-date symlink: /home/booster/Workspace/robocup_demo/install/game_controller_interface/include/game_controller_interface/game_controller_interface/msg/detail/game_control_data__functions.h
[2.920s] -- Up-to-date symlink: /home/booster/Workspace/robocup_demo/install/game_controller_interface/include/game_controller_interface/game_controller_interface/msg/detail/game_control_data__struct.h
[2.920s] -- Up-to-date symlink: /home/booster/Workspace/robocup_demo/install/game_controller_interface/include/game_controller_interface/game_controller_interface/msg/detail/game_control_data__type_support.h
[2.920s] -- Up-to-date symlink: /home/booster/Workspace/robocup_demo/install/game_controller_interface/include/game_controller_interface/game_controller_interface/msg/detail/robot_info__functions.h
[2.920s] -- Up-to-date symlink: /home/booster/Workspace/robocup_demo/install/game_controller_interface/include/game_controller_interface/game_controller_interface/msg/detail/robot_info__struct.h
[2.920s] -- Up-to-date symlink: /home/booster/Workspace/robocup_demo/install/game_controller_interface/include/game_controller_interface/game_controller_interface/msg/detail/robot_info__type_support.h
[2.921s] -- Up-to-date symlink: /home/booster/Workspace/robocup_demo/install/game_controller_interface/include/game_controller_interface/game_controller_interface/msg/detail/team_info__functions.h
[2.921s] -- Up-to-date symlink: /home/booster/Workspace/robocup_demo/install/game_controller_interface/include/game_controller_interface/game_controller_interface/msg/detail/team_info__struct.h
[2.921s] -- Up-to-date symlink: /home/booster/Workspace/robocup_demo/install/game_controller_interface/include/game_controller_interface/game_controller_interface/msg/detail/team_info__type_support.h
[2.921s] -- Up-to-date symlink: /home/booster/Workspace/robocup_demo/install/game_controller_interface/include/game_controller_interface/game_controller_interface/msg/game_control_data.h
[2.922s] -- Up-to-date symlink: /home/booster/Workspace/robocup_demo/install/game_controller_interface/include/game_controller_interface/game_controller_interface/msg/robot_info.h
[2.922s] -- Up-to-date symlink: /home/booster/Workspace/robocup_demo/install/game_controller_interface/include/game_controller_interface/game_controller_interface/msg/rosidl_generator_c__visibility_control.h
[2.922s] -- Up-to-date symlink: /home/booster/Workspace/robocup_demo/install/game_controller_interface/include/game_controller_interface/game_controller_interface/msg/team_info.h
[2.922s] -- Up-to-date symlink: /home/booster/Workspace/robocup_demo/install/game_controller_interface/share/game_controller_interface/environment/library_path.sh
[2.922s] -- Up-to-date symlink: /home/booster/Workspace/robocup_demo/install/game_controller_interface/share/game_controller_interface/environment/library_path.dsv
[2.922s] -- Up-to-date symlink: /home/booster/Workspace/robocup_demo/install/game_controller_interface/include/game_controller_interface/game_controller_interface/msg/detail/game_control_data__rosidl_typesupport_fastrtps_c.h
[2.923s] -- Up-to-date symlink: /home/booster/Workspace/robocup_demo/install/game_controller_interface/include/game_controller_interface/game_controller_interface/msg/detail/robot_info__rosidl_typesupport_fastrtps_c.h
[2.923s] -- Up-to-date symlink: /home/booster/Workspace/robocup_demo/install/game_controller_interface/include/game_controller_interface/game_controller_interface/msg/detail/team_info__rosidl_typesupport_fastrtps_c.h
[2.923s] -- Up-to-date symlink: /home/booster/Workspace/robocup_demo/install/game_controller_interface/include/game_controller_interface/game_controller_interface/msg/rosidl_typesupport_fastrtps_c__visibility_control.h
[2.924s] -- Up-to-date symlink: /home/booster/Workspace/robocup_demo/install/game_controller_interface/include/game_controller_interface/game_controller_interface/msg/detail/game_control_data__builder.hpp
[2.924s] -- Up-to-date symlink: /home/booster/Workspace/robocup_demo/install/game_controller_interface/include/game_controller_interface/game_controller_interface/msg/detail/game_control_data__struct.hpp
[2.924s] -- Up-to-date symlink: /home/booster/Workspace/robocup_demo/install/game_controller_interface/include/game_controller_interface/game_controller_interface/msg/detail/game_control_data__traits.hpp
[2.924s] -- Up-to-date symlink: /home/booster/Workspace/robocup_demo/install/game_controller_interface/include/game_controller_interface/game_controller_interface/msg/detail/game_control_data__type_support.hpp
[2.924s] -- Up-to-date symlink: /home/booster/Workspace/robocup_demo/install/game_controller_interface/include/game_controller_interface/game_controller_interface/msg/detail/robot_info__builder.hpp
[2.924s] -- Up-to-date symlink: /home/booster/Workspace/robocup_demo/install/game_controller_interface/include/game_controller_interface/game_controller_interface/msg/detail/robot_info__struct.hpp
[2.924s] -- Up-to-date symlink: /home/booster/Workspace/robocup_demo/install/game_controller_interface/include/game_controller_interface/game_controller_interface/msg/detail/robot_info__traits.hpp
[2.924s] -- Up-to-date symlink: /home/booster/Workspace/robocup_demo/install/game_controller_interface/include/game_controller_interface/game_controller_interface/msg/detail/robot_info__type_support.hpp
[2.924s] -- Up-to-date symlink: /home/booster/Workspace/robocup_demo/install/game_controller_interface/include/game_controller_interface/game_controller_interface/msg/detail/team_info__builder.hpp
[2.925s] -- Up-to-date symlink: /home/booster/Workspace/robocup_demo/install/game_controller_interface/include/game_controller_interface/game_controller_interface/msg/detail/team_info__struct.hpp
[2.925s] -- Up-to-date symlink: /home/booster/Workspace/robocup_demo/install/game_controller_interface/include/game_controller_interface/game_controller_interface/msg/detail/team_info__traits.hpp
[2.925s] -- Up-to-date symlink: /home/booster/Workspace/robocup_demo/install/game_controller_interface/include/game_controller_interface/game_controller_interface/msg/detail/team_info__type_support.hpp
[2.925s] -- Up-to-date symlink: /home/booster/Workspace/robocup_demo/install/game_controller_interface/include/game_controller_interface/game_controller_interface/msg/game_control_data.hpp
[2.926s] -- Up-to-date symlink: /home/booster/Workspace/robocup_demo/install/game_controller_interface/include/game_controller_interface/game_controller_interface/msg/robot_info.hpp
[2.926s] -- Up-to-date symlink: /home/booster/Workspace/robocup_demo/install/game_controller_interface/include/game_controller_interface/game_controller_interface/msg/rosidl_generator_cpp__visibility_control.hpp
[2.926s] -- Up-to-date symlink: /home/booster/Workspace/robocup_demo/install/game_controller_interface/include/game_controller_interface/game_controller_interface/msg/team_info.hpp
[2.926s] -- Up-to-date symlink: /home/booster/Workspace/robocup_demo/install/game_controller_interface/include/game_controller_interface/game_controller_interface/msg/detail/game_control_data__rosidl_typesupport_fastrtps_cpp.hpp
[2.926s] -- Up-to-date symlink: /home/booster/Workspace/robocup_demo/install/game_controller_interface/include/game_controller_interface/game_controller_interface/msg/detail/robot_info__rosidl_typesupport_fastrtps_cpp.hpp
[2.926s] -- Up-to-date symlink: /home/booster/Workspace/robocup_demo/install/game_controller_interface/include/game_controller_interface/game_controller_interface/msg/detail/team_info__rosidl_typesupport_fastrtps_cpp.hpp
[2.926s] -- Up-to-date symlink: /home/booster/Workspace/robocup_demo/install/game_controller_interface/include/game_controller_interface/game_controller_interface/msg/rosidl_typesupport_fastrtps_cpp__visibility_control.h
[2.927s] -- Up-to-date symlink: /home/booster/Workspace/robocup_demo/install/game_controller_interface/include/game_controller_interface/game_controller_interface/msg/detail/game_control_data__rosidl_typesupport_introspection_c.h
[2.928s] -- Up-to-date symlink: /home/booster/Workspace/robocup_demo/install/game_controller_interface/include/game_controller_interface/game_controller_interface/msg/detail/robot_info__rosidl_typesupport_introspection_c.h
[2.928s] -- Up-to-date symlink: /home/booster/Workspace/robocup_demo/install/game_controller_interface/include/game_controller_interface/game_controller_interface/msg/detail/team_info__rosidl_typesupport_introspection_c.h
[2.928s] -- Up-to-date symlink: /home/booster/Workspace/robocup_demo/install/game_controller_interface/include/game_controller_interface/game_controller_interface/msg/rosidl_typesupport_introspection_c__visibility_control.h
[2.929s] -- Up-to-date symlink: /home/booster/Workspace/robocup_demo/install/game_controller_interface/include/game_controller_interface/game_controller_interface/msg/detail/game_control_data__rosidl_typesupport_introspection_cpp.hpp
[2.929s] -- Up-to-date symlink: /home/booster/Workspace/robocup_demo/install/game_controller_interface/include/game_controller_interface/game_controller_interface/msg/detail/robot_info__rosidl_typesupport_introspection_cpp.hpp
[2.929s] -- Up-to-date symlink: /home/booster/Workspace/robocup_demo/install/game_controller_interface/include/game_controller_interface/game_controller_interface/msg/detail/team_info__rosidl_typesupport_introspection_cpp.hpp
[2.929s] -- Up-to-date symlink: /home/booster/Workspace/robocup_demo/install/game_controller_interface/share/game_controller_interface/environment/pythonpath.sh
[2.929s] -- Up-to-date symlink: /home/booster/Workspace/robocup_demo/install/game_controller_interface/share/game_controller_interface/environment/pythonpath.dsv
[2.930s] -- Up-to-date symlink: /home/booster/Workspace/robocup_demo/install/game_controller_interface/local/lib/python3.10/dist-packages/game_controller_interface-1.0.0-py3.10.egg-info/PKG-INFO
[2.930s] -- Up-to-date symlink: /home/booster/Workspace/robocup_demo/install/game_controller_interface/local/lib/python3.10/dist-packages/game_controller_interface-1.0.0-py3.10.egg-info/SOURCES.txt
[2.930s] -- Up-to-date symlink: /home/booster/Workspace/robocup_demo/install/game_controller_interface/local/lib/python3.10/dist-packages/game_controller_interface-1.0.0-py3.10.egg-info/dependency_links.txt
[2.930s] -- Up-to-date symlink: /home/booster/Workspace/robocup_demo/install/game_controller_interface/local/lib/python3.10/dist-packages/game_controller_interface-1.0.0-py3.10.egg-info/top_level.txt
[2.932s] -- Up-to-date symlink: /home/booster/Workspace/robocup_demo/install/game_controller_interface/local/lib/python3.10/dist-packages/game_controller_interface/__init__.py
[2.936s] -- Up-to-date symlink: /home/booster/Workspace/robocup_demo/install/game_controller_interface/local/lib/python3.10/dist-packages/game_controller_interface/_game_controller_interface_s.ep.rosidl_typesupport_c.c
[2.936s] -- Up-to-date symlink: /home/booster/Workspace/robocup_demo/install/game_controller_interface/local/lib/python3.10/dist-packages/game_controller_interface/_game_controller_interface_s.ep.rosidl_typesupport_fastrtps_c.c
[2.936s] -- Up-to-date symlink: /home/booster/Workspace/robocup_demo/install/game_controller_interface/local/lib/python3.10/dist-packages/game_controller_interface/_game_controller_interface_s.ep.rosidl_typesupport_introspection_c.c
[2.936s] -- Up-to-date symlink: /home/booster/Workspace/robocup_demo/install/game_controller_interface/local/lib/python3.10/dist-packages/game_controller_interface/game_controller_interface_s__rosidl_typesupport_c.cpython-310-aarch64-linux-gnu.so
[2.936s] -- Up-to-date symlink: /home/booster/Workspace/robocup_demo/install/game_controller_interface/local/lib/python3.10/dist-packages/game_controller_interface/game_controller_interface_s__rosidl_typesupport_fastrtps_c.cpython-310-aarch64-linux-gnu.so
[2.938s] -- Up-to-date symlink: /home/booster/Workspace/robocup_demo/install/game_controller_interface/local/lib/python3.10/dist-packages/game_controller_interface/game_controller_interface_s__rosidl_typesupport_introspection_c.cpython-310-aarch64-linux-gnu.so
[2.938s] -- Up-to-date symlink: /home/booster/Workspace/robocup_demo/install/game_controller_interface/local/lib/python3.10/dist-packages/game_controller_interface/libgame_controller_interface__rosidl_generator_py.so
[2.938s] -- Up-to-date symlink: /home/booster/Workspace/robocup_demo/install/game_controller_interface/local/lib/python3.10/dist-packages/game_controller_interface/msg/__init__.py
[2.938s] -- Up-to-date symlink: /home/booster/Workspace/robocup_demo/install/game_controller_interface/local/lib/python3.10/dist-packages/game_controller_interface/msg/_game_control_data.py
[2.944s] -- Up-to-date symlink: /home/booster/Workspace/robocup_demo/install/game_controller_interface/local/lib/python3.10/dist-packages/game_controller_interface/msg/_game_control_data_s.c
[2.944s] -- Up-to-date symlink: /home/booster/Workspace/robocup_demo/install/game_controller_interface/local/lib/python3.10/dist-packages/game_controller_interface/msg/_robot_info.py
[2.946s] -- Up-to-date symlink: /home/booster/Workspace/robocup_demo/install/game_controller_interface/local/lib/python3.10/dist-packages/game_controller_interface/msg/_robot_info_s.c
[2.946s] -- Up-to-date symlink: /home/booster/Workspace/robocup_demo/install/game_controller_interface/local/lib/python3.10/dist-packages/game_controller_interface/msg/_team_info.py
[2.947s] -- Up-to-date symlink: /home/booster/Workspace/robocup_demo/install/game_controller_interface/local/lib/python3.10/dist-packages/game_controller_interface/msg/_team_info_s.c
[2.947s] -- Up-to-date symlink: /home/booster/Workspace/robocup_demo/install/game_controller_interface/local/lib/python3.10/dist-packages/game_controller_interface/game_controller_interface_s__rosidl_typesupport_fastrtps_c.cpython-310-aarch64-linux-gnu.so
[2.947s] -- Up-to-date symlink: /home/booster/Workspace/robocup_demo/install/game_controller_interface/local/lib/python3.10/dist-packages/game_controller_interface/game_controller_interface_s__rosidl_typesupport_introspection_c.cpython-310-aarch64-linux-gnu.so
[2.947s] -- Up-to-date symlink: /home/booster/Workspace/robocup_demo/install/game_controller_interface/local/lib/python3.10/dist-packages/game_controller_interface/game_controller_interface_s__rosidl_typesupport_c.cpython-310-aarch64-linux-gnu.so
[2.947s] -- Up-to-date symlink: /home/booster/Workspace/robocup_demo/install/game_controller_interface/share/game_controller_interface/msg/GameControlData.idl
[2.947s] -- Up-to-date symlink: /home/booster/Workspace/robocup_demo/install/game_controller_interface/share/game_controller_interface/msg/RobotInfo.idl
[2.948s] -- Up-to-date symlink: /home/booster/Workspace/robocup_demo/install/game_controller_interface/share/game_controller_interface/msg/TeamInfo.idl
[2.948s] -- Up-to-date symlink: /home/booster/Workspace/robocup_demo/install/game_controller_interface/share/game_controller_interface/msg/GameControlData.msg
[2.948s] -- Up-to-date symlink: /home/booster/Workspace/robocup_demo/install/game_controller_interface/share/game_controller_interface/msg/RobotInfo.msg
[2.948s] -- Up-to-date symlink: /home/booster/Workspace/robocup_demo/install/game_controller_interface/share/game_controller_interface/msg/TeamInfo.msg
[2.948s] -- Up-to-date symlink: /home/booster/Workspace/robocup_demo/install/game_controller_interface/share/ament_index/resource_index/package_run_dependencies/game_controller_interface
[2.948s] -- Up-to-date symlink: /home/booster/Workspace/robocup_demo/install/game_controller_interface/share/ament_index/resource_index/parent_prefix_path/game_controller_interface
[2.948s] -- Up-to-date symlink: /home/booster/Workspace/robocup_demo/install/game_controller_interface/share/game_controller_interface/environment/ament_prefix_path.sh
[2.948s] -- Up-to-date symlink: /home/booster/Workspace/robocup_demo/install/game_controller_interface/share/game_controller_interface/environment/ament_prefix_path.dsv
[2.948s] -- Up-to-date symlink: /home/booster/Workspace/robocup_demo/install/game_controller_interface/share/game_controller_interface/environment/path.sh
[2.948s] -- Up-to-date symlink: /home/booster/Workspace/robocup_demo/install/game_controller_interface/share/game_controller_interface/environment/path.dsv
[2.948s] -- Up-to-date symlink: /home/booster/Workspace/robocup_demo/install/game_controller_interface/share/game_controller_interface/local_setup.bash
[2.949s] -- Up-to-date symlink: /home/booster/Workspace/robocup_demo/install/game_controller_interface/share/game_controller_interface/local_setup.sh
[2.950s] -- Up-to-date symlink: /home/booster/Workspace/robocup_demo/install/game_controller_interface/share/game_controller_interface/local_setup.zsh
[2.951s] -- Up-to-date symlink: /home/booster/Workspace/robocup_demo/install/game_controller_interface/share/game_controller_interface/local_setup.dsv
[2.951s] -- Symlinking: /home/booster/Workspace/robocup_demo/install/game_controller_interface/share/game_controller_interface/package.dsv
[2.979s] -- Up-to-date symlink: /home/booster/Workspace/robocup_demo/install/game_controller_interface/share/ament_index/resource_index/packages/game_controller_interface
[2.980s] -- Up-to-date symlink: /home/booster/Workspace/robocup_demo/install/game_controller_interface/share/game_controller_interface/cmake/rosidl_cmake-extras.cmake
[2.980s] -- Up-to-date symlink: /home/booster/Workspace/robocup_demo/install/game_controller_interface/share/game_controller_interface/cmake/ament_cmake_export_include_directories-extras.cmake
[2.980s] -- Up-to-date symlink: /home/booster/Workspace/robocup_demo/install/game_controller_interface/share/game_controller_interface/cmake/ament_cmake_export_libraries-extras.cmake
[2.981s] -- Up-to-date symlink: /home/booster/Workspace/robocup_demo/install/game_controller_interface/share/game_controller_interface/cmake/ament_cmake_export_targets-extras.cmake
[2.981s] -- Up-to-date symlink: /home/booster/Workspace/robocup_demo/install/game_controller_interface/share/game_controller_interface/cmake/rosidl_cmake_export_typesupport_targets-extras.cmake
[2.981s] -- Up-to-date symlink: /home/booster/Workspace/robocup_demo/install/game_controller_interface/share/game_controller_interface/cmake/ament_cmake_export_dependencies-extras.cmake
[2.984s] -- Up-to-date symlink: /home/booster/Workspace/robocup_demo/install/game_controller_interface/share/game_controller_interface/cmake/rosidl_cmake_export_typesupport_libraries-extras.cmake
[2.984s] -- Up-to-date symlink: /home/booster/Workspace/robocup_demo/install/game_controller_interface/share/game_controller_interface/cmake/game_controller_interfaceConfig.cmake
[2.984s] -- Up-to-date symlink: /home/booster/Workspace/robocup_demo/install/game_controller_interface/share/game_controller_interface/cmake/game_controller_interfaceConfig-version.cmake
[2.985s] -- Up-to-date symlink: /home/booster/Workspace/robocup_demo/install/game_controller_interface/share/game_controller_interface/package.xml
[2.985s] -- Up-to-date: /home/booster/Workspace/robocup_demo/install/game_controller_interface/lib/libgame_controller_interface__rosidl_generator_c.so
[2.985s] -- Up-to-date: /home/booster/Workspace/robocup_demo/install/game_controller_interface/lib/libgame_controller_interface__rosidl_typesupport_fastrtps_c.so
[2.986s] -- Up-to-date: /home/booster/Workspace/robocup_demo/install/game_controller_interface/lib/libgame_controller_interface__rosidl_typesupport_fastrtps_cpp.so
[2.986s] -- Up-to-date: /home/booster/Workspace/robocup_demo/install/game_controller_interface/lib/libgame_controller_interface__rosidl_typesupport_introspection_c.so
[2.987s] -- Up-to-date: /home/booster/Workspace/robocup_demo/install/game_controller_interface/lib/libgame_controller_interface__rosidl_typesupport_c.so
[2.989s] -- Up-to-date: /home/booster/Workspace/robocup_demo/install/game_controller_interface/lib/libgame_controller_interface__rosidl_typesupport_introspection_cpp.so
[2.989s] -- Up-to-date: /home/booster/Workspace/robocup_demo/install/game_controller_interface/lib/libgame_controller_interface__rosidl_typesupport_cpp.so
[3.113s] Listing '/home/booster/Workspace/robocup_demo/install/game_controller_interface/local/lib/python3.10/dist-packages/game_controller_interface'...
[3.113s] Listing '/home/booster/Workspace/robocup_demo/install/game_controller_interface/local/lib/python3.10/dist-packages/game_controller_interface/msg'...
[3.157s] -- Up-to-date: /home/booster/Workspace/robocup_demo/install/game_controller_interface/lib/libgame_controller_interface__rosidl_generator_py.so
[3.157s] -- Up-to-date: /home/booster/Workspace/robocup_demo/install/game_controller_interface/share/game_controller_interface/cmake/export_game_controller_interface__rosidl_generator_cExport.cmake
[3.158s] -- Up-to-date: /home/booster/Workspace/robocup_demo/install/game_controller_interface/share/game_controller_interface/cmake/export_game_controller_interface__rosidl_generator_cExport-noconfig.cmake
[3.158s] -- Up-to-date: /home/booster/Workspace/robocup_demo/install/game_controller_interface/share/game_controller_interface/cmake/export_game_controller_interface__rosidl_typesupport_fastrtps_cExport.cmake
[3.158s] -- Up-to-date: /home/booster/Workspace/robocup_demo/install/game_controller_interface/share/game_controller_interface/cmake/export_game_controller_interface__rosidl_typesupport_fastrtps_cExport-noconfig.cmake
[3.158s] -- Up-to-date: /home/booster/Workspace/robocup_demo/install/game_controller_interface/share/game_controller_interface/cmake/export_game_controller_interface__rosidl_generator_cppExport.cmake
[3.158s] -- Up-to-date: /home/booster/Workspace/robocup_demo/install/game_controller_interface/share/game_controller_interface/cmake/export_game_controller_interface__rosidl_typesupport_fastrtps_cppExport.cmake
[3.158s] -- Up-to-date: /home/booster/Workspace/robocup_demo/install/game_controller_interface/share/game_controller_interface/cmake/export_game_controller_interface__rosidl_typesupport_fastrtps_cppExport-noconfig.cmake
[3.158s] -- Up-to-date: /home/booster/Workspace/robocup_demo/install/game_controller_interface/share/game_controller_interface/cmake/game_controller_interface__rosidl_typesupport_introspection_cExport.cmake
[3.158s] -- Up-to-date: /home/booster/Workspace/robocup_demo/install/game_controller_interface/share/game_controller_interface/cmake/game_controller_interface__rosidl_typesupport_introspection_cExport-noconfig.cmake
[3.158s] -- Up-to-date: /home/booster/Workspace/robocup_demo/install/game_controller_interface/share/game_controller_interface/cmake/game_controller_interface__rosidl_typesupport_cExport.cmake
[3.158s] -- Up-to-date: /home/booster/Workspace/robocup_demo/install/game_controller_interface/share/game_controller_interface/cmake/game_controller_interface__rosidl_typesupport_cExport-noconfig.cmake
[3.158s] -- Up-to-date: /home/booster/Workspace/robocup_demo/install/game_controller_interface/share/game_controller_interface/cmake/game_controller_interface__rosidl_typesupport_introspection_cppExport.cmake
[3.159s] -- Up-to-date: /home/booster/Workspace/robocup_demo/install/game_controller_interface/share/game_controller_interface/cmake/game_controller_interface__rosidl_typesupport_introspection_cppExport-noconfig.cmake
[3.159s] -- Up-to-date: /home/booster/Workspace/robocup_demo/install/game_controller_interface/share/game_controller_interface/cmake/game_controller_interface__rosidl_typesupport_cppExport.cmake
[3.159s] -- Up-to-date: /home/booster/Workspace/robocup_demo/install/game_controller_interface/share/game_controller_interface/cmake/game_controller_interface__rosidl_typesupport_cppExport-noconfig.cmake
[3.161s] -- Up-to-date: /home/booster/Workspace/robocup_demo/install/game_controller_interface/share/game_controller_interface/cmake/export_game_controller_interface__rosidl_generator_pyExport.cmake
[3.162s] -- Up-to-date: /home/booster/Workspace/robocup_demo/install/game_controller_interface/share/game_controller_interface/cmake/export_game_controller_interface__rosidl_generator_pyExport-noconfig.cmake
[3.184s] Invoked command in '/home/booster/Workspace/robocup_demo/build/game_controller_interface' returned '0': CMAKE_PREFIX_PATH=/opt/ros/humble /usr/bin/cmake --install /home/booster/Workspace/robocup_demo/build/game_controller_interface
