[0.065s] Invoking command in '/home/booster/Workspace/robocup_demo/build/brain': AMENT_PREFIX_PATH=/home/booster/Workspace/robocup_demo/install/vision_interface:/home/booster/Workspace/robocup_demo/install/game_controller_interface:/home/booster/Workspace/robocup_demo/install/booster_msgs:/home/booster/Workspace/robocup_demo/install/booster_interface:${AMENT_PREFIX_PATH} CMAKE_PREFIX_PATH=/home/booster/Workspace/robocup_demo/install/vision_interface:/home/booster/Workspace/robocup_demo/install/game_controller_interface:/home/booster/Workspace/robocup_demo/install/booster_msgs:/home/booster/Workspace/robocup_demo/install/booster_interface:/opt/ros/humble LD_LIBRARY_PATH=/home/booster/Workspace/robocup_demo/install/vision_interface/lib:/home/booster/Workspace/robocup_demo/install/game_controller_interface/lib:/home/booster/Workspace/robocup_demo/install/booster_msgs/lib:/home/booster/Workspace/robocup_demo/install/booster_interface/lib:/opt/ros/humble/opt/rviz_ogre_vendor/lib:/opt/ros/humble/lib/aarch64-linux-gnu:/opt/ros/humble/lib:/usr/local/cuda/lib64 PYTHONPATH=/home/booster/Workspace/robocup_demo/install/vision_interface/local/lib/python3.10/dist-packages:/home/booster/Workspace/robocup_demo/install/game_controller_interface/local/lib/python3.10/dist-packages:/home/booster/Workspace/robocup_demo/install/booster_msgs/local/lib/python3.10/dist-packages:/home/booster/Workspace/robocup_demo/install/booster_interface/local/lib/python3.10/dist-packages:${PYTHONPATH} /usr/bin/cmake --build /home/booster/Workspace/robocup_demo/build/brain -- -j5 -l5
[0.234s] [  2%] Built target brain__cpp
[0.345s] [  2%] Built target ament_cmake_python_symlink_brain
[0.434s] [  9%] Built target brain__rosidl_typesupport_introspection_cpp
[1.252s] running egg_info
[1.254s] writing brain.egg-info/PKG-INFO
[1.256s] writing dependency_links to brain.egg-info/dependency_links.txt
[1.257s] writing top-level names to brain.egg-info/top_level.txt
[1.269s] reading manifest file 'brain.egg-info/SOURCES.txt'
[1.277s] writing manifest file 'brain.egg-info/SOURCES.txt'
[1.443s] [  9%] Built target ament_cmake_python_build_brain_egg
[1.513s] [ 16%] Built target brain__rosidl_typesupport_fastrtps_cpp
[1.667s] [ 23%] Built target brain__rosidl_typesupport_cpp
[1.807s] [ 30%] Built target brain__rosidl_generator_c
[1.999s] [ 33%] [32mBuilding CXX object CMakeFiles/brain_node.dir/src/brain_tree.cpp.o[0m
[75.127s] [ 35%] [32m[1mLinking CXX executable brain_node[0m
[94.817s] [ 57%] Built target brain_node
[94.933s] [ 64%] Built target brain__rosidl_typesupport_c
[94.993s] [ 71%] Built target brain__rosidl_typesupport_introspection_c
[95.050s] [ 78%] Built target brain__rosidl_typesupport_fastrtps_c
[95.106s] [ 78%] Built target brain
[95.157s] [ 80%] Built target brain__py
[95.248s] [ 85%] Built target brain__rosidl_generator_py
[95.325s] [ 90%] Built target brain__rosidl_typesupport_fastrtps_c__pyext
[95.454s] [ 95%] Built target brain__rosidl_typesupport_c__pyext
[95.527s] [100%] Built target brain__rosidl_typesupport_introspection_c__pyext
[95.557s] Invoked command in '/home/booster/Workspace/robocup_demo/build/brain' returned '0': AMENT_PREFIX_PATH=/home/booster/Workspace/robocup_demo/install/vision_interface:/home/booster/Workspace/robocup_demo/install/game_controller_interface:/home/booster/Workspace/robocup_demo/install/booster_msgs:/home/booster/Workspace/robocup_demo/install/booster_interface:${AMENT_PREFIX_PATH} CMAKE_PREFIX_PATH=/home/booster/Workspace/robocup_demo/install/vision_interface:/home/booster/Workspace/robocup_demo/install/game_controller_interface:/home/booster/Workspace/robocup_demo/install/booster_msgs:/home/booster/Workspace/robocup_demo/install/booster_interface:/opt/ros/humble LD_LIBRARY_PATH=/home/booster/Workspace/robocup_demo/install/vision_interface/lib:/home/booster/Workspace/robocup_demo/install/game_controller_interface/lib:/home/booster/Workspace/robocup_demo/install/booster_msgs/lib:/home/booster/Workspace/robocup_demo/install/booster_interface/lib:/opt/ros/humble/opt/rviz_ogre_vendor/lib:/opt/ros/humble/lib/aarch64-linux-gnu:/opt/ros/humble/lib:/usr/local/cuda/lib64 PYTHONPATH=/home/booster/Workspace/robocup_demo/install/vision_interface/local/lib/python3.10/dist-packages:/home/booster/Workspace/robocup_demo/install/game_controller_interface/local/lib/python3.10/dist-packages:/home/booster/Workspace/robocup_demo/install/booster_msgs/local/lib/python3.10/dist-packages:/home/booster/Workspace/robocup_demo/install/booster_interface/local/lib/python3.10/dist-packages:${PYTHONPATH} /usr/bin/cmake --build /home/booster/Workspace/robocup_demo/build/brain -- -j5 -l5
[95.560s] Invoking command in '/home/booster/Workspace/robocup_demo/build/brain': AMENT_PREFIX_PATH=/home/booster/Workspace/robocup_demo/install/vision_interface:/home/booster/Workspace/robocup_demo/install/game_controller_interface:/home/booster/Workspace/robocup_demo/install/booster_msgs:/home/booster/Workspace/robocup_demo/install/booster_interface:${AMENT_PREFIX_PATH} CMAKE_PREFIX_PATH=/home/booster/Workspace/robocup_demo/install/vision_interface:/home/booster/Workspace/robocup_demo/install/game_controller_interface:/home/booster/Workspace/robocup_demo/install/booster_msgs:/home/booster/Workspace/robocup_demo/install/booster_interface:/opt/ros/humble LD_LIBRARY_PATH=/home/booster/Workspace/robocup_demo/install/vision_interface/lib:/home/booster/Workspace/robocup_demo/install/game_controller_interface/lib:/home/booster/Workspace/robocup_demo/install/booster_msgs/lib:/home/booster/Workspace/robocup_demo/install/booster_interface/lib:/opt/ros/humble/opt/rviz_ogre_vendor/lib:/opt/ros/humble/lib/aarch64-linux-gnu:/opt/ros/humble/lib:/usr/local/cuda/lib64 PYTHONPATH=/home/booster/Workspace/robocup_demo/install/vision_interface/local/lib/python3.10/dist-packages:/home/booster/Workspace/robocup_demo/install/game_controller_interface/local/lib/python3.10/dist-packages:/home/booster/Workspace/robocup_demo/install/booster_msgs/local/lib/python3.10/dist-packages:/home/booster/Workspace/robocup_demo/install/booster_interface/local/lib/python3.10/dist-packages:${PYTHONPATH} /usr/bin/cmake --install /home/booster/Workspace/robocup_demo/build/brain
[95.584s] -- Install configuration: ""
[95.585s] -- Execute custom install script
[95.585s] -- Up-to-date symlink: /home/booster/Workspace/robocup_demo/install/brain/share/ament_index/resource_index/rosidl_interfaces/brain
[95.586s] -- Up-to-date symlink: /home/booster/Workspace/robocup_demo/install/brain/include/brain/brain/msg/detail/kick__functions.h
[95.591s] -- Up-to-date symlink: /home/booster/Workspace/robocup_demo/install/brain/include/brain/brain/msg/detail/kick__struct.h
[95.592s] -- Up-to-date symlink: /home/booster/Workspace/robocup_demo/install/brain/include/brain/brain/msg/detail/kick__type_support.h
[95.592s] -- Up-to-date symlink: /home/booster/Workspace/robocup_demo/install/brain/include/brain/brain/msg/kick.h
[95.592s] -- Up-to-date symlink: /home/booster/Workspace/robocup_demo/install/brain/include/brain/brain/msg/rosidl_generator_c__visibility_control.h
[95.592s] -- Up-to-date symlink: /home/booster/Workspace/robocup_demo/install/brain/share/brain/environment/library_path.sh
[95.592s] -- Up-to-date symlink: /home/booster/Workspace/robocup_demo/install/brain/share/brain/environment/library_path.dsv
[95.592s] -- Up-to-date symlink: /home/booster/Workspace/robocup_demo/install/brain/include/brain/brain/msg/detail/kick__rosidl_typesupport_fastrtps_c.h
[95.592s] -- Up-to-date symlink: /home/booster/Workspace/robocup_demo/install/brain/include/brain/brain/msg/rosidl_typesupport_fastrtps_c__visibility_control.h
[95.593s] -- Up-to-date symlink: /home/booster/Workspace/robocup_demo/install/brain/include/brain/brain/msg/detail/kick__builder.hpp
[95.593s] -- Up-to-date symlink: /home/booster/Workspace/robocup_demo/install/brain/include/brain/brain/msg/detail/kick__struct.hpp
[95.593s] -- Up-to-date symlink: /home/booster/Workspace/robocup_demo/install/brain/include/brain/brain/msg/detail/kick__traits.hpp
[95.593s] -- Up-to-date symlink: /home/booster/Workspace/robocup_demo/install/brain/include/brain/brain/msg/detail/kick__type_support.hpp
[95.593s] -- Up-to-date symlink: /home/booster/Workspace/robocup_demo/install/brain/include/brain/brain/msg/kick.hpp
[95.594s] -- Up-to-date symlink: /home/booster/Workspace/robocup_demo/install/brain/include/brain/brain/msg/rosidl_generator_cpp__visibility_control.hpp
[95.594s] -- Up-to-date symlink: /home/booster/Workspace/robocup_demo/install/brain/include/brain/brain/msg/detail/kick__rosidl_typesupport_fastrtps_cpp.hpp
[95.594s] -- Up-to-date symlink: /home/booster/Workspace/robocup_demo/install/brain/include/brain/brain/msg/rosidl_typesupport_fastrtps_cpp__visibility_control.h
[95.594s] -- Up-to-date symlink: /home/booster/Workspace/robocup_demo/install/brain/include/brain/brain/msg/detail/kick__rosidl_typesupport_introspection_c.h
[95.594s] -- Up-to-date symlink: /home/booster/Workspace/robocup_demo/install/brain/include/brain/brain/msg/rosidl_typesupport_introspection_c__visibility_control.h
[95.594s] -- Up-to-date symlink: /home/booster/Workspace/robocup_demo/install/brain/include/brain/brain/msg/detail/kick__rosidl_typesupport_introspection_cpp.hpp
[95.595s] -- Up-to-date symlink: /home/booster/Workspace/robocup_demo/install/brain/share/brain/environment/pythonpath.sh
[95.595s] -- Up-to-date symlink: /home/booster/Workspace/robocup_demo/install/brain/share/brain/environment/pythonpath.dsv
[95.600s] -- Up-to-date symlink: /home/booster/Workspace/robocup_demo/install/brain/local/lib/python3.10/dist-packages/brain-0.0.0-py3.10.egg-info/PKG-INFO
[95.601s] -- Up-to-date symlink: /home/booster/Workspace/robocup_demo/install/brain/local/lib/python3.10/dist-packages/brain-0.0.0-py3.10.egg-info/SOURCES.txt
[95.601s] -- Up-to-date symlink: /home/booster/Workspace/robocup_demo/install/brain/local/lib/python3.10/dist-packages/brain-0.0.0-py3.10.egg-info/dependency_links.txt
[95.601s] -- Up-to-date symlink: /home/booster/Workspace/robocup_demo/install/brain/local/lib/python3.10/dist-packages/brain-0.0.0-py3.10.egg-info/top_level.txt
[95.601s] -- Up-to-date symlink: /home/booster/Workspace/robocup_demo/install/brain/local/lib/python3.10/dist-packages/brain/__init__.py
[95.603s] -- Up-to-date symlink: /home/booster/Workspace/robocup_demo/install/brain/local/lib/python3.10/dist-packages/brain/_brain_s.ep.rosidl_typesupport_c.c
[95.604s] -- Up-to-date symlink: /home/booster/Workspace/robocup_demo/install/brain/local/lib/python3.10/dist-packages/brain/_brain_s.ep.rosidl_typesupport_fastrtps_c.c
[95.604s] -- Up-to-date symlink: /home/booster/Workspace/robocup_demo/install/brain/local/lib/python3.10/dist-packages/brain/_brain_s.ep.rosidl_typesupport_introspection_c.c
[95.604s] -- Up-to-date symlink: /home/booster/Workspace/robocup_demo/install/brain/local/lib/python3.10/dist-packages/brain/brain_s__rosidl_typesupport_c.cpython-310-aarch64-linux-gnu.so
[95.604s] -- Up-to-date symlink: /home/booster/Workspace/robocup_demo/install/brain/local/lib/python3.10/dist-packages/brain/brain_s__rosidl_typesupport_fastrtps_c.cpython-310-aarch64-linux-gnu.so
[95.605s] -- Up-to-date symlink: /home/booster/Workspace/robocup_demo/install/brain/local/lib/python3.10/dist-packages/brain/brain_s__rosidl_typesupport_introspection_c.cpython-310-aarch64-linux-gnu.so
[95.605s] -- Up-to-date symlink: /home/booster/Workspace/robocup_demo/install/brain/local/lib/python3.10/dist-packages/brain/libbrain__rosidl_generator_py.so
[95.605s] -- Up-to-date symlink: /home/booster/Workspace/robocup_demo/install/brain/local/lib/python3.10/dist-packages/brain/msg/__init__.py
[95.605s] -- Up-to-date symlink: /home/booster/Workspace/robocup_demo/install/brain/local/lib/python3.10/dist-packages/brain/msg/_kick.py
[95.605s] -- Up-to-date symlink: /home/booster/Workspace/robocup_demo/install/brain/local/lib/python3.10/dist-packages/brain/msg/_kick_s.c
[95.607s] -- Up-to-date symlink: /home/booster/Workspace/robocup_demo/install/brain/local/lib/python3.10/dist-packages/brain/brain_s__rosidl_typesupport_fastrtps_c.cpython-310-aarch64-linux-gnu.so
[95.607s] -- Up-to-date symlink: /home/booster/Workspace/robocup_demo/install/brain/local/lib/python3.10/dist-packages/brain/brain_s__rosidl_typesupport_introspection_c.cpython-310-aarch64-linux-gnu.so
[95.608s] -- Up-to-date symlink: /home/booster/Workspace/robocup_demo/install/brain/local/lib/python3.10/dist-packages/brain/brain_s__rosidl_typesupport_c.cpython-310-aarch64-linux-gnu.so
[95.608s] -- Up-to-date symlink: /home/booster/Workspace/robocup_demo/install/brain/share/brain/msg/Kick.idl
[95.608s] -- Up-to-date symlink: /home/booster/Workspace/robocup_demo/install/brain/share/brain/msg/Kick.msg
[95.608s] -- Up-to-date symlink: /home/booster/Workspace/robocup_demo/install/brain/lib/brain/brain_node
[95.609s] -- Up-to-date symlink: /home/booster/Workspace/robocup_demo/install/brain/share/brain/launch/launch.py
[95.609s] -- Up-to-date symlink: /home/booster/Workspace/robocup_demo/install/brain/share/brain/config/config.yaml
[95.609s] -- Up-to-date symlink: /home/booster/Workspace/robocup_demo/install/brain/share/brain/behavior_trees/game.xml
[95.609s] -- Up-to-date symlink: /home/booster/Workspace/robocup_demo/install/brain/share/brain/behavior_trees/subtrees/subtree_auto_standup_and_locate.xml
[95.610s] -- Up-to-date symlink: /home/booster/Workspace/robocup_demo/install/brain/share/brain/behavior_trees/subtrees/subtree_cam_find_and_track_ball.xml
[95.610s] -- Up-to-date symlink: /home/booster/Workspace/robocup_demo/install/brain/share/brain/behavior_trees/subtrees/subtree_find_ball.xml
[95.610s] -- Up-to-date symlink: /home/booster/Workspace/robocup_demo/install/brain/share/brain/behavior_trees/subtrees/subtree_goal_keeper_freekick.xml
[95.610s] -- Up-to-date symlink: /home/booster/Workspace/robocup_demo/install/brain/share/brain/behavior_trees/subtrees/subtree_goal_keeper_play.xml
[95.610s] -- Up-to-date symlink: /home/booster/Workspace/robocup_demo/install/brain/share/brain/behavior_trees/subtrees/subtree_locate.xml
[95.610s] -- Up-to-date symlink: /home/booster/Workspace/robocup_demo/install/brain/share/brain/behavior_trees/subtrees/subtree_striker_freekick.xml
[95.610s] -- Up-to-date symlink: /home/booster/Workspace/robocup_demo/install/brain/share/brain/behavior_trees/subtrees/subtree_striker_play.xml
[95.611s] -- Up-to-date symlink: /home/booster/Workspace/robocup_demo/install/brain/share/ament_index/resource_index/package_run_dependencies/brain
[95.611s] -- Up-to-date symlink: /home/booster/Workspace/robocup_demo/install/brain/share/ament_index/resource_index/parent_prefix_path/brain
[95.611s] -- Up-to-date symlink: /home/booster/Workspace/robocup_demo/install/brain/share/brain/environment/ament_prefix_path.sh
[95.611s] -- Up-to-date symlink: /home/booster/Workspace/robocup_demo/install/brain/share/brain/environment/ament_prefix_path.dsv
[95.611s] -- Up-to-date symlink: /home/booster/Workspace/robocup_demo/install/brain/share/brain/environment/path.sh
[95.611s] -- Up-to-date symlink: /home/booster/Workspace/robocup_demo/install/brain/share/brain/environment/path.dsv
[95.611s] -- Up-to-date symlink: /home/booster/Workspace/robocup_demo/install/brain/share/brain/local_setup.bash
[95.611s] -- Up-to-date symlink: /home/booster/Workspace/robocup_demo/install/brain/share/brain/local_setup.sh
[95.612s] -- Up-to-date symlink: /home/booster/Workspace/robocup_demo/install/brain/share/brain/local_setup.zsh
[95.613s] -- Up-to-date symlink: /home/booster/Workspace/robocup_demo/install/brain/share/brain/local_setup.dsv
[95.613s] -- Symlinking: /home/booster/Workspace/robocup_demo/install/brain/share/brain/package.dsv
[95.641s] -- Up-to-date symlink: /home/booster/Workspace/robocup_demo/install/brain/share/ament_index/resource_index/packages/brain
[95.642s] -- Up-to-date symlink: /home/booster/Workspace/robocup_demo/install/brain/share/brain/cmake/rosidl_cmake-extras.cmake
[95.642s] -- Up-to-date symlink: /home/booster/Workspace/robocup_demo/install/brain/share/brain/cmake/ament_cmake_export_dependencies-extras.cmake
[95.642s] -- Up-to-date symlink: /home/booster/Workspace/robocup_demo/install/brain/share/brain/cmake/ament_cmake_export_include_directories-extras.cmake
[95.642s] -- Up-to-date symlink: /home/booster/Workspace/robocup_demo/install/brain/share/brain/cmake/ament_cmake_export_libraries-extras.cmake
[95.643s] -- Up-to-date symlink: /home/booster/Workspace/robocup_demo/install/brain/share/brain/cmake/ament_cmake_export_targets-extras.cmake
[95.643s] -- Up-to-date symlink: /home/booster/Workspace/robocup_demo/install/brain/share/brain/cmake/rosidl_cmake_export_typesupport_targets-extras.cmake
[95.644s] -- Up-to-date symlink: /home/booster/Workspace/robocup_demo/install/brain/share/brain/cmake/rosidl_cmake_export_typesupport_libraries-extras.cmake
[95.644s] -- Up-to-date symlink: /home/booster/Workspace/robocup_demo/install/brain/share/brain/cmake/brainConfig.cmake
[95.645s] -- Up-to-date symlink: /home/booster/Workspace/robocup_demo/install/brain/share/brain/cmake/brainConfig-version.cmake
[95.645s] -- Up-to-date symlink: /home/booster/Workspace/robocup_demo/install/brain/share/brain/package.xml
[95.645s] -- Up-to-date: /home/booster/Workspace/robocup_demo/install/brain/lib/libbrain__rosidl_generator_c.so
[95.659s] -- Up-to-date: /home/booster/Workspace/robocup_demo/install/brain/lib/libbrain__rosidl_typesupport_fastrtps_c.so
[95.659s] -- Up-to-date: /home/booster/Workspace/robocup_demo/install/brain/lib/libbrain__rosidl_typesupport_fastrtps_cpp.so
[95.659s] -- Up-to-date: /home/booster/Workspace/robocup_demo/install/brain/lib/libbrain__rosidl_typesupport_introspection_c.so
[95.659s] -- Up-to-date: /home/booster/Workspace/robocup_demo/install/brain/lib/libbrain__rosidl_typesupport_c.so
[95.659s] -- Up-to-date: /home/booster/Workspace/robocup_demo/install/brain/lib/libbrain__rosidl_typesupport_introspection_cpp.so
[95.660s] -- Up-to-date: /home/booster/Workspace/robocup_demo/install/brain/lib/libbrain__rosidl_typesupport_cpp.so
[95.726s] Listing '/home/booster/Workspace/robocup_demo/install/brain/local/lib/python3.10/dist-packages/brain'...
[95.726s] Listing '/home/booster/Workspace/robocup_demo/install/brain/local/lib/python3.10/dist-packages/brain/msg'...
[95.744s] -- Up-to-date: /home/booster/Workspace/robocup_demo/install/brain/lib/libbrain__rosidl_generator_py.so
[95.744s] -- Up-to-date: /home/booster/Workspace/robocup_demo/install/brain/share/brain/cmake/export_brain__rosidl_generator_cExport.cmake
[95.745s] -- Up-to-date: /home/booster/Workspace/robocup_demo/install/brain/share/brain/cmake/export_brain__rosidl_generator_cExport-noconfig.cmake
[95.745s] -- Up-to-date: /home/booster/Workspace/robocup_demo/install/brain/share/brain/cmake/export_brain__rosidl_typesupport_fastrtps_cExport.cmake
[95.745s] -- Up-to-date: /home/booster/Workspace/robocup_demo/install/brain/share/brain/cmake/export_brain__rosidl_typesupport_fastrtps_cExport-noconfig.cmake
[95.745s] -- Up-to-date: /home/booster/Workspace/robocup_demo/install/brain/share/brain/cmake/export_brain__rosidl_generator_cppExport.cmake
[95.745s] -- Up-to-date: /home/booster/Workspace/robocup_demo/install/brain/share/brain/cmake/export_brain__rosidl_typesupport_fastrtps_cppExport.cmake
[95.745s] -- Up-to-date: /home/booster/Workspace/robocup_demo/install/brain/share/brain/cmake/export_brain__rosidl_typesupport_fastrtps_cppExport-noconfig.cmake
[95.746s] -- Up-to-date: /home/booster/Workspace/robocup_demo/install/brain/share/brain/cmake/brain__rosidl_typesupport_introspection_cExport.cmake
[95.746s] -- Up-to-date: /home/booster/Workspace/robocup_demo/install/brain/share/brain/cmake/brain__rosidl_typesupport_introspection_cExport-noconfig.cmake
[95.746s] -- Up-to-date: /home/booster/Workspace/robocup_demo/install/brain/share/brain/cmake/brain__rosidl_typesupport_cExport.cmake
[95.746s] -- Up-to-date: /home/booster/Workspace/robocup_demo/install/brain/share/brain/cmake/brain__rosidl_typesupport_cExport-noconfig.cmake
[95.746s] -- Up-to-date: /home/booster/Workspace/robocup_demo/install/brain/share/brain/cmake/brain__rosidl_typesupport_introspection_cppExport.cmake
[95.746s] -- Up-to-date: /home/booster/Workspace/robocup_demo/install/brain/share/brain/cmake/brain__rosidl_typesupport_introspection_cppExport-noconfig.cmake
[95.746s] -- Up-to-date: /home/booster/Workspace/robocup_demo/install/brain/share/brain/cmake/brain__rosidl_typesupport_cppExport.cmake
[95.747s] -- Up-to-date: /home/booster/Workspace/robocup_demo/install/brain/share/brain/cmake/brain__rosidl_typesupport_cppExport-noconfig.cmake
[95.747s] -- Up-to-date: /home/booster/Workspace/robocup_demo/install/brain/share/brain/cmake/export_brain__rosidl_generator_pyExport.cmake
[95.747s] -- Up-to-date: /home/booster/Workspace/robocup_demo/install/brain/share/brain/cmake/export_brain__rosidl_generator_pyExport-noconfig.cmake
[95.759s] Invoked command in '/home/booster/Workspace/robocup_demo/build/brain' returned '0': AMENT_PREFIX_PATH=/home/booster/Workspace/robocup_demo/install/vision_interface:/home/booster/Workspace/robocup_demo/install/game_controller_interface:/home/booster/Workspace/robocup_demo/install/booster_msgs:/home/booster/Workspace/robocup_demo/install/booster_interface:${AMENT_PREFIX_PATH} CMAKE_PREFIX_PATH=/home/booster/Workspace/robocup_demo/install/vision_interface:/home/booster/Workspace/robocup_demo/install/game_controller_interface:/home/booster/Workspace/robocup_demo/install/booster_msgs:/home/booster/Workspace/robocup_demo/install/booster_interface:/opt/ros/humble LD_LIBRARY_PATH=/home/booster/Workspace/robocup_demo/install/vision_interface/lib:/home/booster/Workspace/robocup_demo/install/game_controller_interface/lib:/home/booster/Workspace/robocup_demo/install/booster_msgs/lib:/home/booster/Workspace/robocup_demo/install/booster_interface/lib:/opt/ros/humble/opt/rviz_ogre_vendor/lib:/opt/ros/humble/lib/aarch64-linux-gnu:/opt/ros/humble/lib:/usr/local/cuda/lib64 PYTHONPATH=/home/booster/Workspace/robocup_demo/install/vision_interface/local/lib/python3.10/dist-packages:/home/booster/Workspace/robocup_demo/install/game_controller_interface/local/lib/python3.10/dist-packages:/home/booster/Workspace/robocup_demo/install/booster_msgs/local/lib/python3.10/dist-packages:/home/booster/Workspace/robocup_demo/install/booster_interface/local/lib/python3.10/dist-packages:${PYTHONPATH} /usr/bin/cmake --install /home/booster/Workspace/robocup_demo/build/brain
